INFO:     Will watch for changes in these directories: ['/home/dzoan/credit-appraisal-agent-poc']
INFO:     Uvicorn running on http://0.0.0.0:8090 (Press CTRL+C to quit)
INFO:     Started reloader process [60592] using WatchFiles
INFO:     Started server process [60604]
INFO:     Waiting for application startup.
INFO:     Application startup complete.
INFO:     127.0.0.1:58722 - "POST /v1/agents/asset_appraisal/run HTTP/1.1" 200 OK
INFO:     127.0.0.1:58726 - "GET /v1/runs/asset_appraisal_20251101T080216Z_91d93d7a/report?format=csv HTTP/1.1" 200 OK
WARNING:  WatchFiles detected changes in 'services/ui/pages/asset_appraisal.py'. Reloading...
INFO:     Shutting down
INFO:     Waiting for application shutdown.
INFO:     Application shutdown complete.
INFO:     Finished server process [60604]
INFO:     Started server process [61618]
INFO:     Waiting for application startup.
INFO:     Application startup complete.
WARNING:  WatchFiles detected changes in 'services/ui/pages/asset_appraisal.py'. Reloading...
INFO:     Shutting down
INFO:     Waiting for application shutdown.
INFO:     Application shutdown complete.
INFO:     Finished server process [61618]
INFO:     Started server process [61689]
INFO:     Waiting for application startup.
INFO:     Application startup complete.
