INFO:     Will watch for changes in these directories: ['/home/dzoan/credit-appraisal-agent-poc']
INFO:     Uvicorn running on http://0.0.0.0:8090 (Press CTRL+C to quit)
INFO:     Started reloader process [184804] using WatchFiles
INFO:     Started server process [184814]
INFO:     Waiting for application startup.
INFO:     Application startup complete.
INFO:     127.0.0.1:50748 - "GET /v1/training/production_meta HTTP/1.1" 200 OK
INFO:     127.0.0.1:50750 - "GET /v1/training/production_meta HTTP/1.1" 200 OK
INFO:     127.0.0.1:47188 - "GET /v1/training/production_meta HTTP/1.1" 200 OK
INFO:     127.0.0.1:47196 - "GET /v1/training/production_meta HTTP/1.1" 200 OK
INFO:     127.0.0.1:47202 - "GET /v1/training/production_meta HTTP/1.1" 200 OK
INFO:     127.0.0.1:47204 - "POST /v1/agents/asset_appraisal/run HTTP/1.1" 404 Not Found
INFO:     127.0.0.1:47486 - "GET /v1/training/production_meta HTTP/1.1" 200 OK
INFO:     127.0.0.1:47498 - "POST /v1/agents/asset_appraisal/run HTTP/1.1" 404 Not Found
/home/dzoan/credit-appraisal-agent-poc/.venv/lib/python3.10/site-packages/sklearn/base.py:493: UserWarning: X does not have valid feature names, but StandardScaler was fitted with feature names
  warnings.warn(
INFO:     127.0.0.1:39276 - "POST /v1/agents/credit_appraisal/run HTTP/1.1" 200 OK
INFO:     127.0.0.1:39284 - "GET /v1/runs/credit_appraisal/run_1761830854/report?format=json HTTP/1.1" 500 Internal Server Error
ERROR:    Exception in ASGI application
Traceback (most recent call last):
  File "/home/dzoan/credit-appraisal-agent-poc/.venv/lib/python3.10/site-packages/uvicorn/protocols/http/httptools_impl.py", line 401, in run_asgi
    result = await app(  # type: ignore[func-returns-value]
  File "/home/dzoan/credit-appraisal-agent-poc/.venv/lib/python3.10/site-packages/uvicorn/middleware/proxy_headers.py", line 70, in __call__
    return await self.app(scope, receive, send)
  File "/home/dzoan/credit-appraisal-agent-poc/.venv/lib/python3.10/site-packages/fastapi/applications.py", line 1054, in __call__
    await super().__call__(scope, receive, send)
  File "/home/dzoan/credit-appraisal-agent-poc/.venv/lib/python3.10/site-packages/starlette/applications.py", line 113, in __call__
    await self.middleware_stack(scope, receive, send)
  File "/home/dzoan/credit-appraisal-agent-poc/.venv/lib/python3.10/site-packages/starlette/middleware/errors.py", line 187, in __call__
    raise exc
  File "/home/dzoan/credit-appraisal-agent-poc/.venv/lib/python3.10/site-packages/starlette/middleware/errors.py", line 165, in __call__
    await self.app(scope, receive, _send)
  File "/home/dzoan/credit-appraisal-agent-poc/.venv/lib/python3.10/site-packages/starlette/middleware/cors.py", line 85, in __call__
    await self.app(scope, receive, send)
  File "/home/dzoan/credit-appraisal-agent-poc/.venv/lib/python3.10/site-packages/starlette/middleware/exceptions.py", line 62, in __call__
    await wrap_app_handling_exceptions(self.app, conn)(scope, receive, send)
  File "/home/dzoan/credit-appraisal-agent-poc/.venv/lib/python3.10/site-packages/starlette/_exception_handler.py", line 62, in wrapped_app
    raise exc
  File "/home/dzoan/credit-appraisal-agent-poc/.venv/lib/python3.10/site-packages/starlette/_exception_handler.py", line 51, in wrapped_app
    await app(scope, receive, sender)
  File "/home/dzoan/credit-appraisal-agent-poc/.venv/lib/python3.10/site-packages/starlette/routing.py", line 715, in __call__
    await self.middleware_stack(scope, receive, send)
  File "/home/dzoan/credit-appraisal-agent-poc/.venv/lib/python3.10/site-packages/starlette/routing.py", line 735, in app
    await route.handle(scope, receive, send)
  File "/home/dzoan/credit-appraisal-agent-poc/.venv/lib/python3.10/site-packages/starlette/routing.py", line 288, in handle
    await self.app(scope, receive, send)
  File "/home/dzoan/credit-appraisal-agent-poc/.venv/lib/python3.10/site-packages/starlette/routing.py", line 76, in app
    await wrap_app_handling_exceptions(app, request)(scope, receive, send)
  File "/home/dzoan/credit-appraisal-agent-poc/.venv/lib/python3.10/site-packages/starlette/_exception_handler.py", line 62, in wrapped_app
    raise exc
  File "/home/dzoan/credit-appraisal-agent-poc/.venv/lib/python3.10/site-packages/starlette/_exception_handler.py", line 51, in wrapped_app
    await app(scope, receive, sender)
  File "/home/dzoan/credit-appraisal-agent-poc/.venv/lib/python3.10/site-packages/starlette/routing.py", line 73, in app
    response = await f(request)
  File "/home/dzoan/credit-appraisal-agent-poc/.venv/lib/python3.10/site-packages/fastapi/routing.py", line 301, in app
    raw_response = await run_endpoint_function(
  File "/home/dzoan/credit-appraisal-agent-poc/.venv/lib/python3.10/site-packages/fastapi/routing.py", line 214, in run_endpoint_function
    return await run_in_threadpool(dependant.call, **values)
  File "/home/dzoan/credit-appraisal-agent-poc/.venv/lib/python3.10/site-packages/starlette/concurrency.py", line 39, in run_in_threadpool
    return await anyio.to_thread.run_sync(func, *args)
  File "/home/dzoan/credit-appraisal-agent-poc/.venv/lib/python3.10/site-packages/anyio/to_thread.py", line 56, in run_sync
    return await get_async_backend().run_sync_in_worker_thread(
  File "/home/dzoan/credit-appraisal-agent-poc/.venv/lib/python3.10/site-packages/anyio/_backends/_asyncio.py", line 2485, in run_sync_in_worker_thread
    return await future
  File "/home/dzoan/credit-appraisal-agent-poc/.venv/lib/python3.10/site-packages/anyio/_backends/_asyncio.py", line 976, in run
    result = context.run(func, *args)
  File "/home/dzoan/credit-appraisal-agent-poc/services/api/routers/reports.py", line 96, in get_agent_report
    return JSONResponse({
  File "/home/dzoan/credit-appraisal-agent-poc/.venv/lib/python3.10/site-packages/starlette/responses.py", line 178, in __init__
    super().__init__(content, status_code, headers, media_type, background)
  File "/home/dzoan/credit-appraisal-agent-poc/.venv/lib/python3.10/site-packages/starlette/responses.py", line 41, in __init__
    self.body = self.render(content)
  File "/home/dzoan/credit-appraisal-agent-poc/.venv/lib/python3.10/site-packages/starlette/responses.py", line 181, in render
    return json.dumps(
  File "/usr/lib/python3.10/json/__init__.py", line 238, in dumps
    **kw).encode(obj)
  File "/usr/lib/python3.10/json/encoder.py", line 199, in encode
    chunks = self.iterencode(o, _one_shot=True)
  File "/usr/lib/python3.10/json/encoder.py", line 257, in iterencode
    return _iterencode(o, 0)
ValueError: Out of range float values are not JSON compliant
INFO:     127.0.0.1:39296 - "GET /v1/runs/credit_appraisal/run_1761830854/report?format=csv HTTP/1.1" 200 OK
INFO:     127.0.0.1:39300 - "GET /v1/runs/credit_appraisal/list HTTP/1.1" 200 OK
INFO:     127.0.0.1:39312 - "POST /v1/agents/asset_appraisal/run HTTP/1.1" 404 Not Found
WARNING:  WatchFiles detected changes in 'services/api/main.py'. Reloading...
INFO:     Shutting down
INFO:     Waiting for application shutdown.
INFO:     Application shutdown complete.
INFO:     Finished server process [184814]
ERROR:    Error loading ASGI app. Could not import module "services.api.main".
WARNING:  WatchFiles detected changes in 'services/api/main.py'. Reloading...
Process SpawnProcess-3:
Traceback (most recent call last):
  File "/usr/lib/python3.10/multiprocessing/process.py", line 314, in _bootstrap
    self.run()
  File "/usr/lib/python3.10/multiprocessing/process.py", line 108, in run
    self._target(*self._args, **self._kwargs)
  File "/home/dzoan/credit-appraisal-agent-poc/.venv/lib/python3.10/site-packages/uvicorn/_subprocess.py", line 80, in subprocess_started
    target(sockets=sockets)
  File "/home/dzoan/credit-appraisal-agent-poc/.venv/lib/python3.10/site-packages/uvicorn/server.py", line 65, in run
    return asyncio.run(self.serve(sockets=sockets))
  File "/usr/lib/python3.10/asyncio/runners.py", line 44, in run
    return loop.run_until_complete(main)
  File "uvloop/loop.pyx", line 1518, in uvloop.loop.Loop.run_until_complete
  File "/home/dzoan/credit-appraisal-agent-poc/.venv/lib/python3.10/site-packages/uvicorn/server.py", line 69, in serve
    await self._serve(sockets)
  File "/home/dzoan/credit-appraisal-agent-poc/.venv/lib/python3.10/site-packages/uvicorn/server.py", line 76, in _serve
    config.load()
  File "/home/dzoan/credit-appraisal-agent-poc/.venv/lib/python3.10/site-packages/uvicorn/config.py", line 434, in load
    self.loaded_app = import_from_string(self.app)
  File "/home/dzoan/credit-appraisal-agent-poc/.venv/lib/python3.10/site-packages/uvicorn/importer.py", line 22, in import_from_string
    raise exc from None
  File "/home/dzoan/credit-appraisal-agent-poc/.venv/lib/python3.10/site-packages/uvicorn/importer.py", line 19, in import_from_string
    module = importlib.import_module(module_str)
  File "/usr/lib/python3.10/importlib/__init__.py", line 126, in import_module
    return _bootstrap._gcd_import(name[level:], package, level)
  File "<frozen importlib._bootstrap>", line 1050, in _gcd_import
  File "<frozen importlib._bootstrap>", line 1027, in _find_and_load
  File "<frozen importlib._bootstrap>", line 1006, in _find_and_load_unlocked
  File "<frozen importlib._bootstrap>", line 688, in _load_unlocked
  File "<frozen importlib._bootstrap_external>", line 883, in exec_module
  File "<frozen importlib._bootstrap>", line 241, in _call_with_frames_removed
  File "/home/dzoan/credit-appraisal-agent-poc/services/api/main.py", line 44, in <module>
    from services.api.routers.agents import router as credit_agents_router
ModuleNotFoundError: No module named 'services.api.routers.agents'
WARNING:  WatchFiles detected changes in 'services/api/routers/agents.py'. Reloading...
INFO:     Started server process [185492]
INFO:     Waiting for application startup.
INFO:     Application startup complete.
WARNING:  WatchFiles detected changes in 'services/api/routers/asset_agents.py'. Reloading...
INFO:     Shutting down
INFO:     Waiting for application shutdown.
INFO:     Application shutdown complete.
INFO:     Finished server process [185492]
Process SpawnProcess-5:
Traceback (most recent call last):
  File "/usr/lib/python3.10/multiprocessing/process.py", line 314, in _bootstrap
    self.run()
  File "/usr/lib/python3.10/multiprocessing/process.py", line 108, in run
    self._target(*self._args, **self._kwargs)
  File "/home/dzoan/credit-appraisal-agent-poc/.venv/lib/python3.10/site-packages/uvicorn/_subprocess.py", line 80, in subprocess_started
    target(sockets=sockets)
  File "/home/dzoan/credit-appraisal-agent-poc/.venv/lib/python3.10/site-packages/uvicorn/server.py", line 65, in run
    return asyncio.run(self.serve(sockets=sockets))
  File "/usr/lib/python3.10/asyncio/runners.py", line 44, in run
    return loop.run_until_complete(main)
  File "uvloop/loop.pyx", line 1518, in uvloop.loop.Loop.run_until_complete
  File "/home/dzoan/credit-appraisal-agent-poc/.venv/lib/python3.10/site-packages/uvicorn/server.py", line 69, in serve
    await self._serve(sockets)
  File "/home/dzoan/credit-appraisal-agent-poc/.venv/lib/python3.10/site-packages/uvicorn/server.py", line 76, in _serve
    config.load()
  File "/home/dzoan/credit-appraisal-agent-poc/.venv/lib/python3.10/site-packages/uvicorn/config.py", line 434, in load
    self.loaded_app = import_from_string(self.app)
  File "/home/dzoan/credit-appraisal-agent-poc/.venv/lib/python3.10/site-packages/uvicorn/importer.py", line 22, in import_from_string
    raise exc from None
  File "/home/dzoan/credit-appraisal-agent-poc/.venv/lib/python3.10/site-packages/uvicorn/importer.py", line 19, in import_from_string
    module = importlib.import_module(module_str)
  File "/usr/lib/python3.10/importlib/__init__.py", line 126, in import_module
    return _bootstrap._gcd_import(name[level:], package, level)
  File "<frozen importlib._bootstrap>", line 1050, in _gcd_import
  File "<frozen importlib._bootstrap>", line 1027, in _find_and_load
  File "<frozen importlib._bootstrap>", line 1006, in _find_and_load_unlocked
  File "<frozen importlib._bootstrap>", line 688, in _load_unlocked
  File "<frozen importlib._bootstrap_external>", line 883, in exec_module
  File "<frozen importlib._bootstrap>", line 241, in _call_with_frames_removed
  File "/home/dzoan/credit-appraisal-agent-poc/services/api/main.py", line 45, in <module>
    from services.api.routers.asset_agents import router as asset_agents_router
ModuleNotFoundError: No module named 'services.api.routers.asset_agents'
WARNING:  WatchFiles detected changes in 'services/api/routers/asset_agents.py'. Reloading...
INFO:     Started server process [185627]
INFO:     Waiting for application startup.
INFO:     Application startup complete.
WARNING:  WatchFiles detected changes in 'services/api/routers/credit_agents.py'. Reloading...
INFO:     Shutting down
INFO:     Waiting for application shutdown.
INFO:     Application shutdown complete.
INFO:     Finished server process [185627]
INFO:     Started server process [186015]
INFO:     Waiting for application startup.
INFO:     Application startup complete.
WARNING:  WatchFiles detected changes in 'services/api/routers/credit_agents.py'. Reloading...
INFO:     Shutting down
INFO:     Waiting for application shutdown.
INFO:     Application shutdown complete.
INFO:     Finished server process [186015]
INFO:     Started server process [186097]
INFO:     Waiting for application startup.
INFO:     Application startup complete.
WARNING:  WatchFiles detected changes in 'services/api/routers/agents.py'. Reloading...
INFO:     Shutting down
INFO:     Waiting for application shutdown.
INFO:     Application shutdown complete.
INFO:     Finished server process [186097]
Process SpawnProcess-9:
Traceback (most recent call last):
  File "/usr/lib/python3.10/multiprocessing/process.py", line 314, in _bootstrap
    self.run()
  File "/usr/lib/python3.10/multiprocessing/process.py", line 108, in run
    self._target(*self._args, **self._kwargs)
  File "/home/dzoan/credit-appraisal-agent-poc/.venv/lib/python3.10/site-packages/uvicorn/_subprocess.py", line 80, in subprocess_started
    target(sockets=sockets)
  File "/home/dzoan/credit-appraisal-agent-poc/.venv/lib/python3.10/site-packages/uvicorn/server.py", line 65, in run
    return asyncio.run(self.serve(sockets=sockets))
  File "/usr/lib/python3.10/asyncio/runners.py", line 44, in run
    return loop.run_until_complete(main)
  File "uvloop/loop.pyx", line 1518, in uvloop.loop.Loop.run_until_complete
  File "/home/dzoan/credit-appraisal-agent-poc/.venv/lib/python3.10/site-packages/uvicorn/server.py", line 69, in serve
    await self._serve(sockets)
  File "/home/dzoan/credit-appraisal-agent-poc/.venv/lib/python3.10/site-packages/uvicorn/server.py", line 76, in _serve
    config.load()
  File "/home/dzoan/credit-appraisal-agent-poc/.venv/lib/python3.10/site-packages/uvicorn/config.py", line 434, in load
    self.loaded_app = import_from_string(self.app)
  File "/home/dzoan/credit-appraisal-agent-poc/.venv/lib/python3.10/site-packages/uvicorn/importer.py", line 22, in import_from_string
    raise exc from None
  File "/home/dzoan/credit-appraisal-agent-poc/.venv/lib/python3.10/site-packages/uvicorn/importer.py", line 19, in import_from_string
    module = importlib.import_module(module_str)
  File "/usr/lib/python3.10/importlib/__init__.py", line 126, in import_module
    return _bootstrap._gcd_import(name[level:], package, level)
  File "<frozen importlib._bootstrap>", line 1050, in _gcd_import
  File "<frozen importlib._bootstrap>", line 1027, in _find_and_load
  File "<frozen importlib._bootstrap>", line 1006, in _find_and_load_unlocked
  File "<frozen importlib._bootstrap>", line 688, in _load_unlocked
  File "<frozen importlib._bootstrap_external>", line 883, in exec_module
  File "<frozen importlib._bootstrap>", line 241, in _call_with_frames_removed
  File "/home/dzoan/credit-appraisal-agent-poc/services/api/main.py", line 44, in <module>
    from services.api.routers.agents import router as credit_agents_router
ModuleNotFoundError: No module named 'services.api.routers.agents'
