INFO:     Will watch for changes in these directories: ['/home/dzoan/credit-appraisal-agent-poc']
INFO:     Uvicorn running on http://0.0.0.0:8090 (Press CTRL+C to quit)
INFO:     Started reloader process [128430] using WatchFiles
INFO:     Started server process [128440]
INFO:     Waiting for application startup.
INFO:     Application startup complete.
INFO:     127.0.0.1:60482 - "POST /v1/agents/asset_appraisal/run HTTP/1.1" 200 OK
INFO:     127.0.0.1:52220 - "POST /v1/agents/asset_appraisal/run HTTP/1.1" 200 OK
INFO:     127.0.0.1:52258 - "POST /v1/agents/asset_appraisal/run HTTP/1.1" 200 OK
WARNING:  WatchFiles detected changes in 'services/api/routers/asset_appraisal.py'. Reloading...
INFO:     Shutting down
INFO:     Waiting for application shutdown.
INFO:     Application shutdown complete.
INFO:     Finished server process [128440]
INFO:     Started server process [129355]
INFO:     Waiting for application startup.
INFO:     Application startup complete.
WARNING:  WatchFiles detected changes in 'services/api/routers/asset_appraisal.py'. Reloading...
INFO:     Shutting down
INFO:     Waiting for application shutdown.
INFO:     Application shutdown complete.
INFO:     Finished server process [129355]
INFO:     Started server process [129431]
INFO:     Waiting for application startup.
INFO:     Application startup complete.
