==> /home/dzoan/credit-appraisal-agent-poc/.logs/api_20251030-200106.log <==

==> /home/dzoan/credit-appraisal-agent-poc/.logs/ui_20251030-200106.log <==

==> /home/dzoan/credit-appraisal-agent-poc/.logs/api_20251030-200106.log <==
INFO:     Will watch for changes in these directories: ['/home/dzoan/credit-appraisal-agent-poc']
INFO:     Uvicorn running on http://0.0.0.0:8090 (Press CTRL+C to quit)
INFO:     Started reloader process [158171] using WatchFiles

==> /home/dzoan/credit-appraisal-agent-poc/.logs/ui_20251030-200106.log <==

  You can now view your Streamlit app in your browser.

  URL: http://0.0.0.0:8502


==> /home/dzoan/credit-appraisal-agent-poc/.logs/api_20251030-200106.log <==
INFO:     Started server process [158181]
INFO:     Waiting for application startup.
INFO:     Application startup complete.
INFO:     127.0.0.1:41022 - "GET /docs HTTP/1.1" 200 OK
INFO:     127.0.0.1:41022 - "GET /openapi.json HTTP/1.1" 200 OK

==> /home/dzoan/credit-appraisal-agent-poc/.logs/ui_20251030-200106.log <==
  Stopping...

==> /home/dzoan/credit-appraisal-agent-poc/.logs/api_20251030-200106.log <==
INFO:     Shutting down
INFO:     Waiting for application shutdown.
INFO:     Application shutdown complete.
INFO:     Finished server process [158181]
INFO:     Stopping reloader process [158171]
