==> /home/dzoan/credit-appraisal-agent-poc/.logs/api_20251025-190320.log <==

==> /home/dzoan/credit-appraisal-agent-poc/.logs/ui_20251025-190320.log <==

==> /home/dzoan/credit-appraisal-agent-poc/.logs/api_20251025-190320.log <==
INFO:     Will watch for changes in these directories: ['/home/dzoan/credit-appraisal-agent-poc']
INFO:     Uvicorn running on http://0.0.0.0:8090 (Press CTRL+C to quit)
INFO:     Started reloader process [100799] using WatchFiles

==> /home/dzoan/credit-appraisal-agent-poc/.logs/ui_20251025-190320.log <==

  You can now view your Streamlit app in your browser.

  URL: http://0.0.0.0:8502


==> /home/dzoan/credit-appraisal-agent-poc/.logs/api_20251025-190320.log <==
INFO:     Started server process [100809]
INFO:     Waiting for application startup.
INFO:     Application startup complete.
INFO:     127.0.0.1:33628 - "GET /v1/training/production_meta HTTP/1.1" 200 OK
INFO:     127.0.0.1:33632 - "GET /v1/training/production_meta HTTP/1.1" 200 OK
INFO:     127.0.0.1:33640 - "GET /v1/training/production_meta HTTP/1.1" 200 OK
INFO:     127.0.0.1:33650 - "GET /v1/training/production_meta HTTP/1.1" 200 OK

==> /home/dzoan/credit-appraisal-agent-poc/.logs/ui_20251025-190320.log <==
2025-10-25 19:03:58.625 Please replace `use_container_width` with `width`.

`use_container_width` will be removed after 2025-12-31.

For `use_container_width=True`, use `width='stretch'`. For `use_container_width=False`, use `width='content'`.

==> /home/dzoan/credit-appraisal-agent-poc/.logs/api_20251025-190320.log <==
INFO:     127.0.0.1:33658 - "GET /v1/training/production_meta HTTP/1.1" 200 OK
INFO:     127.0.0.1:33674 - "GET /v1/training/production_meta HTTP/1.1" 200 OK
INFO:     127.0.0.1:33684 - "GET /v1/training/production_meta HTTP/1.1" 200 OK
INFO:     127.0.0.1:33694 - "GET /v1/training/production_meta HTTP/1.1" 200 OK

==> /home/dzoan/credit-appraisal-agent-poc/.logs/ui_20251025-190320.log <==
2025-10-25 19:04:04.949 Please replace `use_container_width` with `width`.

`use_container_width` will be removed after 2025-12-31.

For `use_container_width=True`, use `width='stretch'`. For `use_container_width=False`, use `width='content'`.

==> /home/dzoan/credit-appraisal-agent-poc/.logs/api_20251025-190320.log <==
INFO:     127.0.0.1:51426 - "GET /v1/training/production_meta HTTP/1.1" 200 OK
INFO:     127.0.0.1:51434 - "GET /v1/training/production_meta HTTP/1.1" 200 OK
INFO:     127.0.0.1:53940 - "GET /v1/training/production_meta HTTP/1.1" 200 OK
INFO:     127.0.0.1:53954 - "GET /v1/training/production_meta HTTP/1.1" 200 OK

==> /home/dzoan/credit-appraisal-agent-poc/.logs/ui_20251025-190320.log <==
2025-10-25 19:04:31.500 Please replace `use_container_width` with `width`.

`use_container_width` will be removed after 2025-12-31.

For `use_container_width=True`, use `width='stretch'`. For `use_container_width=False`, use `width='content'`.
2025-10-25 19:04:31.523 Please replace `use_container_width` with `width`.

`use_container_width` will be removed after 2025-12-31.

For `use_container_width=True`, use `width='stretch'`. For `use_container_width=False`, use `width='content'`.

==> /home/dzoan/credit-appraisal-agent-poc/.logs/api_20251025-190320.log <==
INFO:     127.0.0.1:53964 - "GET /v1/training/production_meta HTTP/1.1" 200 OK
INFO:     127.0.0.1:53976 - "GET /v1/training/production_meta HTTP/1.1" 200 OK

==> /home/dzoan/credit-appraisal-agent-poc/.logs/ui_20251025-190320.log <==
2025-10-25 19:04:33.310 Please replace `use_container_width` with `width`.

`use_container_width` will be removed after 2025-12-31.

For `use_container_width=True`, use `width='stretch'`. For `use_container_width=False`, use `width='content'`.
2025-10-25 19:04:33.342 Please replace `use_container_width` with `width`.

`use_container_width` will be removed after 2025-12-31.

For `use_container_width=True`, use `width='stretch'`. For `use_container_width=False`, use `width='content'`.

==> /home/dzoan/credit-appraisal-agent-poc/.logs/api_20251025-190320.log <==
INFO:     127.0.0.1:41364 - "GET /v1/training/production_meta HTTP/1.1" 200 OK
/home/dzoan/credit-appraisal-agent-poc/.venv/lib/python3.10/site-packages/sklearn/base.py:493: UserWarning: X does not have valid feature names, but StandardScaler was fitted with feature names
  warnings.warn(
INFO:     127.0.0.1:41372 - "POST /v1/agents/credit_appraisal/run HTTP/1.1" 200 OK
INFO:     127.0.0.1:41388 - "GET /v1/runs/run_1761393884/report?format=csv HTTP/1.1" 200 OK

==> /home/dzoan/credit-appraisal-agent-poc/.logs/ui_20251025-190320.log <==
2025-10-25 19:04:44.372 Please replace `use_container_width` with `width`.

`use_container_width` will be removed after 2025-12-31.

For `use_container_width=True`, use `width='stretch'`. For `use_container_width=False`, use `width='content'`.
2025-10-25 19:04:44.389 Please replace `use_container_width` with `width`.

`use_container_width` will be removed after 2025-12-31.

For `use_container_width=True`, use `width='stretch'`. For `use_container_width=False`, use `width='content'`.
2025-10-25 19:04:44.549 Please replace `use_container_width` with `width`.

`use_container_width` will be removed after 2025-12-31.

For `use_container_width=True`, use `width='stretch'`. For `use_container_width=False`, use `width='content'`.
2025-10-25 19:04:44.933 Please replace `use_container_width` with `width`.

`use_container_width` will be removed after 2025-12-31.

For `use_container_width=True`, use `width='stretch'`. For `use_container_width=False`, use `width='content'`.
2025-10-25 19:04:44.968 Please replace `use_container_width` with `width`.

`use_container_width` will be removed after 2025-12-31.

For `use_container_width=True`, use `width='stretch'`. For `use_container_width=False`, use `width='content'`.

==> /home/dzoan/credit-appraisal-agent-poc/.logs/api_20251025-190320.log <==
INFO:     127.0.0.1:41392 - "GET /v1/training/production_meta HTTP/1.1" 200 OK

==> /home/dzoan/credit-appraisal-agent-poc/.logs/ui_20251025-190320.log <==
2025-10-25 19:04:45.395 Please replace `use_container_width` with `width`.

`use_container_width` will be removed after 2025-12-31.

For `use_container_width=True`, use `width='stretch'`. For `use_container_width=False`, use `width='content'`.
2025-10-25 19:04:45.404 Please replace `use_container_width` with `width`.

`use_container_width` will be removed after 2025-12-31.

For `use_container_width=True`, use `width='stretch'`. For `use_container_width=False`, use `width='content'`.
2025-10-25 19:04:45.421 Please replace `use_container_width` with `width`.

`use_container_width` will be removed after 2025-12-31.

For `use_container_width=True`, use `width='stretch'`. For `use_container_width=False`, use `width='content'`.

==> /home/dzoan/credit-appraisal-agent-poc/.logs/api_20251025-190320.log <==
INFO:     127.0.0.1:40278 - "GET /v1/training/production_meta HTTP/1.1" 200 OK
INFO:     127.0.0.1:40284 - "GET /v1/training/production_meta HTTP/1.1" 200 OK

==> /home/dzoan/credit-appraisal-agent-poc/.logs/ui_20251025-190320.log <==
2025-10-25 19:04:56.163 Please replace `use_container_width` with `width`.

`use_container_width` will be removed after 2025-12-31.

For `use_container_width=True`, use `width='stretch'`. For `use_container_width=False`, use `width='content'`.
2025-10-25 19:04:56.187 Please replace `use_container_width` with `width`.

`use_container_width` will be removed after 2025-12-31.

For `use_container_width=True`, use `width='stretch'`. For `use_container_width=False`, use `width='content'`.
2025-10-25 19:04:56.250 Please replace `use_container_width` with `width`.

`use_container_width` will be removed after 2025-12-31.

For `use_container_width=True`, use `width='stretch'`. For `use_container_width=False`, use `width='content'`.
2025-10-25 19:05:20.505 Please replace `use_container_width` with `width`.

`use_container_width` will be removed after 2025-12-31.

For `use_container_width=True`, use `width='stretch'`. For `use_container_width=False`, use `width='content'`.
2025-10-25 19:05:20.522 Please replace `use_container_width` with `width`.

`use_container_width` will be removed after 2025-12-31.

For `use_container_width=True`, use `width='stretch'`. For `use_container_width=False`, use `width='content'`.

==> /home/dzoan/credit-appraisal-agent-poc/.logs/api_20251025-190320.log <==
INFO:     127.0.0.1:36046 - "GET /v1/training/production_meta HTTP/1.1" 200 OK
INFO:     127.0.0.1:36052 - "GET /v1/training/production_meta HTTP/1.1" 200 OK

==> /home/dzoan/credit-appraisal-agent-poc/.logs/ui_20251025-190320.log <==
2025-10-25 19:05:20.579 Please replace `use_container_width` with `width`.

`use_container_width` will be removed after 2025-12-31.

For `use_container_width=True`, use `width='stretch'`. For `use_container_width=False`, use `width='content'`.

==> /home/dzoan/credit-appraisal-agent-poc/.logs/api_20251025-190320.log <==
INFO:     127.0.0.1:58644 - "GET /v1/training/production_meta HTTP/1.1" 200 OK
INFO:     127.0.0.1:58660 - "GET /v1/training/production_meta HTTP/1.1" 200 OK

==> /home/dzoan/credit-appraisal-agent-poc/.logs/ui_20251025-190320.log <==
2025-10-25 19:05:22.269 Please replace `use_container_width` with `width`.

`use_container_width` will be removed after 2025-12-31.

For `use_container_width=True`, use `width='stretch'`. For `use_container_width=False`, use `width='content'`.
2025-10-25 19:05:22.283 Please replace `use_container_width` with `width`.

`use_container_width` will be removed after 2025-12-31.

For `use_container_width=True`, use `width='stretch'`. For `use_container_width=False`, use `width='content'`.
2025-10-25 19:05:22.332 Please replace `use_container_width` with `width`.

`use_container_width` will be removed after 2025-12-31.

For `use_container_width=True`, use `width='stretch'`. For `use_container_width=False`, use `width='content'`.

==> /home/dzoan/credit-appraisal-agent-poc/.logs/api_20251025-190320.log <==
INFO:     127.0.0.1:43214 - "GET /v1/training/production_meta HTTP/1.1" 200 OK
INFO:     127.0.0.1:43224 - "GET /v1/training/production_meta HTTP/1.1" 200 OK

==> /home/dzoan/credit-appraisal-agent-poc/.logs/ui_20251025-190320.log <==
2025-10-25 19:05:44.759 Please replace `use_container_width` with `width`.

`use_container_width` will be removed after 2025-12-31.

For `use_container_width=True`, use `width='stretch'`. For `use_container_width=False`, use `width='content'`.
2025-10-25 19:05:44.777 Please replace `use_container_width` with `width`.

`use_container_width` will be removed after 2025-12-31.

For `use_container_width=True`, use `width='stretch'`. For `use_container_width=False`, use `width='content'`.
2025-10-25 19:05:44.827 Please replace `use_container_width` with `width`.

`use_container_width` will be removed after 2025-12-31.

For `use_container_width=True`, use `width='stretch'`. For `use_container_width=False`, use `width='content'`.

==> /home/dzoan/credit-appraisal-agent-poc/.logs/api_20251025-190320.log <==
INFO:     127.0.0.1:39846 - "GET /v1/training/production_meta HTTP/1.1" 200 OK
INFO:     127.0.0.1:39848 - "GET /v1/training/production_meta HTTP/1.1" 200 OK

==> /home/dzoan/credit-appraisal-agent-poc/.logs/ui_20251025-190320.log <==
2025-10-25 19:06:05.061 Please replace `use_container_width` with `width`.

`use_container_width` will be removed after 2025-12-31.

For `use_container_width=True`, use `width='stretch'`. For `use_container_width=False`, use `width='content'`.
2025-10-25 19:06:05.071 Please replace `use_container_width` with `width`.

`use_container_width` will be removed after 2025-12-31.

For `use_container_width=True`, use `width='stretch'`. For `use_container_width=False`, use `width='content'`.
2025-10-25 19:06:05.114 Please replace `use_container_width` with `width`.

`use_container_width` will be removed after 2025-12-31.

For `use_container_width=True`, use `width='stretch'`. For `use_container_width=False`, use `width='content'`.

==> /home/dzoan/credit-appraisal-agent-poc/.logs/api_20251025-190320.log <==
INFO:     127.0.0.1:39862 - "GET /v1/training/production_meta HTTP/1.1" 200 OK
INFO:     127.0.0.1:39874 - "GET /v1/training/production_meta HTTP/1.1" 200 OK

==> /home/dzoan/credit-appraisal-agent-poc/.logs/ui_20251025-190320.log <==
2025-10-25 19:06:06.515 Please replace `use_container_width` with `width`.

`use_container_width` will be removed after 2025-12-31.

For `use_container_width=True`, use `width='stretch'`. For `use_container_width=False`, use `width='content'`.
2025-10-25 19:06:06.529 Please replace `use_container_width` with `width`.

`use_container_width` will be removed after 2025-12-31.

For `use_container_width=True`, use `width='stretch'`. For `use_container_width=False`, use `width='content'`.
2025-10-25 19:06:06.573 Please replace `use_container_width` with `width`.

`use_container_width` will be removed after 2025-12-31.

For `use_container_width=True`, use `width='stretch'`. For `use_container_width=False`, use `width='content'`.

==> /home/dzoan/credit-appraisal-agent-poc/.logs/api_20251025-190320.log <==
INFO:     127.0.0.1:39884 - "GET /v1/training/production_meta HTTP/1.1" 200 OK
INFO:     127.0.0.1:39892 - "GET /v1/training/production_meta HTTP/1.1" 200 OK

==> /home/dzoan/credit-appraisal-agent-poc/.logs/ui_20251025-190320.log <==
2025-10-25 19:06:07.339 Please replace `use_container_width` with `width`.

`use_container_width` will be removed after 2025-12-31.

For `use_container_width=True`, use `width='stretch'`. For `use_container_width=False`, use `width='content'`.
2025-10-25 19:06:07.354 Please replace `use_container_width` with `width`.

`use_container_width` will be removed after 2025-12-31.

For `use_container_width=True`, use `width='stretch'`. For `use_container_width=False`, use `width='content'`.
2025-10-25 19:06:07.404 Please replace `use_container_width` with `width`.

`use_container_width` will be removed after 2025-12-31.

For `use_container_width=True`, use `width='stretch'`. For `use_container_width=False`, use `width='content'`.

==> /home/dzoan/credit-appraisal-agent-poc/.logs/api_20251025-190320.log <==
INFO:     127.0.0.1:42102 - "GET /v1/training/production_meta HTTP/1.1" 200 OK
INFO:     127.0.0.1:42116 - "GET /v1/training/production_meta HTTP/1.1" 200 OK

==> /home/dzoan/credit-appraisal-agent-poc/.logs/ui_20251025-190320.log <==
2025-10-25 19:06:21.771 Please replace `use_container_width` with `width`.

`use_container_width` will be removed after 2025-12-31.

For `use_container_width=True`, use `width='stretch'`. For `use_container_width=False`, use `width='content'`.
2025-10-25 19:06:21.789 Please replace `use_container_width` with `width`.

`use_container_width` will be removed after 2025-12-31.

For `use_container_width=True`, use `width='stretch'`. For `use_container_width=False`, use `width='content'`.
2025-10-25 19:06:21.839 Please replace `use_container_width` with `width`.

`use_container_width` will be removed after 2025-12-31.

For `use_container_width=True`, use `width='stretch'`. For `use_container_width=False`, use `width='content'`.

==> /home/dzoan/credit-appraisal-agent-poc/.logs/api_20251025-190320.log <==
INFO:     127.0.0.1:52694 - "GET /v1/training/production_meta HTTP/1.1" 200 OK
INFO:     127.0.0.1:52708 - "GET /v1/training/production_meta HTTP/1.1" 200 OK
INFO:     127.0.0.1:56546 - "GET /v1/training/production_meta HTTP/1.1" 200 OK
INFO:     127.0.0.1:56554 - "GET /v1/training/production_meta HTTP/1.1" 200 OK

==> /home/dzoan/credit-appraisal-agent-poc/.logs/ui_20251025-190320.log <==
2025-10-25 19:07:01.304 Please replace `use_container_width` with `width`.

`use_container_width` will be removed after 2025-12-31.

For `use_container_width=True`, use `width='stretch'`. For `use_container_width=False`, use `width='content'`.

==> /home/dzoan/credit-appraisal-agent-poc/.logs/api_20251025-190320.log <==
INFO:     127.0.0.1:56568 - "GET /v1/training/production_meta HTTP/1.1" 200 OK
INFO:     127.0.0.1:56572 - "GET /v1/training/production_meta HTTP/1.1" 200 OK

==> /home/dzoan/credit-appraisal-agent-poc/.logs/ui_20251025-190320.log <==
2025-10-25 19:07:04.991 Please replace `use_container_width` with `width`.

`use_container_width` will be removed after 2025-12-31.

For `use_container_width=True`, use `width='stretch'`. For `use_container_width=False`, use `width='content'`.

==> /home/dzoan/credit-appraisal-agent-poc/.logs/api_20251025-190320.log <==
INFO:     127.0.0.1:36532 - "GET /v1/training/production_meta HTTP/1.1" 200 OK
INFO:     127.0.0.1:36548 - "GET /v1/training/production_meta HTTP/1.1" 200 OK

==> /home/dzoan/credit-appraisal-agent-poc/.logs/ui_20251025-190320.log <==
2025-10-25 19:07:06.932 Please replace `use_container_width` with `width`.

`use_container_width` will be removed after 2025-12-31.

For `use_container_width=True`, use `width='stretch'`. For `use_container_width=False`, use `width='content'`.

==> /home/dzoan/credit-appraisal-agent-poc/.logs/api_20251025-190320.log <==
INFO:     127.0.0.1:48390 - "GET /v1/training/production_meta HTTP/1.1" 200 OK
INFO:     127.0.0.1:48402 - "GET /v1/training/production_meta HTTP/1.1" 200 OK

==> /home/dzoan/credit-appraisal-agent-poc/.logs/ui_20251025-190320.log <==
2025-10-25 19:07:20.704 Please replace `use_container_width` with `width`.

`use_container_width` will be removed after 2025-12-31.

For `use_container_width=True`, use `width='stretch'`. For `use_container_width=False`, use `width='content'`.

==> /home/dzoan/credit-appraisal-agent-poc/.logs/api_20251025-190320.log <==
INFO:     127.0.0.1:48410 - "GET /v1/training/production_meta HTTP/1.1" 200 OK
/home/dzoan/credit-appraisal-agent-poc/agents/credit_appraisal/model_utils.py:150: FutureWarning: errors='ignore' is deprecated and will raise in a future version. Use to_numeric without passing `errors` and catch exceptions explicitly instead
  out[c] = pd.to_numeric(out[c], errors="ignore")

==> /home/dzoan/credit-appraisal-agent-poc/.logs/ui_20251025-190320.log <==
2025-10-25 19:07:22.614 Please replace `use_container_width` with `width`.

`use_container_width` will be removed after 2025-12-31.

For `use_container_width=True`, use `width='stretch'`. For `use_container_width=False`, use `width='content'`.

==> /home/dzoan/credit-appraisal-agent-poc/.logs/api_20251025-190320.log <==
INFO:     127.0.0.1:48424 - "POST /v1/training/train HTTP/1.1" 200 OK
INFO:     127.0.0.1:48440 - "GET /v1/training/production_meta HTTP/1.1" 200 OK
INFO:     127.0.0.1:48452 - "GET /v1/training/production_meta HTTP/1.1" 200 OK
INFO:     127.0.0.1:48462 - "POST /v1/training/promote HTTP/1.1" 200 OK
INFO:     127.0.0.1:48468 - "GET /v1/training/production_meta HTTP/1.1" 200 OK

==> /home/dzoan/credit-appraisal-agent-poc/.logs/ui_20251025-190320.log <==
2025-10-25 19:07:24.264 Please replace `use_container_width` with `width`.

`use_container_width` will be removed after 2025-12-31.

For `use_container_width=True`, use `width='stretch'`. For `use_container_width=False`, use `width='content'`.

==> /home/dzoan/credit-appraisal-agent-poc/.logs/api_20251025-190320.log <==
INFO:     Shutting down
INFO:     Waiting for application shutdown.
INFO:     Application shutdown complete.
INFO:     Finished server process [100809]
INFO:     Stopping reloader process [100799]

==> /home/dzoan/credit-appraisal-agent-poc/.logs/ui_20251025-190320.log <==
  Stopping...
