2025-11-01 16:36:22 [STREAM] ==> /home/dzoan/credit-appraisal-agent-poc/.logs/api_20251101-163620.log <==
2025-11-01 16:36:22 [STREAM] 
2025-11-01 16:36:22 [STREAM] ==> /home/dzoan/credit-appraisal-agent-poc/.logs/ui_20251101-163620.log <==
2025-11-01 16:36:22 [STREAM] 
2025-11-01 16:36:22 [STREAM] ==> /home/dzoan/credit-appraisal-agent-poc/.logs/api_20251101-163620.log <==
2025-11-01 16:36:22 [STREAM] INFO:     Will watch for changes in these directories: ['/home/dzoan/credit-appraisal-agent-poc']
2025-11-01 16:36:22 [STREAM] INFO:     Uvicorn running on http://0.0.0.0:8090 (Press CTRL+C to quit)
2025-11-01 16:36:22 [STREAM] INFO:     Started reloader process [78762] using WatchFiles
2025-11-01 16:36:22 [STREAM] 
2025-11-01 16:36:22 [STREAM] ==> /home/dzoan/credit-appraisal-agent-poc/.logs/ui_20251101-163620.log <==
2025-11-01 16:36:22 [STREAM] 2025-11-01 16:36:22.916 Starting new event loop for server
2025-11-01 16:36:22 [STREAM] 2025-11-01 16:36:22.917 Starting server...
2025-11-01 16:36:22 [STREAM] 2025-11-01 16:36:22.917 Serving static content from /home/dzoan/credit-appraisal-agent-poc/.venv/lib/python3.10/site-packages/streamlit/static
2025-11-01 16:36:22 [STREAM] 2025-11-01 16:36:22.923 Server started on port 8502
2025-11-01 16:36:22 [STREAM] 2025-11-01 16:36:22.924 Runtime state: RuntimeState.INITIAL -> RuntimeState.NO_SESSIONS_CONNECTED
2025-11-01 16:36:22 [STREAM] 
2025-11-01 16:36:22 [STREAM]   You can now view your Streamlit app in your browser.
2025-11-01 16:36:22 [STREAM] 
2025-11-01 16:36:22 [STREAM]   URL: http://0.0.0.0:8502
2025-11-01 16:36:22 [STREAM] 
2025-11-01 16:36:22 [STREAM] 2025-11-01 16:36:22.925 Setting up signal handler
2025-11-01 16:36:23 [STREAM] 2025-11-01 16:36:23.665 AppSession initialized (id=b99cfdcc-127f-4e14-9c08-84282a9b666a)
2025-11-01 16:36:23 [STREAM] 2025-11-01 16:36:23.666 Created new session for client 128398241181088. Session ID: b99cfdcc-127f-4e14-9c08-84282a9b666a
2025-11-01 16:36:23 [STREAM] 2025-11-01 16:36:23.666 Runtime state: RuntimeState.NO_SESSIONS_CONNECTED -> RuntimeState.ONE_OR_MORE_SESSIONS_CONNECTED
2025-11-01 16:36:23 [STREAM] 2025-11-01 16:36:23.680 AppSession initialized (id=4f36e28a-392e-4fb1-8f02-0b2dd6f3ebc1)
2025-11-01 16:36:23 [STREAM] 2025-11-01 16:36:23.680 Created new session for client 128398241183488. Session ID: 4f36e28a-392e-4fb1-8f02-0b2dd6f3ebc1
2025-11-01 16:36:23 [STREAM] 2025-11-01 16:36:23.680 Runtime state: RuntimeState.ONE_OR_MORE_SESSIONS_CONNECTED -> RuntimeState.ONE_OR_MORE_SESSIONS_CONNECTED
2025-11-01 16:36:23 [STREAM] 2025-11-01 16:36:23.711 AppSession initialized (id=1396bd00-3d57-4b9d-977b-b3cb1ddee04d)
2025-11-01 16:36:23 [STREAM] 2025-11-01 16:36:23.711 Created new session for client 128398239580224. Session ID: 1396bd00-3d57-4b9d-977b-b3cb1ddee04d
2025-11-01 16:36:23 [STREAM] 2025-11-01 16:36:23.712 Runtime state: RuntimeState.ONE_OR_MORE_SESSIONS_CONNECTED -> RuntimeState.ONE_OR_MORE_SESSIONS_CONNECTED
2025-11-01 16:36:23 [STREAM] 2025-11-01 16:36:23.729 AppSession initialized (id=10327198-5e3d-457e-9405-3ff610c26d35)
2025-11-01 16:36:23 [STREAM] 2025-11-01 16:36:23.730 Created new session for client 128398239582528. Session ID: 10327198-5e3d-457e-9405-3ff610c26d35
2025-11-01 16:36:23 [STREAM] 2025-11-01 16:36:23.730 Runtime state: RuntimeState.ONE_OR_MORE_SESSIONS_CONNECTED -> RuntimeState.ONE_OR_MORE_SESSIONS_CONNECTED
2025-11-01 16:36:23 [STREAM] 2025-11-01 16:36:23.746 AppSession initialized (id=b406dd98-7598-4568-8409-464706ecb95b)
2025-11-01 16:36:23 [STREAM] 2025-11-01 16:36:23.746 Created new session for client 128398239584832. Session ID: b406dd98-7598-4568-8409-464706ecb95b
2025-11-01 16:36:23 [STREAM] 2025-11-01 16:36:23.746 Runtime state: RuntimeState.ONE_OR_MORE_SESSIONS_CONNECTED -> RuntimeState.ONE_OR_MORE_SESSIONS_CONNECTED
2025-11-01 16:36:23 [STREAM] 2025-11-01 16:36:23.763 AppSession initialized (id=d7f8a030-a0c9-4808-8d6f-3cc70bb61ec5)
2025-11-01 16:36:23 [STREAM] 2025-11-01 16:36:23.763 Created new session for client 128398239587136. Session ID: d7f8a030-a0c9-4808-8d6f-3cc70bb61ec5
2025-11-01 16:36:23 [STREAM] 2025-11-01 16:36:23.763 Runtime state: RuntimeState.ONE_OR_MORE_SESSIONS_CONNECTED -> RuntimeState.ONE_OR_MORE_SESSIONS_CONNECTED
2025-11-01 16:36:23 [STREAM] 2025-11-01 16:36:23.780 AppSession initialized (id=3318c4b9-0227-4023-b744-b6d6014249e0)
2025-11-01 16:36:23 [STREAM] 2025-11-01 16:36:23.781 Created new session for client 128398239589440. Session ID: 3318c4b9-0227-4023-b744-b6d6014249e0
2025-11-01 16:36:23 [STREAM] 2025-11-01 16:36:23.781 Runtime state: RuntimeState.ONE_OR_MORE_SESSIONS_CONNECTED -> RuntimeState.ONE_OR_MORE_SESSIONS_CONNECTED
2025-11-01 16:36:23 [STREAM] 2025-11-01 16:36:23.828 AppSession initialized (id=a91f0b32-d015-4453-ba9a-883803e0b421)
2025-11-01 16:36:23 [STREAM] 2025-11-01 16:36:23.828 Created new session for client 128398239591744. Session ID: a91f0b32-d015-4453-ba9a-883803e0b421
2025-11-01 16:36:23 [STREAM] 2025-11-01 16:36:23.828 Runtime state: RuntimeState.ONE_OR_MORE_SESSIONS_CONNECTED -> RuntimeState.ONE_OR_MORE_SESSIONS_CONNECTED
2025-11-01 16:36:23 [STREAM] 2025-11-01 16:36:23.852 AppSession initialized (id=73c22507-3d32-43b8-8b34-6e655c96f00c)
2025-11-01 16:36:23 [STREAM] 2025-11-01 16:36:23.852 Created new session for client 128398239594048. Session ID: 73c22507-3d32-43b8-8b34-6e655c96f00c
2025-11-01 16:36:23 [STREAM] 2025-11-01 16:36:23.852 Runtime state: RuntimeState.ONE_OR_MORE_SESSIONS_CONNECTED -> RuntimeState.ONE_OR_MORE_SESSIONS_CONNECTED
2025-11-01 16:36:23 [STREAM] 2025-11-01 16:36:23.899 AppSession initialized (id=587593cc-2c67-46c9-a9df-6907f21b54f0)
2025-11-01 16:36:23 [STREAM] 2025-11-01 16:36:23.899 Created new session for client 128398239596352. Session ID: 587593cc-2c67-46c9-a9df-6907f21b54f0
2025-11-01 16:36:23 [STREAM] 2025-11-01 16:36:23.899 Runtime state: RuntimeState.ONE_OR_MORE_SESSIONS_CONNECTED -> RuntimeState.ONE_OR_MORE_SESSIONS_CONNECTED
2025-11-01 16:36:23 [STREAM] 2025-11-01 16:36:23.927 AppSession initialized (id=488b56e2-139c-4436-9b7d-ae4361bbb1f8)
2025-11-01 16:36:23 [STREAM] 2025-11-01 16:36:23.927 Created new session for client 128398239729792. Session ID: 488b56e2-139c-4436-9b7d-ae4361bbb1f8
2025-11-01 16:36:23 [STREAM] 2025-11-01 16:36:23.927 Runtime state: RuntimeState.ONE_OR_MORE_SESSIONS_CONNECTED -> RuntimeState.ONE_OR_MORE_SESSIONS_CONNECTED
2025-11-01 16:36:23 [STREAM] 2025-11-01 16:36:23.956 AppSession initialized (id=89069e83-8b6d-4a58-8863-1a81f15cc668)
2025-11-01 16:36:23 [STREAM] 2025-11-01 16:36:23.956 Created new session for client 128398239732096. Session ID: 89069e83-8b6d-4a58-8863-1a81f15cc668
2025-11-01 16:36:23 [STREAM] 2025-11-01 16:36:23.956 Runtime state: RuntimeState.ONE_OR_MORE_SESSIONS_CONNECTED -> RuntimeState.ONE_OR_MORE_SESSIONS_CONNECTED
2025-11-01 16:36:23 [STREAM] 2025-11-01 16:36:23.973 AppSession initialized (id=716226e0-b766-4bd2-9a02-c05fd6b6cd6f)
2025-11-01 16:36:23 [STREAM] 2025-11-01 16:36:23.973 Created new session for client 128398239734400. Session ID: 716226e0-b766-4bd2-9a02-c05fd6b6cd6f
2025-11-01 16:36:23 [STREAM] 2025-11-01 16:36:23.973 Runtime state: RuntimeState.ONE_OR_MORE_SESSIONS_CONNECTED -> RuntimeState.ONE_OR_MORE_SESSIONS_CONNECTED
2025-11-01 16:36:24 [STREAM] 2025-11-01 16:36:24.003 AppSession initialized (id=0771812a-6e10-4bc9-a530-f228102f732c)
2025-11-01 16:36:24 [STREAM] 2025-11-01 16:36:24.003 Created new session for client 128398239736704. Session ID: 0771812a-6e10-4bc9-a530-f228102f732c
2025-11-01 16:36:24 [STREAM] 2025-11-01 16:36:24.003 Runtime state: RuntimeState.ONE_OR_MORE_SESSIONS_CONNECTED -> RuntimeState.ONE_OR_MORE_SESSIONS_CONNECTED
2025-11-01 16:36:24 [STREAM] 2025-11-01 16:36:24.034 AppSession initialized (id=1ff97ad5-b0dc-4ba4-854b-a5b1d467d1d1)
2025-11-01 16:36:24 [STREAM] 2025-11-01 16:36:24.034 Created new session for client 128398239739008. Session ID: 1ff97ad5-b0dc-4ba4-854b-a5b1d467d1d1
2025-11-01 16:36:24 [STREAM] 2025-11-01 16:36:24.034 Runtime state: RuntimeState.ONE_OR_MORE_SESSIONS_CONNECTED -> RuntimeState.ONE_OR_MORE_SESSIONS_CONNECTED
2025-11-01 16:36:24 [STREAM] 2025-11-01 16:36:24.064 AppSession initialized (id=a6466857-d550-4495-949b-615b48572250)
2025-11-01 16:36:24 [STREAM] 2025-11-01 16:36:24.064 Created new session for client 128398239741312. Session ID: a6466857-d550-4495-949b-615b48572250
2025-11-01 16:36:24 [STREAM] 2025-11-01 16:36:24.065 Runtime state: RuntimeState.ONE_OR_MORE_SESSIONS_CONNECTED -> RuntimeState.ONE_OR_MORE_SESSIONS_CONNECTED
2025-11-01 16:36:24 [STREAM] 2025-11-01 16:36:24.094 AppSession initialized (id=330e4069-a75f-497a-86f4-a164bd47d358)
2025-11-01 16:36:24 [STREAM] 2025-11-01 16:36:24.094 Created new session for client 128398239743616. Session ID: 330e4069-a75f-497a-86f4-a164bd47d358
2025-11-01 16:36:24 [STREAM] 2025-11-01 16:36:24.094 Runtime state: RuntimeState.ONE_OR_MORE_SESSIONS_CONNECTED -> RuntimeState.ONE_OR_MORE_SESSIONS_CONNECTED
2025-11-01 16:36:24 [STREAM] 2025-11-01 16:36:24.124 AppSession initialized (id=882b03f8-4db9-479b-b119-00b3355b04aa)
2025-11-01 16:36:24 [STREAM] 2025-11-01 16:36:24.124 Created new session for client 128398239909824. Session ID: 882b03f8-4db9-479b-b119-00b3355b04aa
2025-11-01 16:36:24 [STREAM] 2025-11-01 16:36:24.124 Runtime state: RuntimeState.ONE_OR_MORE_SESSIONS_CONNECTED -> RuntimeState.ONE_OR_MORE_SESSIONS_CONNECTED
2025-11-01 16:36:24 [STREAM] 
2025-11-01 16:36:24 [STREAM] ==> /home/dzoan/credit-appraisal-agent-poc/.logs/api_20251101-163620.log <==
2025-11-01 16:36:24 [STREAM] INFO:     Started server process [78774]
2025-11-01 16:36:24 [STREAM] INFO:     Waiting for application startup.
2025-11-01 16:36:24 [STREAM] INFO:     Application startup complete.
2025-11-01 16:36:24 [STREAM] 
2025-11-01 16:36:24 [STREAM] ==> /home/dzoan/credit-appraisal-agent-poc/.logs/ui_20251101-163620.log <==
2025-11-01 16:36:24 [STREAM] 2025-11-01 16:36:24.587 AppSession initialized (id=ef392cb6-2b0d-4fbf-92e3-5bbb1ece2411)
2025-11-01 16:36:24 [STREAM] 2025-11-01 16:36:24.587 Created new session for client 128398239913328. Session ID: ef392cb6-2b0d-4fbf-92e3-5bbb1ece2411
2025-11-01 16:36:24 [STREAM] 2025-11-01 16:36:24.587 Runtime state: RuntimeState.ONE_OR_MORE_SESSIONS_CONNECTED -> RuntimeState.ONE_OR_MORE_SESSIONS_CONNECTED
2025-11-01 16:36:24 [STREAM] 2025-11-01 16:36:24.589 Received the following back message:
2025-11-01 16:36:24 [STREAM] rerun_script {
2025-11-01 16:36:24 [STREAM]   widget_states {
2025-11-01 16:36:24 [STREAM]   }
2025-11-01 16:36:24 [STREAM]   page_name: "asset_appraisal"
2025-11-01 16:36:24 [STREAM]   context_info {
2025-11-01 16:36:24 [STREAM]     timezone: "Asia/Bangkok"
2025-11-01 16:36:24 [STREAM]     timezone_offset: -420
2025-11-01 16:36:24 [STREAM]     locale: "en-US"
2025-11-01 16:36:24 [STREAM]     url: "http://localhost:8502/asset_appraisal"
2025-11-01 16:36:24 [STREAM]     is_embedded: false
2025-11-01 16:36:24 [STREAM]     color_scheme: "light"
2025-11-01 16:36:24 [STREAM]   }
2025-11-01 16:36:24 [STREAM] }
2025-11-01 16:36:24 [STREAM] 
2025-11-01 16:36:24 [STREAM] 2025-11-01 16:36:24.589 Beginning script thread
2025-11-01 16:36:24 [STREAM] 2025-11-01 16:36:24.590 Running script RerunData(widget_states=, page_name='asset_appraisal', context_info=timezone: "Asia/Bangkok"
2025-11-01 16:36:24 [STREAM] timezone_offset: -420
2025-11-01 16:36:24 [STREAM] locale: "en-US"
2025-11-01 16:36:24 [STREAM] url: "http://localhost:8502/asset_appraisal"
2025-11-01 16:36:24 [STREAM] is_embedded: false
2025-11-01 16:36:24 [STREAM] color_scheme: "light"
2025-11-01 16:36:24 [STREAM] )
2025-11-01 16:36:24 [STREAM] 2025-11-01 16:36:24.590 Disconnecting files for session with ID ef392cb6-2b0d-4fbf-92e3-5bbb1ece2411
2025-11-01 16:36:24 [STREAM] 2025-11-01 16:36:24.590 Sessions still active: dict_keys([])
2025-11-01 16:36:24 [STREAM] 2025-11-01 16:36:24.590 Files: 0; Sessions with files: 0
2025-11-01 16:36:24 [STREAM] 2025-11-01 16:36:24.709 Uncaught app execution
2025-11-01 16:36:24 [STREAM] Traceback (most recent call last):
2025-11-01 16:36:24 [STREAM]   File "/home/dzoan/credit-appraisal-agent-poc/.venv/lib/python3.10/site-packages/streamlit/runtime/scriptrunner/exec_code.py", line 128, in exec_func_with_error_handling
2025-11-01 16:36:24 [STREAM]     result = func()
2025-11-01 16:36:24 [STREAM]   File "/home/dzoan/credit-appraisal-agent-poc/.venv/lib/python3.10/site-packages/streamlit/runtime/scriptrunner/script_runner.py", line 667, in code_to_exec
2025-11-01 16:36:24 [STREAM]     _mpa_v1(self._main_script_path)
2025-11-01 16:36:24 [STREAM]   File "/home/dzoan/credit-appraisal-agent-poc/.venv/lib/python3.10/site-packages/streamlit/runtime/scriptrunner/script_runner.py", line 165, in _mpa_v1
2025-11-01 16:36:24 [STREAM]     page.run()
2025-11-01 16:36:24 [STREAM]   File "/home/dzoan/credit-appraisal-agent-poc/.venv/lib/python3.10/site-packages/streamlit/navigation/page.py", line 296, in run
2025-11-01 16:36:24 [STREAM]     code = ctx.pages_manager.get_page_script_byte_code(str(self._page))
2025-11-01 16:36:24 [STREAM]   File "/home/dzoan/credit-appraisal-agent-poc/.venv/lib/python3.10/site-packages/streamlit/runtime/pages_manager.py", line 160, in get_page_script_byte_code
2025-11-01 16:36:24 [STREAM]     return self._script_cache.get_bytecode(script_path)
2025-11-01 16:36:24 [STREAM]   File "/home/dzoan/credit-appraisal-agent-poc/.venv/lib/python3.10/site-packages/streamlit/runtime/scriptrunner/script_cache.py", line 72, in get_bytecode
2025-11-01 16:36:24 [STREAM]     filebody = magic.add_magic(filebody, script_path)
2025-11-01 16:36:24 [STREAM]   File "/home/dzoan/credit-appraisal-agent-poc/.venv/lib/python3.10/site-packages/streamlit/runtime/scriptrunner/magic.py", line 45, in add_magic
2025-11-01 16:36:24 [STREAM]     tree = ast.parse(code, script_path, "exec")
2025-11-01 16:36:24 [STREAM]   File "/usr/lib/python3.10/ast.py", line 50, in parse
2025-11-01 16:36:24 [STREAM]     return compile(source, filename, mode, flags,
2025-11-01 16:36:24 [STREAM]   File "/home/dzoan/credit-appraisal-agent-poc/services/ui/pages/asset_appraisal.py", line 1
2025-11-01 16:36:24 [STREAM]     zoan@AAD-PW0C4YQD:~/credit-appraisal-agent-poc$ cat services/ui/pages/asset_appraisal.py
2025-11-01 16:36:24 [STREAM]                      ^
2025-11-01 16:36:24 [STREAM] SyntaxError: invalid syntax
2025-11-01 16:36:24 [STREAM] 2025-11-01 16:36:24.766 Removing orphaned files...
2025-11-01 16:36:26 [STREAM] 2025-11-01 16:36:26.982 Received the following back message:
2025-11-01 16:36:26 [STREAM] rerun_script {
2025-11-01 16:36:26 [STREAM]   widget_states {
2025-11-01 16:36:26 [STREAM]   }
2025-11-01 16:36:26 [STREAM]   page_script_hash: "d2a57dc1d883fd21fb9951699df71cc7"
2025-11-01 16:36:26 [STREAM]   context_info {
2025-11-01 16:36:26 [STREAM]     timezone: "Asia/Bangkok"
2025-11-01 16:36:26 [STREAM]     timezone_offset: -420
2025-11-01 16:36:26 [STREAM]     locale: "en-US"
2025-11-01 16:36:26 [STREAM]     url: "http://localhost:8502/asset_appraisal"
2025-11-01 16:36:26 [STREAM]     is_embedded: false
2025-11-01 16:36:26 [STREAM]     color_scheme: "light"
2025-11-01 16:36:26 [STREAM]   }
2025-11-01 16:36:26 [STREAM] }
2025-11-01 16:36:26 [STREAM] 
2025-11-01 16:36:26 [STREAM] 2025-11-01 16:36:26.983 Beginning script thread
2025-11-01 16:36:26 [STREAM] 2025-11-01 16:36:26.983 Running script RerunData(widget_states=, page_script_hash='d2a57dc1d883fd21fb9951699df71cc7', context_info=timezone: "Asia/Bangkok"
2025-11-01 16:36:26 [STREAM] timezone_offset: -420
2025-11-01 16:36:26 [STREAM] locale: "en-US"
2025-11-01 16:36:26 [STREAM] url: "http://localhost:8502/asset_appraisal"
2025-11-01 16:36:26 [STREAM] is_embedded: false
2025-11-01 16:36:26 [STREAM] color_scheme: "light"
2025-11-01 16:36:26 [STREAM] )
2025-11-01 16:36:26 [STREAM] 2025-11-01 16:36:26.983 Disconnecting files for session with ID ef392cb6-2b0d-4fbf-92e3-5bbb1ece2411
2025-11-01 16:36:26 [STREAM] 2025-11-01 16:36:26.983 Sessions still active: dict_keys([])
2025-11-01 16:36:26 [STREAM] 2025-11-01 16:36:26.983 Files: 0; Sessions with files: 0
2025-11-01 16:36:27 [STREAM] 2025-11-01 16:36:27.663 Removing orphaned files...
2025-11-01 16:36:29 [STREAM] 2025-11-01 16:36:29.829 Received the following back message:
2025-11-01 16:36:29 [STREAM] rerun_script {
2025-11-01 16:36:29 [STREAM]   widget_states {
2025-11-01 16:36:29 [STREAM]     widgets {
2025-11-01 16:36:29 [STREAM]       id: "$$ID-ddc0270cbc3cd2468b6293e097bf75f7-upload_logo_hidden"
2025-11-01 16:36:29 [STREAM]       file_uploader_state_value {
2025-11-01 16:36:29 [STREAM]       }
2025-11-01 16:36:29 [STREAM]     }
2025-11-01 16:36:29 [STREAM]     widgets {
2025-11-01 16:36:29 [STREAM]       id: "$$ID-163960d6a02d16629fcb6a17e7682c68-btn_start_build_now"
2025-11-01 16:36:29 [STREAM]       trigger_value: true
2025-11-01 16:36:29 [STREAM]     }
2025-11-01 16:36:29 [STREAM]   }
2025-11-01 16:36:29 [STREAM]   page_script_hash: "d2a57dc1d883fd21fb9951699df71cc7"
2025-11-01 16:36:29 [STREAM]   cached_message_hashes: "27d2e897be5ce95d9e50eced825033d7"
2025-11-01 16:36:29 [STREAM]   context_info {
2025-11-01 16:36:29 [STREAM]     timezone: "Asia/Bangkok"
2025-11-01 16:36:29 [STREAM]     timezone_offset: -420
2025-11-01 16:36:29 [STREAM]     locale: "en-US"
2025-11-01 16:36:29 [STREAM]     url: "http://localhost:8502/"
2025-11-01 16:36:29 [STREAM]     is_embedded: false
2025-11-01 16:36:29 [STREAM]     color_scheme: "light"
2025-11-01 16:36:29 [STREAM]   }
2025-11-01 16:36:29 [STREAM] }
2025-11-01 16:36:29 [STREAM] 
2025-11-01 16:36:29 [STREAM] 2025-11-01 16:36:29.829 Beginning script thread
2025-11-01 16:36:29 [STREAM] 2025-11-01 16:36:29.830 Running script RerunData(widget_states=widgets {
2025-11-01 16:36:29 [STREAM]   id: "$$ID-ddc0270cbc3cd2468b6293e097bf75f7-upload_logo_hidden"
2025-11-01 16:36:29 [STREAM]   file_uploader_state_value {
2025-11-01 16:36:29 [STREAM]   }
2025-11-01 16:36:29 [STREAM] }
2025-11-01 16:36:29 [STREAM] widgets {
2025-11-01 16:36:29 [STREAM]   id: "$$ID-163960d6a02d16629fcb6a17e7682c68-btn_start_build_now"
2025-11-01 16:36:29 [STREAM]   trigger_value: true
2025-11-01 16:36:29 [STREAM] }
2025-11-01 16:36:29 [STREAM] , page_script_hash='d2a57dc1d883fd21fb9951699df71cc7', cached_message_hashes={'27d2e897be5ce95d9e50eced825033d7'}, context_info=timezone: "Asia/Bangkok"
2025-11-01 16:36:29 [STREAM] timezone_offset: -420
2025-11-01 16:36:29 [STREAM] locale: "en-US"
2025-11-01 16:36:29 [STREAM] url: "http://localhost:8502/"
2025-11-01 16:36:29 [STREAM] is_embedded: false
2025-11-01 16:36:29 [STREAM] color_scheme: "light"
2025-11-01 16:36:29 [STREAM] )
2025-11-01 16:36:29 [STREAM] 2025-11-01 16:36:29.830 Disconnecting files for session with ID ef392cb6-2b0d-4fbf-92e3-5bbb1ece2411
2025-11-01 16:36:29 [STREAM] 2025-11-01 16:36:29.830 Sessions still active: dict_keys([])
2025-11-01 16:36:29 [STREAM] 2025-11-01 16:36:29.830 Files: 0; Sessions with files: 0
2025-11-01 16:36:29 [STREAM] 2025-11-01 16:36:29.910 Sending cached message ref (hash=27d2e897be5ce95d9e50eced825033d7)
2025-11-01 16:36:29 [STREAM] 2025-11-01 16:36:29.914 Removing orphaned files...
2025-11-01 16:36:29 [STREAM] 2025-11-01 16:36:29.979 Running script RerunData(page_script_hash='d2a57dc1d883fd21fb9951699df71cc7', cached_message_hashes={'27d2e897be5ce95d9e50eced825033d7'}, context_info=timezone: "Asia/Bangkok"
2025-11-01 16:36:29 [STREAM] timezone_offset: -420
2025-11-01 16:36:29 [STREAM] locale: "en-US"
2025-11-01 16:36:29 [STREAM] url: "http://localhost:8502/"
2025-11-01 16:36:29 [STREAM] is_embedded: false
2025-11-01 16:36:29 [STREAM] color_scheme: "light"
2025-11-01 16:36:29 [STREAM] )
2025-11-01 16:36:29 [STREAM] 2025-11-01 16:36:29.980 Disconnecting files for session with ID ef392cb6-2b0d-4fbf-92e3-5bbb1ece2411
2025-11-01 16:36:29 [STREAM] 2025-11-01 16:36:29.980 Sessions still active: dict_keys([])
2025-11-01 16:36:29 [STREAM] 2025-11-01 16:36:29.980 Files: 0; Sessions with files: 0
2025-11-01 16:36:29 [STREAM] 2025-11-01 16:36:29.990 Removing orphaned files...
2025-11-01 16:36:33 [STREAM] 2025-11-01 16:36:33.212 AppSession initialized (id=b5dba1d1-7e87-46cf-81d2-a329d7e0c20d)
2025-11-01 16:36:33 [STREAM] 2025-11-01 16:36:33.212 Created new session for client 128397430062288. Session ID: b5dba1d1-7e87-46cf-81d2-a329d7e0c20d
2025-11-01 16:36:33 [STREAM] 2025-11-01 16:36:33.212 Runtime state: RuntimeState.ONE_OR_MORE_SESSIONS_CONNECTED -> RuntimeState.ONE_OR_MORE_SESSIONS_CONNECTED
2025-11-01 16:36:33 [STREAM] 2025-11-01 16:36:33.225 Received the following back message:
2025-11-01 16:36:33 [STREAM] rerun_script {
2025-11-01 16:36:33 [STREAM]   query_string: "agent=asset&stage=asset_agent"
2025-11-01 16:36:33 [STREAM]   widget_states {
2025-11-01 16:36:33 [STREAM]   }
2025-11-01 16:36:33 [STREAM]   context_info {
2025-11-01 16:36:33 [STREAM]     timezone: "Asia/Bangkok"
2025-11-01 16:36:33 [STREAM]     timezone_offset: -420
2025-11-01 16:36:33 [STREAM]     locale: "en-US"
2025-11-01 16:36:33 [STREAM]     url: "http://localhost:8502/"
2025-11-01 16:36:33 [STREAM]     is_embedded: false
2025-11-01 16:36:33 [STREAM]     color_scheme: "light"
2025-11-01 16:36:33 [STREAM]   }
2025-11-01 16:36:33 [STREAM] }
2025-11-01 16:36:33 [STREAM] 
2025-11-01 16:36:33 [STREAM] 2025-11-01 16:36:33.225 Beginning script thread
2025-11-01 16:36:33 [STREAM] 2025-11-01 16:36:33.226 Running script RerunData(query_string='agent=asset&stage=asset_agent', widget_states=, context_info=timezone: "Asia/Bangkok"
2025-11-01 16:36:33 [STREAM] timezone_offset: -420
2025-11-01 16:36:33 [STREAM] locale: "en-US"
2025-11-01 16:36:33 [STREAM] url: "http://localhost:8502/"
2025-11-01 16:36:33 [STREAM] is_embedded: false
2025-11-01 16:36:33 [STREAM] color_scheme: "light"
2025-11-01 16:36:33 [STREAM] )
2025-11-01 16:36:33 [STREAM] 2025-11-01 16:36:33.226 Disconnecting files for session with ID b5dba1d1-7e87-46cf-81d2-a329d7e0c20d
2025-11-01 16:36:33 [STREAM] 2025-11-01 16:36:33.226 Sessions still active: dict_keys([])
2025-11-01 16:36:33 [STREAM] 2025-11-01 16:36:33.226 Files: 0; Sessions with files: 0
2025-11-01 16:36:33 [STREAM] 2025-11-01 16:36:33.230 Removing orphaned files...
2025-11-01 16:36:33 [STREAM] 2025-11-01 16:36:33.283 Running script RerunData(page_script_hash='d2a57dc1d883fd21fb9951699df71cc7', context_info=timezone: "Asia/Bangkok"
2025-11-01 16:36:33 [STREAM] timezone_offset: -420
2025-11-01 16:36:33 [STREAM] locale: "en-US"
2025-11-01 16:36:33 [STREAM] url: "http://localhost:8502/"
2025-11-01 16:36:33 [STREAM] is_embedded: false
2025-11-01 16:36:33 [STREAM] color_scheme: "light"
2025-11-01 16:36:33 [STREAM] )
2025-11-01 16:36:33 [STREAM] 2025-11-01 16:36:33.283 Disconnecting files for session with ID b5dba1d1-7e87-46cf-81d2-a329d7e0c20d
2025-11-01 16:36:33 [STREAM] 2025-11-01 16:36:33.284 Sessions still active: dict_keys([])
2025-11-01 16:36:33 [STREAM] 2025-11-01 16:36:33.284 Files: 0; Sessions with files: 0
2025-11-01 16:36:33 [STREAM] 
2025-11-01 16:36:33 [STREAM] ==> /home/dzoan/credit-appraisal-agent-poc/.logs/api_20251101-163620.log <==
2025-11-01 16:36:33 [STREAM] INFO:     127.0.0.1:57276 - "GET /v1/training/production_meta HTTP/1.1" 200 OK
2025-11-01 16:36:33 [STREAM] INFO:     127.0.0.1:57280 - "GET /v1/training/production_meta HTTP/1.1" 200 OK
2025-11-01 16:36:33 [STREAM] 
2025-11-01 16:36:33 [STREAM] ==> /home/dzoan/credit-appraisal-agent-poc/.logs/ui_20251101-163620.log <==
2025-11-01 16:36:33 [STREAM] 2025-11-01 16:36:33.419 Removing orphaned files...
2025-11-01 16:36:33 [STREAM] 2025-11-01 16:36:33.490 Running script RerunData(page_script_hash='b72db28f188acedfd30ff7d8fe0a9099', context_info=timezone: "Asia/Bangkok"
2025-11-01 16:36:33 [STREAM] timezone_offset: -420
2025-11-01 16:36:33 [STREAM] locale: "en-US"
2025-11-01 16:36:33 [STREAM] url: "http://localhost:8502/"
2025-11-01 16:36:33 [STREAM] is_embedded: false
2025-11-01 16:36:33 [STREAM] color_scheme: "light"
2025-11-01 16:36:33 [STREAM] )
2025-11-01 16:36:33 [STREAM] 2025-11-01 16:36:33.490 Disconnecting files for session with ID b5dba1d1-7e87-46cf-81d2-a329d7e0c20d
2025-11-01 16:36:33 [STREAM] 2025-11-01 16:36:33.491 Sessions still active: dict_keys([])
2025-11-01 16:36:33 [STREAM] 2025-11-01 16:36:33.491 Files: 0; Sessions with files: 0
2025-11-01 16:36:33 [STREAM] 2025-11-01 16:36:33.500 Uncaught app execution
2025-11-01 16:36:33 [STREAM] Traceback (most recent call last):
2025-11-01 16:36:33 [STREAM]   File "/home/dzoan/credit-appraisal-agent-poc/.venv/lib/python3.10/site-packages/streamlit/runtime/scriptrunner/exec_code.py", line 128, in exec_func_with_error_handling
2025-11-01 16:36:33 [STREAM]     result = func()
2025-11-01 16:36:33 [STREAM]   File "/home/dzoan/credit-appraisal-agent-poc/.venv/lib/python3.10/site-packages/streamlit/runtime/scriptrunner/script_runner.py", line 667, in code_to_exec
2025-11-01 16:36:33 [STREAM]     _mpa_v1(self._main_script_path)
2025-11-01 16:36:33 [STREAM]   File "/home/dzoan/credit-appraisal-agent-poc/.venv/lib/python3.10/site-packages/streamlit/runtime/scriptrunner/script_runner.py", line 165, in _mpa_v1
2025-11-01 16:36:33 [STREAM]     page.run()
2025-11-01 16:36:33 [STREAM]   File "/home/dzoan/credit-appraisal-agent-poc/.venv/lib/python3.10/site-packages/streamlit/navigation/page.py", line 296, in run
2025-11-01 16:36:33 [STREAM]     code = ctx.pages_manager.get_page_script_byte_code(str(self._page))
2025-11-01 16:36:33 [STREAM]   File "/home/dzoan/credit-appraisal-agent-poc/.venv/lib/python3.10/site-packages/streamlit/runtime/pages_manager.py", line 160, in get_page_script_byte_code
2025-11-01 16:36:33 [STREAM]     return self._script_cache.get_bytecode(script_path)
2025-11-01 16:36:33 [STREAM]   File "/home/dzoan/credit-appraisal-agent-poc/.venv/lib/python3.10/site-packages/streamlit/runtime/scriptrunner/script_cache.py", line 72, in get_bytecode
2025-11-01 16:36:33 [STREAM]     filebody = magic.add_magic(filebody, script_path)
2025-11-01 16:36:33 [STREAM]   File "/home/dzoan/credit-appraisal-agent-poc/.venv/lib/python3.10/site-packages/streamlit/runtime/scriptrunner/magic.py", line 45, in add_magic
2025-11-01 16:36:33 [STREAM]     tree = ast.parse(code, script_path, "exec")
2025-11-01 16:36:33 [STREAM]   File "/usr/lib/python3.10/ast.py", line 50, in parse
2025-11-01 16:36:33 [STREAM]     return compile(source, filename, mode, flags,
2025-11-01 16:36:33 [STREAM]   File "/home/dzoan/credit-appraisal-agent-poc/services/ui/pages/asset_appraisal.py", line 1
2025-11-01 16:36:33 [STREAM]     zoan@AAD-PW0C4YQD:~/credit-appraisal-agent-poc$ cat services/ui/pages/asset_appraisal.py
2025-11-01 16:36:33 [STREAM]                      ^
2025-11-01 16:36:33 [STREAM] SyntaxError: invalid syntax
2025-11-01 16:36:33 [STREAM] 2025-11-01 16:36:33.510 Removing orphaned files...
2025-11-01 16:37:19 [STREAM]   Stopping...
2025-11-01 16:37:19 [STREAM] 2025-11-01 16:37:19.397 Runtime stopping...
2025-11-01 16:37:19 [STREAM] 2025-11-01 16:37:19.397 Runtime state: RuntimeState.ONE_OR_MORE_SESSIONS_CONNECTED -> RuntimeState.STOPPING
2025-11-01 16:37:19 [STREAM] 2025-11-01 16:37:19.397 Shutting down (id=b99cfdcc-127f-4e14-9c08-84282a9b666a)
2025-11-01 16:37:19 [STREAM] 2025-11-01 16:37:19.397 Disconnecting files for session with ID b99cfdcc-127f-4e14-9c08-84282a9b666a
2025-11-01 16:37:19 [STREAM] 2025-11-01 16:37:19.397 Sessions still active: dict_keys([])
2025-11-01 16:37:19 [STREAM] 2025-11-01 16:37:19.397 Files: 0; Sessions with files: 0
2025-11-01 16:37:19 [STREAM] 2025-11-01 16:37:19.397 Removing orphaned files...
2025-11-01 16:37:19 [STREAM] 2025-11-01 16:37:19.398 Shutting down (id=4f36e28a-392e-4fb1-8f02-0b2dd6f3ebc1)
2025-11-01 16:37:19 [STREAM] 2025-11-01 16:37:19.398 Disconnecting files for session with ID 4f36e28a-392e-4fb1-8f02-0b2dd6f3ebc1
2025-11-01 16:37:19 [STREAM] 2025-11-01 16:37:19.398 Sessions still active: dict_keys([])
2025-11-01 16:37:19 [STREAM] 2025-11-01 16:37:19.398 Files: 0; Sessions with files: 0
2025-11-01 16:37:19 [STREAM] 2025-11-01 16:37:19.398 Removing orphaned files...
2025-11-01 16:37:19 [STREAM] 2025-11-01 16:37:19.398 Shutting down (id=1396bd00-3d57-4b9d-977b-b3cb1ddee04d)
2025-11-01 16:37:19 [STREAM] 2025-11-01 16:37:19.398 Disconnecting files for session with ID 1396bd00-3d57-4b9d-977b-b3cb1ddee04d
2025-11-01 16:37:19 [STREAM] 2025-11-01 16:37:19.398 Sessions still active: dict_keys([])
2025-11-01 16:37:19 [STREAM] 2025-11-01 16:37:19.398 Files: 0; Sessions with files: 0
2025-11-01 16:37:19 [STREAM] 2025-11-01 16:37:19.398 Removing orphaned files...
2025-11-01 16:37:19 [STREAM] 2025-11-01 16:37:19.398 Shutting down (id=10327198-5e3d-457e-9405-3ff610c26d35)
2025-11-01 16:37:19 [STREAM] 2025-11-01 16:37:19.398 Disconnecting files for session with ID 10327198-5e3d-457e-9405-3ff610c26d35
2025-11-01 16:37:19 [STREAM] 2025-11-01 16:37:19.398 Sessions still active: dict_keys([])
2025-11-01 16:37:19 [STREAM] 2025-11-01 16:37:19.398 Files: 0; Sessions with files: 0
2025-11-01 16:37:19 [STREAM] 2025-11-01 16:37:19.398 Removing orphaned files...
2025-11-01 16:37:19 [STREAM] 2025-11-01 16:37:19.398 Shutting down (id=b406dd98-7598-4568-8409-464706ecb95b)
2025-11-01 16:37:19 [STREAM] 2025-11-01 16:37:19.398 Disconnecting files for session with ID b406dd98-7598-4568-8409-464706ecb95b
2025-11-01 16:37:19 [STREAM] 2025-11-01 16:37:19.398 Sessions still active: dict_keys([])
2025-11-01 16:37:19 [STREAM] 2025-11-01 16:37:19.398 Files: 0; Sessions with files: 0
2025-11-01 16:37:19 [STREAM] 2025-11-01 16:37:19.398 Removing orphaned files...
2025-11-01 16:37:19 [STREAM] 2025-11-01 16:37:19.398 Shutting down (id=d7f8a030-a0c9-4808-8d6f-3cc70bb61ec5)
2025-11-01 16:37:19 [STREAM] 2025-11-01 16:37:19.398 Disconnecting files for session with ID d7f8a030-a0c9-4808-8d6f-3cc70bb61ec5
2025-11-01 16:37:19 [STREAM] 2025-11-01 16:37:19.398 Sessions still active: dict_keys([])
2025-11-01 16:37:19 [STREAM] 2025-11-01 16:37:19.398 Files: 0; Sessions with files: 0
2025-11-01 16:37:19 [STREAM] 2025-11-01 16:37:19.398 Removing orphaned files...
2025-11-01 16:37:19 [STREAM] 2025-11-01 16:37:19.398 Shutting down (id=3318c4b9-0227-4023-b744-b6d6014249e0)
2025-11-01 16:37:19 [STREAM] 2025-11-01 16:37:19.399 Disconnecting files for session with ID 3318c4b9-0227-4023-b744-b6d6014249e0
2025-11-01 16:37:19 [STREAM] 2025-11-01 16:37:19.399 Sessions still active: dict_keys([])
2025-11-01 16:37:19 [STREAM] 2025-11-01 16:37:19.399 Files: 0; Sessions with files: 0
2025-11-01 16:37:19 [STREAM] 2025-11-01 16:37:19.399 Removing orphaned files...
2025-11-01 16:37:19 [STREAM] 2025-11-01 16:37:19.399 Shutting down (id=a91f0b32-d015-4453-ba9a-883803e0b421)
2025-11-01 16:37:19 [STREAM] 2025-11-01 16:37:19.399 Disconnecting files for session with ID a91f0b32-d015-4453-ba9a-883803e0b421
2025-11-01 16:37:19 [STREAM] 2025-11-01 16:37:19.399 Sessions still active: dict_keys([])
2025-11-01 16:37:19 [STREAM] 2025-11-01 16:37:19.399 Files: 0; Sessions with files: 0
2025-11-01 16:37:19 [STREAM] 2025-11-01 16:37:19.399 Removing orphaned files...
2025-11-01 16:37:19 [STREAM] 2025-11-01 16:37:19.399 Shutting down (id=73c22507-3d32-43b8-8b34-6e655c96f00c)
2025-11-01 16:37:19 [STREAM] 2025-11-01 16:37:19.399 Disconnecting files for session with ID 73c22507-3d32-43b8-8b34-6e655c96f00c
2025-11-01 16:37:19 [STREAM] 2025-11-01 16:37:19.399 Sessions still active: dict_keys([])
2025-11-01 16:37:19 [STREAM] 2025-11-01 16:37:19.399 Files: 0; Sessions with files: 0
2025-11-01 16:37:19 [STREAM] 2025-11-01 16:37:19.399 Removing orphaned files...
2025-11-01 16:37:19 [STREAM] 2025-11-01 16:37:19.399 Shutting down (id=587593cc-2c67-46c9-a9df-6907f21b54f0)
2025-11-01 16:37:19 [STREAM] 2025-11-01 16:37:19.399 Disconnecting files for session with ID 587593cc-2c67-46c9-a9df-6907f21b54f0
2025-11-01 16:37:19 [STREAM] 2025-11-01 16:37:19.399 Sessions still active: dict_keys([])
2025-11-01 16:37:19 [STREAM] 2025-11-01 16:37:19.399 Files: 0; Sessions with files: 0
2025-11-01 16:37:19 [STREAM] 2025-11-01 16:37:19.399 Removing orphaned files...
2025-11-01 16:37:19 [STREAM] 2025-11-01 16:37:19.399 Shutting down (id=488b56e2-139c-4436-9b7d-ae4361bbb1f8)
2025-11-01 16:37:19 [STREAM] 2025-11-01 16:37:19.399 Disconnecting files for session with ID 488b56e2-139c-4436-9b7d-ae4361bbb1f8
2025-11-01 16:37:19 [STREAM] 2025-11-01 16:37:19.399 Sessions still active: dict_keys([])
2025-11-01 16:37:19 [STREAM] 2025-11-01 16:37:19.399 Files: 0; Sessions with files: 0
2025-11-01 16:37:19 [STREAM] 2025-11-01 16:37:19.399 Removing orphaned files...
2025-11-01 16:37:19 [STREAM] 2025-11-01 16:37:19.399 Shutting down (id=89069e83-8b6d-4a58-8863-1a81f15cc668)
2025-11-01 16:37:19 [STREAM] 2025-11-01 16:37:19.399 Disconnecting files for session with ID 89069e83-8b6d-4a58-8863-1a81f15cc668
2025-11-01 16:37:19 [STREAM] 2025-11-01 16:37:19.399 Sessions still active: dict_keys([])
2025-11-01 16:37:19 [STREAM] 2025-11-01 16:37:19.399 Files: 0; Sessions with files: 0
2025-11-01 16:37:19 [STREAM] 2025-11-01 16:37:19.399 Removing orphaned files...
2025-11-01 16:37:19 [STREAM] 2025-11-01 16:37:19.400 Shutting down (id=716226e0-b766-4bd2-9a02-c05fd6b6cd6f)
2025-11-01 16:37:19 [STREAM] 2025-11-01 16:37:19.400 Disconnecting files for session with ID 716226e0-b766-4bd2-9a02-c05fd6b6cd6f
2025-11-01 16:37:19 [STREAM] 2025-11-01 16:37:19.400 Sessions still active: dict_keys([])
2025-11-01 16:37:19 [STREAM] 2025-11-01 16:37:19.400 Files: 0; Sessions with files: 0
2025-11-01 16:37:19 [STREAM] 2025-11-01 16:37:19.400 Removing orphaned files...
2025-11-01 16:37:19 [STREAM] 2025-11-01 16:37:19.400 Shutting down (id=0771812a-6e10-4bc9-a530-f228102f732c)
2025-11-01 16:37:19 [STREAM] 2025-11-01 16:37:19.400 Disconnecting files for session with ID 0771812a-6e10-4bc9-a530-f228102f732c
2025-11-01 16:37:19 [STREAM] 2025-11-01 16:37:19.400 Sessions still active: dict_keys([])
2025-11-01 16:37:19 [STREAM] 2025-11-01 16:37:19.400 Files: 0; Sessions with files: 0
2025-11-01 16:37:19 [STREAM] 2025-11-01 16:37:19.400 Removing orphaned files...
2025-11-01 16:37:19 [STREAM] 2025-11-01 16:37:19.400 Shutting down (id=1ff97ad5-b0dc-4ba4-854b-a5b1d467d1d1)
2025-11-01 16:37:19 [STREAM] 2025-11-01 16:37:19.400 Disconnecting files for session with ID 1ff97ad5-b0dc-4ba4-854b-a5b1d467d1d1
2025-11-01 16:37:19 [STREAM] 2025-11-01 16:37:19.400 Sessions still active: dict_keys([])
2025-11-01 16:37:19 [STREAM] 2025-11-01 16:37:19.400 Files: 0; Sessions with files: 0
2025-11-01 16:37:19 [STREAM] 2025-11-01 16:37:19.400 Removing orphaned files...
2025-11-01 16:37:19 [STREAM] 2025-11-01 16:37:19.400 Shutting down (id=a6466857-d550-4495-949b-615b48572250)
2025-11-01 16:37:19 [STREAM] 2025-11-01 16:37:19.400 Disconnecting files for session with ID a6466857-d550-4495-949b-615b48572250
2025-11-01 16:37:19 [STREAM] 2025-11-01 16:37:19.400 Sessions still active: dict_keys([])
2025-11-01 16:37:19 [STREAM] 2025-11-01 16:37:19.400 Files: 0; Sessions with files: 0
2025-11-01 16:37:19 [STREAM] 2025-11-01 16:37:19.400 Removing orphaned files...
2025-11-01 16:37:19 [STREAM] 2025-11-01 16:37:19.400 Shutting down (id=330e4069-a75f-497a-86f4-a164bd47d358)
2025-11-01 16:37:19 [STREAM] 2025-11-01 16:37:19.400 Disconnecting files for session with ID 330e4069-a75f-497a-86f4-a164bd47d358
2025-11-01 16:37:19 [STREAM] 2025-11-01 16:37:19.400 Sessions still active: dict_keys([])
2025-11-01 16:37:19 [STREAM] 2025-11-01 16:37:19.400 Files: 0; Sessions with files: 0
2025-11-01 16:37:19 [STREAM] 2025-11-01 16:37:19.400 Removing orphaned files...
2025-11-01 16:37:19 [STREAM] 2025-11-01 16:37:19.400 Shutting down (id=882b03f8-4db9-479b-b119-00b3355b04aa)
2025-11-01 16:37:19 [STREAM] 2025-11-01 16:37:19.400 Disconnecting files for session with ID 882b03f8-4db9-479b-b119-00b3355b04aa
2025-11-01 16:37:19 [STREAM] 2025-11-01 16:37:19.400 Sessions still active: dict_keys([])
2025-11-01 16:37:19 [STREAM] 2025-11-01 16:37:19.400 Files: 0; Sessions with files: 0
2025-11-01 16:37:19 [STREAM] 2025-11-01 16:37:19.400 Removing orphaned files...
2025-11-01 16:37:19 [STREAM] 2025-11-01 16:37:19.400 Shutting down (id=ef392cb6-2b0d-4fbf-92e3-5bbb1ece2411)
2025-11-01 16:37:19 [STREAM] 2025-11-01 16:37:19.401 Disconnecting files for session with ID ef392cb6-2b0d-4fbf-92e3-5bbb1ece2411
2025-11-01 16:37:19 [STREAM] 2025-11-01 16:37:19.401 Sessions still active: dict_keys([])
2025-11-01 16:37:19 [STREAM] 2025-11-01 16:37:19.401 Files: 0; Sessions with files: 0
2025-11-01 16:37:19 [STREAM] 2025-11-01 16:37:19.401 Removing orphaned files...
2025-11-01 16:37:19 [STREAM] 2025-11-01 16:37:19.401 Shutting down (id=b5dba1d1-7e87-46cf-81d2-a329d7e0c20d)
2025-11-01 16:37:19 [STREAM] 2025-11-01 16:37:19.401 Disconnecting files for session with ID b5dba1d1-7e87-46cf-81d2-a329d7e0c20d
2025-11-01 16:37:19 [STREAM] 2025-11-01 16:37:19.401 Sessions still active: dict_keys([])
2025-11-01 16:37:19 [STREAM] 2025-11-01 16:37:19.401 Files: 0; Sessions with files: 0
2025-11-01 16:37:19 [STREAM] 2025-11-01 16:37:19.401 Removing orphaned files...
2025-11-01 16:37:19 [STR