==> /home/dzoan/credit-appraisal-agent-poc/.logs/api_20251027-172058.log <==

==> /home/dzoan/credit-appraisal-agent-poc/.logs/ui_20251027-172058.log <==

==> /home/dzoan/credit-appraisal-agent-poc/.logs/api_20251027-172058.log <==
INFO:     Will watch for changes in these directories: ['/home/dzoan/credit-appraisal-agent-poc/services/ui']
INFO:     Uvicorn running on http://0.0.0.0:8090 (Press CTRL+C to quit)
INFO:     Started reloader process [328627] using WatchFiles

==> /home/dzoan/credit-appraisal-agent-poc/.logs/ui_20251027-172058.log <==

  You can now view your Streamlit app in your browser.

  URL: http://0.0.0.0:8502


==> /home/dzoan/credit-appraisal-agent-poc/.logs/api_20251027-172058.log <==
INFO:     Started server process [328637]
INFO:     Waiting for application startup.
INFO:     Application startup complete.
INFO:     127.0.0.1:45090 - "GET /v1/training/production_meta HTTP/1.1" 200 OK
INFO:     127.0.0.1:45100 - "GET /v1/training/production_meta HTTP/1.1" 200 OK
INFO:     Shutting down
INFO:     Waiting for application shutdown.
INFO:     Application shutdown complete.
INFO:     Finished server process [328637]
INFO:     Stopping reloader process [328627]

==> /home/dzoan/credit-appraisal-agent-poc/.logs/ui_20251027-172058.log <==
  Stopping...
