==> /home/dzoan/credit-appraisal-agent-poc/.logs/api_20251028-113146.log <==

==> /home/dzoan/credit-appraisal-agent-poc/.logs/ui_20251028-113146.log <==

==> /home/dzoan/credit-appraisal-agent-poc/.logs/api_20251028-113146.log <==
INFO:     Will watch for changes in these directories: ['/home/dzoan/credit-appraisal-agent-poc']
INFO:     Uvicorn running on http://0.0.0.0:8090 (Press CTRL+C to quit)
INFO:     Started reloader process [392573] using WatchFiles

==> /home/dzoan/credit-appraisal-agent-poc/.logs/ui_20251028-113146.log <==

  You can now view your Streamlit app in your browser.

  URL: http://0.0.0.0:8502


==> /home/dzoan/credit-appraisal-agent-poc/.logs/api_20251028-113146.log <==
INFO:     Started server process [392583]
INFO:     Waiting for application startup.
INFO:     Application startup complete.
INFO:     127.0.0.1:35960 - "GET /v1/training/production_meta HTTP/1.1" 200 OK
INFO:     127.0.0.1:35968 - "GET /v1/training/production_meta HTTP/1.1" 200 OK
INFO:     127.0.0.1:35970 - "GET /v1/training/production_meta HTTP/1.1" 200 OK
INFO:     127.0.0.1:35986 - "GET /v1/training/production_meta HTTP/1.1" 200 OK

==> /home/dzoan/credit-appraisal-agent-poc/.logs/ui_20251028-113146.log <==
2025-10-28 11:32:06.312 Please replace `use_container_width` with `width`.

`use_container_width` will be removed after 2025-12-31.

For `use_container_width=True`, use `width='stretch'`. For `use_container_width=False`, use `width='content'`.

==> /home/dzoan/credit-appraisal-agent-poc/.logs/api_20251028-113146.log <==
INFO:     127.0.0.1:35998 - "GET /v1/training/production_meta HTTP/1.1" 200 OK
INFO:     127.0.0.1:36008 - "GET /v1/training/production_meta HTTP/1.1" 200 OK

==> /home/dzoan/credit-appraisal-agent-poc/.logs/ui_20251028-113146.log <==
2025-10-28 11:32:07.699 Please replace `use_container_width` with `width`.

`use_container_width` will be removed after 2025-12-31.

For `use_container_width=True`, use `width='stretch'`. For `use_container_width=False`, use `width='content'`.

==> /home/dzoan/credit-appraisal-agent-poc/.logs/api_20251028-113146.log <==
INFO:     127.0.0.1:36024 - "GET /v1/training/production_meta HTTP/1.1" 200 OK
INFO:     127.0.0.1:39248 - "GET /v1/training/production_meta HTTP/1.1" 200 OK
INFO:     127.0.0.1:39252 - "GET /v1/training/production_meta HTTP/1.1" 200 OK
/home/dzoan/credit-appraisal-agent-poc/.venv/lib/python3.10/site-packages/sklearn/base.py:493: UserWarning: X does not have valid feature names, but StandardScaler was fitted with feature names
  warnings.warn(
INFO:     127.0.0.1:39256 - "POST /v1/agents/credit_appraisal/run HTTP/1.1" 200 OK
INFO:     127.0.0.1:39258 - "GET /v1/runs/run_1761625934/report?format=csv HTTP/1.1" 200 OK
INFO:     127.0.0.1:39274 - "GET /v1/training/production_meta HTTP/1.1" 200 OK

==> /home/dzoan/credit-appraisal-agent-poc/.logs/ui_20251028-113146.log <==
2025-10-28 11:32:14.920 Please replace `use_container_width` with `width`.

`use_container_width` will be removed after 2025-12-31.

For `use_container_width=True`, use `width='stretch'`. For `use_container_width=False`, use `width='content'`.
2025-10-28 11:32:15.216 Please replace `use_container_width` with `width`.

`use_container_width` will be removed after 2025-12-31.

For `use_container_width=True`, use `width='stretch'`. For `use_container_width=False`, use `width='content'`.
2025-10-28 11:32:15.239 Please replace `use_container_width` with `width`.

`use_container_width` will be removed after 2025-12-31.

For `use_container_width=True`, use `width='stretch'`. For `use_container_width=False`, use `width='content'`.
2025-10-28 11:32:15.511 Please replace `use_container_width` with `width`.

`use_container_width` will be removed after 2025-12-31.

For `use_container_width=True`, use `width='stretch'`. For `use_container_width=False`, use `width='content'`.
2025-10-28 11:32:15.517 Please replace `use_container_width` with `width`.

`use_container_width` will be removed after 2025-12-31.

For `use_container_width=True`, use `width='stretch'`. For `use_container_width=False`, use `width='content'`.
2025-10-28 11:32:15.531 Please replace `use_container_width` with `width`.

`use_container_width` will be removed after 2025-12-31.

For `use_container_width=True`, use `width='stretch'`. For `use_container_width=False`, use `width='content'`.

==> /home/dzoan/credit-appraisal-agent-poc/.logs/api_20251028-113146.log <==
INFO:     127.0.0.1:39284 - "GET /v1/training/production_meta HTTP/1.1" 200 OK

==> /home/dzoan/credit-appraisal-agent-poc/.logs/ui_20251028-113146.log <==
2025-10-28 11:32:21.557 Please replace `use_container_width` with `width`.

`use_container_width` will be removed after 2025-12-31.

For `use_container_width=True`, use `width='stretch'`. For `use_container_width=False`, use `width='content'`.

==> /home/dzoan/credit-appraisal-agent-poc/.logs/api_20251028-113146.log <==
INFO:     127.0.0.1:39290 - "GET /v1/training/production_meta HTTP/1.1" 200 OK
INFO:     127.0.0.1:50604 - "GET /v1/training/production_meta HTTP/1.1" 200 OK
INFO:     127.0.0.1:50608 - "GET /v1/training/production_meta HTTP/1.1" 200 OK

==> /home/dzoan/credit-appraisal-agent-poc/.logs/ui_20251028-113146.log <==
2025-10-28 11:32:34.361 Please replace `use_container_width` with `width`.

`use_container_width` will be removed after 2025-12-31.

For `use_container_width=True`, use `width='stretch'`. For `use_container_width=False`, use `width='content'`.

==> /home/dzoan/credit-appraisal-agent-poc/.logs/api_20251028-113146.log <==
INFO:     127.0.0.1:52418 - "GET /v1/training/production_meta HTTP/1.1" 200 OK
INFO:     127.0.0.1:52424 - "GET /v1/training/production_meta HTTP/1.1" 200 OK

==> /home/dzoan/credit-appraisal-agent-poc/.logs/ui_20251028-113146.log <==
2025-10-28 11:32:57.620 Please replace `use_container_width` with `width`.

`use_container_width` will be removed after 2025-12-31.

For `use_container_width=True`, use `width='stretch'`. For `use_container_width=False`, use `width='content'`.

==> /home/dzoan/credit-appraisal-agent-poc/.logs/api_20251028-113146.log <==
INFO:     127.0.0.1:52436 - "GET /v1/training/production_meta HTTP/1.1" 200 OK
INFO:     127.0.0.1:52450 - "GET /v1/training/production_meta HTTP/1.1" 200 OK

==> /home/dzoan/credit-appraisal-agent-poc/.logs/ui_20251028-113146.log <==
2025-10-28 11:32:59.386 Please replace `use_container_width` with `width`.

`use_container_width` will be removed after 2025-12-31.

For `use_container_width=True`, use `width='stretch'`. For `use_container_width=False`, use `width='content'`.

==> /home/dzoan/credit-appraisal-agent-poc/.logs/api_20251028-113146.log <==
INFO:     127.0.0.1:49070 - "GET /v1/training/production_meta HTTP/1.1" 200 OK
INFO:     127.0.0.1:49078 - "GET /v1/training/production_meta HTTP/1.1" 200 OK

==> /home/dzoan/credit-appraisal-agent-poc/.logs/ui_20251028-113146.log <==
2025-10-28 11:33:22.244 Please replace `use_container_width` with `width`.

`use_container_width` will be removed after 2025-12-31.

For `use_container_width=True`, use `width='stretch'`. For `use_container_width=False`, use `width='content'`.

==> /home/dzoan/credit-appraisal-agent-poc/.logs/api_20251028-113146.log <==
INFO:     127.0.0.1:49094 - "GET /v1/training/production_meta HTTP/1.1" 200 OK
/home/dzoan/credit-appraisal-agent-poc/agents/credit_appraisal/model_utils.py:150: FutureWarning: errors='ignore' is deprecated and will raise in a future version. Use to_numeric without passing `errors` and catch exceptions explicitly instead
  out[c] = pd.to_numeric(out[c], errors="ignore")
INFO:     127.0.0.1:49106 - "POST /v1/training/train HTTP/1.1" 200 OK
INFO:     127.0.0.1:49118 - "GET /v1/training/production_meta HTTP/1.1" 200 OK

==> /home/dzoan/credit-appraisal-agent-poc/.logs/ui_20251028-113146.log <==
2025-10-28 11:33:24.091 Please replace `use_container_width` with `width`.

`use_container_width` will be removed after 2025-12-31.

For `use_container_width=True`, use `width='stretch'`. For `use_container_width=False`, use `width='content'`.

==> /home/dzoan/credit-appraisal-agent-poc/.logs/api_20251028-113146.log <==
INFO:     127.0.0.1:49126 - "GET /v1/training/production_meta HTTP/1.1" 200 OK
INFO:     127.0.0.1:49142 - "POST /v1/training/promote HTTP/1.1" 200 OK
INFO:     127.0.0.1:49152 - "GET /v1/training/production_meta HTTP/1.1" 200 OK

==> /home/dzoan/credit-appraisal-agent-poc/.logs/ui_20251028-113146.log <==
2025-10-28 11:33:25.192 Please replace `use_container_width` with `width`.

`use_container_width` will be removed after 2025-12-31.

For `use_container_width=True`, use `width='stretch'`. For `use_container_width=False`, use `width='content'`.

==> /home/dzoan/credit-appraisal-agent-poc/.logs/api_20251028-113146.log <==
INFO:     Shutting down
INFO:     Waiting for application shutdown.
INFO:     Application shutdown complete.
INFO:     Finished server process [392583]
INFO:     Stopping reloader process [392573]

==> /home/dzoan/credit-appraisal-agent-poc/.logs/ui_20251028-113146.log <==
  Stopping...
