==> /home/dzoan/credit-appraisal-agent-poc/.logs/api_20251031-122556.log <==

==> /home/dzoan/credit-appraisal-agent-poc/.logs/ui_20251031-122556.log <==

==> /home/dzoan/credit-appraisal-agent-poc/.logs/api_20251031-122556.log <==
INFO:     Will watch for changes in these directories: ['/home/dzoan/credit-appraisal-agent-poc']
INFO:     Uvicorn running on http://0.0.0.0:8090 (Press CTRL+C to quit)
INFO:     Started reloader process [374179] using WatchFiles

==> /home/dzoan/credit-appraisal-agent-poc/.logs/ui_20251031-122556.log <==

  You can now view your Streamlit app in your browser.

  URL: http://0.0.0.0:8502


==> /home/dzoan/credit-appraisal-agent-poc/.logs/api_20251031-122556.log <==
INFO:     Started server process [374189]
INFO:     Waiting for application startup.
INFO:     Application startup complete.
INFO:     127.0.0.1:35644 - "GET /v1/training/production_meta HTTP/1.1" 200 OK
INFO:     127.0.0.1:35650 - "GET /v1/training/production_meta HTTP/1.1" 200 OK
INFO:     127.0.0.1:35656 - "GET /v1/training/production_meta HTTP/1.1" 200 OK
INFO:     127.0.0.1:35668 - "GET /v1/training/production_meta HTTP/1.1" 200 OK

==> /home/dzoan/credit-appraisal-agent-poc/.logs/ui_20251031-122556.log <==
2025-10-31 12:26:13.224 Please replace `use_container_width` with `width`.

`use_container_width` will be removed after 2025-12-31.

For `use_container_width=True`, use `width='stretch'`. For `use_container_width=False`, use `width='content'`.

==> /home/dzoan/credit-appraisal-agent-poc/.logs/api_20251031-122556.log <==
INFO:     127.0.0.1:35676 - "GET /v1/training/production_meta HTTP/1.1" 200 OK
INFO:     127.0.0.1:35684 - "GET /v1/training/production_meta HTTP/1.1" 200 OK
INFO:     127.0.0.1:40126 - "GET /v1/training/production_meta HTTP/1.1" 200 OK
/home/dzoan/credit-appraisal-agent-poc/.venv/lib/python3.10/site-packages/sklearn/base.py:493: UserWarning: X does not have valid feature names, but StandardScaler was fitted with feature names
  warnings.warn(
INFO:     127.0.0.1:40138 - "POST /v1/agents/credit_appraisal/run HTTP/1.1" 200 OK
INFO:     127.0.0.1:40144 - "GET /v1/runs/run_1761888415/report?format=csv HTTP/1.1" 200 OK

==> /home/dzoan/credit-appraisal-agent-poc/.logs/ui_20251031-122556.log <==
2025-10-31 12:26:55.275 Please replace `use_container_width` with `width`.

`use_container_width` will be removed after 2025-12-31.

For `use_container_width=True`, use `width='stretch'`. For `use_container_width=False`, use `width='content'`.
2025-10-31 12:26:55.717 Please replace `use_container_width` with `width`.

`use_container_width` will be removed after 2025-12-31.

For `use_container_width=True`, use `width='stretch'`. For `use_container_width=False`, use `width='content'`.
2025-10-31 12:26:55.743 Please replace `use_container_width` with `width`.

`use_container_width` will be removed after 2025-12-31.

For `use_container_width=True`, use `width='stretch'`. For `use_container_width=False`, use `width='content'`.

==> /home/dzoan/credit-appraisal-agent-poc/.logs/api_20251031-122556.log <==
INFO:     127.0.0.1:48326 - "GET /v1/training/production_meta HTTP/1.1" 200 OK

==> /home/dzoan/credit-appraisal-agent-poc/.logs/ui_20251031-122556.log <==
2025-10-31 12:26:56.076 Please replace `use_container_width` with `width`.

`use_container_width` will be removed after 2025-12-31.

For `use_container_width=True`, use `width='stretch'`. For `use_container_width=False`, use `width='content'`.
2025-10-31 12:26:56.083 Please replace `use_container_width` with `width`.

`use_container_width` will be removed after 2025-12-31.

For `use_container_width=True`, use `width='stretch'`. For `use_container_width=False`, use `width='content'`.
2025-10-31 12:26:56.100 Please replace `use_container_width` with `width`.

`use_container_width` will be removed after 2025-12-31.

For `use_container_width=True`, use `width='stretch'`. For `use_container_width=False`, use `width='content'`.

==> /home/dzoan/credit-appraisal-agent-poc/.logs/api_20251031-122556.log <==
INFO:     127.0.0.1:45450 - "GET /v1/training/production_meta HTTP/1.1" 200 OK
INFO:     127.0.0.1:45460 - "GET /v1/training/production_meta HTTP/1.1" 200 OK

==> /home/dzoan/credit-appraisal-agent-poc/.logs/ui_20251031-122556.log <==
2025-10-31 12:42:14.436 Please replace `use_container_width` with `width`.

`use_container_width` will be removed after 2025-12-31.

For `use_container_width=True`, use `width='stretch'`. For `use_container_width=False`, use `width='content'`.

==> /home/dzoan/credit-appraisal-agent-poc/.logs/api_20251031-122556.log <==
INFO:     127.0.0.1:39740 - "GET /v1/training/production_meta HTTP/1.1" 200 OK
INFO:     127.0.0.1:39746 - "GET /v1/training/production_meta HTTP/1.1" 200 OK

==> /home/dzoan/credit-appraisal-agent-poc/.logs/ui_20251031-122556.log <==
2025-10-31 12:42:31.249 Please replace `use_container_width` with `width`.

`use_container_width` will be removed after 2025-12-31.

For `use_container_width=True`, use `width='stretch'`. For `use_container_width=False`, use `width='content'`.

==> /home/dzoan/credit-appraisal-agent-poc/.logs/api_20251031-122556.log <==
INFO:     127.0.0.1:39762 - "GET /v1/training/production_meta HTTP/1.1" 200 OK
INFO:     127.0.0.1:39766 - "GET /v1/training/production_meta HTTP/1.1" 200 OK

==> /home/dzoan/credit-appraisal-agent-poc/.logs/ui_20251031-122556.log <==
2025-10-31 12:42:35.097 Please replace `use_container_width` with `width`.

`use_container_width` will be removed after 2025-12-31.

For `use_container_width=True`, use `width='stretch'`. For `use_container_width=False`, use `width='content'`.

==> /home/dzoan/credit-appraisal-agent-poc/.logs/api_20251031-122556.log <==
INFO:     127.0.0.1:38414 - "GET /v1/training/production_meta HTTP/1.1" 200 OK
INFO:     127.0.0.1:38428 - "GET /v1/training/production_meta HTTP/1.1" 200 OK

==> /home/dzoan/credit-appraisal-agent-poc/.logs/ui_20251031-122556.log <==
2025-10-31 12:42:39.987 Please replace `use_container_width` with `width`.

`use_container_width` will be removed after 2025-12-31.

For `use_container_width=True`, use `width='stretch'`. For `use_container_width=False`, use `width='content'`.

==> /home/dzoan/credit-appraisal-agent-poc/.logs/api_20251031-122556.log <==
INFO:     127.0.0.1:38442 - "GET /v1/training/production_meta HTTP/1.1" 200 OK
INFO:     127.0.0.1:38458 - "GET /v1/training/production_meta HTTP/1.1" 200 OK

==> /home/dzoan/credit-appraisal-agent-poc/.logs/ui_20251031-122556.log <==
2025-10-31 12:42:44.269 Please replace `use_container_width` with `width`.

`use_container_width` will be removed after 2025-12-31.

For `use_container_width=True`, use `width='stretch'`. For `use_container_width=False`, use `width='content'`.
2025-10-31 12:42:44.381 Please replace `use_container_width` with `width`.

`use_container_width` will be removed after 2025-12-31.

For `use_container_width=True`, use `width='stretch'`. For `use_container_width=False`, use `width='content'`.

==> /home/dzoan/credit-appraisal-agent-poc/.logs/api_20251031-122556.log <==
INFO:     127.0.0.1:35960 - "GET /v1/training/production_meta HTTP/1.1" 200 OK
INFO:     127.0.0.1:35976 - "GET /v1/training/production_meta HTTP/1.1" 200 OK

==> /home/dzoan/credit-appraisal-agent-poc/.logs/ui_20251031-122556.log <==
2025-10-31 12:43:46.478 Please replace `use_container_width` with `width`.

`use_container_width` will be removed after 2025-12-31.

For `use_container_width=True`, use `width='stretch'`. For `use_container_width=False`, use `width='content'`.

==> /home/dzoan/credit-appraisal-agent-poc/.logs/api_20251031-122556.log <==
INFO:     127.0.0.1:32948 - "GET /v1/training/production_meta HTTP/1.1" 200 OK
INFO:     127.0.0.1:32962 - "GET /v1/training/production_meta HTTP/1.1" 200 OK

==> /home/dzoan/credit-appraisal-agent-poc/.logs/ui_20251031-122556.log <==
2025-10-31 12:43:58.230 Please replace `use_container_width` with `width`.

`use_container_width` will be removed after 2025-12-31.

For `use_container_width=True`, use `width='stretch'`. For `use_container_width=False`, use `width='content'`.

==> /home/dzoan/credit-appraisal-agent-poc/.logs/api_20251031-122556.log <==
INFO:     127.0.0.1:32974 - "GET /v1/training/production_meta HTTP/1.1" 200 OK
/home/dzoan/credit-appraisal-agent-poc/agents/credit_appraisal/model_utils.py:150: FutureWarning: errors='ignore' is deprecated and will raise in a future version. Use to_numeric without passing `errors` and catch exceptions explicitly instead
  out[c] = pd.to_numeric(out[c], errors="ignore")
INFO:     127.0.0.1:32982 - "POST /v1/training/train HTTP/1.1" 200 OK
INFO:     127.0.0.1:32998 - "GET /v1/training/production_meta HTTP/1.1" 200 OK

==> /home/dzoan/credit-appraisal-agent-poc/.logs/ui_20251031-122556.log <==
2025-10-31 12:44:01.483 Please replace `use_container_width` with `width`.

`use_container_width` will be removed after 2025-12-31.

For `use_container_width=True`, use `width='stretch'`. For `use_container_width=False`, use `width='content'`.

==> /home/dzoan/credit-appraisal-agent-poc/.logs/api_20251031-122556.log <==
INFO:     127.0.0.1:33008 - "GET /v1/training/production_meta HTTP/1.1" 200 OK
INFO:     127.0.0.1:33010 - "POST /v1/training/promote HTTP/1.1" 200 OK
INFO:     127.0.0.1:33026 - "GET /v1/training/production_meta HTTP/1.1" 200 OK

==> /home/dzoan/credit-appraisal-agent-poc/.logs/ui_20251031-122556.log <==
2025-10-31 12:44:03.572 Please replace `use_container_width` with `width`.

`use_container_width` will be removed after 2025-12-31.

For `use_container_width=True`, use `width='stretch'`. For `use_container_width=False`, use `width='content'`.

==> /home/dzoan/credit-appraisal-agent-poc/.logs/api_20251031-122556.log <==
INFO:     127.0.0.1:52808 - "GET /v1/training/production_meta HTTP/1.1" 200 OK
/home/dzoan/credit-appraisal-agent-poc/agents/credit_appraisal/model_utils.py:150: FutureWarning: errors='ignore' is deprecated and will raise in a future version. Use to_numeric without passing `errors` and catch exceptions explicitly instead
  out[c] = pd.to_numeric(out[c], errors="ignore")
INFO:     127.0.0.1:52816 - "POST /v1/training/train HTTP/1.1" 200 OK
INFO:     127.0.0.1:52828 - "GET /v1/training/production_meta HTTP/1.1" 200 OK

==> /home/dzoan/credit-appraisal-agent-poc/.logs/ui_20251031-122556.log <==
2025-10-31 12:44:05.405 Please replace `use_container_width` with `width`.

`use_container_width` will be removed after 2025-12-31.

For `use_container_width=True`, use `width='stretch'`. For `use_container_width=False`, use `width='content'`.

==> /home/dzoan/credit-appraisal-agent-poc/.logs/api_20251031-122556.log <==
INFO:     127.0.0.1:54914 - "GET /v1/training/production_meta HTTP/1.1" 200 OK
INFO:     127.0.0.1:54918 - "POST /v1/training/promote HTTP/1.1" 200 OK
INFO:     127.0.0.1:54926 - "GET /v1/training/production_meta HTTP/1.1" 200 OK

==> /home/dzoan/credit-appraisal-agent-poc/.logs/ui_20251031-122556.log <==
2025-10-31 12:44:23.039 Please replace `use_container_width` with `width`.

`use_container_width` will be removed after 2025-12-31.

For `use_container_width=True`, use `width='stretch'`. For `use_container_width=False`, use `width='content'`.

==> /home/dzoan/credit-appraisal-agent-poc/.logs/api_20251031-122556.log <==
INFO:     Shutting down
INFO:     Waiting for application shutdown.
INFO:     Application shutdown complete.
INFO:     Finished server process [374189]
INFO:     Stopping reloader process [374179]

==> /home/dzoan/credit-appraisal-agent-poc/.logs/ui_20251031-122556.log <==
  Stopping...
