==> /home/dzoan/credit-appraisal-agent-poc/.logs/api_20251030-155103.log <==

==> /home/dzoan/credit-appraisal-agent-poc/.logs/ui_20251030-155103.log <==

==> /home/dzoan/credit-appraisal-agent-poc/.logs/api_20251030-155103.log <==
INFO:     Will watch for changes in these directories: ['/home/dzoan/credit-appraisal-agent-poc']
INFO:     Uvicorn running on http://0.0.0.0:8090 (Press CTRL+C to quit)
INFO:     Started reloader process [81579] using WatchFiles

==> /home/dzoan/credit-appraisal-agent-poc/.logs/ui_20251030-155103.log <==

  You can now view your Streamlit app in your browser.

  URL: http://0.0.0.0:8502


==> /home/dzoan/credit-appraisal-agent-poc/.logs/api_20251030-155103.log <==
INFO:     Started server process [81589]
INFO:     Waiting for application startup.
INFO:     Application startup complete.
INFO:     127.0.0.1:51746 - "GET /docs HTTP/1.1" 200 OK
INFO:     127.0.0.1:51746 - "GET /openapi.json HTTP/1.1" 200 OK
INFO:     127.0.0.1:51750 - "GET /v1/system/models HTTP/1.1" 200 OK
INFO:     127.0.0.1:51758 - "GET /v1/system/models HTTP/1.1" 200 OK
INFO:     127.0.0.1:42772 - "GET /docs HTTP/1.1" 200 OK
INFO:     127.0.0.1:42772 - "GET /openapi.json HTTP/1.1" 200 OK

==> /home/dzoan/credit-appraisal-agent-poc/.logs/ui_20251030-155103.log <==
2025-10-30 15:52:19.691 Please replace `use_container_width` with `width`.

`use_container_width` will be removed after 2025-12-31.

For `use_container_width=True`, use `width='stretch'`. For `use_container_width=False`, use `width='content'`.
2025-10-30 15:52:19.718 Please replace `use_container_width` with `width`.

`use_container_width` will be removed after 2025-12-31.

For `use_container_width=True`, use `width='stretch'`. For `use_container_width=False`, use `width='content'`.
2025-10-30 15:52:22.200 Please replace `use_container_width` with `width`.

`use_container_width` will be removed after 2025-12-31.

For `use_container_width=True`, use `width='stretch'`. For `use_container_width=False`, use `width='content'`.
2025-10-30 15:52:22.227 Please replace `use_container_width` with `width`.

`use_container_width` will be removed after 2025-12-31.

For `use_container_width=True`, use `width='stretch'`. For `use_container_width=False`, use `width='content'`.
2025-10-30 15:52:26.540 Please replace `use_container_width` with `width`.

`use_container_width` will be removed after 2025-12-31.

For `use_container_width=True`, use `width='stretch'`. For `use_container_width=False`, use `width='content'`.

==> /home/dzoan/credit-appraisal-agent-poc/.logs/api_20251030-155103.log <==
INFO:     127.0.0.1:55690 - "POST /v1/agents/asset_appraisal/run HTTP/1.1" 404 Not Found

==> /home/dzoan/credit-appraisal-agent-poc/.logs/ui_20251030-155103.log <==
2025-10-30 15:52:26.625 Please replace `use_container_width` with `width`.

`use_container_width` will be removed after 2025-12-31.

For `use_container_width=True`, use `width='stretch'`. For `use_container_width=False`, use `width='content'`.
2025-10-30 15:52:36.481 Please replace `use_container_width` with `width`.

`use_container_width` will be removed after 2025-12-31.

For `use_container_width=True`, use `width='stretch'`. For `use_container_width=False`, use `width='content'`.
2025-10-30 15:52:36.504 Please replace `use_container_width` with `width`.

`use_container_width` will be removed after 2025-12-31.

For `use_container_width=True`, use `width='stretch'`. For `use_container_width=False`, use `width='content'`.

==> /home/dzoan/credit-appraisal-agent-poc/.logs/api_20251030-155103.log <==
INFO:     127.0.0.1:47640 - "POST /v1/agents/asset_appraisal/run HTTP/1.1" 404 Not Found

==> /home/dzoan/credit-appraisal-agent-poc/.logs/ui_20251030-155103.log <==
  Stopping...

==> /home/dzoan/credit-appraisal-agent-poc/.logs/api_20251030-155103.log <==
INFO:     Shutting down
INFO:     Waiting for application shutdown.
INFO:     Application shutdown complete.
INFO:     Finished server process [81589]
INFO:     Stopping reloader process [81579]
