2025-11-01 09:58:01 [STREAM] ==> /home/dzoan/credit-appraisal-agent-poc/.logs/api_20251101-095759.log <==
2025-11-01 09:58:01 [STREAM] 
2025-11-01 09:58:01 [STREAM] ==> /home/dzoan/credit-appraisal-agent-poc/.logs/ui_20251101-095759.log <==
2025-11-01 09:58:02 [STREAM] 
2025-11-01 09:58:02 [STREAM] ==> /home/dzoan/credit-appraisal-agent-poc/.logs/api_20251101-095759.log <==
2025-11-01 09:58:02 [STREAM] INFO:     Will watch for changes in these directories: ['/home/dzoan/credit-appraisal-agent-poc']
2025-11-01 09:58:02 [STREAM] INFO:     Uvicorn running on http://0.0.0.0:8090 (Press CTRL+C to quit)
2025-11-01 09:58:02 [STREAM] INFO:     Started reloader process [539438] using WatchFiles
2025-11-01 09:58:02 [STREAM] Process SpawnProcess-1:
2025-11-01 09:58:02 [STREAM] Traceback (most recent call last):
2025-11-01 09:58:02 [STREAM]   File "/usr/lib/python3.10/multiprocessing/process.py", line 314, in _bootstrap
2025-11-01 09:58:02 [STREAM]     self.run()
2025-11-01 09:58:02 [STREAM]   File "/usr/lib/python3.10/multiprocessing/process.py", line 108, in run
2025-11-01 09:58:02 [STREAM]     self._target(*self._args, **self._kwargs)
2025-11-01 09:58:02 [STREAM]   File "/home/dzoan/credit-appraisal-agent-poc/.venv/lib/python3.10/site-packages/uvicorn/_subprocess.py", line 80, in subprocess_started
2025-11-01 09:58:02 [STREAM]     target(sockets=sockets)
2025-11-01 09:58:02 [STREAM]   File "/home/dzoan/credit-appraisal-agent-poc/.venv/lib/python3.10/site-packages/uvicorn/server.py", line 65, in run
2025-11-01 09:58:02 [STREAM]     return asyncio.run(self.serve(sockets=sockets))
2025-11-01 09:58:02 [STREAM]   File "/usr/lib/python3.10/asyncio/runners.py", line 44, in run
2025-11-01 09:58:02 [STREAM]     return loop.run_until_complete(main)
2025-11-01 09:58:02 [STREAM]   File "uvloop/loop.pyx", line 1518, in uvloop.loop.Loop.run_until_complete
2025-11-01 09:58:02 [STREAM]   File "/home/dzoan/credit-appraisal-agent-poc/.venv/lib/python3.10/site-packages/uvicorn/server.py", line 69, in serve
2025-11-01 09:58:02 [STREAM]     await self._serve(sockets)
2025-11-01 09:58:02 [STREAM]   File "/home/dzoan/credit-appraisal-agent-poc/.venv/lib/python3.10/site-packages/uvicorn/server.py", line 76, in _serve
2025-11-01 09:58:02 [STREAM]     config.load()
2025-11-01 09:58:02 [STREAM]   File "/home/dzoan/credit-appraisal-agent-poc/.venv/lib/python3.10/site-packages/uvicorn/config.py", line 434, in load
2025-11-01 09:58:02 [STREAM]     self.loaded_app = import_from_string(self.app)
2025-11-01 09:58:02 [STREAM]   File "/home/dzoan/credit-appraisal-agent-poc/.venv/lib/python3.10/site-packages/uvicorn/importer.py", line 19, in import_from_string
2025-11-01 09:58:02 [STREAM]     module = importlib.import_module(module_str)
2025-11-01 09:58:02 [STREAM]   File "/usr/lib/python3.10/importlib/__init__.py", line 126, in import_module
2025-11-01 09:58:02 [STREAM]     return _bootstrap._gcd_import(name[level:], package, level)
2025-11-01 09:58:02 [STREAM]   File "<frozen importlib._bootstrap>", line 1050, in _gcd_import
2025-11-01 09:58:02 [STREAM]   File "<frozen importlib._bootstrap>", line 1027, in _find_and_load
2025-11-01 09:58:02 [STREAM]   File "<frozen importlib._bootstrap>", line 1006, in _find_and_load_unlocked
2025-11-01 09:58:02 [STREAM]   File "<frozen importlib._bootstrap>", line 688, in _load_unlocked
2025-11-01 09:58:02 [STREAM]   File "<frozen importlib._bootstrap_external>", line 883, in exec_module
2025-11-01 09:58:02 [STREAM]   File "<frozen importlib._bootstrap>", line 241, in _call_with_frames_removed
2025-11-01 09:58:02 [STREAM]   File "/home/dzoan/credit-appraisal-agent-poc/services/api/main.py", line 13, in <module>
2025-11-01 09:58:02 [STREAM]     logger = logging.getLogger("api.requests")
2025-11-01 09:58:02 [STREAM] NameError: name 'logging' is not defined
2025-11-01 09:58:02 [STREAM] 
2025-11-01 09:58:02 [STREAM] ==> /home/dzoan/credit-appraisal-agent-poc/.logs/ui_20251101-095759.log <==
2025-11-01 09:58:02 [STREAM] 2025-11-01 09:58:02.334 Starting new event loop for server
2025-11-01 09:58:02 [STREAM] 2025-11-01 09:58:02.335 Starting server...
2025-11-01 09:58:02 [STREAM] 2025-11-01 09:58:02.335 Serving static content from /home/dzoan/credit-appraisal-agent-poc/.venv/lib/python3.10/site-packages/streamlit/static
2025-11-01 09:58:02 [STREAM] 2025-11-01 09:58:02.342 Server started on port 8502
2025-11-01 09:58:02 [STREAM] 2025-11-01 09:58:02.343 Runtime state: RuntimeState.INITIAL -> RuntimeState.NO_SESSIONS_CONNECTED
2025-11-01 09:58:02 [STREAM] 
2025-11-01 09:58:02 [STREAM]   You can now view your Streamlit app in your browser.
2025-11-01 09:58:02 [STREAM] 
2025-11-01 09:58:02 [STREAM]   URL: http://0.0.0.0:8502
2025-11-01 09:58:02 [STREAM] 
2025-11-01 09:58:02 [STREAM] 2025-11-01 09:58:02.344 Setting up signal handler
2025-11-01 09:58:03 [STREAM] 2025-11-01 09:58:03.186 AppSession initialized (id=a8f27f51-e2c6-4f26-8277-5bcfd55fdd60)
2025-11-01 09:58:03 [STREAM] 2025-11-01 09:58:03.186 Created new session for client 127074176970144. Session ID: a8f27f51-e2c6-4f26-8277-5bcfd55fdd60
2025-11-01 09:58:03 [STREAM] 2025-11-01 09:58:03.186 Runtime state: RuntimeState.NO_SESSIONS_CONNECTED -> RuntimeState.ONE_OR_MORE_SESSIONS_CONNECTED
2025-11-01 09:58:03 [STREAM] 2025-11-01 09:58:03.202 AppSession initialized (id=3f55b48f-4fb5-454a-8589-707297c5355b)
2025-11-01 09:58:03 [STREAM] 2025-11-01 09:58:03.202 Created new session for client 127074176972544. Session ID: 3f55b48f-4fb5-454a-8589-707297c5355b
2025-11-01 09:58:03 [STREAM] 2025-11-01 09:58:03.202 Runtime state: RuntimeState.ONE_OR_MORE_SESSIONS_CONNECTED -> RuntimeState.ONE_OR_MORE_SESSIONS_CONNECTED
2025-11-01 09:58:05 [STREAM] 2025-11-01 09:58:05.233 AppSession initialized (id=7f00d29c-bf64-488f-8db4-e22d347b96b5)
2025-11-01 09:58:05 [STREAM] 2025-11-01 09:58:05.233 Created new session for client 127074175355248. Session ID: 7f00d29c-bf64-488f-8db4-e22d347b96b5
2025-11-01 09:58:05 [STREAM] 2025-11-01 09:58:05.233 Runtime state: RuntimeState.ONE_OR_MORE_SESSIONS_CONNECTED -> RuntimeState.ONE_OR_MORE_SESSIONS_CONNECTED
2025-11-01 09:58:07 [STREAM] 2025-11-01 09:58:07.227 AppSession initialized (id=c39a1524-7478-4bd3-b07d-4f9a3bf0b60a)
2025-11-01 09:58:07 [STREAM] 2025-11-01 09:58:07.227 Created new session for client 127074175356736. Session ID: c39a1524-7478-4bd3-b07d-4f9a3bf0b60a
2025-11-01 09:58:07 [STREAM] 2025-11-01 09:58:07.227 Runtime state: RuntimeState.ONE_OR_MORE_SESSIONS_CONNECTED -> RuntimeState.ONE_OR_MORE_SESSIONS_CONNECTED
2025-11-01 09:58:08 [STREAM] 2025-11-01 09:58:08.292 AppSession initialized (id=4611a2c3-ee61-43a9-a450-c215bc6b7ffc)
2025-11-01 09:58:08 [STREAM] 2025-11-01 09:58:08.292 Created new session for client 127074176971824. Session ID: 4611a2c3-ee61-43a9-a450-c215bc6b7ffc
2025-11-01 09:58:08 [STREAM] 2025-11-01 09:58:08.292 Runtime state: RuntimeState.ONE_OR_MORE_SESSIONS_CONNECTED -> RuntimeState.ONE_OR_MORE_SESSIONS_CONNECTED
2025-11-01 09:58:08 [STREAM] 2025-11-01 09:58:08.294 Received the following back message:
2025-11-01 09:58:08 [STREAM] rerun_script {
2025-11-01 09:58:08 [STREAM]   widget_states {
2025-11-01 09:58:08 [STREAM]   }
2025-11-01 09:58:08 [STREAM]   context_info {
2025-11-01 09:58:08 [STREAM]     timezone: "Asia/Bangkok"
2025-11-01 09:58:08 [STREAM]     timezone_offset: -420
2025-11-01 09:58:08 [STREAM]     locale: "en-US"
2025-11-01 09:58:08 [STREAM]     url: "http://localhost:8502/"
2025-11-01 09:58:08 [STREAM]     is_embedded: false
2025-11-01 09:58:08 [STREAM]     color_scheme: "light"
2025-11-01 09:58:08 [STREAM]   }
2025-11-01 09:58:08 [STREAM] }
2025-11-01 09:58:08 [STREAM] 
2025-11-01 09:58:08 [STREAM] 2025-11-01 09:58:08.295 Beginning script thread
2025-11-01 09:58:08 [STREAM] 2025-11-01 09:58:08.295 Running script RerunData(widget_states=, context_info=timezone: "Asia/Bangkok"
2025-11-01 09:58:08 [STREAM] timezone_offset: -420
2025-11-01 09:58:08 [STREAM] locale: "en-US"
2025-11-01 09:58:08 [STREAM] url: "http://localhost:8502/"
2025-11-01 09:58:08 [STREAM] is_embedded: false
2025-11-01 09:58:08 [STREAM] color_scheme: "light"
2025-11-01 09:58:08 [STREAM] )
2025-11-01 09:58:08 [STREAM] 2025-11-01 09:58:08.295 Disconnecting files for session with ID 4611a2c3-ee61-43a9-a450-c215bc6b7ffc
2025-11-01 09:58:08 [STREAM] 2025-11-01 09:58:08.295 Sessions still active: dict_keys([])
2025-11-01 09:58:08 [STREAM] 2025-11-01 09:58:08.295 Files: 0; Sessions with files: 0
2025-11-01 09:58:09 [STREAM] 2025-11-01 09:58:09.349 Uncaught app execution
2025-11-01 09:58:09 [STREAM] Traceback (most recent call last):
2025-11-01 09:58:09 [STREAM]   File "/home/dzoan/credit-appraisal-agent-poc/.venv/lib/python3.10/site-packages/streamlit/runtime/scriptrunner/exec_code.py", line 128, in exec_func_with_error_handling
2025-11-01 09:58:09 [STREAM]     result = func()
2025-11-01 09:58:09 [STREAM]   File "/home/dzoan/credit-appraisal-agent-poc/.venv/lib/python3.10/site-packages/streamlit/runtime/scriptrunner/script_runner.py", line 667, in code_to_exec
2025-11-01 09:58:09 [STREAM]     _mpa_v1(self._main_script_path)
2025-11-01 09:58:09 [STREAM]   File "/home/dzoan/credit-appraisal-agent-poc/.venv/lib/python3.10/site-packages/streamlit/runtime/scriptrunner/script_runner.py", line 165, in _mpa_v1
2025-11-01 09:58:09 [STREAM]     page.run()
2025-11-01 09:58:09 [STREAM]   File "/home/dzoan/credit-appraisal-agent-poc/.venv/lib/python3.10/site-packages/streamlit/navigation/page.py", line 300, in run
2025-11-01 09:58:09 [STREAM]     exec(code, module.__dict__)  # noqa: S102
2025-11-01 09:58:09 [STREAM]   File "/home/dzoan/credit-appraisal-agent-poc/services/ui/app.py", line 147, in <module>
2025-11-01 09:58:09 [STREAM]     st.session_state.user_info["timestamp"] = datetime.datetime.utcnow().isoformat()
2025-11-01 09:58:09 [STREAM] AttributeError: type object 'datetime.datetime' has no attribute 'datetime'
2025-11-01 09:58:09 [STREAM] 2025-11-01 09:58:09.351 Removing orphaned files...
2025-11-01 09:59:13 [STREAM] 
2025-11-01 09:59:13 [STREAM] ==> /home/dzoan/credit-appraisal-agent-poc/.logs/api_20251101-095759.log <==
2025-11-01 09:59:13 [STREAM] INFO:     Stopping reloader process [539438]
2025-11-01 09:59:13 [STREAM] 
2025-11-01 09:59:13 [STREAM] ==> /home/dzoan/credit-appraisal-agent-poc/.logs/ui_20251101-095759.log <==
2025-11-01 09:59:13 [STREAM]   Stopping...
2025-11-01 09:59:13 [STREAM] 2025-11-01 09:59:12.970 Runtime stopping...
2025-11-01 09:59:13 [STREAM] 2025-11-01 09:59:12.970 Runtime state: RuntimeState.ONE_OR_MORE_SESSIONS_CONNECTED -> RuntimeState.STOPPING
2025-11-01 09:59:13 [STREAM] 2025-11-01 09:59:12.971 Shutting down (id=3f55b48f-4fb5-454a-8589-707297c5355b)
2025-11-01 09:59:13 [STREAM] 2025-11-01 09:59:12.971 Disconnecting files for session with ID 3f55b48f-4fb5-454a-8589-707297c5355b
2025-11-01 09:59:13 [STREAM] 2025-11-01 09:59:12.971 Sessions still active: dict_keys([])
2025-11-01 09:59:13 [STREAM] 2025-11-01 09:59:12.971 Files: 0; Sessions with files: 0
2025-11-01 09:59:13 [STREAM] 2025-11-01 09:59:12.971 Removing orphaned files...
2025-11-01 09:59:13 [STREAM] 2025-11-01 09:59:12.971 Shutting down (id=7f00d29c-bf64-488f-8db4-e22d347b96b5)
2025-11-01 09:59:13 [STREAM] 2025-11-01 09:59:12.971 Disconnecting files for session with ID 7f00d29c-bf64-488f-8db4-e22d347b96b5
2025-11-01 09:59:13 [STREAM] 2025-11-01 09:59:12.971 Sessions still active: dict_keys([])
2025-11-01 09:59:13 [STREAM] 2025-11-01 09:59:12.971 Files: 0; Sessions with files: 0
2025-11-01 09:59:13 [STREAM] 2025-11-01 09:59:12.971 Removing orphaned files...
2025-11-01 09:59:13 [STREAM] 2025-11-01 09:59:12.971 Shutting down (id=c39a1524-7478-4bd3-b07d-4f9a3bf0b60a)
2025-11-01 09:59:13 [STREAM] 2025-11-01 09:59:12.971 Disconnecting files for session with ID c39a1524-7478-4bd3-b07d-4f9a3bf0b60a
2025-11-01 09:59:13 [STREAM] 2025-11-01 09:59:12.971 Sessions still active: dict_keys([])
2025-11-01 09:59:13 [STREAM] 2025-11-01 09:59:12.971 Files: 0; Sessions with files: 0
2025-11-01 09:59:13 [STREAM] 2025-11-01 09:59:12.971 Removing orphaned files...
2025-11-01 09:59:13 [STREAM] 2025-11-01 09:59:12.971 Shutting down (id=4611a2c3-ee61-43a9-a450-c215bc6b7ffc)
2025-11-01 09:59:13 [STREAM] 2025-11-01 09:59:12.971 Disconnecting files for session with ID 4611a2c3-ee61-43a9-a450-c215bc6b7ffc
2025-11-01 09:59:13 [STREAM] 2025-