==> /home/dzoan/credit-appraisal-agent-poc/.logs/api_20251030-160911.log <==

==> /home/dzoan/credit-appraisal-agent-poc/.logs/ui_20251030-160911.log <==

==> /home/dzoan/credit-appraisal-agent-poc/.logs/api_20251030-160911.log <==
INFO:     Will watch for changes in these directories: ['/home/dzoan/credit-appraisal-agent-poc']
INFO:     Uvicorn running on http://0.0.0.0:8090 (Press CTRL+C to quit)
INFO:     Started reloader process [95273] using WatchFiles

==> /home/dzoan/credit-appraisal-agent-poc/.logs/ui_20251030-160911.log <==

  You can now view your Streamlit app in your browser.

  URL: http://0.0.0.0:8502


==> /home/dzoan/credit-appraisal-agent-poc/.logs/api_20251030-160911.log <==
INFO:     Started server process [95283]
INFO:     Waiting for application startup.
INFO:     Application startup complete.
INFO:     127.0.0.1:47342 - "GET /docs HTTP/1.1" 200 OK
INFO:     127.0.0.1:47342 - "GET /openapi.json HTTP/1.1" 200 OK
INFO:     127.0.0.1:47344 - "GET /v1/system/models HTTP/1.1" 200 OK
INFO:     127.0.0.1:44722 - "GET /v1/training/production_meta HTTP/1.1" 200 OK
INFO:     127.0.0.1:44726 - "GET /v1/training/production_meta HTTP/1.1" 200 OK

==> /home/dzoan/credit-appraisal-agent-poc/.logs/ui_20251030-160911.log <==
2025-10-30 16:09:43.673 Please replace `use_container_width` with `width`.

`use_container_width` will be removed after 2025-12-31.

For `use_container_width=True`, use `width='stretch'`. For `use_container_width=False`, use `width='content'`.

==> /home/dzoan/credit-appraisal-agent-poc/.logs/api_20251030-160911.log <==
INFO:     127.0.0.1:52736 - "GET /v1/training/production_meta HTTP/1.1" 200 OK
INFO:     127.0.0.1:52738 - "GET /v1/training/production_meta HTTP/1.1" 200 OK

==> /home/dzoan/credit-appraisal-agent-poc/.logs/ui_20251030-160911.log <==
2025-10-30 16:09:44.574 Please replace `use_container_width` with `width`.

`use_container_width` will be removed after 2025-12-31.

For `use_container_width=True`, use `width='stretch'`. For `use_container_width=False`, use `width='content'`.

==> /home/dzoan/credit-appraisal-agent-poc/.logs/api_20251030-160911.log <==
INFO:     127.0.0.1:52752 - "GET /v1/training/production_meta HTTP/1.1" 200 OK
INFO:     127.0.0.1:52758 - "GET /v1/training/production_meta HTTP/1.1" 200 OK
INFO:     127.0.0.1:52772 - "GET /v1/training/production_meta HTTP/1.1" 200 OK
INFO:     127.0.0.1:52784 - "GET /v1/training/production_meta HTTP/1.1" 200 OK
INFO:     127.0.0.1:52786 - "GET /v1/training/production_meta HTTP/1.1" 200 OK
/home/dzoan/credit-appraisal-agent-poc/.venv/lib/python3.10/site-packages/sklearn/base.py:493: UserWarning: X does not have valid feature names, but StandardScaler was fitted with feature names
  warnings.warn(
INFO:     127.0.0.1:52790 - "POST /v1/agents/credit_appraisal/run HTTP/1.1" 200 OK
INFO:     127.0.0.1:52792 - "GET /v1/runs/run_1761815392/report?format=csv HTTP/1.1" 200 OK

==> /home/dzoan/credit-appraisal-agent-poc/.logs/ui_20251030-160911.log <==
2025-10-30 16:09:52.537 Please replace `use_container_width` with `width`.

`use_container_width` will be removed after 2025-12-31.

For `use_container_width=True`, use `width='stretch'`. For `use_container_width=False`, use `width='content'`.
2025-10-30 16:09:52.988 Please replace `use_container_width` with `width`.

`use_container_width` will be removed after 2025-12-31.

For `use_container_width=True`, use `width='stretch'`. For `use_container_width=False`, use `width='content'`.
2025-10-30 16:09:53.020 Please replace `use_container_width` with `width`.

`use_container_width` will be removed after 2025-12-31.

For `use_container_width=True`, use `width='stretch'`. For `use_container_width=False`, use `width='content'`.
2025-10-30 16:09:53.383 Please replace `use_container_width` with `width`.

`use_container_width` will be removed after 2025-12-31.

For `use_container_width=True`, use `width='stretch'`. For `use_container_width=False`, use `width='content'`.
2025-10-30 16:09:53.391 Please replace `use_container_width` with `width`.

`use_container_width` will be removed after 2025-12-31.

For `use_container_width=True`, use `width='stretch'`. For `use_container_width=False`, use `width='content'`.
2025-10-30 16:09:53.407 Please replace `use_container_width` with `width`.

`use_container_width` will be removed after 2025-12-31.

For `use_container_width=True`, use `width='stretch'`. For `use_container_width=False`, use `width='content'`.

==> /home/dzoan/credit-appraisal-agent-poc/.logs/api_20251030-160911.log <==
INFO:     127.0.0.1:47152 - "GET /v1/training/production_meta HTTP/1.1" 200 OK
INFO:     127.0.0.1:47166 - "GET /v1/training/production_meta HTTP/1.1" 200 OK

==> /home/dzoan/credit-appraisal-agent-poc/.logs/ui_20251030-160911.log <==
2025-10-30 16:09:58.872 Please replace `use_container_width` with `width`.

`use_container_width` will be removed after 2025-12-31.

For `use_container_width=True`, use `width='stretch'`. For `use_container_width=False`, use `width='content'`.

==> /home/dzoan/credit-appraisal-agent-poc/.logs/api_20251030-160911.log <==
INFO:     127.0.0.1:47168 - "GET /v1/training/production_meta HTTP/1.1" 200 OK
INFO:     127.0.0.1:36920 - "GET /v1/training/production_meta HTTP/1.1" 200 OK

==> /home/dzoan/credit-appraisal-agent-poc/.logs/ui_20251030-160911.log <==
2025-10-30 16:10:10.677 Please replace `use_container_width` with `width`.

`use_container_width` will be removed after 2025-12-31.

For `use_container_width=True`, use `width='stretch'`. For `use_container_width=False`, use `width='content'`.

==> /home/dzoan/credit-appraisal-agent-poc/.logs/api_20251030-160911.log <==
INFO:     127.0.0.1:36932 - "GET /v1/training/production_meta HTTP/1.1" 200 OK
INFO:     127.0.0.1:36852 - "GET /v1/training/production_meta HTTP/1.1" 200 OK

==> /home/dzoan/credit-appraisal-agent-poc/.logs/ui_20251030-160911.log <==
2025-10-30 16:10:14.151 Please replace `use_container_width` with `width`.

`use_container_width` will be removed after 2025-12-31.

For `use_container_width=True`, use `width='stretch'`. For `use_container_width=False`, use `width='content'`.

==> /home/dzoan/credit-appraisal-agent-poc/.logs/api_20251030-160911.log <==
INFO:     127.0.0.1:36860 - "GET /v1/training/production_meta HTTP/1.1" 200 OK
INFO:     127.0.0.1:36862 - "GET /v1/training/production_meta HTTP/1.1" 200 OK

==> /home/dzoan/credit-appraisal-agent-poc/.logs/ui_20251030-160911.log <==
2025-10-30 16:10:18.565 Please replace `use_container_width` with `width`.

`use_container_width` will be removed after 2025-12-31.

For `use_container_width=True`, use `width='stretch'`. For `use_container_width=False`, use `width='content'`.

==> /home/dzoan/credit-appraisal-agent-poc/.logs/api_20251030-160911.log <==
INFO:     127.0.0.1:36878 - "GET /v1/training/production_meta HTTP/1.1" 200 OK
INFO:     127.0.0.1:36888 - "GET /v1/training/production_meta HTTP/1.1" 200 OK

==> /home/dzoan/credit-appraisal-agent-poc/.logs/ui_20251030-160911.log <==
2025-10-30 16:10:22.544 Please replace `use_container_width` with `width`.

`use_container_width` will be removed after 2025-12-31.

For `use_container_width=True`, use `width='stretch'`. For `use_container_width=False`, use `width='content'`.
2025-10-30 16:10:22.670 Please replace `use_container_width` with `width`.

`use_container_width` will be removed after 2025-12-31.

For `use_container_width=True`, use `width='stretch'`. For `use_container_width=False`, use `width='content'`.

==> /home/dzoan/credit-appraisal-agent-poc/.logs/api_20251030-160911.log <==
INFO:     127.0.0.1:45488 - "GET /v1/training/production_meta HTTP/1.1" 200 OK

==> /home/dzoan/credit-appraisal-agent-poc/.logs/ui_20251030-160911.log <==
  Stopping...

==> /home/dzoan/credit-appraisal-agent-poc/.logs/api_20251030-160911.log <==
INFO:     Shutting down
INFO:     Waiting for application shutdown.
INFO:     Application shutdown complete.
INFO:     Finished server process [95283]
INFO:     Stopping reloader process [95273]
