==> /home/dzoan/credit-appraisal-agent-poc/.logs/api_20251030-195857.log <==

==> /home/dzoan/credit-appraisal-agent-poc/.logs/ui_20251030-195857.log <==

==> /home/dzoan/credit-appraisal-agent-poc/.logs/api_20251030-195857.log <==
INFO:     Will watch for changes in these directories: ['/home/dzoan/credit-appraisal-agent-poc']
INFO:     Uvicorn running on http://0.0.0.0:8090 (Press CTRL+C to quit)
INFO:     Started reloader process [157699] using WatchFiles

==> /home/dzoan/credit-appraisal-agent-poc/.logs/ui_20251030-195857.log <==

  You can now view your Streamlit app in your browser.

  URL: http://0.0.0.0:8502


==> /home/dzoan/credit-appraisal-agent-poc/.logs/api_20251030-195857.log <==
INFO:     Started server process [157712]
INFO:     Waiting for application startup.
INFO:     Application startup complete.
INFO:     127.0.0.1:37402 - "GET /docs HTTP/1.1" 200 OK
INFO:     127.0.0.1:37402 - "GET /openapi.json HTTP/1.1" 200 OK

==> /home/dzoan/credit-appraisal-agent-poc/.logs/ui_20251030-195857.log <==
2025-10-30 19:59:13.653 Uncaught app execution
Traceback (most recent call last):
  File "/home/dzoan/credit-appraisal-agent-poc/.venv/lib/python3.10/site-packages/streamlit/runtime/scriptrunner/exec_code.py", line 128, in exec_func_with_error_handling
    result = func()
  File "/home/dzoan/credit-appraisal-agent-poc/.venv/lib/python3.10/site-packages/streamlit/runtime/scriptrunner/script_runner.py", line 667, in code_to_exec
    _mpa_v1(self._main_script_path)
  File "/home/dzoan/credit-appraisal-agent-poc/.venv/lib/python3.10/site-packages/streamlit/runtime/scriptrunner/script_runner.py", line 165, in _mpa_v1
    page.run()
  File "/home/dzoan/credit-appraisal-agent-poc/.venv/lib/python3.10/site-packages/streamlit/navigation/page.py", line 300, in run
    exec(code, module.__dict__)  # noqa: S102
  File "/home/dzoan/credit-appraisal-agent-poc/services/ui/pages/Asset_Appraisal.py", line 28, in <module>
    st.markdown("""
NameError: name 'st' is not defined
  Stopping...

==> /home/dzoan/credit-appraisal-agent-poc/.logs/api_20251030-195857.log <==
INFO:     Shutting down
INFO:     Waiting for application shutdown.
INFO:     Application shutdown complete.
INFO:     Finished server process [157712]
INFO:     Stopping reloader process [157699]
