==> /home/dzoan/credit-appraisal-agent-poc/.logs/api_20251029-122654.log <==

==> /home/dzoan/credit-appraisal-agent-poc/.logs/ui_20251029-122654.log <==

==> /home/dzoan/credit-appraisal-agent-poc/.logs/api_20251029-122654.log <==
INFO:     Will watch for changes in these directories: ['/home/dzoan/credit-appraisal-agent-poc']
INFO:     Uvicorn running on http://0.0.0.0:8090 (Press CTRL+C to quit)
INFO:     Started reloader process [485717] using WatchFiles

==> /home/dzoan/credit-appraisal-agent-poc/.logs/ui_20251029-122654.log <==

  You can now view your Streamlit app in your browser.

  URL: http://0.0.0.0:8502


==> /home/dzoan/credit-appraisal-agent-poc/.logs/api_20251029-122654.log <==
INFO:     Started server process [485727]
INFO:     Waiting for application startup.
INFO:     Application startup complete.

==> /home/dzoan/credit-appraisal-agent-poc/.logs/ui_20251029-122654.log <==
2025-10-29 12:27:00.090 Uncaught app execution
Traceback (most recent call last):
  File "/home/dzoan/credit-appraisal-agent-poc/.venv/lib/python3.10/site-packages/streamlit/runtime/scriptrunner/exec_code.py", line 128, in exec_func_with_error_handling
    result = func()
  File "/home/dzoan/credit-appraisal-agent-poc/.venv/lib/python3.10/site-packages/streamlit/runtime/scriptrunner/script_runner.py", line 669, in code_to_exec
    exec(code, module.__dict__)  # noqa: S102
  File "/home/dzoan/credit-appraisal-agent-poc/services/ui/app.py", line 4, in <module>
    with tab_feedback:
NameError: name 'tab_feedback' is not defined

==> /home/dzoan/credit-appraisal-agent-poc/.logs/api_20251029-122654.log <==
INFO:     Shutting down
INFO:     Waiting for application shutdown.
INFO:     Application shutdown complete.
INFO:     Finished server process [485727]
INFO:     Stopping reloader process [485717]

==> /home/dzoan/credit-appraisal-agent-poc/.logs/ui_20251029-122654.log <==
  Stopping...
