==> /home/dzoan/credit-appraisal-agent-poc/.logs/api_20251031-105211.log <==

==> /home/dzoan/credit-appraisal-agent-poc/.logs/ui_20251031-105211.log <==

==> /home/dzoan/credit-appraisal-agent-poc/.logs/api_20251031-105211.log <==
INFO:     Will watch for changes in these directories: ['/home/dzoan/credit-appraisal-agent-poc']
INFO:     Uvicorn running on http://0.0.0.0:8090 (Press CTRL+C to quit)
INFO:     Started reloader process [370055] using WatchFiles

==> /home/dzoan/credit-appraisal-agent-poc/.logs/ui_20251031-105211.log <==

  You can now view your Streamlit app in your browser.

  URL: http://0.0.0.0:8502


==> /home/dzoan/credit-appraisal-agent-poc/.logs/api_20251031-105211.log <==
INFO:     Started server process [370065]
INFO:     Waiting for application startup.
INFO:     Application startup complete.
INFO:     127.0.0.1:47938 - "GET /v1/training/production_meta HTTP/1.1" 200 OK
INFO:     127.0.0.1:47942 - "GET /v1/training/production_meta HTTP/1.1" 200 OK
INFO:     127.0.0.1:47956 - "GET /v1/training/production_meta HTTP/1.1" 200 OK
INFO:     127.0.0.1:47964 - "GET /v1/training/production_meta HTTP/1.1" 200 OK

==> /home/dzoan/credit-appraisal-agent-poc/.logs/ui_20251031-105211.log <==
2025-10-31 10:52:39.074 Please replace `use_container_width` with `width`.

`use_container_width` will be removed after 2025-12-31.

For `use_container_width=True`, use `width='stretch'`. For `use_container_width=False`, use `width='content'`.

==> /home/dzoan/credit-appraisal-agent-poc/.logs/api_20251031-105211.log <==
INFO:     127.0.0.1:47970 - "GET /v1/training/production_meta HTTP/1.1" 200 OK
INFO:     127.0.0.1:47974 - "GET /v1/training/production_meta HTTP/1.1" 200 OK
INFO:     127.0.0.1:40950 - "GET /v1/training/production_meta HTTP/1.1" 200 OK
/home/dzoan/credit-appraisal-agent-poc/.venv/lib/python3.10/site-packages/sklearn/base.py:493: UserWarning: X does not have valid feature names, but StandardScaler was fitted with feature names
  warnings.warn(
INFO:     127.0.0.1:40956 - "POST /v1/agents/credit_appraisal/run HTTP/1.1" 200 OK
INFO:     127.0.0.1:40960 - "GET /v1/runs/run_1761882767/report?format=csv HTTP/1.1" 200 OK

==> /home/dzoan/credit-appraisal-agent-poc/.logs/ui_20251031-105211.log <==
2025-10-31 10:52:47.065 Please replace `use_container_width` with `width`.

`use_container_width` will be removed after 2025-12-31.

For `use_container_width=True`, use `width='stretch'`. For `use_container_width=False`, use `width='content'`.
2025-10-31 10:52:47.811 Please replace `use_container_width` with `width`.

`use_container_width` will be removed after 2025-12-31.

For `use_container_width=True`, use `width='stretch'`. For `use_container_width=False`, use `width='content'`.
2025-10-31 10:52:47.860 Please replace `use_container_width` with `width`.

`use_container_width` will be removed after 2025-12-31.

For `use_container_width=True`, use `width='stretch'`. For `use_container_width=False`, use `width='content'`.

==> /home/dzoan/credit-appraisal-agent-poc/.logs/api_20251031-105211.log <==
INFO:     127.0.0.1:40966 - "GET /v1/training/production_meta HTTP/1.1" 200 OK

==> /home/dzoan/credit-appraisal-agent-poc/.logs/ui_20251031-105211.log <==
2025-10-31 10:52:48.307 Please replace `use_container_width` with `width`.

`use_container_width` will be removed after 2025-12-31.

For `use_container_width=True`, use `width='stretch'`. For `use_container_width=False`, use `width='content'`.
2025-10-31 10:52:48.317 Please replace `use_container_width` with `width`.

`use_container_width` will be removed after 2025-12-31.

For `use_container_width=True`, use `width='stretch'`. For `use_container_width=False`, use `width='content'`.
2025-10-31 10:52:48.341 Please replace `use_container_width` with `width`.

`use_container_width` will be removed after 2025-12-31.

For `use_container_width=True`, use `width='stretch'`. For `use_container_width=False`, use `width='content'`.

==> /home/dzoan/credit-appraisal-agent-poc/.logs/api_20251031-105211.log <==
INFO:     127.0.0.1:35254 - "GET /v1/training/production_meta HTTP/1.1" 200 OK
INFO:     127.0.0.1:35256 - "GET /v1/training/production_meta HTTP/1.1" 200 OK
INFO:     Shutting down
INFO:     Waiting for application shutdown.
INFO:     Application shutdown complete.
INFO:     Finished server process [370065]

==> /home/dzoan/credit-appraisal-agent-poc/.logs/ui_20251031-105211.log <==
  Stopping...

==> /home/dzoan/credit-appraisal-agent-poc/.logs/api_20251031-105211.log <==
INFO:     Stopping reloader process [370055]
