==> /home/dzoan/credit-appraisal-agent-poc/.logs/api_20251031-192039.log <==

==> /home/dzoan/credit-appraisal-agent-poc/.logs/ui_20251031-192039.log <==

==> /home/dzoan/credit-appraisal-agent-poc/.logs/api_20251031-192039.log <==
INFO:     Will watch for changes in these directories: ['/home/dzoan/credit-appraisal-agent-poc']
INFO:     Uvicorn running on http://0.0.0.0:8090 (Press CTRL+C to quit)
INFO:     Started reloader process [391355] using WatchFiles

==> /home/dzoan/credit-appraisal-agent-poc/.logs/ui_20251031-192039.log <==

  You can now view your Streamlit app in your browser.

  URL: http://0.0.0.0:8502


==> /home/dzoan/credit-appraisal-agent-poc/.logs/api_20251031-192039.log <==
INFO:     Started server process [391365]
INFO:     Waiting for application startup.
INFO:     Application startup complete.
INFO:     127.0.0.1:55348 - "GET /v1/training/production_meta HTTP/1.1" 200 OK
INFO:     127.0.0.1:55350 - "GET /v1/training/production_meta HTTP/1.1" 200 OK
INFO:     127.0.0.1:55354 - "GET /v1/training/production_meta HTTP/1.1" 200 OK
INFO:     127.0.0.1:55370 - "GET /v1/training/production_meta HTTP/1.1" 200 OK

==> /home/dzoan/credit-appraisal-agent-poc/.logs/ui_20251031-192039.log <==
2025-10-31 19:21:06.119 Please replace `use_container_width` with `width`.

`use_container_width` will be removed after 2025-12-31.

For `use_container_width=True`, use `width='stretch'`. For `use_container_width=False`, use `width='content'`.

==> /home/dzoan/credit-appraisal-agent-poc/.logs/api_20251031-192039.log <==
INFO:     127.0.0.1:55382 - "GET /v1/training/production_meta HTTP/1.1" 200 OK
INFO:     127.0.0.1:55396 - "GET /v1/training/production_meta HTTP/1.1" 200 OK
INFO:     127.0.0.1:37588 - "GET /v1/training/production_meta HTTP/1.1" 200 OK
INFO:     127.0.0.1:37590 - "POST /v1/agents/credit_appraisal/run HTTP/1.1" 200 OK
INFO:     127.0.0.1:37602 - "GET /v1/runs/None/report?format=csv HTTP/1.1" 404 Not Found

==> /home/dzoan/credit-appraisal-agent-poc/.logs/ui_20251031-192039.log <==
2025-10-31 19:21:13.992 Please replace `use_container_width` with `width`.

`use_container_width` will be removed after 2025-12-31.

For `use_container_width=True`, use `width='stretch'`. For `use_container_width=False`, use `width='content'`.
2025-10-31 19:21:13.997 Please replace `use_container_width` with `width`.

`use_container_width` will be removed after 2025-12-31.

For `use_container_width=True`, use `width='stretch'`. For `use_container_width=False`, use `width='content'`.
2025-10-31 19:21:14.003 Uncaught app execution
Traceback (most recent call last):
  File "/home/dzoan/credit-appraisal-agent-poc/.venv/lib/python3.10/site-packages/streamlit/runtime/scriptrunner/exec_code.py", line 128, in exec_func_with_error_handling
    result = func()
  File "/home/dzoan/credit-appraisal-agent-poc/.venv/lib/python3.10/site-packages/streamlit/runtime/scriptrunner/script_runner.py", line 667, in code_to_exec
    _mpa_v1(self._main_script_path)
  File "/home/dzoan/credit-appraisal-agent-poc/.venv/lib/python3.10/site-packages/streamlit/runtime/scriptrunner/script_runner.py", line 165, in _mpa_v1
    page.run()
  File "/home/dzoan/credit-appraisal-agent-poc/.venv/lib/python3.10/site-packages/streamlit/navigation/page.py", line 300, in run
    exec(code, module.__dict__)  # noqa: S102
  File "/home/dzoan/credit-appraisal-agent-poc/services/ui/app.py", line 1841, in <module>
    editable = dfm[["application_id"] + editable_cols].copy()
  File "/home/dzoan/credit-appraisal-agent-poc/.venv/lib/python3.10/site-packages/pandas/core/frame.py", line 4108, in __getitem__
    indexer = self.columns._get_indexer_strict(key, "columns")[1]
  File "/home/dzoan/credit-appraisal-agent-poc/.venv/lib/python3.10/site-packages/pandas/core/indexes/base.py", line 6200, in _get_indexer_strict
    self._raise_if_missing(keyarr, indexer, axis_name)
  File "/home/dzoan/credit-appraisal-agent-poc/.venv/lib/python3.10/site-packages/pandas/core/indexes/base.py", line 6249, in _raise_if_missing
    raise KeyError(f"None of [{key}] are in the [{axis_name}]")
KeyError: "None of [Index(['application_id'], dtype='object')] are in the [columns]"

==> /home/dzoan/credit-appraisal-agent-poc/.logs/api_20251031-192039.log <==
INFO:     Shutting down
INFO:     Waiting for application shutdown.
INFO:     Application shutdown complete.
INFO:     Finished server process [391365]
INFO:     Stopping reloader process [391355]

==> /home/dzoan/credit-appraisal-agent-poc/.logs/ui_20251031-192039.log <==
  Stopping...
