==> /home/dzoan/credit-appraisal-agent-poc/.logs/api_20251101-140503.log <==

==> /home/dzoan/credit-appraisal-agent-poc/.logs/ui_20251101-140503.log <==

==> /home/dzoan/credit-appraisal-agent-poc/.logs/api_20251101-140503.log <==
INFO:     Will watch for changes in these directories: ['/home/dzoan/credit-appraisal-agent-poc']
INFO:     Uvicorn running on http://0.0.0.0:8090 (Press CTRL+C to quit)
INFO:     Started reloader process [51166] using WatchFiles

==> /home/dzoan/credit-appraisal-agent-poc/.logs/ui_20251101-140503.log <==

  You can now view your Streamlit app in your browser.

  URL: http://0.0.0.0:8502


==> /home/dzoan/credit-appraisal-agent-poc/.logs/api_20251101-140503.log <==
INFO:     Started server process [51182]
INFO:     Waiting for application startup.
INFO:     Application startup complete.
INFO:     127.0.0.1:60940 - "GET /v1/training/production_meta HTTP/1.1" 200 OK
INFO:     127.0.0.1:60942 - "GET /v1/training/production_meta HTTP/1.1" 200 OK

==> /home/dzoan/credit-appraisal-agent-poc/.logs/ui_20251101-140503.log <==
2025-11-01 14:05:23.498 Please replace `use_container_width` with `width`.

`use_container_width` will be removed after 2025-12-31.

For `use_container_width=True`, use `width='stretch'`. For `use_container_width=False`, use `width='content'`.

==> /home/dzoan/credit-appraisal-agent-poc/.logs/api_20251101-140503.log <==
INFO:     127.0.0.1:60950 - "GET /v1/training/production_meta HTTP/1.1" 200 OK
INFO:     127.0.0.1:60964 - "GET /v1/training/production_meta HTTP/1.1" 200 OK
INFO:     127.0.0.1:60974 - "GET /v1/training/production_meta HTTP/1.1" 200 OK
INFO:     127.0.0.1:60990 - "GET /v1/training/production_meta HTTP/1.1" 200 OK
INFO:     127.0.0.1:53012 - "GET /v1/training/production_meta HTTP/1.1" 200 OK
INFO:     127.0.0.1:53022 - "POST /v1/agents/credit_appraisal/run HTTP/1.1" 200 OK

==> /home/dzoan/credit-appraisal-agent-poc/.logs/ui_20251101-140503.log <==
2025-11-01 14:05:32.322 Please replace `use_container_width` with `width`.

`use_container_width` will be removed after 2025-12-31.

For `use_container_width=True`, use `width='stretch'`. For `use_container_width=False`, use `width='content'`.
2025-11-01 14:05:32.584 Please replace `use_container_width` with `width`.

`use_container_width` will be removed after 2025-12-31.

For `use_container_width=True`, use `width='stretch'`. For `use_container_width=False`, use `width='content'`.
2025-11-01 14:05:32.610 Please replace `use_container_width` with `width`.

`use_container_width` will be removed after 2025-12-31.

For `use_container_width=True`, use `width='stretch'`. For `use_container_width=False`, use `width='content'`.
2025-11-01 14:05:32.879 Please replace `use_container_width` with `width`.

`use_container_width` will be removed after 2025-12-31.

For `use_container_width=True`, use `width='stretch'`. For `use_container_width=False`, use `width='content'`.
2025-11-01 14:05:32.884 Please replace `use_container_width` with `width`.

`use_container_width` will be removed after 2025-12-31.

For `use_container_width=True`, use `width='stretch'`. For `use_container_width=False`, use `width='content'`.
2025-11-01 14:05:32.897 Please replace `use_container_width` with `width`.

`use_container_width` will be removed after 2025-12-31.

For `use_container_width=True`, use `width='stretch'`. For `use_container_width=False`, use `width='content'`.

==> /home/dzoan/credit-appraisal-agent-poc/.logs/api_20251101-140503.log <==
INFO:     127.0.0.1:53034 - "GET /v1/training/production_meta HTTP/1.1" 200 OK
INFO:     127.0.0.1:57046 - "GET /v1/training/production_meta HTTP/1.1" 200 OK

==> /home/dzoan/credit-appraisal-agent-poc/.logs/ui_20251101-140503.log <==
2025-11-01 14:05:46.009 Please replace `use_container_width` with `width`.

`use_container_width` will be removed after 2025-12-31.

For `use_container_width=True`, use `width='stretch'`. For `use_container_width=False`, use `width='content'`.

==> /home/dzoan/credit-appraisal-agent-poc/.logs/api_20251101-140503.log <==
INFO:     127.0.0.1:57058 - "GET /v1/training/production_meta HTTP/1.1" 200 OK
INFO:     127.0.0.1:42388 - "GET /v1/training/production_meta HTTP/1.1" 200 OK

==> /home/dzoan/credit-appraisal-agent-poc/.logs/ui_20251101-140503.log <==
2025-11-01 14:05:56.548 Please replace `use_container_width` with `width`.

`use_container_width` will be removed after 2025-12-31.

For `use_container_width=True`, use `width='stretch'`. For `use_container_width=False`, use `width='content'`.

==> /home/dzoan/credit-appraisal-agent-poc/.logs/api_20251101-140503.log <==
INFO:     127.0.0.1:42392 - "GET /v1/training/production_meta HTTP/1.1" 200 OK
INFO:     127.0.0.1:42396 - "GET /v1/training/production_meta HTTP/1.1" 200 OK

==> /home/dzoan/credit-appraisal-agent-poc/.logs/ui_20251101-140503.log <==
2025-11-01 14:05:59.547 Please replace `use_container_width` with `width`.

`use_container_width` will be removed after 2025-12-31.

For `use_container_width=True`, use `width='stretch'`. For `use_container_width=False`, use `width='content'`.

==> /home/dzoan/credit-appraisal-agent-poc/.logs/api_20251101-140503.log <==
INFO:     127.0.0.1:42404 - "GET /v1/training/production_meta HTTP/1.1" 200 OK
INFO:     127.0.0.1:42884 - "GET /v1/training/production_meta HTTP/1.1" 200 OK

==> /home/dzoan/credit-appraisal-agent-poc/.logs/ui_20251101-140503.log <==
2025-11-01 14:06:04.071 Please replace `use_container_width` with `width`.

`use_container_width` will be removed after 2025-12-31.

For `use_container_width=True`, use `width='stretch'`. For `use_container_width=False`, use `width='content'`.

==> /home/dzoan/credit-appraisal-agent-poc/.logs/api_20251101-140503.log <==
INFO:     127.0.0.1:42892 - "GET /v1/training/production_meta HTTP/1.1" 200 OK
INFO:     127.0.0.1:42894 - "GET /v1/training/production_meta HTTP/1.1" 200 OK

==> /home/dzoan/credit-appraisal-agent-poc/.logs/ui_20251101-140503.log <==
2025-11-01 14:06:05.628 Please replace `use_container_width` with `width`.

`use_container_width` will be removed after 2025-12-31.

For `use_container_width=True`, use `width='stretch'`. For `use_container_width=False`, use `width='content'`.
2025-11-01 14:06:05.739 Please replace `use_container_width` with `width`.

`use_container_width` will be removed after 2025-12-31.

For `use_container_width=True`, use `width='stretch'`. For `use_container_width=False`, use `width='content'`.

==> /home/dzoan/credit-appraisal-agent-poc/.logs/api_20251101-140503.log <==
INFO:     127.0.0.1:42910 - "GET /v1/training/production_meta HTTP/1.1" 200 OK
INFO:     127.0.0.1:42914 - "GET /v1/training/production_meta HTTP/1.1" 200 OK

==> /home/dzoan/credit-appraisal-agent-poc/.logs/ui_20251101-140503.log <==
2025-11-01 14:06:08.157 Please replace `use_container_width` with `width`.

`use_container_width` will be removed after 2025-12-31.

For `use_container_width=True`, use `width='stretch'`. For `use_container_width=False`, use `width='content'`.

==> /home/dzoan/credit-appraisal-agent-poc/.logs/api_20251101-140503.log <==
INFO:     127.0.0.1:42926 - "GET /v1/training/production_meta HTTP/1.1" 200 OK
INFO:     127.0.0.1:36100 - "GET /v1/training/production_meta HTTP/1.1" 200 OK

==> /home/dzoan/credit-appraisal-agent-poc/.logs/ui_20251101-140503.log <==
2025-11-01 14:06:18.043 Please replace `use_container_width` with `width`.

`use_container_width` will be removed after 2025-12-31.

For `use_container_width=True`, use `width='stretch'`. For `use_container_width=False`, use `width='content'`.

==> /home/dzoan/credit-appraisal-agent-poc/.logs/api_20251101-140503.log <==
INFO:     127.0.0.1:36114 - "GET /v1/training/production_meta HTTP/1.1" 200 OK
INFO:     127.0.0.1:36116 - "GET /v1/training/production_meta HTTP/1.1" 200 OK

==> /home/dzoan/credit-appraisal-agent-poc/.logs/ui_20251101-140503.log <==
2025-11-01 14:06:20.211 Please replace `use_container_width` with `width`.

`use_container_width` will be removed after 2025-12-31.

For `use_container_width=True`, use `width='stretch'`. For `use_container_width=False`, use `width='content'`.

==> /home/dzoan/credit-appraisal-agent-poc/.logs/api_20251101-140503.log <==
INFO:     127.0.0.1:36128 - "POST /v1/training/train HTTP/1.1" 404 Not Found
INFO:     127.0.0.1:36130 - "GET /v1/training/production_meta HTTP/1.1" 200 OK
INFO:     127.0.0.1:51074 - "GET /v1/training/production_meta HTTP/1.1" 200 OK

==> /home/dzoan/credit-appraisal-agent-poc/.logs/ui_20251101-140503.log <==
2025-11-01 14:06:22.146 Please replace `use_container_width` with `width`.

`use_container_width` will be removed after 2025-12-31.

For `use_container_width=True`, use `width='stretch'`. For `use_container_width=False`, use `width='content'`.

==> /home/dzoan/credit-appraisal-agent-poc/.logs/api_20251101-140503.log <==
INFO:     127.0.0.1:51086 - "POST /v1/training/promote HTTP/1.1" 404 Not Found
INFO:     127.0.0.1:51096 - "GET /v1/training/production_meta HTTP/1.1" 200 OK
INFO:     127.0.0.1:51112 - "GET /v1/training/production_meta HTTP/1.1" 200 OK

==> /home/dzoan/credit-appraisal-agent-poc/.logs/ui_20251101-140503.log <==
2025-11-01 14:06:24.062 Please replace `use_container_width` with `width`.

`use_container_width` will be removed after 2025-12-31.

For `use_container_width=True`, use `width='stretch'`. For `use_container_width=False`, use `width='content'`.

==> /home/dzoan/credit-appraisal-agent-poc/.logs/api_20251101-140503.log <==
INFO:     127.0.0.1:51124 - "POST /v1/training/train HTTP/1.1" 404 Not Found
INFO:     127.0.0.1:51136 - "GET /v1/training/production_meta HTTP/1.1" 200 OK
INFO:     127.0.0.1:59056 - "GET /v1/training/production_meta HTTP/1.1" 200 OK
INFO:     127.0.0.1:59058 - "GET /v1/training/production_meta HTTP/1.1" 200 OK

==> /home/dzoan/credit-appraisal-agent-poc/.logs/ui_20251101-140503.log <==
2025-11-01 14:06:40.230 Please replace `use_container_width` with `width`.

`use_container_width` will be removed after 2025-12-31.

For `use_container_width=True`, use `width='stretch'`. For `use_container_width=False`, use `width='content'`.

==> /home/dzoan/credit-appraisal-agent-poc/.logs/api_20251101-140503.log <==
INFO:     127.0.0.1:59068 - "GET /v1/training/production_meta HTTP/1.1" 200 OK

==> /home/dzoan/credit-appraisal-agent-poc/.logs/ui_20251101-140503.log <==
2025-11-01 14:06:42.206 Please replace `use_container_width` with `width`.

`use_container_width` will be removed after 2025-12-31.

For `use_container_width=True`, use `width='stretch'`. For `use_container_width=False`, use `width='content'`.
2025-11-01 14:06:42.208 Please replace `use_container_width` with `width`.

`use_container_width` will be removed after 2025-12-31.

For `use_container_width=True`, use `width='stretch'`. For `use_container_width=False`, use `width='content'`.
2025-11-01 14:06:42.213 Please replace `use_container_width` with `width`.

`use_container_width` will be removed after 2025-12-31.

For `use_container_width=True`, use `width='stretch'`. For `use_container_width=False`, use `width='content'`.

==> /home/dzoan/credit-appraisal-agent-poc/.logs/api_20251101-140503.log <==
INFO:     127.0.0.1:60228 - "GET /v1/training/production_meta HTTP/1.1" 200 OK

==> /home/dzoan/credit-appraisal-agent-poc/.logs/ui_20251101-140503.log <==
2025-11-01 14:06:47.662 Please replace `use_container_width` with `width`.

`use_container_width` will be removed after 2025-12-31.

For `use_container_width=True`, use `width='stretch'`. For `use_container_width=False`, use `width='content'`.
2025-11-01 14:06:47.672 Please replace `use_container_width` with `width`.

`use_container_width` will be removed after 2025-12-31.

For `use_container_width=True`, use `width='stretch'`. For `use_container_width=False`, use `width='content'`.

==> /home/dzoan/credit-appraisal-agent-poc/.logs/api_20251101-140503.log <==
INFO:     127.0.0.1:60236 - "GET /v1/training/production_meta HTTP/1.1" 200 OK

==> /home/dzoan/credit-appraisal-agent-poc/.logs/ui_20251101-140503.log <==
2025-11-01 14:06:47.691 Please replace `use_container_width` with `width`.

`use_container_width` will be removed after 2025-12-31.

For `use_container_width=True`, use `width='stretch'`. For `use_container_width=False`, use `width='content'`.
2025-11-01 14:06:52.673 Please replace `use_container_width` with `width`.

`use_container_width` will be removed after 2025-12-31.

For `use_container_width=True`, use `width='stretch'`. For `use_container_width=False`, use `width='content'`.
2025-11-01 14:06:52.676 Please replace `use_container_width` with `width`.

`use_container_width` will be removed after 2025-12-31.

For `use_container_width=True`, use `width='stretch'`. For `use_container_width=False`, use `width='content'`.

==> /home/dzoan/credit-appraisal-agent-poc/.logs/api_20251101-140503.log <==
INFO:     127.0.0.1:59228 - "GET /v1/training/production_meta HTTP/1.1" 200 OK

==> /home/dzoan/credit-appraisal-agent-poc/.logs/ui_20251101-140503.log <==
2025-11-01 14:06:52.692 Please replace `use_container_width` with `width`.

`use_container_width` will be removed after 2025-12-31.

For `use_container_width=True`, use `width='stretch'`. For `use_container_width=False`, use `width='content'`.
2025-11-01 14:06:59.482 Please replace `use_container_width` with `width`.

`use_container_width` will be removed after 2025-12-31.

For `use_container_width=True`, use `width='stretch'`. For `use_container_width=False`, use `width='content'`.
2025-11-01 14:06:59.485 Please replace `use_container_width` with `width`.

`use_container_width` will be removed after 2025-12-31.

For `use_container_width=True`, use `width='stretch'`. For `use_container_width=False`, use `width='content'`.

==> /home/dzoan/credit-appraisal-agent-poc/.logs/api_20251101-140503.log <==
INFO:     127.0.0.1:59234 - "GET /v1/training/production_meta HTTP/1.1" 200 OK

==> /home/dzoan/credit-appraisal-agent-poc/.logs/ui_20251101-140503.log <==
2025-11-01 14:06:59.505 Please replace `use_container_width` with `width`.

`use_container_width` will be removed after 2025-12-31.

For `use_container_width=True`, use `width='stretch'`. For `use_container_width=False`, use `width='content'`.
2025-11-01 14:07:02.394 Please replace `use_container_width` with `width`.

`use_container_width` will be removed after 2025-12-31.

For `use_container_width=True`, use `width='stretch'`. For `use_container_width=False`, use `width='content'`.
2025-11-01 14:07:02.397 Please replace `use_container_width` with `width`.

`use_container_width` will be removed after 2025-12-31.

For `use_container_width=True`, use `width='stretch'`. For `use_container_width=False`, use `width='content'`.

==> /home/dzoan/credit-appraisal-agent-poc/.logs/api_20251101-140503.log <==
INFO:     127.0.0.1:55148 - "GET /v1/training/production_meta HTTP/1.1" 200 OK

==> /home/dzoan/credit-appraisal-agent-poc/.logs/ui_20251101-140503.log <==
2025-11-01 14:07:02.414 Please replace `use_container_width` with `width`.

`use_container_width` will be removed after 2025-12-31.

For `use_container_width=True`, use `width='stretch'`. For `use_container_width=False`, use `width='content'`.

==> /home/dzoan/credit-appraisal-agent-poc/.logs/api_20251101-140503.log <==
INFO:     127.0.0.1:55158 - "GET /v1/agents HTTP/1.1" 200 OK
INFO:     127.0.0.1:55166 - "POST /v1/agents/asset_appraisal/run HTTP/1.1" 200 OK

==> /home/dzoan/credit-appraisal-agent-poc/.logs/ui_20251101-140503.log <==
2025-11-01 14:07:02.467 Please replace `use_container_width` with `width`.

`use_container_width` will be removed after 2025-12-31.

For `use_container_width=True`, use `width='stretch'`. For `use_container_width=False`, use `width='content'`.
/home/dzoan/credit-appraisal-agent-poc/services/ui/pages/asset_appraisal.py:732: FutureWarning:

The default of observed=False is deprecated and will be changed to True in a future version of pandas. Pass observed=False to retain current behavior or observed=True to adopt the future default and silence this warning.

2025-11-01 14:07:02.742 Please replace `use_container_width` with `width`.

`use_container_width` will be removed after 2025-12-31.

For `use_container_width=True`, use `width='stretch'`. For `use_container_width=False`, use `width='content'`.
  Stopping...

==> /home/dzoan/credit-appraisal-agent-poc/.logs/api_20251101-140503.log <==
INFO:     Shutting down
INFO:     Waiting for application shutdown.
INFO:     Application shutdown complete.
INFO:     Finished server process [51182]
INFO:     Stopping reloader process [51166]
