==> /home/dzoan/credit-appraisal-agent-poc/.logs/api_20251030-205948.log <==

==> /home/dzoan/credit-appraisal-agent-poc/.logs/ui_20251030-205948.log <==

==> /home/dzoan/credit-appraisal-agent-poc/.logs/api_20251030-205948.log <==
INFO:     Will watch for changes in these directories: ['/home/dzoan/credit-appraisal-agent-poc']
INFO:     Uvicorn running on http://0.0.0.0:8090 (Press CTRL+C to quit)
INFO:     Started reloader process [191628] using WatchFiles

==> /home/dzoan/credit-appraisal-agent-poc/.logs/ui_20251030-205948.log <==

  You can now view your Streamlit app in your browser.

  URL: http://0.0.0.0:8502


==> /home/dzoan/credit-appraisal-agent-poc/.logs/api_20251030-205948.log <==
INFO:     Started server process [191638]
INFO:     Waiting for application startup.
INFO:     Application startup complete.
INFO:     127.0.0.1:44114 - "GET /docs HTTP/1.1" 200 OK
/home/dzoan/credit-appraisal-agent-poc/.venv/lib/python3.10/site-packages/fastapi/openapi/utils.py:225: UserWarning: Duplicate Operation ID run_agent_v1_agents__agent_name__run_post for function run_agent at /home/dzoan/credit-appraisal-agent-poc/services/api/routers/asset_agents.py
  warnings.warn(message, stacklevel=1)
INFO:     127.0.0.1:44114 - "GET /openapi.json HTTP/1.1" 200 OK
INFO:     127.0.0.1:44136 - "GET /v1/training/production_meta HTTP/1.1" 200 OK

==> /home/dzoan/credit-appraisal-agent-poc/.logs/ui_20251030-205948.log <==
2025-10-30 21:00:02.856 Please replace `use_container_width` with `width`.

`use_container_width` will be removed after 2025-12-31.

For `use_container_width=True`, use `width='stretch'`. For `use_container_width=False`, use `width='content'`.

==> /home/dzoan/credit-appraisal-agent-poc/.logs/api_20251030-205948.log <==
INFO:     127.0.0.1:33164 - "GET /v1/training/production_meta HTTP/1.1" 200 OK
INFO:     127.0.0.1:33174 - "GET /v1/training/production_meta HTTP/1.1" 200 OK
INFO:     127.0.0.1:33178 - "POST /v1/agents/asset_appraisal/run HTTP/1.1" 404 Not Found

==> /home/dzoan/credit-appraisal-agent-poc/.logs/ui_20251030-205948.log <==
  Stopping...

==> /home/dzoan/credit-appraisal-agent-poc/.logs/api_20251030-205948.log <==
INFO:     Shutting down
INFO:     Waiting for application shutdown.
INFO:     Application shutdown complete.
INFO:     Finished server process [191638]
INFO:     Stopping reloader process [191628]
