==> /home/dzoan/credit-appraisal-agent-poc/.logs/api_20251030-171954.log <==

==> /home/dzoan/credit-appraisal-agent-poc/.logs/ui_20251030-171954.log <==

==> /home/dzoan/credit-appraisal-agent-poc/.logs/api_20251030-171954.log <==
INFO:     Will watch for changes in these directories: ['/home/dzoan/credit-appraisal-agent-poc']
INFO:     Uvicorn running on http://0.0.0.0:8090 (Press CTRL+C to quit)
INFO:     Started reloader process [129518] using WatchFiles

==> /home/dzoan/credit-appraisal-agent-poc/.logs/ui_20251030-171954.log <==

  You can now view your Streamlit app in your browser.

  URL: http://0.0.0.0:8502


==> /home/dzoan/credit-appraisal-agent-poc/.logs/api_20251030-171954.log <==
INFO:     Started server process [129528]
INFO:     Waiting for application startup.
INFO:     Application startup complete.

==> /home/dzoan/credit-appraisal-agent-poc/.logs/ui_20251030-171954.log <==
2025-10-30 17:20:01.256 Please replace `use_container_width` with `width`.

`use_container_width` will be removed after 2025-12-31.

For `use_container_width=True`, use `width='stretch'`. For `use_container_width=False`, use `width='content'`.
2025-10-30 17:20:01.278 Please replace `use_container_width` with `width`.

`use_container_width` will be removed after 2025-12-31.

For `use_container_width=True`, use `width='stretch'`. For `use_container_width=False`, use `width='content'`.

==> /home/dzoan/credit-appraisal-agent-poc/.logs/api_20251030-171954.log <==
INFO:     127.0.0.1:56662 - "GET /docs HTTP/1.1" 200 OK
INFO:     127.0.0.1:56662 - "GET /openapi.json HTTP/1.1" 200 OK

==> /home/dzoan/credit-appraisal-agent-poc/.logs/ui_20251030-171954.log <==
2025-10-30 17:20:11.057 Please replace `use_container_width` with `width`.

`use_container_width` will be removed after 2025-12-31.

For `use_container_width=True`, use `width='stretch'`. For `use_container_width=False`, use `width='content'`.
2025-10-30 17:20:11.080 Please replace `use_container_width` with `width`.

`use_container_width` will be removed after 2025-12-31.

For `use_container_width=True`, use `width='stretch'`. For `use_container_width=False`, use `width='content'`.
2025-10-30 17:20:15.134 Please replace `use_container_width` with `width`.

`use_container_width` will be removed after 2025-12-31.

For `use_container_width=True`, use `width='stretch'`. For `use_container_width=False`, use `width='content'`.

==> /home/dzoan/credit-appraisal-agent-poc/.logs/api_20251030-171954.log <==
INFO:     127.0.0.1:40160 - "POST /v1/agents/asset_appraisal/run HTTP/1.1" 200 OK

==> /home/dzoan/credit-appraisal-agent-poc/.logs/ui_20251030-171954.log <==
2025-10-30 17:20:15.217 Please replace `use_container_width` with `width`.

`use_container_width` will be removed after 2025-12-31.

For `use_container_width=True`, use `width='stretch'`. For `use_container_width=False`, use `width='content'`.
2025-10-30 17:20:39.083 Please replace `use_container_width` with `width`.

`use_container_width` will be removed after 2025-12-31.

For `use_container_width=True`, use `width='stretch'`. For `use_container_width=False`, use `width='content'`.
2025-10-30 17:20:39.105 Please replace `use_container_width` with `width`.

`use_container_width` will be removed after 2025-12-31.

For `use_container_width=True`, use `width='stretch'`. For `use_container_width=False`, use `width='content'`.
2025-10-30 17:20:41.485 Please replace `use_container_width` with `width`.

`use_container_width` will be removed after 2025-12-31.

For `use_container_width=True`, use `width='stretch'`. For `use_container_width=False`, use `width='content'`.

==> /home/dzoan/credit-appraisal-agent-poc/.logs/api_20251030-171954.log <==
INFO:     127.0.0.1:48208 - "POST /v1/agents/asset_appraisal/run HTTP/1.1" 200 OK

==> /home/dzoan/credit-appraisal-agent-poc/.logs/ui_20251030-171954.log <==
2025-10-30 17:20:41.525 Please replace `use_container_width` with `width`.

`use_container_width` will be removed after 2025-12-31.

For `use_container_width=True`, use `width='stretch'`. For `use_container_width=False`, use `width='content'`.

==> /home/dzoan/credit-appraisal-agent-poc/.logs/api_20251030-171954.log <==
INFO:     127.0.0.1:57452 - "POST /v1/agents/asset_appraisal/run HTTP/1.1" 200 OK
WARNING:  WatchFiles detected changes in 'services/api/routers/asset_appraisal.py'. Reloading...
INFO:     Shutting down
INFO:     Waiting for application shutdown.
INFO:     Application shutdown complete.
INFO:     Finished server process [129528]
INFO:     Started server process [131245]
INFO:     Waiting for application startup.
INFO:     Application startup complete.
WARNING:  WatchFiles detected changes in 'services/api/routers/asset_appraisal.py'. Reloading...
INFO:     Shutting down
INFO:     Waiting for application shutdown.
INFO:     Application shutdown complete.
INFO:     Finished server process [131245]
INFO:     Started server process [131321]
INFO:     Waiting for application startup.
INFO:     Application startup complete.
