==> /home/dzoan/credit-appraisal-agent-poc/.logs/api_20251031-042628.log <==

==> /home/dzoan/credit-appraisal-agent-poc/.logs/ui_20251031-042628.log <==

==> /home/dzoan/credit-appraisal-agent-poc/.logs/api_20251031-042628.log <==
INFO:     Will watch for changes in these directories: ['/home/dzoan/credit-appraisal-agent-poc']
INFO:     Uvicorn running on http://0.0.0.0:8090 (Press CTRL+C to quit)
INFO:     Started reloader process [332735] using WatchFiles

==> /home/dzoan/credit-appraisal-agent-poc/.logs/ui_20251031-042628.log <==

  You can now view your Streamlit app in your browser.

  URL: http://0.0.0.0:8502


==> /home/dzoan/credit-appraisal-agent-poc/.logs/api_20251031-042628.log <==
INFO:     Started server process [332745]
INFO:     Waiting for application startup.
INFO:     Application startup complete.
INFO:     127.0.0.1:34958 - "GET /v1/training/production_meta HTTP/1.1" 200 OK
INFO:     127.0.0.1:34960 - "GET /v1/training/production_meta HTTP/1.1" 200 OK

==> /home/dzoan/credit-appraisal-agent-poc/.logs/ui_20251031-042628.log <==
2025-10-31 04:26:45.364 Please replace `use_container_width` with `width`.

`use_container_width` will be removed after 2025-12-31.

For `use_container_width=True`, use `width='stretch'`. For `use_container_width=False`, use `width='content'`.

==> /home/dzoan/credit-appraisal-agent-poc/.logs/api_20251031-042628.log <==
INFO:     127.0.0.1:57818 - "GET /v1/training/production_meta HTTP/1.1" 200 OK
INFO:     127.0.0.1:57830 - "GET /v1/training/production_meta HTTP/1.1" 200 OK
INFO:     127.0.0.1:57846 - "GET /v1/training/production_meta HTTP/1.1" 200 OK
INFO:     127.0.0.1:57850 - "GET /v1/training/production_meta HTTP/1.1" 200 OK
INFO:     127.0.0.1:57862 - "GET /v1/training/production_meta HTTP/1.1" 200 OK
/home/dzoan/credit-appraisal-agent-poc/.venv/lib/python3.10/site-packages/sklearn/base.py:493: UserWarning: X does not have valid feature names, but StandardScaler was fitted with feature names
  warnings.warn(
INFO:     127.0.0.1:57876 - "POST /v1/agents/credit_appraisal/run HTTP/1.1" 200 OK
INFO:     127.0.0.1:57880 - "GET /v1/runs/run_1761859614/report?format=csv HTTP/1.1" 200 OK

==> /home/dzoan/credit-appraisal-agent-poc/.logs/ui_20251031-042628.log <==
2025-10-31 04:26:54.735 Please replace `use_container_width` with `width`.

`use_container_width` will be removed after 2025-12-31.

For `use_container_width=True`, use `width='stretch'`. For `use_container_width=False`, use `width='content'`.
2025-10-31 04:26:55.480 Please replace `use_container_width` with `width`.

`use_container_width` will be removed after 2025-12-31.

For `use_container_width=True`, use `width='stretch'`. For `use_container_width=False`, use `width='content'`.
2025-10-31 04:26:55.524 Please replace `use_container_width` with `width`.

`use_container_width` will be removed after 2025-12-31.

For `use_container_width=True`, use `width='stretch'`. For `use_container_width=False`, use `width='content'`.
2025-10-31 04:26:55.956 Please replace `use_container_width` with `width`.

`use_container_width` will be removed after 2025-12-31.

For `use_container_width=True`, use `width='stretch'`. For `use_container_width=False`, use `width='content'`.
2025-10-31 04:26:55.966 Please replace `use_container_width` with `width`.

`use_container_width` will be removed after 2025-12-31.

For `use_container_width=True`, use `width='stretch'`. For `use_container_width=False`, use `width='content'`.
2025-10-31 04:26:55.993 Please replace `use_container_width` with `width`.

`use_container_width` will be removed after 2025-12-31.

For `use_container_width=True`, use `width='stretch'`. For `use_container_width=False`, use `width='content'`.

==> /home/dzoan/credit-appraisal-agent-poc/.logs/api_20251031-042628.log <==
INFO:     127.0.0.1:46728 - "GET /v1/training/production_meta HTTP/1.1" 200 OK
INFO:     127.0.0.1:53994 - "GET /v1/training/production_meta HTTP/1.1" 200 OK

==> /home/dzoan/credit-appraisal-agent-poc/.logs/ui_20251031-042628.log <==
2025-10-31 04:27:08.724 Please replace `use_container_width` with `width`.

`use_container_width` will be removed after 2025-12-31.

For `use_container_width=True`, use `width='stretch'`. For `use_container_width=False`, use `width='content'`.

==> /home/dzoan/credit-appraisal-agent-poc/.logs/api_20251031-042628.log <==
INFO:     127.0.0.1:54010 - "GET /v1/training/production_meta HTTP/1.1" 200 OK

==> /home/dzoan/credit-appraisal-agent-poc/.logs/ui_20251031-042628.log <==
  Stopping...

==> /home/dzoan/credit-appraisal-agent-poc/.logs/api_20251031-042628.log <==
INFO:     Shutting down
INFO:     Waiting for application shutdown.
INFO:     Application shutdown complete.
INFO:     Finished server process [332745]
INFO:     Stopping reloader process [332735]
