2025-11-01 10:15:55 [STREAM] ==> /home/dzoan/credit-appraisal-agent-poc/.logs/api_20251101-101553.log <==
2025-11-01 10:15:55 [STREAM] 
2025-11-01 10:15:55 [STREAM] ==> /home/dzoan/credit-appraisal-agent-poc/.logs/ui_20251101-101553.log <==
2025-11-01 10:15:56 [STREAM] 
2025-11-01 10:15:56 [STREAM] ==> /home/dzoan/credit-appraisal-agent-poc/.logs/api_20251101-101553.log <==
2025-11-01 10:15:56 [STREAM] INFO:     Will watch for changes in these directories: ['/home/dzoan/credit-appraisal-agent-poc']
2025-11-01 10:15:56 [STREAM] INFO:     Uvicorn running on http://0.0.0.0:8090 (Press CTRL+C to quit)
2025-11-01 10:15:56 [STREAM] INFO:     Started reloader process [540408] using WatchFiles
2025-11-01 10:15:56 [STREAM] Process SpawnProcess-1:
2025-11-01 10:15:56 [STREAM] Traceback (most recent call last):
2025-11-01 10:15:56 [STREAM]   File "/usr/lib/python3.10/multiprocessing/process.py", line 314, in _bootstrap
2025-11-01 10:15:56 [STREAM]     self.run()
2025-11-01 10:15:56 [STREAM]   File "/usr/lib/python3.10/multiprocessing/process.py", line 108, in run
2025-11-01 10:15:56 [STREAM]     self._target(*self._args, **self._kwargs)
2025-11-01 10:15:56 [STREAM]   File "/home/dzoan/credit-appraisal-agent-poc/.venv/lib/python3.10/site-packages/uvicorn/_subprocess.py", line 80, in subprocess_started
2025-11-01 10:15:56 [STREAM]     target(sockets=sockets)
2025-11-01 10:15:56 [STREAM]   File "/home/dzoan/credit-appraisal-agent-poc/.venv/lib/python3.10/site-packages/uvicorn/server.py", line 65, in run
2025-11-01 10:15:56 [STREAM]     return asyncio.run(self.serve(sockets=sockets))
2025-11-01 10:15:56 [STREAM]   File "/usr/lib/python3.10/asyncio/runners.py", line 44, in run
2025-11-01 10:15:56 [STREAM]     return loop.run_until_complete(main)
2025-11-01 10:15:56 [STREAM]   File "uvloop/loop.pyx", line 1518, in uvloop.loop.Loop.run_until_complete
2025-11-01 10:15:56 [STREAM]   File "/home/dzoan/credit-appraisal-agent-poc/.venv/lib/python3.10/site-packages/uvicorn/server.py", line 69, in serve
2025-11-01 10:15:56 [STREAM]     await self._serve(sockets)
2025-11-01 10:15:56 [STREAM]   File "/home/dzoan/credit-appraisal-agent-poc/.venv/lib/python3.10/site-packages/uvicorn/server.py", line 76, in _serve
2025-11-01 10:15:56 [STREAM]     config.load()
2025-11-01 10:15:56 [STREAM]   File "/home/dzoan/credit-appraisal-agent-poc/.venv/lib/python3.10/site-packages/uvicorn/config.py", line 434, in load
2025-11-01 10:15:56 [STREAM]     self.loaded_app = import_from_string(self.app)
2025-11-01 10:15:56 [STREAM]   File "/home/dzoan/credit-appraisal-agent-poc/.venv/lib/python3.10/site-packages/uvicorn/importer.py", line 19, in import_from_string
2025-11-01 10:15:56 [STREAM]     module = importlib.import_module(module_str)
2025-11-01 10:15:56 [STREAM]   File "/usr/lib/python3.10/importlib/__init__.py", line 126, in import_module
2025-11-01 10:15:56 [STREAM]     return _bootstrap._gcd_import(name[level:], package, level)
2025-11-01 10:15:56 [STREAM]   File "<frozen importlib._bootstrap>", line 1050, in _gcd_import
2025-11-01 10:15:56 [STREAM]   File "<frozen importlib._bootstrap>", line 1027, in _find_and_load
2025-11-01 10:15:56 [STREAM]   File "<frozen importlib._bootstrap>", line 1006, in _find_and_load_unlocked
2025-11-01 10:15:56 [STREAM]   File "<frozen importlib._bootstrap>", line 688, in _load_unlocked
2025-11-01 10:15:56 [STREAM]   File "<frozen importlib._bootstrap_external>", line 883, in exec_module
2025-11-01 10:15:56 [STREAM]   File "<frozen importlib._bootstrap>", line 241, in _call_with_frames_removed
2025-11-01 10:15:56 [STREAM]   File "/home/dzoan/credit-appraisal-agent-poc/services/api/main.py", line 13, in <module>
2025-11-01 10:15:56 [STREAM]     logger = logging.getLogger("api.requests")
2025-11-01 10:15:56 [STREAM] NameError: name 'logging' is not defined
2025-11-01 10:15:56 [STREAM] 
2025-11-01 10:15:56 [STREAM] ==> /home/dzoan/credit-appraisal-agent-poc/.logs/ui_20251101-101553.log <==
2025-11-01 10:15:56 [STREAM] 2025-11-01 10:15:56.338 Starting new event loop for server
2025-11-01 10:15:56 [STREAM] 2025-11-01 10:15:56.339 Starting server...
2025-11-01 10:15:56 [STREAM] 2025-11-01 10:15:56.339 Serving static content from /home/dzoan/credit-appraisal-agent-poc/.venv/lib/python3.10/site-packages/streamlit/static
2025-11-01 10:15:56 [STREAM] 2025-11-01 10:15:56.346 Server started on port 8502
2025-11-01 10:15:56 [STREAM] 2025-11-01 10:15:56.347 Runtime state: RuntimeState.INITIAL -> RuntimeState.NO_SESSIONS_CONNECTED
2025-11-01 10:15:56 [STREAM] 
2025-11-01 10:15:56 [STREAM]   You can now view your Streamlit app in your browser.
2025-11-01 10:15:56 [STREAM] 
2025-11-01 10:15:56 [STREAM]   URL: http://0.0.0.0:8502
2025-11-01 10:15:56 [STREAM] 
2025-11-01 10:15:56 [STREAM] 2025-11-01 10:15:56.348 Setting up signal handler
2025-11-01 10:15:57 [STREAM] 2025-11-01 10:15:56.996 AppSession initialized (id=e8a3efa5-a8ff-49e6-b3d5-ea55a19166ce)
2025-11-01 10:15:57 [STREAM] 2025-11-01 10:15:56.996 Created new session for client 136280535588896. Session ID: e8a3efa5-a8ff-49e6-b3d5-ea55a19166ce
2025-11-01 10:15:57 [STREAM] 2025-11-01 10:15:56.996 Runtime state: RuntimeState.NO_SESSIONS_CONNECTED -> RuntimeState.ONE_OR_MORE_SESSIONS_CONNECTED
2025-11-01 10:15:57 [STREAM] 2025-11-01 10:15:57.024 AppSession initialized (id=f87d04a4-0e8d-476d-a340-2d466a348394)
2025-11-01 10:15:57 [STREAM] 2025-11-01 10:15:57.025 Created new session for client 136280535591296. Session ID: f87d04a4-0e8d-476d-a340-2d466a348394
2025-11-01 10:15:57 [STREAM] 2025-11-01 10:15:57.025 Runtime state: RuntimeState.ONE_OR_MORE_SESSIONS_CONNECTED -> RuntimeState.ONE_OR_MORE_SESSIONS_CONNECTED
2025-11-01 10:15:57 [STREAM] 2025-11-01 10:15:57.043 AppSession initialized (id=c89dd61b-72ee-4fdd-9ff0-6c0bf3e3c80e)
2025-11-01 10:15:57 [STREAM] 2025-11-01 10:15:57.043 Created new session for client 136280535593600. Session ID: c89dd61b-72ee-4fdd-9ff0-6c0bf3e3c80e
2025-11-01 10:15:57 [STREAM] 2025-11-01 10:15:57.043 Runtime state: RuntimeState.ONE_OR_MORE_SESSIONS_CONNECTED -> RuntimeState.ONE_OR_MORE_SESSIONS_CONNECTED
2025-11-01 10:15:57 [STREAM] 2025-11-01 10:15:57.060 AppSession initialized (id=38d3a762-96d6-4a20-a34c-68e16bc8a136)
2025-11-01 10:15:57 [STREAM] 2025-11-01 10:15:57.060 Created new session for client 136280535595904. Session ID: 38d3a762-96d6-4a20-a34c-68e16bc8a136
2025-11-01 10:15:57 [STREAM] 2025-11-01 10:15:57.060 Runtime state: RuntimeState.ONE_OR_MORE_SESSIONS_CONNECTED -> RuntimeState.ONE_OR_MORE_SESSIONS_CONNECTED
2025-11-01 10:15:57 [STREAM] 2025-11-01 10:15:57.077 AppSession initialized (id=0ca4a28d-aa46-48c5-888f-22df15084f70)
2025-11-01 10:15:57 [STREAM] 2025-11-01 10:15:57.077 Created new session for client 136280533959872. Session ID: 0ca4a28d-aa46-48c5-888f-22df15084f70
2025-11-01 10:15:57 [STREAM] 2025-11-01 10:15:57.077 Runtime state: RuntimeState.ONE_OR_MORE_SESSIONS_CONNECTED -> RuntimeState.ONE_OR_MORE_SESSIONS_CONNECTED
2025-11-01 10:15:57 [STREAM] 2025-11-01 10:15:57.094 AppSession initialized (id=762846ac-94ad-4f07-a755-5692d5b8bbd3)
2025-11-01 10:15:57 [STREAM] 2025-11-01 10:15:57.094 Created new session for client 136280533962176. Session ID: 762846ac-94ad-4f07-a755-5692d5b8bbd3
2025-11-01 10:15:57 [STREAM] 2025-11-01 10:15:57.094 Runtime state: RuntimeState.ONE_OR_MORE_SESSIONS_CONNECTED -> RuntimeState.ONE_OR_MORE_SESSIONS_CONNECTED
2025-11-01 10:15:58 [STREAM] 2025-11-01 10:15:58.224 AppSession initialized (id=f98206a5-bf0d-416a-8a4e-f81ede7392bb)
2025-11-01 10:15:58 [STREAM] 2025-11-01 10:15:58.224 Created new session for client 136280533964480. Session ID: f98206a5-bf0d-416a-8a4e-f81ede7392bb
2025-11-01 10:15:58 [STREAM] 2025-11-01 10:15:58.224 Runtime state: RuntimeState.ONE_OR_MORE_SESSIONS_CONNECTED -> RuntimeState.ONE_OR_MORE_SESSIONS_CONNECTED
2025-11-01 10:16:00 [STREAM] 2025-11-01 10:16:00.273 AppSession initialized (id=2daba084-a43d-47f8-a456-20f2559decca)
2025-11-01 10:16:00 [STREAM] 2025-11-01 10:16:00.273 Created new session for client 136280535593792. Session ID: 2daba084-a43d-47f8-a456-20f2559decca
2025-11-01 10:16:00 [STREAM] 2025-11-01 10:16:00.273 Runtime state: RuntimeState.ONE_OR_MORE_SESSIONS_CONNECTED -> RuntimeState.ONE_OR_MORE_SESSIONS_CONNECTED
2025-11-01 10:16:00 [STREAM] 2025-11-01 10:16:00.277 Received the following back message:
2025-11-01 10:16:00 [STREAM] rerun_script {
2025-11-01 10:16:00 [STREAM]   widget_states {
2025-11-01 10:16:00 [STREAM]   }
2025-11-01 10:16:00 [STREAM]   context_info {
2025-11-01 10:16:00 [STREAM]     timezone: "Asia/Bangkok"
2025-11-01 10:16:00 [STREAM]     timezone_offset: -420
2025-11-01 10:16:00 [STREAM]     locale: "en-US"
2025-11-01 10:16:00 [STREAM]     url: "http://localhost:8502/"
2025-11-01 10:16:00 [STREAM]     is_embedded: false
2025-11-01 10:16:00 [STREAM]     color_scheme: "light"
2025-11-01 10:16:00 [STREAM]   }
2025-11-01 10:16:00 [STREAM] }
2025-11-01 10:16:00 [STREAM] 
2025-11-01 10:16:00 [STREAM] 2025-11-01 10:16:00.278 Beginning script thread
2025-11-01 10:16:00 [STREAM] 2025-11-01 10:16:00.279 Running script RerunData(widget_states=, context_info=timezone: "Asia/Bangkok"
2025-11-01 10:16:00 [STREAM] timezone_offset: -420
2025-11-01 10:16:00 [STREAM] locale: "en-US"
2025-11-01 10:16:00 [STREAM] url: "http://localhost:8502/"
2025-11-01 10:16:00 [STREAM] is_embedded: false
2025-11-01 10:16:00 [STREAM] color_scheme: "light"
2025-11-01 10:16:00 [STREAM] )
2025-11-01 10:16:00 [STREAM] 2025-11-01 10:16:00.279 Disconnecting files for session with ID 2daba084-a43d-47f8-a456-20f2559decca
2025-11-01 10:16:00 [STREAM] 2025-11-01 10:16:00.279 Sessions still active: dict_keys([])
2025-11-01 10:16:00 [STREAM] 2025-11-01 10:16:00.280 Files: 0; Sessions with files: 0
2025-11-01 10:16:00 [STREAM] 2025-11-01 10:16:00.327 Script compilation error
2025-11-01 10:16:00 [STREAM] Traceback (most recent call last):
2025-11-01 10:16:00 [STREAM]   File "/home/dzoan/credit-appraisal-agent-poc/.venv/lib/python3.10/site-packages/streamlit/runtime/scriptrunner/script_runner.py", line 571, in _run_script
2025-11-01 10:16:00 [STREAM]     code = self._script_cache.get_bytecode(script_path)
2025-11-01 10:16:00 [STREAM]   File "/home/dzoan/credit-appraisal-agent-poc/.venv/lib/python3.10/site-packages/streamlit/runtime/scriptrunner/script_cache.py", line 72, in get_bytecode
2025-11-01 10:16:00 [STREAM]     filebody = magic.add_magic(filebody, script_path)
2025-11-01 10:16:00 [STREAM]   File "/home/dzoan/credit-appraisal-agent-poc/.venv/lib/python3.10/site-packages/streamlit/runtime/scriptrunner/magic.py", line 45, in add_magic
2025-11-01 10:16:00 [STREAM]     tree = ast.parse(code, script_path, "exec")
2025-11-01 10:16:00 [STREAM]   File "/usr/lib/python3.10/ast.py", line 50, in parse
2025-11-01 10:16:00 [STREAM]     return compile(source, filename, mode, flags,
2025-11-01 10:16:00 [STREAM]   File "/home/dzoan/credit-appraisal-agent-poc/services/ui/app.py", line 2232
2025-11-01 10:16:00 [STREAM]     (.venv) dzoan@AAD-PW0C4YQD:~/credit-appraisal-agent-poc$
2025-11-01 10:16:00 [STREAM]      ^
2025-11-01 10:16:00 [STREAM] SyntaxError: invalid syntax
2025-11-01 10:16:00 [STREAM] 2025-11-01 10:16:00.333 Thread 'MainThread': missing ScriptRunContext! This warning can be ignored when running in bare mode.
2025-11-01 10:17:03 [STREAM] 
2025-11-01 10:17:03 [STREAM] ==> /home/dzoan/credit-appraisal-agent-poc/.logs/api_20251101-101553.log <==
2025-11-01 10:17:03 [STREAM] INFO:     Stopping reloader process [540408]
2025-11-01 10:17:03 [STREAM] 
2025-11-01 10:17:03 [STREAM] ==> /home/dzoan/credit-appraisal-agent-poc/.logs/ui_20251101-101553.log <==
2025-11-01 10:17:03 [STREAM]   Stopping...
2025-11-01 10:17:03 [STREAM] 2025-11-01 10:17:03.584 Runtime stopping...
2025-11-01 10:17:03 [STREAM] 2025-11-01 10:17:03.584 Runtime state: RuntimeState.ONE_OR_MORE_SESSIONS_CONNECTED -> RuntimeState.STOPPING
2025-11-01 10:17:03 [STREAM] 2025-11-01 10:17:03.585 Shutting down (id=e8a3efa5-a8ff-49e6-b3d5-ea55a19166ce)
2025-11-01 10:17:03 [STREAM] 2025-11-01 10:17:03.585 Disconnecting files for session with ID e8a3efa5-a8ff-49e6-b3d5-ea55a19166ce
2025-11-01 10:17:03 [STREAM] 2025-11-01 10:17:03.585 Sessions still active: dict_keys([])
2025-11-01 10:17:03 [STREAM] 2025-11-01 10:17:03.585 Files: 0; Sessions with files: 0
2025-11-01 10:17:03 [STREAM] 2025-11-01 