==> /home/dzoan/credit-appraisal-agent-poc/.logs/api_20251101-115242.log <==

==> /home/dzoan/credit-appraisal-agent-poc/.logs/ui_20251101-115242.log <==

==> /home/dzoan/credit-appraisal-agent-poc/.logs/api_20251101-115242.log <==
INFO:     Will watch for changes in these directories: ['/home/dzoan/credit-appraisal-agent-poc']
INFO:     Uvicorn running on http://0.0.0.0:8090 (Press CTRL+C to quit)
INFO:     Started reloader process [578446] using WatchFiles

==> /home/dzoan/credit-appraisal-agent-poc/.logs/ui_20251101-115242.log <==

  You can now view your Streamlit app in your browser.

  URL: http://0.0.0.0:8502


==> /home/dzoan/credit-appraisal-agent-poc/.logs/api_20251101-115242.log <==
INFO:     Started server process [578456]
INFO:     Waiting for application startup.
INFO:     Application startup complete.
INFO:     127.0.0.1:55750 - "GET /docs HTTP/1.1" 200 OK
INFO:     127.0.0.1:55750 - "GET /openapi.json HTTP/1.1" 200 OK
INFO:     127.0.0.1:55748 - "GET /v1/agents HTTP/1.1" 200 OK
INFO:     127.0.0.1:55766 - "POST /v1/agents/credit_appraisal/run HTTP/1.1" 200 OK
INFO:     127.0.0.1:48330 - "GET /v1/runs/credit_appraisal_20251101T045321Z_1f29b0d0%22/report?format=csv HTTP/1.1" 404 Not Found
INFO:     127.0.0.1:48344 - "GET /v1/runs/credit_appraisal_20251101T045321Z_1f29b0d0/report?format=csv HTTP/1.1" 200 OK
INFO:     127.0.0.1:46446 - "GET /docs HTTP/1.1" 200 OK
INFO:     127.0.0.1:46446 - "GET /openapi.json HTTP/1.1" 200 OK
INFO:     127.0.0.1:56424 - "GET /v1/training/production_meta HTTP/1.1" 200 OK
INFO:     127.0.0.1:56438 - "GET /v1/training/production_meta HTTP/1.1" 200 OK

==> /home/dzoan/credit-appraisal-agent-poc/.logs/ui_20251101-115242.log <==
2025-11-01 11:54:51 DEBUG [urllib3.connectionpool] Starting new HTTP connection (1): localhost:8090
2025-11-01 11:54:51 DEBUG [urllib3.connectionpool] http://localhost:8090 "GET /v1/training/production_meta HTTP/1.1" 200 246
2025-11-01 11:54:51 DEBUG [urllib3.connectionpool] Starting new HTTP connection (1): localhost:8090
2025-11-01 11:54:51 DEBUG [urllib3.connectionpool] http://localhost:8090 "GET /v1/training/production_meta HTTP/1.1" 200 246
2025-11-01 11:54:53.396 Please replace `use_container_width` with `width`.

`use_container_width` will be removed after 2025-12-31.

For `use_container_width=True`, use `width='stretch'`. For `use_container_width=False`, use `width='content'`.

==> /home/dzoan/credit-appraisal-agent-poc/.logs/api_20251101-115242.log <==
INFO:     127.0.0.1:56440 - "GET /v1/training/production_meta HTTP/1.1" 200 OK
INFO:     127.0.0.1:56450 - "GET /v1/training/production_meta HTTP/1.1" 200 OK

==> /home/dzoan/credit-appraisal-agent-poc/.logs/ui_20251101-115242.log <==
2025-11-01 11:54:53 DEBUG [urllib3.connectionpool] Starting new HTTP connection (1): localhost:8090
2025-11-01 11:54:53 DEBUG [urllib3.connectionpool] http://localhost:8090 "GET /v1/training/production_meta HTTP/1.1" 200 246
2025-11-01 11:54:53 DEBUG [urllib3.connectionpool] Starting new HTTP connection (1): localhost:8090
2025-11-01 11:54:53 DEBUG [urllib3.connectionpool] http://localhost:8090 "GET /v1/training/production_meta HTTP/1.1" 200 246

==> /home/dzoan/credit-appraisal-agent-poc/.logs/api_20251101-115242.log <==
INFO:     127.0.0.1:57248 - "GET /v1/training/production_meta HTTP/1.1" 200 OK
INFO:     127.0.0.1:57262 - "GET /v1/training/production_meta HTTP/1.1" 200 OK

==> /home/dzoan/credit-appraisal-agent-poc/.logs/ui_20251101-115242.log <==
2025-11-01 11:54:55 DEBUG [urllib3.connectionpool] Starting new HTTP connection (1): localhost:8090
2025-11-01 11:54:55 DEBUG [urllib3.connectionpool] http://localhost:8090 "GET /v1/training/production_meta HTTP/1.1" 200 246
2025-11-01 11:54:55 DEBUG [urllib3.connectionpool] Starting new HTTP connection (1): localhost:8090
2025-11-01 11:54:55 DEBUG [urllib3.connectionpool] http://localhost:8090 "GET /v1/training/production_meta HTTP/1.1" 200 246

==> /home/dzoan/credit-appraisal-agent-poc/.logs/api_20251101-115242.log <==
INFO:     127.0.0.1:57274 - "GET /v1/training/production_meta HTTP/1.1" 200 OK
INFO:     127.0.0.1:57290 - "GET /v1/training/production_meta HTTP/1.1" 200 OK

==> /home/dzoan/credit-appraisal-agent-poc/.logs/ui_20251101-115242.log <==
2025-11-01 11:55:02 DEBUG [urllib3.connectionpool] Starting new HTTP connection (1): localhost:8090
2025-11-01 11:55:02 DEBUG [urllib3.connectionpool] http://localhost:8090 "GET /v1/training/production_meta HTTP/1.1" 200 246
2025-11-01 11:55:02 DEBUG [urllib3.connectionpool] Starting new HTTP connection (1): localhost:8090
2025-11-01 11:55:02 DEBUG [urllib3.connectionpool] http://localhost:8090 "GET /v1/training/production_meta HTTP/1.1" 200 246

==> /home/dzoan/credit-appraisal-agent-poc/.logs/api_20251101-115242.log <==
INFO:     127.0.0.1:57300 - "GET /v1/training/production_meta HTTP/1.1" 200 OK

==> /home/dzoan/credit-appraisal-agent-poc/.logs/ui_20251101-115242.log <==
2025-11-01 11:55:04 DEBUG [urllib3.connectionpool] Starting new HTTP connection (1): localhost:8090
2025-11-01 11:55:04 DEBUG [urllib3.connectionpool] http://localhost:8090 "GET /v1/training/production_meta HTTP/1.1" 200 246

==> /home/dzoan/credit-appraisal-agent-poc/.logs/api_20251101-115242.log <==
INFO:     127.0.0.1:57308 - "POST /v1/agents/credit_appraisal/run HTTP/1.1" 200 OK
INFO:     127.0.0.1:57322 - "GET /v1/runs/credit_appraisal_20251101T045504Z_f95bb929/report?format=csv HTTP/1.1" 200 OK
INFO:     127.0.0.1:58248 - "GET /v1/training/production_meta HTTP/1.1" 200 OK

==> /home/dzoan/credit-appraisal-agent-poc/.logs/ui_20251101-115242.log <==
2025-11-01 11:55:04 DEBUG [urllib3.connectionpool] Starting new HTTP connection (1): localhost:8090
2025-11-01 11:55:04 DEBUG [urllib3.connectionpool] http://localhost:8090 "POST /v1/agents/credit_appraisal/run HTTP/1.1" 200 143918
2025-11-01 11:55:04 DEBUG [urllib3.connectionpool] Starting new HTTP connection (1): localhost:8090
2025-11-01 11:55:04 DEBUG [urllib3.connectionpool] http://localhost:8090 "GET /v1/runs/credit_appraisal_20251101T045504Z_f95bb929/report?format=csv HTTP/1.1" 200 None
2025-11-01 11:55:04.547 Please replace `use_container_width` with `width`.

`use_container_width` will be removed after 2025-12-31.

For `use_container_width=True`, use `width='stretch'`. For `use_container_width=False`, use `width='content'`.
2025-11-01 11:55:04.862 Please replace `use_container_width` with `width`.

`use_container_width` will be removed after 2025-12-31.

For `use_container_width=True`, use `width='stretch'`. For `use_container_width=False`, use `width='content'`.
2025-11-01 11:55:04.903 Please replace `use_container_width` with `width`.

`use_container_width` will be removed after 2025-12-31.

For `use_container_width=True`, use `width='stretch'`. For `use_container_width=False`, use `width='content'`.
2025-11-01 11:55:05.254 Please replace `use_container_width` with `width`.

`use_container_width` will be removed after 2025-12-31.

For `use_container_width=True`, use `width='stretch'`. For `use_container_width=False`, use `width='content'`.
2025-11-01 11:55:05.257 Please replace `use_container_width` with `width`.

`use_container_width` will be removed after 2025-12-31.

For `use_container_width=True`, use `width='stretch'`. For `use_container_width=False`, use `width='content'`.
2025-11-01 11:55:05.277 Please replace `use_container_width` with `width`.

`use_container_width` will be removed after 2025-12-31.

For `use_container_width=True`, use `width='stretch'`. For `use_container_width=False`, use `width='content'`.
2025-11-01 11:55:05 DEBUG [urllib3.connectionpool] Starting new HTTP connection (1): localhost:8090
2025-11-01 11:55:05 DEBUG [urllib3.connectionpool] http://localhost:8090 "GET /v1/training/production_meta HTTP/1.1" 200 246

==> /home/dzoan/credit-appraisal-agent-poc/.logs/api_20251101-115242.log <==
INFO:     127.0.0.1:58180 - "GET /v1/training/production_meta HTTP/1.1" 200 OK
INFO:     127.0.0.1:58186 - "GET /v1/training/production_meta HTTP/1.1" 200 OK

==> /home/dzoan/credit-appraisal-agent-poc/.logs/ui_20251101-115242.log <==
2025-11-01 11:55:32.921 Please replace `use_container_width` with `width`.

`use_container_width` will be removed after 2025-12-31.

For `use_container_width=True`, use `width='stretch'`. For `use_container_width=False`, use `width='content'`.
2025-11-01 11:55:32 DEBUG [urllib3.connectionpool] Starting new HTTP connection (1): localhost:8090
2025-11-01 11:55:32 DEBUG [urllib3.connectionpool] http://localhost:8090 "GET /v1/training/production_meta HTTP/1.1" 200 246
2025-11-01 11:55:32.953 Please replace `use_container_width` with `width`.

`use_container_width` will be removed after 2025-12-31.

For `use_container_width=True`, use `width='stretch'`. For `use_container_width=False`, use `width='content'`.
2025-11-01 11:55:32 DEBUG [urllib3.connectionpool] Starting new HTTP connection (1): localhost:8090
2025-11-01 11:55:32 DEBUG [urllib3.connectionpool] http://localhost:8090 "GET /v1/training/production_meta HTTP/1.1" 200 246

==> /home/dzoan/credit-appraisal-agent-poc/.logs/api_20251101-115242.log <==
INFO:     127.0.0.1:60214 - "GET /v1/training/production_meta HTTP/1.1" 200 OK
INFO:     127.0.0.1:60228 - "GET /v1/training/production_meta HTTP/1.1" 200 OK

==> /home/dzoan/credit-appraisal-agent-poc/.logs/ui_20251101-115242.log <==
2025-11-01 11:55:34 DEBUG [urllib3.connectionpool] Starting new HTTP connection (1): localhost:8090
2025-11-01 11:55:34 DEBUG [urllib3.connectionpool] http://localhost:8090 "GET /v1/training/production_meta HTTP/1.1" 200 246
2025-11-01 11:55:34.953 Please replace `use_container_width` with `width`.

`use_container_width` will be removed after 2025-12-31.

For `use_container_width=True`, use `width='stretch'`. For `use_container_width=False`, use `width='content'`.
2025-11-01 11:55:34 DEBUG [urllib3.connectionpool] Starting new HTTP connection (1): localhost:8090
2025-11-01 11:55:34 DEBUG [urllib3.connectionpool] http://localhost:8090 "GET /v1/training/production_meta HTTP/1.1" 200 246

==> /home/dzoan/credit-appraisal-agent-poc/.logs/api_20251101-115242.log <==
INFO:     127.0.0.1:60232 - "GET /v1/training/production_meta HTTP/1.1" 200 OK
INFO:     127.0.0.1:60240 - "GET /v1/training/production_meta HTTP/1.1" 200 OK

==> /home/dzoan/credit-appraisal-agent-poc/.logs/ui_20251101-115242.log <==
2025-11-01 11:55:40.138 Please replace `use_container_width` with `width`.

`use_container_width` will be removed after 2025-12-31.

For `use_container_width=True`, use `width='stretch'`. For `use_container_width=False`, use `width='content'`.
2025-11-01 11:55:40 DEBUG [urllib3.connectionpool] Starting new HTTP connection (1): localhost:8090
2025-11-01 11:55:40 DEBUG [urllib3.connectionpool] http://localhost:8090 "GET /v1/training/production_meta HTTP/1.1" 200 246
2025-11-01 11:55:40.221 Please replace `use_container_width` with `width`.

`use_container_width` will be removed after 2025-12-31.

For `use_container_width=True`, use `width='stretch'`. For `use_container_width=False`, use `width='content'`.
2025-11-01 11:55:40 DEBUG [urllib3.connectionpool] Starting new HTTP connection (1): localhost:8090
2025-11-01 11:55:40 DEBUG [urllib3.connectionpool] http://localhost:8090 "GET /v1/training/production_meta HTTP/1.1" 200 246

==> /home/dzoan/credit-appraisal-agent-poc/.logs/api_20251101-115242.log <==
INFO:     127.0.0.1:60244 - "GET /v1/training/production_meta HTTP/1.1" 200 OK

==> /home/dzoan/credit-appraisal-agent-poc/.logs/ui_20251101-115242.log <==
2025-11-01 11:55:43 DEBUG [urllib3.connectionpool] Starting new HTTP connection (1): localhost:8090
2025-11-01 11:55:43 DEBUG [urllib3.connectionpool] http://localhost:8090 "GET /v1/training/production_meta HTTP/1.1" 200 246
2025-11-01 11:55:43.407 Please replace `use_container_width` with `width`.

`use_container_width` will be removed after 2025-12-31.

For `use_container_width=True`, use `width='stretch'`. For `use_container_width=False`, use `width='content'`.

==> /home/dzoan/credit-appraisal-agent-poc/.logs/api_20251101-115242.log <==
INFO:     127.0.0.1:60254 - "GET /v1/training/production_meta HTTP/1.1" 200 OK

==> /home/dzoan/credit-appraisal-agent-poc/.logs/ui_20251101-115242.log <==
2025-11-01 11:55:43 DEBUG [urllib3.connectionpool] Starting new HTTP connection (1): localhost:8090
2025-11-01 11:55:43 DEBUG [urllib3.connectionpool] http://localhost:8090 "GET /v1/training/production_meta HTTP/1.1" 200 246
2025-11-01 11:55:54.384 Please replace `use_container_width` with `width`.

`use_container_width` will be removed after 2025-12-31.

For `use_container_width=True`, use `width='stretch'`. For `use_container_width=False`, use `width='content'`.
2025-11-01 11:55:54.406 Please replace `use_container_width` with `width`.

`use_container_width` will be removed after 2025-12-31.

For `use_container_width=True`, use `width='stretch'`. For `use_container_width=False`, use `width='content'`.

==> /home/dzoan/credit-appraisal-agent-poc/.logs/api_20251101-115242.log <==
INFO:     127.0.0.1:56824 - "GET /v1/training/production_meta HTTP/1.1" 200 OK
INFO:     127.0.0.1:56832 - "GET /v1/training/production_meta HTTP/1.1" 200 OK

==> /home/dzoan/credit-appraisal-agent-poc/.logs/ui_20251101-115242.log <==
2025-11-01 11:55:54 DEBUG [urllib3.connectionpool] Starting new HTTP connection (1): localhost:8090
2025-11-01 11:55:54 DEBUG [urllib3.connectionpool] http://localhost:8090 "GET /v1/training/production_meta HTTP/1.1" 200 246
2025-11-01 11:55:54.472 Please replace `use_container_width` with `width`.

`use_container_width` will be removed after 2025-12-31.

For `use_container_width=True`, use `width='stretch'`. For `use_container_width=False`, use `width='content'`.
2025-11-01 11:55:54 DEBUG [urllib3.connectionpool] Starting new HTTP connection (1): localhost:8090
2025-11-01 11:55:54 DEBUG [urllib3.connectionpool] http://localhost:8090 "GET /v1/training/production_meta HTTP/1.1" 200 246

==> /home/dzoan/credit-appraisal-agent-poc/.logs/api_20251101-115242.log <==
INFO:     127.0.0.1:48426 - "GET /v1/training/production_meta HTTP/1.1" 200 OK
INFO:     127.0.0.1:48430 - "GET /v1/training/production_meta HTTP/1.1" 200 OK

==> /home/dzoan/credit-appraisal-agent-poc/.logs/ui_20251101-115242.log <==
2025-11-01 11:55:57.585 Please replace `use_container_width` with `width`.

`use_container_width` will be removed after 2025-12-31.

For `use_container_width=True`, use `width='stretch'`. For `use_container_width=False`, use `width='content'`.
2025-11-01 11:55:57.632 Please replace `use_container_width` with `width`.

`use_container_width` will be removed after 2025-12-31.

For `use_container_width=True`, use `width='stretch'`. For `use_container_width=False`, use `width='content'`.
2025-11-01 11:55:57 DEBUG [urllib3.connectionpool] Starting new HTTP connection (1): localhost:8090
2025-11-01 11:55:57 DEBUG [urllib3.connectionpool] http://localhost:8090 "GET /v1/training/production_meta HTTP/1.1" 200 246
2025-11-01 11:55:57.738 Please replace `use_container_width` with `width`.

`use_container_width` will be removed after 2025-12-31.

For `use_container_width=True`, use `width='stretch'`. For `use_container_width=False`, use `width='content'`.
2025-11-01 11:55:57 DEBUG [urllib3.connectionpool] Starting new HTTP connection (1): localhost:8090
2025-11-01 11:55:57 DEBUG [urllib3.connectionpool] http://localhost:8090 "GET /v1/training/production_meta HTTP/1.1" 200 246

==> /home/dzoan/credit-appraisal-agent-poc/.logs/api_20251101-115242.log <==
INFO:     127.0.0.1:43222 - "GET /v1/training/production_meta HTTP/1.1" 200 OK
INFO:     127.0.0.1:43228 - "POST /v1/agents/credit_appraisal/run HTTP/1.1" 200 OK
INFO:     127.0.0.1:43230 - "GET /v1/runs/credit_appraisal_20251101T045607Z_c685bcde/report?format=csv HTTP/1.1" 200 OK

==> /home/dzoan/credit-appraisal-agent-poc/.logs/ui_20251101-115242.log <==
2025-11-01 11:56:07.010 Please replace `use_container_width` with `width`.

`use_container_width` will be removed after 2025-12-31.

For `use_container_width=True`, use `width='stretch'`. For `use_container_width=False`, use `width='content'`.
2025-11-01 11:56:07.032 Please replace `use_container_width` with `width`.

`use_container_width` will be removed after 2025-12-31.

For `use_container_width=True`, use `width='stretch'`. For `use_container_width=False`, use `width='content'`.
2025-11-01 11:56:07 DEBUG [urllib3.connectionpool] Starting new HTTP connection (1): localhost:8090
2025-11-01 11:56:07 DEBUG [urllib3.connectionpool] http://localhost:8090 "GET /v1/training/production_meta HTTP/1.1" 200 246
2025-11-01 11:56:07 DEBUG [urllib3.connectionpool] Starting new HTTP connection (1): localhost:8090
2025-11-01 11:56:07 DEBUG [urllib3.connectionpool] http://localhost:8090 "POST /v1/agents/credit_appraisal/run HTTP/1.1" 200 143918
2025-11-01 11:56:07 DEBUG [urllib3.connectionpool] Starting new HTTP connection (1): localhost:8090
2025-11-01 11:56:07 DEBUG [urllib3.connectionpool] http://localhost:8090 "GET /v1/runs/credit_appraisal_20251101T045607Z_c685bcde/report?format=csv HTTP/1.1" 200 None
2025-11-01 11:56:07.266 Please replace `use_container_width` with `width`.

`use_container_width` will be removed after 2025-12-31.

For `use_container_width=True`, use `width='stretch'`. For `use_container_width=False`, use `width='content'`.

==> /home/dzoan/credit-appraisal-agent-poc/.logs/api_20251101-115242.log <==
INFO:     127.0.0.1:43238 - "GET /v1/training/production_meta HTTP/1.1" 200 OK

==> /home/dzoan/credit-appraisal-agent-poc/.logs/ui_20251101-115242.log <==
2025-11-01 11:56:07.425 Please replace `use_container_width` with `width`.

`use_container_width` will be removed after 2025-12-31.

For `use_container_width=True`, use `width='stretch'`. For `use_container_width=False`, use `width='content'`.
2025-11-01 11:56:07.451 Please replace `use_container_width` with `width`.

`use_container_width` will be removed after 2025-12-31.

For `use_container_width=True`, use `width='stretch'`. For `use_container_width=False`, use `width='content'`.
2025-11-01 11:56:07.726 Please replace `use_container_width` with `width`.

`use_container_width` will be removed after 2025-12-31.

For `use_container_width=True`, use `width='stretch'`. For `use_container_width=False`, use `width='content'`.
2025-11-01 11:56:07.732 Please replace `use_container_width` with `width`.

`use_container_width` will be removed after 2025-12-31.

For `use_container_width=True`, use `width='stretch'`. For `use_container_width=False`, use `width='content'`.
2025-11-01 11:56:07.755 Please replace `use_container_width` with `width`.

`use_container_width` will be removed after 2025-12-31.

For `use_container_width=True`, use `width='stretch'`. For `use_container_width=False`, use `width='content'`.
2025-11-01 11:56:07 DEBUG [urllib3.connectionpool] Starting new HTTP connection (1): localhost:8090
2025-11-01 11:56:07 DEBUG [urllib3.connectionpool] http://localhost:8090 "GET /v1/training/production_meta HTTP/1.1" 200 246
  Stopping...

==> /home/dzoan/credit-appraisal-agent-poc/.logs/api_20251101-115242.log <==
INFO:     Shutting down
INFO:     Waiting for application shutdown.
INFO:     Application shutdown complete.
INFO:     Finished server process [578456]
INFO:     Stopping reloader process [578446]
