==> /home/dzoan/credit-appraisal-agent-poc/.logs/api_20251029-163859.log <==

==> /home/dzoan/credit-appraisal-agent-poc/.logs/ui_20251029-163859.log <==

==> /home/dzoan/credit-appraisal-agent-poc/.logs/api_20251029-163859.log <==
INFO:     Will watch for changes in these directories: ['/home/dzoan/credit-appraisal-agent-poc/services/ui']
INFO:     Uvicorn running on http://0.0.0.0:8090 (Press CTRL+C to quit)
INFO:     Started reloader process [533098] using WatchFiles

==> /home/dzoan/credit-appraisal-agent-poc/.logs/ui_20251029-163859.log <==

      👋 Welcome to Streamlit!

      If you'd like to receive helpful onboarding emails, news, offers, promotions,
      and the occasional swag, please enter your email address below. Otherwise,
      leave this field blank.

      Email:  2025-10-29 16:39:02.921 

==> /home/dzoan/credit-appraisal-agent-poc/.logs/api_20251029-163859.log <==
INFO:     Started server process [533108]
INFO:     Waiting for application startup.
INFO:     Application startup complete.
INFO:     Shutting down
INFO:     Waiting for application shutdown.
INFO:     Application shutdown complete.
INFO:     Finished server process [533108]
INFO:     Stopping reloader process [533098]
