==> /home/dzoan/credit-appraisal-agent-poc/.logs/api_20251025-000846.log <==

==> /home/dzoan/credit-appraisal-agent-poc/.logs/ui_20251025-000846.log <==

==> /home/dzoan/credit-appraisal-agent-poc/.logs/api_20251025-000846.log <==
INFO:     Will watch for changes in these directories: ['/home/dzoan/credit-appraisal-agent-poc']
INFO:     Uvicorn running on http://0.0.0.0:8090 (Press CTRL+C to quit)
INFO:     Started reloader process [58254] using WatchFiles

==> /home/dzoan/credit-appraisal-agent-poc/.logs/ui_20251025-000846.log <==

  You can now view your Streamlit app in your browser.

  URL: http://0.0.0.0:8502


==> /home/dzoan/credit-appraisal-agent-poc/.logs/api_20251025-000846.log <==
INFO:     Started server process [58264]
INFO:     Waiting for application startup.
INFO:     Application startup complete.
INFO:     127.0.0.1:53030 - "GET /v1/training/production_meta HTTP/1.1" 200 OK
INFO:     127.0.0.1:53046 - "GET /v1/training/production_meta HTTP/1.1" 200 OK
INFO:     127.0.0.1:35798 - "GET /v1/training/production_meta HTTP/1.1" 200 OK
INFO:     127.0.0.1:35802 - "GET /v1/training/production_meta HTTP/1.1" 200 OK
INFO:     127.0.0.1:35810 - "GET /v1/training/production_meta HTTP/1.1" 200 OK
INFO:     127.0.0.1:56988 - "GET /v1/training/production_meta HTTP/1.1" 200 OK
INFO:     127.0.0.1:56994 - "GET /v1/training/production_meta HTTP/1.1" 200 OK
INFO:     127.0.0.1:37772 - "GET /v1/training/production_meta HTTP/1.1" 200 OK
INFO:     127.0.0.1:37788 - "GET /v1/training/production_meta HTTP/1.1" 200 OK
INFO:     127.0.0.1:37792 - "GET /v1/training/production_meta HTTP/1.1" 200 OK
/home/dzoan/credit-appraisal-agent-poc/.venv/lib/python3.10/site-packages/sklearn/base.py:493: UserWarning: X does not have valid feature names, but StandardScaler was fitted with feature names
  warnings.warn(
INFO:     127.0.0.1:37798 - "POST /v1/agents/credit_appraisal/run HTTP/1.1" 200 OK
INFO:     127.0.0.1:37800 - "GET /v1/runs/run_1761325776/report?format=csv HTTP/1.1" 200 OK

==> /home/dzoan/credit-appraisal-agent-poc/.logs/ui_20251025-000846.log <==
2025-10-25 00:09:36.862 Please replace `use_container_width` with `width`.

`use_container_width` will be removed after 2025-12-31.

For `use_container_width=True`, use `width='stretch'`. For `use_container_width=False`, use `width='content'`.
2025-10-25 00:09:37.589 Please replace `use_container_width` with `width`.

`use_container_width` will be removed after 2025-12-31.

For `use_container_width=True`, use `width='stretch'`. For `use_container_width=False`, use `width='content'`.
2025-10-25 00:09:37.617 Please replace `use_container_width` with `width`.

`use_container_width` will be removed after 2025-12-31.

For `use_container_width=True`, use `width='stretch'`. For `use_container_width=False`, use `width='content'`.
2025-10-25 00:09:37.910 Please replace `use_container_width` with `width`.

`use_container_width` will be removed after 2025-12-31.

For `use_container_width=True`, use `width='stretch'`. For `use_container_width=False`, use `width='content'`.
2025-10-25 00:09:37.916 Please replace `use_container_width` with `width`.

`use_container_width` will be removed after 2025-12-31.

For `use_container_width=True`, use `width='stretch'`. For `use_container_width=False`, use `width='content'`.
2025-10-25 00:09:37.929 Please replace `use_container_width` with `width`.

`use_container_width` will be removed after 2025-12-31.

For `use_container_width=True`, use `width='stretch'`. For `use_container_width=False`, use `width='content'`.

==> /home/dzoan/credit-appraisal-agent-poc/.logs/api_20251025-000846.log <==
INFO:     127.0.0.1:34126 - "GET /v1/training/production_meta HTTP/1.1" 200 OK
INFO:     127.0.0.1:34340 - "GET /v1/training/production_meta HTTP/1.1" 200 OK

==> /home/dzoan/credit-appraisal-agent-poc/.logs/ui_20251025-000846.log <==
2025-10-25 00:09:47.754 Please replace `use_container_width` with `width`.

`use_container_width` will be removed after 2025-12-31.

For `use_container_width=True`, use `width='stretch'`. For `use_container_width=False`, use `width='content'`.

==> /home/dzoan/credit-appraisal-agent-poc/.logs/api_20251025-000846.log <==
INFO:     127.0.0.1:34352 - "GET /v1/training/production_meta HTTP/1.1" 200 OK
INFO:     127.0.0.1:36176 - "GET /v1/training/production_meta HTTP/1.1" 200 OK

==> /home/dzoan/credit-appraisal-agent-poc/.logs/ui_20251025-000846.log <==
2025-10-25 00:10:02.491 Please replace `use_container_width` with `width`.

`use_container_width` will be removed after 2025-12-31.

For `use_container_width=True`, use `width='stretch'`. For `use_container_width=False`, use `width='content'`.

==> /home/dzoan/credit-appraisal-agent-poc/.logs/api_20251025-000846.log <==
INFO:     127.0.0.1:36182 - "GET /v1/training/production_meta HTTP/1.1" 200 OK
INFO:     127.0.0.1:43530 - "GET /v1/training/production_meta HTTP/1.1" 200 OK

==> /home/dzoan/credit-appraisal-agent-poc/.logs/ui_20251025-000846.log <==
2025-10-25 00:10:06.653 Please replace `use_container_width` with `width`.

`use_container_width` will be removed after 2025-12-31.

For `use_container_width=True`, use `width='stretch'`. For `use_container_width=False`, use `width='content'`.

==> /home/dzoan/credit-appraisal-agent-poc/.logs/api_20251025-000846.log <==
INFO:     127.0.0.1:43532 - "GET /v1/training/production_meta HTTP/1.1" 200 OK
INFO:     127.0.0.1:43542 - "GET /v1/training/production_meta HTTP/1.1" 200 OK

==> /home/dzoan/credit-appraisal-agent-poc/.logs/ui_20251025-000846.log <==
2025-10-25 00:10:07.831 Please replace `use_container_width` with `width`.

`use_container_width` will be removed after 2025-12-31.

For `use_container_width=True`, use `width='stretch'`. For `use_container_width=False`, use `width='content'`.

==> /home/dzoan/credit-appraisal-agent-poc/.logs/api_20251025-000846.log <==
INFO:     127.0.0.1:43554 - "GET /v1/training/production_meta HTTP/1.1" 200 OK
INFO:     127.0.0.1:43564 - "GET /v1/training/production_meta HTTP/1.1" 200 OK

==> /home/dzoan/credit-appraisal-agent-poc/.logs/ui_20251025-000846.log <==
2025-10-25 00:10:09.187 Please replace `use_container_width` with `width`.

`use_container_width` will be removed after 2025-12-31.

For `use_container_width=True`, use `width='stretch'`. For `use_container_width=False`, use `width='content'`.

==> /home/dzoan/credit-appraisal-agent-poc/.logs/api_20251025-000846.log <==
INFO:     127.0.0.1:43566 - "GET /v1/training/production_meta HTTP/1.1" 200 OK
INFO:     127.0.0.1:45924 - "GET /v1/training/production_meta HTTP/1.1" 200 OK

==> /home/dzoan/credit-appraisal-agent-poc/.logs/ui_20251025-000846.log <==
2025-10-25 00:10:25.876 Please replace `use_container_width` with `width`.

`use_container_width` will be removed after 2025-12-31.

For `use_container_width=True`, use `width='stretch'`. For `use_container_width=False`, use `width='content'`.

==> /home/dzoan/credit-appraisal-agent-poc/.logs/api_20251025-000846.log <==
INFO:     127.0.0.1:45940 - "GET /v1/training/production_meta HTTP/1.1" 200 OK
INFO:     127.0.0.1:45944 - "GET /v1/training/production_meta HTTP/1.1" 200 OK

==> /home/dzoan/credit-appraisal-agent-poc/.logs/ui_20251025-000846.log <==
2025-10-25 00:10:27.321 Please replace `use_container_width` with `width`.

`use_container_width` will be removed after 2025-12-31.

For `use_container_width=True`, use `width='stretch'`. For `use_container_width=False`, use `width='content'`.

==> /home/dzoan/credit-appraisal-agent-poc/.logs/api_20251025-000846.log <==
/home/dzoan/credit-appraisal-agent-poc/agents/credit_appraisal/model_utils.py:150: FutureWarning: errors='ignore' is deprecated and will raise in a future version. Use to_numeric without passing `errors` and catch exceptions explicitly instead
  out[c] = pd.to_numeric(out[c], errors="ignore")
INFO:     127.0.0.1:45946 - "POST /v1/training/train HTTP/1.1" 200 OK
INFO:     127.0.0.1:45952 - "GET /v1/training/production_meta HTTP/1.1" 200 OK
INFO:     127.0.0.1:45968 - "GET /v1/training/production_meta HTTP/1.1" 200 OK

==> /home/dzoan/credit-appraisal-agent-poc/.logs/ui_20251025-000846.log <==
2025-10-25 00:10:28.774 Please replace `use_container_width` with `width`.

`use_container_width` will be removed after 2025-12-31.

For `use_container_width=True`, use `width='stretch'`. For `use_container_width=False`, use `width='content'`.

==> /home/dzoan/credit-appraisal-agent-poc/.logs/api_20251025-000846.log <==
INFO:     127.0.0.1:45980 - "POST /v1/training/promote HTTP/1.1" 200 OK
INFO:     127.0.0.1:45988 - "GET /v1/training/production_meta HTTP/1.1" 200 OK

==> /home/dzoan/credit-appraisal-agent-poc/.logs/ui_20251025-000846.log <==
  Stopping...

==> /home/dzoan/credit-appraisal-agent-poc/.logs/api_20251025-000846.log <==
INFO:     Shutting down
INFO:     Waiting for application shutdown.
INFO:     Application shutdown complete.
INFO:     Finished server process [58264]
INFO:     Stopping reloader process [58254]
