==> /home/dzoan/credit-appraisal-agent-poc/.logs/api_20251031-110418.log <==

==> /home/dzoan/credit-appraisal-agent-poc/.logs/ui_20251031-110418.log <==

==> /home/dzoan/credit-appraisal-agent-poc/.logs/api_20251031-110418.log <==
INFO:     Will watch for changes in these directories: ['/home/dzoan/credit-appraisal-agent-poc']
INFO:     Uvicorn running on http://0.0.0.0:8090 (Press CTRL+C to quit)
INFO:     Started reloader process [370674] using WatchFiles

==> /home/dzoan/credit-appraisal-agent-poc/.logs/ui_20251031-110418.log <==

  You can now view your Streamlit app in your browser.

  URL: http://0.0.0.0:8502


==> /home/dzoan/credit-appraisal-agent-poc/.logs/api_20251031-110418.log <==
INFO:     Started server process [370684]
INFO:     Waiting for application startup.
INFO:     Application startup complete.
INFO:     127.0.0.1:58154 - "GET /v1/training/production_meta HTTP/1.1" 200 OK
INFO:     127.0.0.1:58160 - "GET /v1/training/production_meta HTTP/1.1" 200 OK
INFO:     127.0.0.1:42022 - "POST /v1/agents/asset_appraisal/run HTTP/1.1" 404 Not Found

==> /home/dzoan/credit-appraisal-agent-poc/.logs/ui_20251031-110418.log <==
2025-10-31 11:04:47.036 Please replace `use_container_width` with `width`.

`use_container_width` will be removed after 2025-12-31.

For `use_container_width=True`, use `width='stretch'`. For `use_container_width=False`, use `width='content'`.

==> /home/dzoan/credit-appraisal-agent-poc/.logs/api_20251031-110418.log <==
INFO:     127.0.0.1:42038 - "POST /v1/agents/asset_appraisal/run HTTP/1.1" 404 Not Found
INFO:     127.0.0.1:52398 - "POST /v1/agents/asset_appraisal/run HTTP/1.1" 404 Not Found

==> /home/dzoan/credit-appraisal-agent-poc/.logs/ui_20251031-110418.log <==
2025-10-31 11:05:03.306 Please replace `use_container_width` with `width`.

`use_container_width` will be removed after 2025-12-31.

For `use_container_width=True`, use `width='stretch'`. For `use_container_width=False`, use `width='content'`.

==> /home/dzoan/credit-appraisal-agent-poc/.logs/api_20251031-110418.log <==
INFO:     127.0.0.1:35942 - "POST /v1/agents/asset_appraisal/run HTTP/1.1" 404 Not Found
INFO:     127.0.0.1:47716 - "POST /v1/agents/asset_appraisal/run HTTP/1.1" 404 Not Found

==> /home/dzoan/credit-appraisal-agent-poc/.logs/ui_20251031-110418.log <==
2025-10-31 11:05:47.445 Please replace `use_container_width` with `width`.

`use_container_width` will be removed after 2025-12-31.

For `use_container_width=True`, use `width='stretch'`. For `use_container_width=False`, use `width='content'`.

==> /home/dzoan/credit-appraisal-agent-poc/.logs/api_20251031-110418.log <==
INFO:     127.0.0.1:47724 - "POST /v1/agents/asset_appraisal/run HTTP/1.1" 404 Not Found

==> /home/dzoan/credit-appraisal-agent-poc/.logs/ui_20251031-110418.log <==
2025-10-31 11:06:13.584 Uncaught app execution
Traceback (most recent call last):
  File "/home/dzoan/credit-appraisal-agent-poc/.venv/lib/python3.10/site-packages/streamlit/runtime/scriptrunner/exec_code.py", line 128, in exec_func_with_error_handling
    result = func()
  File "/home/dzoan/credit-appraisal-agent-poc/.venv/lib/python3.10/site-packages/streamlit/runtime/scriptrunner/script_runner.py", line 667, in code_to_exec
    _mpa_v1(self._main_script_path)
  File "/home/dzoan/credit-appraisal-agent-poc/.venv/lib/python3.10/site-packages/streamlit/runtime/scriptrunner/script_runner.py", line 165, in _mpa_v1
    page.run()
  File "/home/dzoan/credit-appraisal-agent-poc/.venv/lib/python3.10/site-packages/streamlit/navigation/page.py", line 300, in run
    exec(code, module.__dict__)  # noqa: S102
  File "/home/dzoan/credit-appraisal-agent-poc/services/ui/pages/asset_appraisal.py", line 168, in <module>
    st.experimental_rerun()
AttributeError: module 'streamlit' has no attribute 'experimental_rerun'

==> /home/dzoan/credit-appraisal-agent-poc/.logs/api_20251031-110418.log <==
INFO:     127.0.0.1:42708 - "POST /v1/agents/asset_appraisal/run HTTP/1.1" 404 Not Found
INFO:     Shutting down
INFO:     Waiting for application shutdown.
INFO:     Application shutdown complete.
INFO:     Finished server process [370684]

==> /home/dzoan/credit-appraisal-agent-poc/.logs/ui_20251031-110418.log <==
  Stopping...

==> /home/dzoan/credit-appraisal-agent-poc/.logs/api_20251031-110418.log <==
INFO:     Stopping reloader process [370674]
