==> /home/dzoan/credit-appraisal-agent-poc/.logs/api_20251027-161224.log <==

==> /home/dzoan/credit-appraisal-agent-poc/.logs/ui_20251027-161224.log <==

==> /home/dzoan/credit-appraisal-agent-poc/.logs/api_20251027-161224.log <==
INFO:     Will watch for changes in these directories: ['/home/dzoan/credit-appraisal-agent-poc/services/ui']
INFO:     Uvicorn running on http://0.0.0.0:8090 (Press CTRL+C to quit)
INFO:     Started reloader process [319181] using WatchFiles

==> /home/dzoan/credit-appraisal-agent-poc/.logs/ui_20251027-161224.log <==

  You can now view your Streamlit app in your browser.

  URL: http://0.0.0.0:8502


==> /home/dzoan/credit-appraisal-agent-poc/.logs/api_20251027-161224.log <==
INFO:     Started server process [319191]
INFO:     Waiting for application startup.
INFO:     Application startup complete.

==> /home/dzoan/credit-appraisal-agent-poc/.logs/ui_20251027-161224.log <==
2025-10-27 16:12:35.134 Uncaught app execution
Traceback (most recent call last):
  File "/home/dzoan/credit-appraisal-agent-poc/.venv/lib/python3.10/site-packages/streamlit/runtime/scriptrunner/exec_code.py", line 128, in exec_func_with_error_handling
    result = func()
  File "/home/dzoan/credit-appraisal-agent-poc/.venv/lib/python3.10/site-packages/streamlit/runtime/scriptrunner/script_runner.py", line 669, in code_to_exec
    exec(code, module.__dict__)  # noqa: S102
  File "/home/dzoan/credit-appraisal-agent-poc/services/ui/app.py", line 209, in <module>
    st.experimental_rerun()
AttributeError: module 'streamlit' has no attribute 'experimental_rerun'

==> /home/dzoan/credit-appraisal-agent-poc/.logs/api_20251027-161224.log <==
INFO:     Shutting down
INFO:     Waiting for application shutdown.
INFO:     Application shutdown complete.
INFO:     Finished server process [319191]
INFO:     Stopping reloader process [319181]

==> /home/dzoan/credit-appraisal-agent-poc/.logs/ui_20251027-161224.log <==
  Stopping...
