==> /home/dzoan/credit-appraisal-agent-poc/.logs/api_20251026-223351.log <==

==> /home/dzoan/credit-appraisal-agent-poc/.logs/ui_20251026-223351.log <==

==> /home/dzoan/credit-appraisal-agent-poc/.logs/api_20251026-223351.log <==
INFO:     Will watch for changes in these directories: ['/home/dzoan/credit-appraisal-agent-poc/services/ui']
INFO:     Uvicorn running on http://0.0.0.0:8090 (Press CTRL+C to quit)
INFO:     Started reloader process [236306] using WatchFiles

==> /home/dzoan/credit-appraisal-agent-poc/.logs/ui_20251026-223351.log <==

  You can now view your Streamlit app in your browser.

  URL: http://0.0.0.0:8502


==> /home/dzoan/credit-appraisal-agent-poc/.logs/api_20251026-223351.log <==
INFO:     Started server process [236316]
INFO:     Waiting for application startup.
INFO:     Application startup complete.

==> /home/dzoan/credit-appraisal-agent-poc/.logs/ui_20251026-223351.log <==
2025-10-26 22:34:09.246 Please replace `use_container_width` with `width`.

`use_container_width` will be removed after 2025-12-31.

For `use_container_width=True`, use `width='stretch'`. For `use_container_width=False`, use `width='content'`.
2025-10-26 22:34:19.351 Please replace `use_container_width` with `width`.

`use_container_width` will be removed after 2025-12-31.

For `use_container_width=True`, use `width='stretch'`. For `use_container_width=False`, use `width='content'`.
2025-10-26 22:34:21.796 Please replace `use_container_width` with `width`.

`use_container_width` will be removed after 2025-12-31.

For `use_container_width=True`, use `width='stretch'`. For `use_container_width=False`, use `width='content'`.

==> /home/dzoan/credit-appraisal-agent-poc/.logs/api_20251026-223351.log <==
INFO:     127.0.0.1:38714 - "GET /v1/training/production_meta HTTP/1.1" 200 OK
INFO:     127.0.0.1:38720 - "GET /v1/training/production_meta HTTP/1.1" 200 OK

==> /home/dzoan/credit-appraisal-agent-poc/.logs/ui_20251026-223351.log <==
2025-10-26 22:34:26.267 Please replace `use_container_width` with `width`.

`use_container_width` will be removed after 2025-12-31.

For `use_container_width=True`, use `width='stretch'`. For `use_container_width=False`, use `width='content'`.
2025-10-26 22:34:26.419 Please replace `use_container_width` with `width`.

`use_container_width` will be removed after 2025-12-31.

For `use_container_width=True`, use `width='stretch'`. For `use_container_width=False`, use `width='content'`.

==> /home/dzoan/credit-appraisal-agent-poc/.logs/api_20251026-223351.log <==
INFO:     Shutting down
INFO:     Waiting for application shutdown.
INFO:     Application shutdown complete.
INFO:     Finished server process [236316]
INFO:     Stopping reloader process [236306]

==> /home/dzoan/credit-appraisal-agent-poc/.logs/ui_20251026-223351.log <==
  Stopping...
