==> /home/dzoan/credit-appraisal-agent-poc/.logs/api_20251031-032327.log <==

==> /home/dzoan/credit-appraisal-agent-poc/.logs/ui_20251031-032327.log <==

==> /home/dzoan/credit-appraisal-agent-poc/.logs/api_20251031-032327.log <==
INFO:     Will watch for changes in these directories: ['/home/dzoan/credit-appraisal-agent-poc']
INFO:     Uvicorn running on http://0.0.0.0:8090 (Press CTRL+C to quit)
INFO:     Started reloader process [310734] using WatchFiles

==> /home/dzoan/credit-appraisal-agent-poc/.logs/ui_20251031-032327.log <==

  You can now view your Streamlit app in your browser.

  URL: http://0.0.0.0:8502


==> /home/dzoan/credit-appraisal-agent-poc/.logs/api_20251031-032327.log <==
INFO:     Started server process [310747]
INFO:     Waiting for application startup.
INFO:     Application startup complete.
INFO:     127.0.0.1:47998 - "GET /docs HTTP/1.1" 200 OK
INFO:     127.0.0.1:47998 - "GET /openapi.json HTTP/1.1" 200 OK
INFO:     127.0.0.1:48006 - "GET /v1/system/models HTTP/1.1" 200 OK
INFO:     127.0.0.1:33892 - "GET /v1/training/production_meta HTTP/1.1" 200 OK
INFO:     127.0.0.1:33894 - "GET /v1/training/production_meta HTTP/1.1" 200 OK

==> /home/dzoan/credit-appraisal-agent-poc/.logs/ui_20251031-032327.log <==
2025-10-31 03:25:07.065 Please replace `use_container_width` with `width`.

`use_container_width` will be removed after 2025-12-31.

For `use_container_width=True`, use `width='stretch'`. For `use_container_width=False`, use `width='content'`.

==> /home/dzoan/credit-appraisal-agent-poc/.logs/api_20251031-032327.log <==
INFO:     127.0.0.1:46820 - "GET /v1/training/production_meta HTTP/1.1" 200 OK
INFO:     127.0.0.1:46830 - "GET /v1/training/production_meta HTTP/1.1" 200 OK
INFO:     127.0.0.1:46846 - "GET /v1/training/production_meta HTTP/1.1" 200 OK
INFO:     127.0.0.1:46848 - "GET /v1/training/production_meta HTTP/1.1" 200 OK
INFO:     127.0.0.1:45708 - "GET /v1/training/production_meta HTTP/1.1" 200 OK
/home/dzoan/credit-appraisal-agent-poc/.venv/lib/python3.10/site-packages/sklearn/base.py:493: UserWarning: X does not have valid feature names, but StandardScaler was fitted with feature names
  warnings.warn(
INFO:     127.0.0.1:45720 - "POST /v1/agents/credit_appraisal/run HTTP/1.1" 200 OK
INFO:     127.0.0.1:45724 - "GET /v1/runs/run_1761855917/report?format=csv HTTP/1.1" 200 OK

==> /home/dzoan/credit-appraisal-agent-poc/.logs/ui_20251031-032327.log <==
2025-10-31 03:25:17.303 Please replace `use_container_width` with `width`.

`use_container_width` will be removed after 2025-12-31.

For `use_container_width=True`, use `width='stretch'`. For `use_container_width=False`, use `width='content'`.
2025-10-31 03:25:17.779 Please replace `use_container_width` with `width`.

`use_container_width` will be removed after 2025-12-31.

For `use_container_width=True`, use `width='stretch'`. For `use_container_width=False`, use `width='content'`.
2025-10-31 03:25:17.813 Please replace `use_container_width` with `width`.

`use_container_width` will be removed after 2025-12-31.

For `use_container_width=True`, use `width='stretch'`. For `use_container_width=False`, use `width='content'`.
2025-10-31 03:25:18.163 Please replace `use_container_width` with `width`.

`use_container_width` will be removed after 2025-12-31.

For `use_container_width=True`, use `width='stretch'`. For `use_container_width=False`, use `width='content'`.
2025-10-31 03:25:18.169 Please replace `use_container_width` with `width`.

`use_container_width` will be removed after 2025-12-31.

For `use_container_width=True`, use `width='stretch'`. For `use_container_width=False`, use `width='content'`.
2025-10-31 03:25:18.185 Please replace `use_container_width` with `width`.

`use_container_width` will be removed after 2025-12-31.

For `use_container_width=True`, use `width='stretch'`. For `use_container_width=False`, use `width='content'`.

==> /home/dzoan/credit-appraisal-agent-poc/.logs/api_20251031-032327.log <==
INFO:     127.0.0.1:45732 - "GET /v1/training/production_meta HTTP/1.1" 200 OK
INFO:     127.0.0.1:41120 - "GET /v1/training/production_meta HTTP/1.1" 200 OK

==> /home/dzoan/credit-appraisal-agent-poc/.logs/ui_20251031-032327.log <==
2025-10-31 03:25:31.277 Please replace `use_container_width` with `width`.

`use_container_width` will be removed after 2025-12-31.

For `use_container_width=True`, use `width='stretch'`. For `use_container_width=False`, use `width='content'`.

==> /home/dzoan/credit-appraisal-agent-poc/.logs/api_20251031-032327.log <==
INFO:     127.0.0.1:41126 - "GET /v1/training/production_meta HTTP/1.1" 200 OK

==> /home/dzoan/credit-appraisal-agent-poc/.logs/ui_20251031-032327.log <==
  Stopping...

==> /home/dzoan/credit-appraisal-agent-poc/.logs/api_20251031-032327.log <==
INFO:     Shutting down
INFO:     Waiting for application shutdown.
INFO:     Application shutdown complete.
INFO:     Finished server process [310747]
INFO:     Stopping reloader process [310734]
