==> /home/dzoan/credit-appraisal-agent-poc/.logs/api_20251025-181618.log <==

==> /home/dzoan/credit-appraisal-agent-poc/.logs/ui_20251025-181618.log <==

==> /home/dzoan/credit-appraisal-agent-poc/.logs/api_20251025-181618.log <==
INFO:     Will watch for changes in these directories: ['/home/dzoan/credit-appraisal-agent-poc']
INFO:     Uvicorn running on http://0.0.0.0:8090 (Press CTRL+C to quit)
INFO:     Started reloader process [96159] using WatchFiles

==> /home/dzoan/credit-appraisal-agent-poc/.logs/ui_20251025-181618.log <==

  You can now view your Streamlit app in your browser.

  URL: http://0.0.0.0:8502


==> /home/dzoan/credit-appraisal-agent-poc/.logs/api_20251025-181618.log <==
INFO:     Started server process [96169]
INFO:     Waiting for application startup.
INFO:     Application startup complete.

==> /home/dzoan/credit-appraisal-agent-poc/.logs/ui_20251025-181618.log <==
2025-10-25 18:16:24.573 Please replace `use_container_width` with `width`.

`use_container_width` will be removed after 2025-12-31.

For `use_container_width=True`, use `width='stretch'`. For `use_container_width=False`, use `width='content'`.
2025-10-25 18:16:36.628 Please replace `use_container_width` with `width`.

`use_container_width` will be removed after 2025-12-31.

For `use_container_width=True`, use `width='stretch'`. For `use_container_width=False`, use `width='content'`.

==> /home/dzoan/credit-appraisal-agent-poc/.logs/api_20251025-181618.log <==
INFO:     Shutting down

==> /home/dzoan/credit-appraisal-agent-poc/.logs/ui_20251025-181618.log <==
  Stopping...

==> /home/dzoan/credit-appraisal-agent-poc/.logs/api_20251025-181618.log <==
INFO:     Waiting for application shutdown.
INFO:     Application shutdown complete.
INFO:     Finished server process [96169]
INFO:     Stopping reloader process [96159]
