==> /home/dzoan/credit-appraisal-agent-poc/.logs/api_20251028-113626.log <==

==> /home/dzoan/credit-appraisal-agent-poc/.logs/ui_20251028-113626.log <==

==> /home/dzoan/credit-appraisal-agent-poc/.logs/api_20251028-113626.log <==
INFO:     Will watch for changes in these directories: ['/home/dzoan/credit-appraisal-agent-poc']
INFO:     Uvicorn running on http://0.0.0.0:8090 (Press CTRL+C to quit)
INFO:     Started reloader process [392789] using WatchFiles

==> /home/dzoan/credit-appraisal-agent-poc/.logs/ui_20251028-113626.log <==

  You can now view your Streamlit app in your browser.

  URL: http://0.0.0.0:8502


==> /home/dzoan/credit-appraisal-agent-poc/.logs/api_20251028-113626.log <==
INFO:     Started server process [392799]
INFO:     Waiting for application startup.
INFO:     Application startup complete.
INFO:     127.0.0.1:43344 - "GET /v1/training/production_meta HTTP/1.1" 200 OK
INFO:     127.0.0.1:43358 - "GET /v1/training/production_meta HTTP/1.1" 200 OK
INFO:     Shutting down

==> /home/dzoan/credit-appraisal-agent-poc/.logs/ui_20251028-113626.log <==
  Stopping...

==> /home/dzoan/credit-appraisal-agent-poc/.logs/api_20251028-113626.log <==
INFO:     Waiting for application shutdown.
INFO:     Application shutdown complete.
INFO:     Finished server process [392799]
INFO:     Stopping reloader process [392789]
