==> /home/dzoan/credit-appraisal-agent-poc/.logs/api_20251031-115504.log <==

==> /home/dzoan/credit-appraisal-agent-poc/.logs/ui_20251031-115504.log <==

==> /home/dzoan/credit-appraisal-agent-poc/.logs/api_20251031-115504.log <==
INFO:     Will watch for changes in these directories: ['/home/dzoan/credit-appraisal-agent-poc']
INFO:     Uvicorn running on http://0.0.0.0:8090 (Press CTRL+C to quit)
INFO:     Started reloader process [372811] using WatchFiles

==> /home/dzoan/credit-appraisal-agent-poc/.logs/ui_20251031-115504.log <==

  You can now view your Streamlit app in your browser.

  URL: http://0.0.0.0:8502


==> /home/dzoan/credit-appraisal-agent-poc/.logs/api_20251031-115504.log <==
INFO:     Started server process [372821]
INFO:     Waiting for application startup.
INFO:     Application startup complete.
INFO:     127.0.0.1:54786 - "GET /v1/training/production_meta HTTP/1.1" 200 OK
INFO:     127.0.0.1:54798 - "GET /v1/training/production_meta HTTP/1.1" 200 OK

==> /home/dzoan/credit-appraisal-agent-poc/.logs/ui_20251031-115504.log <==
2025-10-31 11:55:41.428 Uncaught app execution
Traceback (most recent call last):
  File "/home/dzoan/credit-appraisal-agent-poc/.venv/lib/python3.10/site-packages/streamlit/runtime/scriptrunner/exec_code.py", line 128, in exec_func_with_error_handling
    result = func()
  File "/home/dzoan/credit-appraisal-agent-poc/.venv/lib/python3.10/site-packages/streamlit/runtime/scriptrunner/script_runner.py", line 667, in code_to_exec
    _mpa_v1(self._main_script_path)
  File "/home/dzoan/credit-appraisal-agent-poc/.venv/lib/python3.10/site-packages/streamlit/runtime/scriptrunner/script_runner.py", line 165, in _mpa_v1
    page.run()
  File "/home/dzoan/credit-appraisal-agent-poc/.venv/lib/python3.10/site-packages/streamlit/navigation/page.py", line 300, in run
    exec(code, module.__dict__)  # noqa: S102
  File "/home/dzoan/credit-appraisal-agent-poc/services/ui/app.py", line 103, in <module>
    if "flagged" not in st.session_state.user_info:
TypeError: argument of type 'NoneType' is not iterable

==> /home/dzoan/credit-appraisal-agent-poc/.logs/api_20251031-115504.log <==
INFO:     127.0.0.1:49408 - "GET /v1/training/production_meta HTTP/1.1" 200 OK
INFO:     127.0.0.1:49424 - "GET /v1/training/production_meta HTTP/1.1" 200 OK

==> /home/dzoan/credit-appraisal-agent-poc/.logs/ui_20251031-115504.log <==
2025-10-31 11:56:00.286 Please replace `use_container_width` with `width`.

`use_container_width` will be removed after 2025-12-31.

For `use_container_width=True`, use `width='stretch'`. For `use_container_width=False`, use `width='content'`.

==> /home/dzoan/credit-appraisal-agent-poc/.logs/api_20251031-115504.log <==
INFO:     127.0.0.1:49434 - "GET /v1/training/production_meta HTTP/1.1" 200 OK
INFO:     127.0.0.1:49440 - "GET /v1/training/production_meta HTTP/1.1" 200 OK
INFO:     127.0.0.1:49264 - "GET /v1/training/production_meta HTTP/1.1" 200 OK
INFO:     127.0.0.1:49266 - "GET /v1/training/production_meta HTTP/1.1" 200 OK
INFO:     127.0.0.1:49274 - "GET /v1/training/production_meta HTTP/1.1" 200 OK
INFO:     127.0.0.1:49280 - "GET /v1/training/production_meta HTTP/1.1" 200 OK

==> /home/dzoan/credit-appraisal-agent-poc/.logs/ui_20251031-115504.log <==
2025-10-31 11:56:04.868 Please replace `use_container_width` with `width`.

`use_container_width` will be removed after 2025-12-31.

For `use_container_width=True`, use `width='stretch'`. For `use_container_width=False`, use `width='content'`.

==> /home/dzoan/credit-appraisal-agent-poc/.logs/api_20251031-115504.log <==
INFO:     127.0.0.1:49286 - "GET /v1/training/production_meta HTTP/1.1" 200 OK
INFO:     127.0.0.1:49298 - "GET /v1/training/production_meta HTTP/1.1" 200 OK
INFO:     127.0.0.1:50126 - "GET /v1/training/production_meta HTTP/1.1" 200 OK
/home/dzoan/credit-appraisal-agent-poc/.venv/lib/python3.10/site-packages/sklearn/base.py:493: UserWarning: X does not have valid feature names, but StandardScaler was fitted with feature names
  warnings.warn(
INFO:     127.0.0.1:50132 - "POST /v1/agents/credit_appraisal/run HTTP/1.1" 200 OK
INFO:     127.0.0.1:50142 - "GET /v1/runs/run_1761886575/report?format=csv HTTP/1.1" 200 OK

==> /home/dzoan/credit-appraisal-agent-poc/.logs/ui_20251031-115504.log <==
2025-10-31 11:56:15.335 Please replace `use_container_width` with `width`.

`use_container_width` will be removed after 2025-12-31.

For `use_container_width=True`, use `width='stretch'`. For `use_container_width=False`, use `width='content'`.

==> /home/dzoan/credit-appraisal-agent-poc/.logs/api_20251031-115504.log <==
INFO:     127.0.0.1:50148 - "GET /v1/training/production_meta HTTP/1.1" 200 OK

==> /home/dzoan/credit-appraisal-agent-poc/.logs/ui_20251031-115504.log <==
2025-10-31 11:56:15.905 Please replace `use_container_width` with `width`.

`use_container_width` will be removed after 2025-12-31.

For `use_container_width=True`, use `width='stretch'`. For `use_container_width=False`, use `width='content'`.
2025-10-31 11:56:15.937 Please replace `use_container_width` with `width`.

`use_container_width` will be removed after 2025-12-31.

For `use_container_width=True`, use `width='stretch'`. For `use_container_width=False`, use `width='content'`.
2025-10-31 11:56:16.335 Please replace `use_container_width` with `width`.

`use_container_width` will be removed after 2025-12-31.

For `use_container_width=True`, use `width='stretch'`. For `use_container_width=False`, use `width='content'`.
2025-10-31 11:56:16.345 Please replace `use_container_width` with `width`.

`use_container_width` will be removed after 2025-12-31.

For `use_container_width=True`, use `width='stretch'`. For `use_container_width=False`, use `width='content'`.
2025-10-31 11:56:16.365 Please replace `use_container_width` with `width`.

`use_container_width` will be removed after 2025-12-31.

For `use_container_width=True`, use `width='stretch'`. For `use_container_width=False`, use `width='content'`.

==> /home/dzoan/credit-appraisal-agent-poc/.logs/api_20251031-115504.log <==
INFO:     127.0.0.1:39286 - "GET /v1/training/production_meta HTTP/1.1" 200 OK
INFO:     127.0.0.1:39302 - "GET /v1/training/production_meta HTTP/1.1" 200 OK

==> /home/dzoan/credit-appraisal-agent-poc/.logs/ui_20251031-115504.log <==
2025-10-31 11:56:22.091 Please replace `use_container_width` with `width`.

`use_container_width` will be removed after 2025-12-31.

For `use_container_width=True`, use `width='stretch'`. For `use_container_width=False`, use `width='content'`.

==> /home/dzoan/credit-appraisal-agent-poc/.logs/api_20251031-115504.log <==
INFO:     127.0.0.1:37246 - "GET /v1/training/production_meta HTTP/1.1" 200 OK
INFO:     127.0.0.1:37248 - "GET /v1/training/production_meta HTTP/1.1" 200 OK

==> /home/dzoan/credit-appraisal-agent-poc/.logs/ui_20251031-115504.log <==
2025-10-31 11:56:33.637 Please replace `use_container_width` with `width`.

`use_container_width` will be removed after 2025-12-31.

For `use_container_width=True`, use `width='stretch'`. For `use_container_width=False`, use `width='content'`.

==> /home/dzoan/credit-appraisal-agent-poc/.logs/api_20251031-115504.log <==
INFO:     127.0.0.1:39376 - "GET /v1/training/production_meta HTTP/1.1" 200 OK
INFO:     127.0.0.1:39386 - "GET /v1/training/production_meta HTTP/1.1" 200 OK

==> /home/dzoan/credit-appraisal-agent-poc/.logs/ui_20251031-115504.log <==
2025-10-31 11:56:41.896 Please replace `use_container_width` with `width`.

`use_container_width` will be removed after 2025-12-31.

For `use_container_width=True`, use `width='stretch'`. For `use_container_width=False`, use `width='content'`.

==> /home/dzoan/credit-appraisal-agent-poc/.logs/api_20251031-115504.log <==
INFO:     127.0.0.1:39398 - "GET /v1/training/production_meta HTTP/1.1" 200 OK
INFO:     127.0.0.1:39412 - "GET /v1/training/production_meta HTTP/1.1" 200 OK

==> /home/dzoan/credit-appraisal-agent-poc/.logs/ui_20251031-115504.log <==
2025-10-31 11:56:44.797 Please replace `use_container_width` with `width`.

`use_container_width` will be removed after 2025-12-31.

For `use_container_width=True`, use `width='stretch'`. For `use_container_width=False`, use `width='content'`.
2025-10-31 11:56:44.945 Please replace `use_container_width` with `width`.

`use_container_width` will be removed after 2025-12-31.

For `use_container_width=True`, use `width='stretch'`. For `use_container_width=False`, use `width='content'`.

==> /home/dzoan/credit-appraisal-agent-poc/.logs/api_20251031-115504.log <==
INFO:     127.0.0.1:41162 - "GET /v1/training/production_meta HTTP/1.1" 200 OK
INFO:     127.0.0.1:41176 - "GET /v1/training/production_meta HTTP/1.1" 200 OK

==> /home/dzoan/credit-appraisal-agent-poc/.logs/ui_20251031-115504.log <==
2025-10-31 11:56:49.423 Please replace `use_container_width` with `width`.

`use_container_width` will be removed after 2025-12-31.

For `use_container_width=True`, use `width='stretch'`. For `use_container_width=False`, use `width='content'`.

==> /home/dzoan/credit-appraisal-agent-poc/.logs/api_20251031-115504.log <==
INFO:     127.0.0.1:41190 - "GET /v1/training/production_meta HTTP/1.1" 200 OK
INFO:     127.0.0.1:41202 - "GET /v1/training/production_meta HTTP/1.1" 200 OK

==> /home/dzoan/credit-appraisal-agent-poc/.logs/ui_20251031-115504.log <==
2025-10-31 11:56:53.360 Please replace `use_container_width` with `width`.

`use_container_width` will be removed after 2025-12-31.

For `use_container_width=True`, use `width='stretch'`. For `use_container_width=False`, use `width='content'`.

==> /home/dzoan/credit-appraisal-agent-poc/.logs/api_20251031-115504.log <==
INFO:     127.0.0.1:55800 - "GET /v1/training/production_meta HTTP/1.1" 200 OK
INFO:     127.0.0.1:55816 - "GET /v1/training/production_meta HTTP/1.1" 200 OK

==> /home/dzoan/credit-appraisal-agent-poc/.logs/ui_20251031-115504.log <==
2025-10-31 11:57:20.023 Please replace `use_container_width` with `width`.

`use_container_width` will be removed after 2025-12-31.

For `use_container_width=True`, use `width='stretch'`. For `use_container_width=False`, use `width='content'`.

==> /home/dzoan/credit-appraisal-agent-poc/.logs/api_20251031-115504.log <==
INFO:     127.0.0.1:55820 - "GET /v1/training/production_meta HTTP/1.1" 200 OK
/home/dzoan/credit-appraisal-agent-poc/agents/credit_appraisal/model_utils.py:150: FutureWarning: errors='ignore' is deprecated and will raise in a future version. Use to_numeric without passing `errors` and catch exceptions explicitly instead
  out[c] = pd.to_numeric(out[c], errors="ignore")
INFO:     127.0.0.1:55828 - "POST /v1/training/train HTTP/1.1" 200 OK
INFO:     127.0.0.1:55838 - "GET /v1/training/production_meta HTTP/1.1" 200 OK

==> /home/dzoan/credit-appraisal-agent-poc/.logs/ui_20251031-115504.log <==
2025-10-31 11:57:21.756 Please replace `use_container_width` with `width`.

`use_container_width` will be removed after 2025-12-31.

For `use_container_width=True`, use `width='stretch'`. For `use_container_width=False`, use `width='content'`.

==> /home/dzoan/credit-appraisal-agent-poc/.logs/api_20251031-115504.log <==
INFO:     127.0.0.1:55840 - "GET /v1/training/production_meta HTTP/1.1" 200 OK
INFO:     127.0.0.1:55856 - "POST /v1/training/promote HTTP/1.1" 200 OK
INFO:     127.0.0.1:55860 - "GET /v1/training/production_meta HTTP/1.1" 200 OK

==> /home/dzoan/credit-appraisal-agent-poc/.logs/ui_20251031-115504.log <==
2025-10-31 11:57:23.588 Please replace `use_container_width` with `width`.

`use_container_width` will be removed after 2025-12-31.

For `use_container_width=True`, use `width='stretch'`. For `use_container_width=False`, use `width='content'`.

==> /home/dzoan/credit-appraisal-agent-poc/.logs/api_20251031-115504.log <==
INFO:     127.0.0.1:57264 - "GET /v1/training/production_meta HTTP/1.1" 200 OK
INFO:     127.0.0.1:57280 - "GET /v1/training/production_meta HTTP/1.1" 200 OK
INFO:     127.0.0.1:57286 - "GET /v1/training/production_meta HTTP/1.1" 200 OK
INFO:     127.0.0.1:57296 - "GET /v1/training/production_meta HTTP/1.1" 200 OK

==> /home/dzoan/credit-appraisal-agent-poc/.logs/ui_20251031-115504.log <==
2025-10-31 11:57:35.385 Please replace `use_container_width` with `width`.

`use_container_width` will be removed after 2025-12-31.

For `use_container_width=True`, use `width='stretch'`. For `use_container_width=False`, use `width='content'`.
2025-10-31 11:57:35.600 Please replace `use_container_width` with `width`.

`use_container_width` will be removed after 2025-12-31.

For `use_container_width=True`, use `width='stretch'`. For `use_container_width=False`, use `width='content'`.

==> /home/dzoan/credit-appraisal-agent-poc/.logs/api_20251031-115504.log <==
INFO:     127.0.0.1:57308 - "GET /v1/training/production_meta HTTP/1.1" 200 OK
INFO:     127.0.0.1:57322 - "GET /v1/training/production_meta HTTP/1.1" 200 OK

==> /home/dzoan/credit-appraisal-agent-poc/.logs/ui_20251031-115504.log <==
2025-10-31 11:57:35.786 Please replace `use_container_width` with `width`.

`use_container_width` will be removed after 2025-12-31.

For `use_container_width=True`, use `width='stretch'`. For `use_container_width=False`, use `width='content'`.

==> /home/dzoan/credit-appraisal-agent-poc/.logs/api_20251031-115504.log <==
INFO:     127.0.0.1:56428 - "GET /v1/training/production_meta HTTP/1.1" 200 OK
INFO:     127.0.0.1:56432 - "GET /v1/training/production_meta HTTP/1.1" 200 OK
INFO:     127.0.0.1:56434 - "POST /v1/agents/asset_appraisal/run HTTP/1.1" 404 Not Found

==> /home/dzoan/credit-appraisal-agent-poc/.logs/ui_20251031-115504.log <==
2025-10-31 11:58:10.742 Please replace `use_container_width` with `width`.

`use_container_width` will be removed after 2025-12-31.

For `use_container_width=True`, use `width='stretch'`. For `use_container_width=False`, use `width='content'`.

==> /home/dzoan/credit-appraisal-agent-poc/.logs/api_20251031-115504.log <==
INFO:     127.0.0.1:35150 - "POST /v1/agents/asset_appraisal/run HTTP/1.1" 404 Not Found

==> /home/dzoan/credit-appraisal-agent-poc/.logs/ui_20251031-115504.log <==
2025-10-31 11:58:32.360 Please replace `use_container_width` with `width`.

`use_container_width` will be removed after 2025-12-31.

For `use_container_width=True`, use `width='stretch'`. For `use_container_width=False`, use `width='content'`.

==> /home/dzoan/credit-appraisal-agent-poc/.logs/api_20251031-115504.log <==
INFO:     127.0.0.1:42046 - "POST /v1/agents/asset_appraisal/run HTTP/1.1" 404 Not Found
INFO:     Shutting down
INFO:     Waiting for application shutdown.
INFO:     Application shutdown complete.
INFO:     Finished server process [372821]
INFO:     Stopping reloader process [372811]

==> /home/dzoan/credit-appraisal-agent-poc/.logs/ui_20251031-115504.log <==
  Stopping...
