==> /home/dzoan/credit-appraisal-agent-poc/.logs/api_20251026-120555.log <==

==> /home/dzoan/credit-appraisal-agent-poc/.logs/ui_20251026-120555.log <==

==> /home/dzoan/credit-appraisal-agent-poc/.logs/api_20251026-120555.log <==
INFO:     Will watch for changes in these directories: ['/home/dzoan/credit-appraisal-agent-poc/services/ui']
INFO:     Uvicorn running on http://0.0.0.0:8090 (Press CTRL+C to quit)
INFO:     Started reloader process [187845] using WatchFiles

==> /home/dzoan/credit-appraisal-agent-poc/.logs/ui_20251026-120555.log <==

  You can now view your Streamlit app in your browser.

  URL: http://0.0.0.0:8502


==> /home/dzoan/credit-appraisal-agent-poc/.logs/api_20251026-120555.log <==
INFO:     Started server process [187855]
INFO:     Waiting for application startup.
INFO:     Application startup complete.

==> /home/dzoan/credit-appraisal-agent-poc/.logs/ui_20251026-120555.log <==
2025-10-26 12:07:23.703 Uncaught app execution
Traceback (most recent call last):
  File "/home/dzoan/credit-appraisal-agent-poc/.venv/lib/python3.10/site-packages/streamlit/runtime/scriptrunner/exec_code.py", line 128, in exec_func_with_error_handling
    result = func()
  File "/home/dzoan/credit-appraisal-agent-poc/.venv/lib/python3.10/site-packages/streamlit/runtime/scriptrunner/script_runner.py", line 669, in code_to_exec
    exec(code, module.__dict__)  # noqa: S102
  File "/home/dzoan/credit-appraisal-agent-poc/services/ui/app.py", line 825, in <module>
    raw_df = append_user_info(generate_raw_synthetic(rows, non_bank_ratio))
  File "/home/dzoan/credit-appraisal-agent-poc/services/ui/app.py", line 334, in append_user_info
    out["session_flagged"] = meta["flagged"]
KeyError: 'flagged'
2025-10-26 12:07:30.359 Uncaught app execution
Traceback (most recent call last):
  File "/home/dzoan/credit-appraisal-agent-poc/.venv/lib/python3.10/site-packages/streamlit/runtime/scriptrunner/exec_code.py", line 128, in exec_func_with_error_handling
    result = func()
  File "/home/dzoan/credit-appraisal-agent-poc/.venv/lib/python3.10/site-packages/streamlit/runtime/scriptrunner/script_runner.py", line 669, in code_to_exec
    exec(code, module.__dict__)  # noqa: S102
  File "/home/dzoan/credit-appraisal-agent-poc/services/ui/app.py", line 825, in <module>
    raw_df = append_user_info(generate_raw_synthetic(rows, non_bank_ratio))
  File "/home/dzoan/credit-appraisal-agent-poc/services/ui/app.py", line 334, in append_user_info
    out["session_flagged"] = meta["flagged"]
KeyError: 'flagged'

==> /home/dzoan/credit-appraisal-agent-poc/.logs/api_20251026-120555.log <==
INFO:     Shutting down
INFO:     Waiting for application shutdown.
INFO:     Application shutdown complete.
INFO:     Finished server process [187855]
INFO:     Stopping reloader process [187845]

==> /home/dzoan/credit-appraisal-agent-poc/.logs/ui_20251026-120555.log <==
  Stopping...
