==> /home/dzoan/credit-appraisal-agent-poc/.logs/api_20251030-095823.log <==

==> /home/dzoan/credit-appraisal-agent-poc/.logs/ui_20251030-095823.log <==

==> /home/dzoan/credit-appraisal-agent-poc/.logs/api_20251030-095823.log <==
INFO:     Will watch for changes in these directories: ['/home/dzoan/credit-appraisal-agent-poc']
INFO:     Uvicorn running on http://0.0.0.0:8090 (Press CTRL+C to quit)
INFO:     Started reloader process [4071] using WatchFiles

==> /home/dzoan/credit-appraisal-agent-poc/.logs/ui_20251030-095823.log <==

  You can now view your Streamlit app in your browser.

  URL: http://0.0.0.0:8502


==> /home/dzoan/credit-appraisal-agent-poc/.logs/api_20251030-095823.log <==
INFO:     Started server process [4081]
INFO:     Waiting for application startup.
INFO:     Application startup complete.
INFO:     127.0.0.1:56746 - "GET /v1/training/production_meta HTTP/1.1" 200 OK
INFO:     127.0.0.1:56752 - "GET /v1/training/production_meta HTTP/1.1" 200 OK

==> /home/dzoan/credit-appraisal-agent-poc/.logs/ui_20251030-095823.log <==
2025-10-30 09:58:43.549 Please replace `use_container_width` with `width`.

`use_container_width` will be removed after 2025-12-31.

For `use_container_width=True`, use `width='stretch'`. For `use_container_width=False`, use `width='content'`.

==> /home/dzoan/credit-appraisal-agent-poc/.logs/api_20251030-095823.log <==
INFO:     127.0.0.1:50254 - "GET /v1/training/production_meta HTTP/1.1" 200 OK
INFO:     127.0.0.1:50258 - "GET /v1/training/production_meta HTTP/1.1" 200 OK
INFO:     127.0.0.1:50272 - "GET /v1/training/production_meta HTTP/1.1" 200 OK
INFO:     127.0.0.1:50288 - "GET /v1/training/production_meta HTTP/1.1" 200 OK

==> /home/dzoan/credit-appraisal-agent-poc/.logs/ui_20251030-095823.log <==
2025-10-30 09:58:48.273 Please replace `use_container_width` with `width`.

`use_container_width` will be removed after 2025-12-31.

For `use_container_width=True`, use `width='stretch'`. For `use_container_width=False`, use `width='content'`.

==> /home/dzoan/credit-appraisal-agent-poc/.logs/api_20251030-095823.log <==
INFO:     127.0.0.1:50290 - "GET /v1/training/production_meta HTTP/1.1" 200 OK
INFO:     127.0.0.1:50300 - "GET /v1/training/production_meta HTTP/1.1" 200 OK
INFO:     127.0.0.1:50306 - "GET /v1/training/production_meta HTTP/1.1" 200 OK
INFO:     127.0.0.1:50308 - "GET /v1/training/production_meta HTTP/1.1" 200 OK
INFO:     127.0.0.1:38988 - "GET /v1/training/production_meta HTTP/1.1" 200 OK
INFO:     127.0.0.1:39002 - "GET /v1/training/production_meta HTTP/1.1" 200 OK
INFO:     127.0.0.1:39016 - "GET /v1/training/production_meta HTTP/1.1" 200 OK
/home/dzoan/credit-appraisal-agent-poc/.venv/lib/python3.10/site-packages/sklearn/base.py:493: UserWarning: X does not have valid feature names, but StandardScaler was fitted with feature names
  warnings.warn(
INFO:     127.0.0.1:39030 - "POST /v1/agents/credit_appraisal/run HTTP/1.1" 200 OK
INFO:     127.0.0.1:39042 - "GET /v1/runs/run_1761793139/report?format=csv HTTP/1.1" 200 OK

==> /home/dzoan/credit-appraisal-agent-poc/.logs/ui_20251030-095823.log <==
2025-10-30 09:58:59.207 Please replace `use_container_width` with `width`.

`use_container_width` will be removed after 2025-12-31.

For `use_container_width=True`, use `width='stretch'`. For `use_container_width=False`, use `width='content'`.
2025-10-30 09:58:59.483 Please replace `use_container_width` with `width`.

`use_container_width` will be removed after 2025-12-31.

For `use_container_width=True`, use `width='stretch'`. For `use_container_width=False`, use `width='content'`.
2025-10-30 09:58:59.507 Please replace `use_container_width` with `width`.

`use_container_width` will be removed after 2025-12-31.

For `use_container_width=True`, use `width='stretch'`. For `use_container_width=False`, use `width='content'`.
2025-10-30 09:58:59.768 Please replace `use_container_width` with `width`.

`use_container_width` will be removed after 2025-12-31.

For `use_container_width=True`, use `width='stretch'`. For `use_container_width=False`, use `width='content'`.
2025-10-30 09:58:59.774 Please replace `use_container_width` with `width`.

`use_container_width` will be removed after 2025-12-31.

For `use_container_width=True`, use `width='stretch'`. For `use_container_width=False`, use `width='content'`.
2025-10-30 09:58:59.788 Please replace `use_container_width` with `width`.

`use_container_width` will be removed after 2025-12-31.

For `use_container_width=True`, use `width='stretch'`. For `use_container_width=False`, use `width='content'`.

==> /home/dzoan/credit-appraisal-agent-poc/.logs/api_20251030-095823.log <==
INFO:     127.0.0.1:39054 - "GET /v1/training/production_meta HTTP/1.1" 200 OK
INFO:     127.0.0.1:47300 - "GET /v1/training/production_meta HTTP/1.1" 200 OK

==> /home/dzoan/credit-appraisal-agent-poc/.logs/ui_20251030-095823.log <==
2025-10-30 09:59:04.019 Please replace `use_container_width` with `width`.

`use_container_width` will be removed after 2025-12-31.

For `use_container_width=True`, use `width='stretch'`. For `use_container_width=False`, use `width='content'`.

==> /home/dzoan/credit-appraisal-agent-poc/.logs/api_20251030-095823.log <==
INFO:     127.0.0.1:47306 - "GET /v1/training/production_meta HTTP/1.1" 200 OK
INFO:     127.0.0.1:60822 - "GET /v1/training/production_meta HTTP/1.1" 200 OK

==> /home/dzoan/credit-appraisal-agent-poc/.logs/ui_20251030-095823.log <==
2025-10-30 09:59:21.971 Please replace `use_container_width` with `width`.

`use_container_width` will be removed after 2025-12-31.

For `use_container_width=True`, use `width='stretch'`. For `use_container_width=False`, use `width='content'`.

==> /home/dzoan/credit-appraisal-agent-poc/.logs/api_20251030-095823.log <==
INFO:     127.0.0.1:60832 - "GET /v1/training/production_meta HTTP/1.1" 200 OK
INFO:     127.0.0.1:55962 - "GET /v1/training/production_meta HTTP/1.1" 200 OK

==> /home/dzoan/credit-appraisal-agent-poc/.logs/ui_20251030-095823.log <==
2025-10-30 09:59:25.702 Please replace `use_container_width` with `width`.

`use_container_width` will be removed after 2025-12-31.

For `use_container_width=True`, use `width='stretch'`. For `use_container_width=False`, use `width='content'`.

==> /home/dzoan/credit-appraisal-agent-poc/.logs/api_20251030-095823.log <==
INFO:     127.0.0.1:55976 - "GET /v1/training/production_meta HTTP/1.1" 200 OK
INFO:     127.0.0.1:55978 - "GET /v1/training/production_meta HTTP/1.1" 200 OK

==> /home/dzoan/credit-appraisal-agent-poc/.logs/ui_20251030-095823.log <==
2025-10-30 09:59:30.577 Please replace `use_container_width` with `width`.

`use_container_width` will be removed after 2025-12-31.

For `use_container_width=True`, use `width='stretch'`. For `use_container_width=False`, use `width='content'`.

==> /home/dzoan/credit-appraisal-agent-poc/.logs/api_20251030-095823.log <==
INFO:     127.0.0.1:55986 - "GET /v1/training/production_meta HTTP/1.1" 200 OK
INFO:     127.0.0.1:55988 - "GET /v1/training/production_meta HTTP/1.1" 200 OK

==> /home/dzoan/credit-appraisal-agent-poc/.logs/ui_20251030-095823.log <==
2025-10-30 09:59:32.187 Please replace `use_container_width` with `width`.

`use_container_width` will be removed after 2025-12-31.

For `use_container_width=True`, use `width='stretch'`. For `use_container_width=False`, use `width='content'`.

==> /home/dzoan/credit-appraisal-agent-poc/.logs/api_20251030-095823.log <==
INFO:     127.0.0.1:56000 - "GET /v1/training/production_meta HTTP/1.1" 200 OK
INFO:     127.0.0.1:58830 - "GET /v1/training/production_meta HTTP/1.1" 200 OK

==> /home/dzoan/credit-appraisal-agent-poc/.logs/ui_20251030-095823.log <==
2025-10-30 09:59:37.254 Please replace `use_container_width` with `width`.

`use_container_width` will be removed after 2025-12-31.

For `use_container_width=True`, use `width='stretch'`. For `use_container_width=False`, use `width='content'`.

==> /home/dzoan/credit-appraisal-agent-poc/.logs/api_20251030-095823.log <==
INFO:     127.0.0.1:58840 - "GET /v1/training/production_meta HTTP/1.1" 200 OK
INFO:     127.0.0.1:58844 - "GET /v1/training/production_meta HTTP/1.1" 200 OK

==> /home/dzoan/credit-appraisal-agent-poc/.logs/ui_20251030-095823.log <==
2025-10-30 09:59:38.708 Please replace `use_container_width` with `width`.

`use_container_width` will be removed after 2025-12-31.

For `use_container_width=True`, use `width='stretch'`. For `use_container_width=False`, use `width='content'`.
2025-10-30 09:59:38.796 Please replace `use_container_width` with `width`.

`use_container_width` will be removed after 2025-12-31.

For `use_container_width=True`, use `width='stretch'`. For `use_container_width=False`, use `width='content'`.

==> /home/dzoan/credit-appraisal-agent-poc/.logs/api_20251030-095823.log <==
INFO:     127.0.0.1:58848 - "GET /v1/training/production_meta HTTP/1.1" 200 OK

==> /home/dzoan/credit-appraisal-agent-poc/.logs/ui_20251030-095823.log <==
  Stopping...

==> /home/dzoan/credit-appraisal-agent-poc/.logs/api_20251030-095823.log <==
INFO:     Shutting down
INFO:     Waiting for application shutdown.
INFO:     Application shutdown complete.
INFO:     Finished server process [4081]
INFO:     Stopping reloader process [4071]
