==> /home/dzoan/credit-appraisal-agent-poc/.logs/api_20251030-105754.log <==

==> /home/dzoan/credit-appraisal-agent-poc/.logs/ui_20251030-105754.log <==

==> /home/dzoan/credit-appraisal-agent-poc/.logs/api_20251030-105754.log <==
INFO:     Will watch for changes in these directories: ['/home/dzoan/credit-appraisal-agent-poc']
INFO:     Uvicorn running on http://0.0.0.0:8090 (Press CTRL+C to quit)
INFO:     Started reloader process [14631] using WatchFiles

==> /home/dzoan/credit-appraisal-agent-poc/.logs/ui_20251030-105754.log <==

  You can now view your Streamlit app in your browser.

  URL: http://0.0.0.0:8502


==> /home/dzoan/credit-appraisal-agent-poc/.logs/api_20251030-105754.log <==
INFO:     Started server process [14641]
INFO:     Waiting for application startup.
INFO:     Application startup complete.
INFO:     127.0.0.1:50210 - "GET /v1/training/production_meta HTTP/1.1" 200 OK
INFO:     127.0.0.1:50218 - "GET /v1/training/production_meta HTTP/1.1" 200 OK

==> /home/dzoan/credit-appraisal-agent-poc/.logs/ui_20251030-105754.log <==
2025-10-30 10:58:28.418 Please replace `use_container_width` with `width`.

`use_container_width` will be removed after 2025-12-31.

For `use_container_width=True`, use `width='stretch'`. For `use_container_width=False`, use `width='content'`.

==> /home/dzoan/credit-appraisal-agent-poc/.logs/api_20251030-105754.log <==
INFO:     127.0.0.1:50230 - "GET /v1/training/production_meta HTTP/1.1" 200 OK
INFO:     127.0.0.1:50234 - "GET /v1/training/production_meta HTTP/1.1" 200 OK

==> /home/dzoan/credit-appraisal-agent-poc/.logs/ui_20251030-105754.log <==
2025-10-30 10:58:30.076 Please replace `use_container_width` with `width`.

`use_container_width` will be removed after 2025-12-31.

For `use_container_width=True`, use `width='stretch'`. For `use_container_width=False`, use `width='content'`.

==> /home/dzoan/credit-appraisal-agent-poc/.logs/api_20251030-105754.log <==
INFO:     127.0.0.1:50236 - "GET /v1/training/production_meta HTTP/1.1" 200 OK
INFO:     127.0.0.1:50250 - "GET /v1/training/production_meta HTTP/1.1" 200 OK
INFO:     127.0.0.1:50264 - "GET /v1/training/production_meta HTTP/1.1" 200 OK
INFO:     127.0.0.1:50274 - "GET /v1/training/production_meta HTTP/1.1" 200 OK
INFO:     127.0.0.1:45492 - "GET /v1/training/production_meta HTTP/1.1" 200 OK
INFO:     127.0.0.1:45496 - "GET /v1/training/production_meta HTTP/1.1" 200 OK
INFO:     127.0.0.1:45512 - "GET /v1/training/production_meta HTTP/1.1" 200 OK
INFO:     127.0.0.1:45522 - "GET /v1/training/production_meta HTTP/1.1" 200 OK
INFO:     127.0.0.1:59648 - "GET /v1/training/production_meta HTTP/1.1" 200 OK
/home/dzoan/credit-appraisal-agent-poc/.venv/lib/python3.10/site-packages/sklearn/base.py:493: UserWarning: X does not have valid feature names, but StandardScaler was fitted with feature names
  warnings.warn(
INFO:     127.0.0.1:59662 - "POST /v1/agents/credit_appraisal/run HTTP/1.1" 200 OK
INFO:     127.0.0.1:59674 - "GET /v1/runs/run_1761796724/report?format=csv HTTP/1.1" 200 OK

==> /home/dzoan/credit-appraisal-agent-poc/.logs/ui_20251030-105754.log <==
2025-10-30 10:58:44.663 Please replace `use_container_width` with `width`.

`use_container_width` will be removed after 2025-12-31.

For `use_container_width=True`, use `width='stretch'`. For `use_container_width=False`, use `width='content'`.
2025-10-30 10:58:45.025 Please replace `use_container_width` with `width`.

`use_container_width` will be removed after 2025-12-31.

For `use_container_width=True`, use `width='stretch'`. For `use_container_width=False`, use `width='content'`.
2025-10-30 10:58:45.048 Please replace `use_container_width` with `width`.

`use_container_width` will be removed after 2025-12-31.

For `use_container_width=True`, use `width='stretch'`. For `use_container_width=False`, use `width='content'`.
2025-10-30 10:58:45.366 Please replace `use_container_width` with `width`.

`use_container_width` will be removed after 2025-12-31.

For `use_container_width=True`, use `width='stretch'`. For `use_container_width=False`, use `width='content'`.
2025-10-30 10:58:45.373 Please replace `use_container_width` with `width`.

`use_container_width` will be removed after 2025-12-31.

For `use_container_width=True`, use `width='stretch'`. For `use_container_width=False`, use `width='content'`.
2025-10-30 10:58:45.393 Please replace `use_container_width` with `width`.

`use_container_width` will be removed after 2025-12-31.

For `use_container_width=True`, use `width='stretch'`. For `use_container_width=False`, use `width='content'`.

==> /home/dzoan/credit-appraisal-agent-poc/.logs/api_20251030-105754.log <==
INFO:     127.0.0.1:59690 - "GET /v1/training/production_meta HTTP/1.1" 200 OK
INFO:     127.0.0.1:59692 - "GET /v1/training/production_meta HTTP/1.1" 200 OK

==> /home/dzoan/credit-appraisal-agent-poc/.logs/ui_20251030-105754.log <==
2025-10-30 10:58:50.390 Please replace `use_container_width` with `width`.

`use_container_width` will be removed after 2025-12-31.

For `use_container_width=True`, use `width='stretch'`. For `use_container_width=False`, use `width='content'`.

==> /home/dzoan/credit-appraisal-agent-poc/.logs/api_20251030-105754.log <==
INFO:     127.0.0.1:59696 - "GET /v1/training/production_meta HTTP/1.1" 200 OK
INFO:     127.0.0.1:47634 - "GET /v1/training/production_meta HTTP/1.1" 200 OK

==> /home/dzoan/credit-appraisal-agent-poc/.logs/ui_20251030-105754.log <==
2025-10-30 10:59:03.882 Please replace `use_container_width` with `width`.

`use_container_width` will be removed after 2025-12-31.

For `use_container_width=True`, use `width='stretch'`. For `use_container_width=False`, use `width='content'`.

==> /home/dzoan/credit-appraisal-agent-poc/.logs/api_20251030-105754.log <==
INFO:     127.0.0.1:47646 - "GET /v1/training/production_meta HTTP/1.1" 200 OK
INFO:     127.0.0.1:47650 - "GET /v1/training/production_meta HTTP/1.1" 200 OK

==> /home/dzoan/credit-appraisal-agent-poc/.logs/ui_20251030-105754.log <==
2025-10-30 10:59:07.326 Please replace `use_container_width` with `width`.

`use_container_width` will be removed after 2025-12-31.

For `use_container_width=True`, use `width='stretch'`. For `use_container_width=False`, use `width='content'`.

==> /home/dzoan/credit-appraisal-agent-poc/.logs/api_20251030-105754.log <==
INFO:     127.0.0.1:47656 - "GET /v1/training/production_meta HTTP/1.1" 200 OK
INFO:     127.0.0.1:47660 - "GET /v1/training/production_meta HTTP/1.1" 200 OK

==> /home/dzoan/credit-appraisal-agent-poc/.logs/ui_20251030-105754.log <==
2025-10-30 10:59:09.052 Please replace `use_container_width` with `width`.

`use_container_width` will be removed after 2025-12-31.

For `use_container_width=True`, use `width='stretch'`. For `use_container_width=False`, use `width='content'`.
2025-10-30 10:59:09.128 Please replace `use_container_width` with `width`.

`use_container_width` will be removed after 2025-12-31.

For `use_container_width=True`, use `width='stretch'`. For `use_container_width=False`, use `width='content'`.

==> /home/dzoan/credit-appraisal-agent-poc/.logs/api_20251030-105754.log <==
INFO:     127.0.0.1:47664 - "GET /v1/training/production_meta HTTP/1.1" 200 OK
INFO:     127.0.0.1:49218 - "GET /v1/training/production_meta HTTP/1.1" 200 OK

==> /home/dzoan/credit-appraisal-agent-poc/.logs/ui_20251030-105754.log <==
2025-10-30 10:59:12.730 Please replace `use_container_width` with `width`.

`use_container_width` will be removed after 2025-12-31.

For `use_container_width=True`, use `width='stretch'`. For `use_container_width=False`, use `width='content'`.
2025-10-30 10:59:12.754 Please replace `use_container_width` with `width`.

`use_container_width` will be removed after 2025-12-31.

For `use_container_width=True`, use `width='stretch'`. For `use_container_width=False`, use `width='content'`.

==> /home/dzoan/credit-appraisal-agent-poc/.logs/api_20251030-105754.log <==
INFO:     127.0.0.1:49222 - "GET /v1/training/production_meta HTTP/1.1" 200 OK
INFO:     127.0.0.1:52412 - "GET /v1/training/production_meta HTTP/1.1" 200 OK
INFO:     127.0.0.1:52428 - "GET /v1/training/production_meta HTTP/1.1" 200 OK

==> /home/dzoan/credit-appraisal-agent-poc/.logs/ui_20251030-105754.log <==
  Stopping...

==> /home/dzoan/credit-appraisal-agent-poc/.logs/api_20251030-105754.log <==
INFO:     Shutting down
INFO:     Waiting for application shutdown.
INFO:     Application shutdown complete.
INFO:     Finished server process [14641]
INFO:     Stopping reloader process [14631]
