==> /home/dzoan/credit-appraisal-agent-poc/.logs/api_20251028-105749.log <==

==> /home/dzoan/credit-appraisal-agent-poc/.logs/ui_20251028-105749.log <==

==> /home/dzoan/credit-appraisal-agent-poc/.logs/api_20251028-105749.log <==
INFO:     Will watch for changes in these directories: ['/home/dzoan/credit-appraisal-agent-poc']
INFO:     Uvicorn running on http://0.0.0.0:8090 (Press CTRL+C to quit)
INFO:     Started reloader process [391213] using WatchFiles

==> /home/dzoan/credit-appraisal-agent-poc/.logs/ui_20251028-105749.log <==

  You can now view your Streamlit app in your browser.

  URL: http://0.0.0.0:8502


==> /home/dzoan/credit-appraisal-agent-poc/.logs/api_20251028-105749.log <==
INFO:     Started server process [391223]
INFO:     Waiting for application startup.
INFO:     Application startup complete.
INFO:     127.0.0.1:50320 - "GET /v1/training/production_meta HTTP/1.1" 200 OK
INFO:     127.0.0.1:50336 - "GET /v1/training/production_meta HTTP/1.1" 200 OK
INFO:     127.0.0.1:50344 - "GET /v1/training/production_meta HTTP/1.1" 200 OK
INFO:     127.0.0.1:50348 - "GET /v1/training/production_meta HTTP/1.1" 200 OK

==> /home/dzoan/credit-appraisal-agent-poc/.logs/ui_20251028-105749.log <==
2025-10-28 10:58:18.890 Please replace `use_container_width` with `width`.

`use_container_width` will be removed after 2025-12-31.

For `use_container_width=True`, use `width='stretch'`. For `use_container_width=False`, use `width='content'`.

==> /home/dzoan/credit-appraisal-agent-poc/.logs/api_20251028-105749.log <==
INFO:     127.0.0.1:50358 - "GET /v1/training/production_meta HTTP/1.1" 200 OK
INFO:     127.0.0.1:50360 - "GET /v1/training/production_meta HTTP/1.1" 200 OK
INFO:     127.0.0.1:36496 - "GET /v1/training/production_meta HTTP/1.1" 200 OK
INFO:     127.0.0.1:36508 - "GET /v1/training/production_meta HTTP/1.1" 200 OK

==> /home/dzoan/credit-appraisal-agent-poc/.logs/ui_20251028-105749.log <==
2025-10-28 10:58:24.341 Please replace `use_container_width` with `width`.

`use_container_width` will be removed after 2025-12-31.

For `use_container_width=True`, use `width='stretch'`. For `use_container_width=False`, use `width='content'`.

==> /home/dzoan/credit-appraisal-agent-poc/.logs/api_20251028-105749.log <==
INFO:     127.0.0.1:36512 - "GET /v1/training/production_meta HTTP/1.1" 200 OK
INFO:     127.0.0.1:36522 - "GET /v1/training/production_meta HTTP/1.1" 200 OK
INFO:     127.0.0.1:32970 - "GET /v1/training/production_meta HTTP/1.1" 200 OK
INFO:     127.0.0.1:32978 - "GET /v1/training/production_meta HTTP/1.1" 200 OK

==> /home/dzoan/credit-appraisal-agent-poc/.logs/ui_20251028-105749.log <==
2025-10-28 10:58:39.047 Please replace `use_container_width` with `width`.

`use_container_width` will be removed after 2025-12-31.

For `use_container_width=True`, use `width='stretch'`. For `use_container_width=False`, use `width='content'`.
2025-10-28 10:58:39.065 Please replace `use_container_width` with `width`.

`use_container_width` will be removed after 2025-12-31.

For `use_container_width=True`, use `width='stretch'`. For `use_container_width=False`, use `width='content'`.

==> /home/dzoan/credit-appraisal-agent-poc/.logs/api_20251028-105749.log <==
INFO:     127.0.0.1:32990 - "GET /v1/training/production_meta HTTP/1.1" 200 OK
INFO:     127.0.0.1:32992 - "GET /v1/training/production_meta HTTP/1.1" 200 OK

==> /home/dzoan/credit-appraisal-agent-poc/.logs/ui_20251028-105749.log <==
2025-10-28 10:58:40.643 Please replace `use_container_width` with `width`.

`use_container_width` will be removed after 2025-12-31.

For `use_container_width=True`, use `width='stretch'`. For `use_container_width=False`, use `width='content'`.
2025-10-28 10:58:40.672 Please replace `use_container_width` with `width`.

`use_container_width` will be removed after 2025-12-31.

For `use_container_width=True`, use `width='stretch'`. For `use_container_width=False`, use `width='content'`.

==> /home/dzoan/credit-appraisal-agent-poc/.logs/api_20251028-105749.log <==
INFO:     127.0.0.1:43708 - "GET /v1/training/production_meta HTTP/1.1" 200 OK
INFO:     127.0.0.1:43718 - "GET /v1/training/production_meta HTTP/1.1" 200 OK

==> /home/dzoan/credit-appraisal-agent-poc/.logs/ui_20251028-105749.log <==
2025-10-28 10:58:55.109 Please replace `use_container_width` with `width`.

`use_container_width` will be removed after 2025-12-31.

For `use_container_width=True`, use `width='stretch'`. For `use_container_width=False`, use `width='content'`.
2025-10-28 10:58:55.127 Please replace `use_container_width` with `width`.

`use_container_width` will be removed after 2025-12-31.

For `use_container_width=True`, use `width='stretch'`. For `use_container_width=False`, use `width='content'`.

==> /home/dzoan/credit-appraisal-agent-poc/.logs/api_20251028-105749.log <==
INFO:     127.0.0.1:43732 - "GET /v1/training/production_meta HTTP/1.1" 200 OK
INFO:     127.0.0.1:43738 - "GET /v1/training/production_meta HTTP/1.1" 200 OK

==> /home/dzoan/credit-appraisal-agent-poc/.logs/ui_20251028-105749.log <==
2025-10-28 10:58:57.222 Please replace `use_container_width` with `width`.

`use_container_width` will be removed after 2025-12-31.

For `use_container_width=True`, use `width='stretch'`. For `use_container_width=False`, use `width='content'`.
2025-10-28 10:58:57.241 Please replace `use_container_width` with `width`.

`use_container_width` will be removed after 2025-12-31.

For `use_container_width=True`, use `width='stretch'`. For `use_container_width=False`, use `width='content'`.

==> /home/dzoan/credit-appraisal-agent-poc/.logs/api_20251028-105749.log <==
INFO:     127.0.0.1:43748 - "GET /v1/training/production_meta HTTP/1.1" 200 OK
/home/dzoan/credit-appraisal-agent-poc/.venv/lib/python3.10/site-packages/sklearn/base.py:493: UserWarning: X does not have valid feature names, but StandardScaler was fitted with feature names
  warnings.warn(
INFO:     127.0.0.1:43750 - "POST /v1/agents/credit_appraisal/run HTTP/1.1" 200 OK
INFO:     127.0.0.1:43764 - "GET /v1/runs/run_1761623939/report?format=csv HTTP/1.1" 200 OK

==> /home/dzoan/credit-appraisal-agent-poc/.logs/ui_20251028-105749.log <==
2025-10-28 10:58:59.159 Please replace `use_container_width` with `width`.

`use_container_width` will be removed after 2025-12-31.

For `use_container_width=True`, use `width='stretch'`. For `use_container_width=False`, use `width='content'`.
2025-10-28 10:58:59.175 Please replace `use_container_width` with `width`.

`use_container_width` will be removed after 2025-12-31.

For `use_container_width=True`, use `width='stretch'`. For `use_container_width=False`, use `width='content'`.
2025-10-28 10:58:59.324 Please replace `use_container_width` with `width`.

`use_container_width` will be removed after 2025-12-31.

For `use_container_width=True`, use `width='stretch'`. For `use_container_width=False`, use `width='content'`.

==> /home/dzoan/credit-appraisal-agent-poc/.logs/api_20251028-105749.log <==
INFO:     127.0.0.1:43778 - "GET /v1/training/production_meta HTTP/1.1" 200 OK

==> /home/dzoan/credit-appraisal-agent-poc/.logs/ui_20251028-105749.log <==
2025-10-28 10:58:59.647 Please replace `use_container_width` with `width`.

`use_container_width` will be removed after 2025-12-31.

For `use_container_width=True`, use `width='stretch'`. For `use_container_width=False`, use `width='content'`.
2025-10-28 10:58:59.674 Please replace `use_container_width` with `width`.

`use_container_width` will be removed after 2025-12-31.

For `use_container_width=True`, use `width='stretch'`. For `use_container_width=False`, use `width='content'`.
2025-10-28 10:59:00.015 Please replace `use_container_width` with `width`.

`use_container_width` will be removed after 2025-12-31.

For `use_container_width=True`, use `width='stretch'`. For `use_container_width=False`, use `width='content'`.
2025-10-28 10:59:00.024 Please replace `use_container_width` with `width`.

`use_container_width` will be removed after 2025-12-31.

For `use_container_width=True`, use `width='stretch'`. For `use_container_width=False`, use `width='content'`.
2025-10-28 10:59:00.047 Please replace `use_container_width` with `width`.

`use_container_width` will be removed after 2025-12-31.

For `use_container_width=True`, use `width='stretch'`. For `use_container_width=False`, use `width='content'`.

==> /home/dzoan/credit-appraisal-agent-poc/.logs/api_20251028-105749.log <==
INFO:     Shutting down
INFO:     Waiting for application shutdown.
INFO:     Application shutdown complete.
INFO:     Finished server process [391223]
INFO:     Stopping reloader process [391213]

==> /home/dzoan/credit-appraisal-agent-poc/.logs/ui_20251028-105749.log <==
  Stopping...
