==> /home/dzoan/credit-appraisal-agent-poc/.logs/api_20251026-172837.log <==

==> /home/dzoan/credit-appraisal-agent-poc/.logs/ui_20251026-172837.log <==

==> /home/dzoan/credit-appraisal-agent-poc/.logs/api_20251026-172837.log <==
INFO:     Will watch for changes in these directories: ['/home/dzoan/credit-appraisal-agent-poc/services/ui']
INFO:     Uvicorn running on http://0.0.0.0:8090 (Press CTRL+C to quit)
INFO:     Started reloader process [215102] using WatchFiles

==> /home/dzoan/credit-appraisal-agent-poc/.logs/ui_20251026-172837.log <==

  You can now view your Streamlit app in your browser.

  URL: http://0.0.0.0:8502


==> /home/dzoan/credit-appraisal-agent-poc/.logs/api_20251026-172837.log <==
INFO:     Started server process [215112]
INFO:     Waiting for application startup.
INFO:     Application startup complete.

==> /home/dzoan/credit-appraisal-agent-poc/.logs/ui_20251026-172837.log <==
2025-10-26 17:28:42.713 Script compilation error
Traceback (most recent call last):
  File "/home/dzoan/credit-appraisal-agent-poc/.venv/lib/python3.10/site-packages/streamlit/runtime/scriptrunner/script_runner.py", line 571, in _run_script
    code = self._script_cache.get_bytecode(script_path)
  File "/home/dzoan/credit-appraisal-agent-poc/.venv/lib/python3.10/site-packages/streamlit/runtime/scriptrunner/script_cache.py", line 72, in get_bytecode
    filebody = magic.add_magic(filebody, script_path)
  File "/home/dzoan/credit-appraisal-agent-poc/.venv/lib/python3.10/site-packages/streamlit/runtime/scriptrunner/magic.py", line 45, in add_magic
    tree = ast.parse(code, script_path, "exec")
  File "/usr/lib/python3.10/ast.py", line 50, in parse
    return compile(source, filename, mode, flags,
  File "/home/dzoan/credit-appraisal-agent-poc/services/ui/app.py", line 519
    st.markdown(
IndentationError: unexpected indent
2025-10-26 17:28:42.716 Thread 'MainThread': missing ScriptRunContext! This warning can be ignored when running in bare mode.

==> /home/dzoan/credit-appraisal-agent-poc/.logs/api_20251026-172837.log <==
INFO:     Shutting down
INFO:     Waiting for application shutdown.
INFO:     Application shutdown complete.
INFO:     Finished server process [215112]
INFO:     Stopping reloader process [215102]

==> /home/dzoan/credit-appraisal-agent-poc/.logs/ui_20251026-172837.log <==
  Stopping...
