2025-11-01 10:08:36 [STREAM] ==> /home/dzoan/credit-appraisal-agent-poc/.logs/api_20251101-100833.log <==
2025-11-01 10:08:36 [STREAM] 
2025-11-01 10:08:36 [STREAM] ==> /home/dzoan/credit-appraisal-agent-poc/.logs/ui_20251101-100833.log <==
2025-11-01 10:08:37 [STREAM] 
2025-11-01 10:08:37 [STREAM] ==> /home/dzoan/credit-appraisal-agent-poc/.logs/api_20251101-100833.log <==
2025-11-01 10:08:37 [STREAM] INFO:     Will watch for changes in these directories: ['/home/dzoan/credit-appraisal-agent-poc']
2025-11-01 10:08:37 [STREAM] INFO:     Uvicorn running on http://0.0.0.0:8090 (Press CTRL+C to quit)
2025-11-01 10:08:37 [STREAM] INFO:     Started reloader process [540019] using WatchFiles
2025-11-01 10:08:37 [STREAM] Process SpawnProcess-1:
2025-11-01 10:08:37 [STREAM] Traceback (most recent call last):
2025-11-01 10:08:37 [STREAM]   File "/usr/lib/python3.10/multiprocessing/process.py", line 314, in _bootstrap
2025-11-01 10:08:37 [STREAM]     self.run()
2025-11-01 10:08:37 [STREAM]   File "/usr/lib/python3.10/multiprocessing/process.py", line 108, in run
2025-11-01 10:08:37 [STREAM]     self._target(*self._args, **self._kwargs)
2025-11-01 10:08:37 [STREAM]   File "/home/dzoan/credit-appraisal-agent-poc/.venv/lib/python3.10/site-packages/uvicorn/_subprocess.py", line 80, in subprocess_started
2025-11-01 10:08:37 [STREAM]     target(sockets=sockets)
2025-11-01 10:08:37 [STREAM]   File "/home/dzoan/credit-appraisal-agent-poc/.venv/lib/python3.10/site-packages/uvicorn/server.py", line 65, in run
2025-11-01 10:08:37 [STREAM]     return asyncio.run(self.serve(sockets=sockets))
2025-11-01 10:08:37 [STREAM]   File "/usr/lib/python3.10/asyncio/runners.py", line 44, in run
2025-11-01 10:08:37 [STREAM]     return loop.run_until_complete(main)
2025-11-01 10:08:37 [STREAM]   File "uvloop/loop.pyx", line 1518, in uvloop.loop.Loop.run_until_complete
2025-11-01 10:08:37 [STREAM]   File "/home/dzoan/credit-appraisal-agent-poc/.venv/lib/python3.10/site-packages/uvicorn/server.py", line 69, in serve
2025-11-01 10:08:37 [STREAM]     await self._serve(sockets)
2025-11-01 10:08:37 [STREAM]   File "/home/dzoan/credit-appraisal-agent-poc/.venv/lib/python3.10/site-packages/uvicorn/server.py", line 76, in _serve
2025-11-01 10:08:37 [STREAM]     config.load()
2025-11-01 10:08:37 [STREAM]   File "/home/dzoan/credit-appraisal-agent-poc/.venv/lib/python3.10/site-packages/uvicorn/config.py", line 434, in load
2025-11-01 10:08:37 [STREAM]     self.loaded_app = import_from_string(self.app)
2025-11-01 10:08:37 [STREAM]   File "/home/dzoan/credit-appraisal-agent-poc/.venv/lib/python3.10/site-packages/uvicorn/importer.py", line 19, in import_from_string
2025-11-01 10:08:37 [STREAM]     module = importlib.import_module(module_str)
2025-11-01 10:08:37 [STREAM]   File "/usr/lib/python3.10/importlib/__init__.py", line 126, in import_module
2025-11-01 10:08:37 [STREAM]     return _bootstrap._gcd_import(name[level:], package, level)
2025-11-01 10:08:37 [STREAM]   File "<frozen importlib._bootstrap>", line 1050, in _gcd_import
2025-11-01 10:08:37 [STREAM]   File "<frozen importlib._bootstrap>", line 1027, in _find_and_load
2025-11-01 10:08:37 [STREAM]   File "<frozen importlib._bootstrap>", line 1006, in _find_and_load_unlocked
2025-11-01 10:08:37 [STREAM]   File "<frozen importlib._bootstrap>", line 688, in _load_unlocked
2025-11-01 10:08:37 [STREAM]   File "<frozen importlib._bootstrap_external>", line 883, in exec_module
2025-11-01 10:08:37 [STREAM]   File "<frozen importlib._bootstrap>", line 241, in _call_with_frames_removed
2025-11-01 10:08:37 [STREAM]   File "/home/dzoan/credit-appraisal-agent-poc/services/api/main.py", line 13, in <module>
2025-11-01 10:08:37 [STREAM]     logger = logging.getLogger("api.requests")
2025-11-01 10:08:37 [STREAM] NameError: name 'logging' is not defined
2025-11-01 10:08:37 [STREAM] 
2025-11-01 10:08:37 [STREAM] ==> /home/dzoan/credit-appraisal-agent-poc/.logs/ui_20251101-100833.log <==
2025-11-01 10:08:37 [STREAM] 2025-11-01 10:08:37.776 Starting new event loop for server
2025-11-01 10:08:37 [STREAM] 2025-11-01 10:08:37.777 Starting server...
2025-11-01 10:08:37 [STREAM] 2025-11-01 10:08:37.777 Serving static content from /home/dzoan/credit-appraisal-agent-poc/.venv/lib/python3.10/site-packages/streamlit/static
2025-11-01 10:08:37 [STREAM] 2025-11-01 10:08:37.791 Server started on port 8502
2025-11-01 10:08:37 [STREAM] 2025-11-01 10:08:37.792 Runtime state: RuntimeState.INITIAL -> RuntimeState.NO_SESSIONS_CONNECTED
2025-11-01 10:08:37 [STREAM] 
2025-11-01 10:08:37 [STREAM]   You can now view your Streamlit app in your browser.
2025-11-01 10:08:37 [STREAM] 
2025-11-01 10:08:37 [STREAM]   URL: http://0.0.0.0:8502
2025-11-01 10:08:37 [STREAM] 
2025-11-01 10:08:37 [STREAM] 2025-11-01 10:08:37.795 Setting up signal handler
2025-11-01 10:08:38 [STREAM] 2025-11-01 10:08:38.930 AppSession initialized (id=32e4a50c-5fb6-4a27-866e-2bd0c8cc2eb2)
2025-11-01 10:08:38 [STREAM] 2025-11-01 10:08:38.931 Created new session for client 125618309966112. Session ID: 32e4a50c-5fb6-4a27-866e-2bd0c8cc2eb2
2025-11-01 10:08:38 [STREAM] 2025-11-01 10:08:38.931 Runtime state: RuntimeState.NO_SESSIONS_CONNECTED -> RuntimeState.ONE_OR_MORE_SESSIONS_CONNECTED
2025-11-01 10:08:39 [STREAM] 2025-11-01 10:08:38.964 AppSession initialized (id=1e8736b5-e169-48f7-9620-4311d739068a)
2025-11-01 10:08:39 [STREAM] 2025-11-01 10:08:38.964 Created new session for client 125618309969616. Session ID: 1e8736b5-e169-48f7-9620-4311d739068a
2025-11-01 10:08:39 [STREAM] 2025-11-01 10:08:38.964 Runtime state: RuntimeState.ONE_OR_MORE_SESSIONS_CONNECTED -> RuntimeState.ONE_OR_MORE_SESSIONS_CONNECTED
2025-11-01 10:08:39 [STREAM] 2025-11-01 10:08:38.981 AppSession initialized (id=f179ba1e-feb5-421e-b63e-35f2440e6a72)
2025-11-01 10:08:39 [STREAM] 2025-11-01 10:08:38.981 Created new session for client 125618308284480. Session ID: f179ba1e-feb5-421e-b63e-35f2440e6a72
2025-11-01 10:08:39 [STREAM] 2025-11-01 10:08:38.981 Runtime state: RuntimeState.ONE_OR_MORE_SESSIONS_CONNECTED -> RuntimeState.ONE_OR_MORE_SESSIONS_CONNECTED
2025-11-01 10:08:39 [STREAM] 2025-11-01 10:08:38.998 AppSession initialized (id=aa3feeda-15c3-4ec8-b2b9-7cdbc629ed22)
2025-11-01 10:08:39 [STREAM] 2025-11-01 10:08:38.998 Created new session for client 125618308286784. Session ID: aa3feeda-15c3-4ec8-b2b9-7cdbc629ed22
2025-11-01 10:08:39 [STREAM] 2025-11-01 10:08:38.998 Runtime state: RuntimeState.ONE_OR_MORE_SESSIONS_CONNECTED -> RuntimeState.ONE_OR_MORE_SESSIONS_CONNECTED
2025-11-01 10:08:39 [STREAM] 2025-11-01 10:08:39.235 AppSession initialized (id=99c306c1-ef1f-41c1-aa89-ad4bee13c1d9)
2025-11-01 10:08:39 [STREAM] 2025-11-01 10:08:39.235 Created new session for client 125618308289088. Session ID: 99c306c1-ef1f-41c1-aa89-ad4bee13c1d9
2025-11-01 10:08:39 [STREAM] 2025-11-01 10:08:39.235 Runtime state: RuntimeState.ONE_OR_MORE_SESSIONS_CONNECTED -> RuntimeState.ONE_OR_MORE_SESSIONS_CONNECTED
2025-11-01 10:08:41 [STREAM] 2025-11-01 10:08:41.143 AppSession initialized (id=973b23c4-6d89-487c-84f0-154901bc9ea0)
2025-11-01 10:08:41 [STREAM] 2025-11-01 10:08:41.143 Created new session for client 125618308290816. Session ID: 973b23c4-6d89-487c-84f0-154901bc9ea0
2025-11-01 10:08:41 [STREAM] 2025-11-01 10:08:41.143 Runtime state: RuntimeState.ONE_OR_MORE_SESSIONS_CONNECTED -> RuntimeState.ONE_OR_MORE_SESSIONS_CONNECTED
2025-11-01 10:08:41 [STREAM] 2025-11-01 10:08:41.145 Received the following back message:
2025-11-01 10:08:41 [STREAM] rerun_script {
2025-11-01 10:08:41 [STREAM]   widget_states {
2025-11-01 10:08:41 [STREAM]   }
2025-11-01 10:08:41 [STREAM]   context_info {
2025-11-01 10:08:41 [STREAM]     timezone: "Asia/Bangkok"
2025-11-01 10:08:41 [STREAM]     timezone_offset: -420
2025-11-01 10:08:41 [STREAM]     locale: "en-US"
2025-11-01 10:08:41 [STREAM]     url: "http://localhost:8502/"
2025-11-01 10:08:41 [STREAM]     is_embedded: false
2025-11-01 10:08:41 [STREAM]     color_scheme: "light"
2025-11-01 10:08:41 [STREAM]   }
2025-11-01 10:08:41 [STREAM] }
2025-11-01 10:08:41 [STREAM] 
2025-11-01 10:08:41 [STREAM] 2025-11-01 10:08:41.145 Beginning script thread
2025-11-01 10:08:41 [STREAM] 2025-11-01 10:08:41.145 Running script RerunData(widget_states=, context_info=timezone: "Asia/Bangkok"
2025-11-01 10:08:41 [STREAM] timezone_offset: -420
2025-11-01 10:08:41 [STREAM] locale: "en-US"
2025-11-01 10:08:41 [STREAM] url: "http://localhost:8502/"
2025-11-01 10:08:41 [STREAM] is_embedded: false
2025-11-01 10:08:41 [STREAM] color_scheme: "light"
2025-11-01 10:08:41 [STREAM] )
2025-11-01 10:08:41 [STREAM] 2025-11-01 10:08:41.145 Disconnecting files for session with ID 973b23c4-6d89-487c-84f0-154901bc9ea0
2025-11-01 10:08:41 [STREAM] 2025-11-01 10:08:41.146 Sessions still active: dict_keys([])
2025-11-01 10:08:41 [STREAM] 2025-11-01 10:08:41.146 Files: 0; Sessions with files: 0
2025-11-01 10:08:41 [STREAM] 2025-11-01 10:08:41.156 Script compilation error
2025-11-01 10:08:41 [STREAM] Traceback (most recent call last):
2025-11-01 10:08:41 [STREAM]   File "/home/dzoan/credit-appraisal-agent-poc/.venv/lib/python3.10/site-packages/streamlit/runtime/scriptrunner/script_runner.py", line 571, in _run_script
2025-11-01 10:08:41 [STREAM]     code = self._script_cache.get_bytecode(script_path)
2025-11-01 10:08:41 [STREAM]   File "/home/dzoan/credit-appraisal-agent-poc/.venv/lib/python3.10/site-packages/streamlit/runtime/scriptrunner/script_cache.py", line 72, in get_bytecode
2025-11-01 10:08:41 [STREAM]     filebody = magic.add_magic(filebody, script_path)
2025-11-01 10:08:41 [STREAM]   File "/home/dzoan/credit-appraisal-agent-poc/.venv/lib/python3.10/site-packages/streamlit/runtime/scriptrunner/magic.py", line 45, in add_magic
2025-11-01 10:08:41 [STREAM]     tree = ast.parse(code, script_path, "exec")
2025-11-01 10:08:41 [STREAM]   File "/usr/lib/python3.10/ast.py", line 50, in parse
2025-11-01 10:08:41 [STREAM]     return compile(source, filename, mode, flags,
2025-11-01 10:08:41 [STREAM]   File "/home/dzoan/credit-appraisal-agent-poc/services/ui/app.py", line 1522
2025-11-01 10:08:41 [STREAM]     		created = datetime.fromtimestamp(ctime, tz=timezone.utc).strftime("%b %d, %Y %H:%M")
2025-11-01 10:08:41 [STREAM]     ^
2025-11-01 10:08:41 [STREAM] TabError: inconsistent use of tabs and spaces in indentation
2025-11-01 10:08:41 [STREAM] 2025-11-01 10:08:41.160 Thread 'MainThread': missing ScriptRunContext! This warning can be ignored when running in bare mode.
2025-11-01 10:08:43 [STREAM] 2025-11-01 10:08:43.231 AppSession initialized (id=53273002-ea2f-481c-8940-00df7c66383e)
2025-11-01 10:08:43 [STREAM] 2025-11-01 10:08:43.231 Created new session for client 125618308645504. Session ID: 53273002-ea2f-481c-8940-00df7c66383e
2025-11-01 10:08:43 [STREAM] 2025-11-01 10:08:43.231 Runtime state: RuntimeState.ONE_OR_MORE_SESSIONS_CONNECTED -> RuntimeState.ONE_OR_MORE_SESSIONS_CONNECTED
2025-11-01 10:08:43 [STREAM] 2025-11-01 10:08:43.773 AppSession initialized (id=a2d5d925-4bbf-4dd8-92ca-154da07c55ed)
2025-11-01 10:08:43 [STREAM] 2025-11-01 10:08:43.773 Created new session for client 125618308648432. Session ID: a2d5d925-4bbf-4dd8-92ca-154da07c55ed
2025-11-01 10:08:43 [STREAM] 2025-11-01 10:08:43.773 Runtime state: RuntimeState.ONE_OR_MORE_SESSIONS_CONNECTED -> RuntimeState.ONE_OR_MORE_SESSIONS_CONNECTED
2025-11-01 10:08:43 [STREAM] 2025-11-01 10:08:43.774 Received the following back message:
2025-11-01 10:08:43 [STREAM] rerun_script {
2025-11-01 10:08:43 [STREAM]   widget_states {
2025-11-01 10:08:43 [STREAM]   }
2025-11-01 10:08:43 [STREAM]   context_info {
2025-11-01 10:08:43 [STREAM]     timezone: "Asia/Bangkok"
2025-11-01 10:08:43 [STREAM]     timezone_offset: -420
2025-11-01 10:08:43 [STREAM]     locale: "en-US"
2025-11-01 10:08:43 [STREAM]     url: "http://localhost:8502/"
2025-11-01 10:08:43 [STREAM]     is_embedded: false
2025-11-01 10:08:43 [STREAM]     color_scheme: "light"
2025-11-01 10:08:43 [STREAM]   }
2025-11-01 10:08:43 [STREAM] }
2025-11-01 10:08:43 [STREAM] 
2025-11-01 10:08:43 [STREAM] 2025-11-01 10:08:43.775 Beginning script thread
2025-11-01 10:08:43 [STREAM] 2025-11-01 10:08:43.775 Running script RerunData(widget_states=, context_info=timezone: "Asia/Bangkok"
2025-11-01 10:08:43 [STREAM] timezone_offset: -420
2025-11-01 10:08:43 [STREAM] locale: "en-US"
2025-11-01 10:08:43 [STREAM] url: "http://localhost:8502/"
2025-11-01 10:08:43 [STREAM] is_embedded: false
2025-11-01 10:08:43 [STREAM] color_scheme: "light"
2025-11-01 10:08:43 [STREAM] )
2025-11-01 10:08:43 [STREAM] 2025-11-01 10:08:43.775 Disconnecting files for session with ID a2d5d925-4bbf-4dd8-92ca-154da07c55ed
2025-11-01 10:08:43 [STREAM] 2025-11-01 10:08:43.775 Sessions still active: dict_keys([])
2025-11-01 10:08:43 [STREAM] 2025-11-01 10:08:43.775 Files: 0; Sessions with files: 0
2025-11-01 10:08:43 [STREAM] 2025-11-01 10:08:43.782 Script compilation error
2025-11-01 10:08:43 [STREAM] Traceback (most recent call last):
2025-11-01 10:08:43 [STREAM]   File "/home/dzoan/credit-appraisal-agent-poc/.venv/lib/python3.10/site-packages/streamlit/runtime/scriptrunner/script_runner.py", line 571, in _run_script
2025-11-01 10:08:43 [STREAM]     code = self._script_cache.get_bytecode(script_path)
2025-11-01 10:08:43 [STREAM]   File "/home/dzoan/credit-appraisal-agent-poc/.venv/lib/python3.10/site-packages/streamlit/runtime/scriptrunner/script_cache.py", line 72, in get_bytecode
2025-11-01 10:08:43 [STREAM]     filebody = magic.add_magic(filebody, script_path)
2025-11-01 10:08:43 [STREAM]   File "/home/dzoan/credit-appraisal-agent-poc/.venv/lib/python3.10/site-packages/streamlit/runtime/scriptrunner/magic.py", line 45, in add_magic
2025-11-01 10:08:43 [STREAM]     tree = ast.parse(code, script_path, "exec")
2025-11-01 10:08:43 [STREAM]   File "/usr/lib/python3.10/ast.py", line 50, in parse
2025-11-01 10:08:43 [STREAM]     return compile(source, filename, mode, flags,
2025-11-01 10:08:43 [STREAM]   File "/home/dzoan/credit-appraisal-agent-poc/services/ui/app.py", line 1522
2025-11-01 10:08:43 [STREAM]     		created = datetime.fromtimestamp(ctime, tz=timezone.utc).strftime("%b %d, %Y %H:%M")
2025-11-01 10:08:43 [STREAM]     ^
2025-11-01 10:08:43 [STREAM] TabError: inconsistent use of tabs and spaces in indentation
2025-11-01 10:08:43 [STREAM] 2025-11-01 10:08:43.783 Thread 'MainThread': missing ScriptRunContext! This warning can be ignored when running in bare mode.
2025-11-01 10:09:04 [STREAM] 
2025-11-01 10:09:04 [STREAM] ==> /home/dzoan/credit-appraisal-agent-poc/.logs/api_20251101-100833.log <==
2025-11-01 10:09:04 [STREAM] INFO:     Stopping reloader process [540019]
2025-11-01 10:09:04 [STREAM] 
2025-11-01 10:09:04 [STREAM] ==> /home/dzoan/credit-appraisal-agent-poc/.logs/ui_20251101-100833.log <==
2025-11-01 10:09:04 [STREAM]   Stopping...
2025-11-01 10:09:04 [STREAM] 2025-11-01 10:09:04.825 Runtime stopping...
2025-11-01 10:09:04 [STREAM] 2025-11-01 10:09:04.825 Runtime state: RuntimeState.ONE_OR_MORE_SESSIONS_CONNECTED -> RuntimeState.STOPPING
2025-11-01 10:09:04 [STREAM] 2025-11-01 10:09:04.825 Shutting down (id=1e8736b5-e169-48f7-9620-4311d739068a)
2025-11-01 10:09:04 [STREAM] 2025-11-01 10:09:04.825 Disconnecting files for session with ID 1e8736b5-e169-48f7-9620-4311d739068a
2025-11-01 10:09:04 [STREAM] 2025-11-01 10:09:04.825 Sessions still active: dict_keys([])
2025-11-01 10:09:04 [STREAM] 2025-11-01 10:09:04.825 Files: 0; Sessions with files: 0
2025-11-01 10:09:04 [STREAM] 2025-11-01 10:09:04.825 Removing orphaned files...
2025-11-01 10:09:04 [STREAM] 2025-11-01 10:09:04.825 Shutting down (id=f179ba1e-feb5-421e-b63e-35f2440e6a72)
2025-11-01 10:09:04 [STREAM] 2025-11-01 10:09:04.825 Disconnecting files for session with ID f179ba1e-feb5-421e-b63e-35f2440e6a72
2025-11-01 10:09:04 [STREAM] 2025-11-01 10:09:04.825 Sessions still active: dict_keys([])
2025-11-01 10:09:04 [STREAM] 2025-11-01 10:09:04.825 Files: 0; Sessions with files: 0
2025-11-01 10:09:04 [STREAM] 2025-11-01 10:09:04.825 Removing orphaned files...
2025-11-01 10:09:04 [STREAM] 2025-11-01 10:09:04.825 Shutting down (id=aa3feeda-15c3-4ec8-b2b9-7cdbc629ed22)
2025-11-01 10:09:04 [STREAM] 2025-11-01 10:09:04.825 Disconnecting files for session with ID aa3feeda-15c3-4ec8-b2b9-7cdbc629ed22
2025-11-01 10:09:04 [STREAM] 2025-11-01 10:09:04.825 Sessions still active: dict_keys([])
2025-11-01 10:09:04 [STREAM] 2025-11-01 10:09:04.825 Files: 0; Sessions with file