==> /home/dzoan/credit-appraisal-agent-poc/.logs/api_20251028-145930.log <==

==> /home/dzoan/credit-appraisal-agent-poc/.logs/ui_20251028-145930.log <==

==> /home/dzoan/credit-appraisal-agent-poc/.logs/api_20251028-145930.log <==
INFO:     Will watch for changes in these directories: ['/home/dzoan/credit-appraisal-agent-poc']
INFO:     Uvicorn running on http://0.0.0.0:8090 (Press CTRL+C to quit)
INFO:     Started reloader process [398625] using WatchFiles

==> /home/dzoan/credit-appraisal-agent-poc/.logs/ui_20251028-145930.log <==

  You can now view your Streamlit app in your browser.

  URL: http://0.0.0.0:8502


==> /home/dzoan/credit-appraisal-agent-poc/.logs/api_20251028-145930.log <==
INFO:     Started server process [398635]
INFO:     Waiting for application startup.
INFO:     Application startup complete.
INFO:     127.0.0.1:37980 - "GET /v1/training/production_meta HTTP/1.1" 200 OK
INFO:     127.0.0.1:37982 - "GET /v1/training/production_meta HTTP/1.1" 200 OK
INFO:     127.0.0.1:37988 - "GET /v1/training/production_meta HTTP/1.1" 200 OK
INFO:     127.0.0.1:37996 - "GET /v1/training/production_meta HTTP/1.1" 200 OK

==> /home/dzoan/credit-appraisal-agent-poc/.logs/ui_20251028-145930.log <==
2025-10-28 15:00:06.659 Please replace `use_container_width` with `width`.

`use_container_width` will be removed after 2025-12-31.

For `use_container_width=True`, use `width='stretch'`. For `use_container_width=False`, use `width='content'`.

==> /home/dzoan/credit-appraisal-agent-poc/.logs/api_20251028-145930.log <==
INFO:     127.0.0.1:38012 - "GET /v1/training/production_meta HTTP/1.1" 200 OK
INFO:     127.0.0.1:38014 - "GET /v1/training/production_meta HTTP/1.1" 200 OK

==> /home/dzoan/credit-appraisal-agent-poc/.logs/ui_20251028-145930.log <==
2025-10-28 15:00:07.923 Please replace `use_container_width` with `width`.

`use_container_width` will be removed after 2025-12-31.

For `use_container_width=True`, use `width='stretch'`. For `use_container_width=False`, use `width='content'`.

==> /home/dzoan/credit-appraisal-agent-poc/.logs/api_20251028-145930.log <==
INFO:     127.0.0.1:38020 - "GET /v1/training/production_meta HTTP/1.1" 200 OK
INFO:     127.0.0.1:38028 - "GET /v1/training/production_meta HTTP/1.1" 200 OK
INFO:     127.0.0.1:38030 - "GET /v1/training/production_meta HTTP/1.1" 200 OK
INFO:     127.0.0.1:38036 - "GET /v1/training/production_meta HTTP/1.1" 200 OK

==> /home/dzoan/credit-appraisal-agent-poc/.logs/ui_20251028-145930.log <==
2025-10-28 15:00:11.475 Please replace `use_container_width` with `width`.

`use_container_width` will be removed after 2025-12-31.

For `use_container_width=True`, use `width='stretch'`. For `use_container_width=False`, use `width='content'`.

==> /home/dzoan/credit-appraisal-agent-poc/.logs/api_20251028-145930.log <==
INFO:     127.0.0.1:50288 - "GET /v1/training/production_meta HTTP/1.1" 200 OK
INFO:     127.0.0.1:50292 - "GET /v1/training/production_meta HTTP/1.1" 200 OK

==> /home/dzoan/credit-appraisal-agent-poc/.logs/ui_20251028-145930.log <==
2025-10-28 15:00:12.402 Please replace `use_container_width` with `width`.

`use_container_width` will be removed after 2025-12-31.

For `use_container_width=True`, use `width='stretch'`. For `use_container_width=False`, use `width='content'`.

==> /home/dzoan/credit-appraisal-agent-poc/.logs/api_20251028-145930.log <==
INFO:     127.0.0.1:50302 - "GET /v1/training/production_meta HTTP/1.1" 200 OK
INFO:     127.0.0.1:50316 - "GET /v1/training/production_meta HTTP/1.1" 200 OK
INFO:     127.0.0.1:43824 - "GET /v1/training/production_meta HTTP/1.1" 200 OK
INFO:     127.0.0.1:43826 - "GET /v1/training/production_meta HTTP/1.1" 200 OK

==> /home/dzoan/credit-appraisal-agent-poc/.logs/ui_20251028-145930.log <==
2025-10-28 15:00:27.646 Please replace `use_container_width` with `width`.

`use_container_width` will be removed after 2025-12-31.

For `use_container_width=True`, use `width='stretch'`. For `use_container_width=False`, use `width='content'`.
2025-10-28 15:00:27.662 Please replace `use_container_width` with `width`.

`use_container_width` will be removed after 2025-12-31.

For `use_container_width=True`, use `width='stretch'`. For `use_container_width=False`, use `width='content'`.
2025-10-28 15:00:31.081 Please replace `use_container_width` with `width`.

`use_container_width` will be removed after 2025-12-31.

For `use_container_width=True`, use `width='stretch'`. For `use_container_width=False`, use `width='content'`.
2025-10-28 15:00:31.109 Please replace `use_container_width` with `width`.

`use_container_width` will be removed after 2025-12-31.

For `use_container_width=True`, use `width='stretch'`. For `use_container_width=False`, use `width='content'`.

==> /home/dzoan/credit-appraisal-agent-poc/.logs/api_20251028-145930.log <==
INFO:     127.0.0.1:43840 - "GET /v1/training/production_meta HTTP/1.1" 200 OK
INFO:     127.0.0.1:43846 - "GET /v1/training/production_meta HTTP/1.1" 200 OK
INFO:     127.0.0.1:48214 - "GET /v1/training/production_meta HTTP/1.1" 200 OK

==> /home/dzoan/credit-appraisal-agent-poc/.logs/ui_20251028-145930.log <==
2025-10-28 15:00:40.093 Please replace `use_container_width` with `width`.

`use_container_width` will be removed after 2025-12-31.

For `use_container_width=True`, use `width='stretch'`. For `use_container_width=False`, use `width='content'`.
2025-10-28 15:00:40.109 Please replace `use_container_width` with `width`.

`use_container_width` will be removed after 2025-12-31.

For `use_container_width=True`, use `width='stretch'`. For `use_container_width=False`, use `width='content'`.

==> /home/dzoan/credit-appraisal-agent-poc/.logs/api_20251028-145930.log <==
INFO:     127.0.0.1:48228 - "GET /v1/training/production_meta HTTP/1.1" 200 OK
INFO:     127.0.0.1:48238 - "GET /v1/training/production_meta HTTP/1.1" 200 OK
INFO:     127.0.0.1:48246 - "GET /v1/training/production_meta HTTP/1.1" 200 OK

==> /home/dzoan/credit-appraisal-agent-poc/.logs/ui_20251028-145930.log <==
2025-10-28 15:00:41.724 Please replace `use_container_width` with `width`.

`use_container_width` will be removed after 2025-12-31.

For `use_container_width=True`, use `width='stretch'`. For `use_container_width=False`, use `width='content'`.
2025-10-28 15:00:41.739 Please replace `use_container_width` with `width`.

`use_container_width` will be removed after 2025-12-31.

For `use_container_width=True`, use `width='stretch'`. For `use_container_width=False`, use `width='content'`.

==> /home/dzoan/credit-appraisal-agent-poc/.logs/api_20251028-145930.log <==
INFO:     127.0.0.1:53528 - "GET /v1/training/production_meta HTTP/1.1" 200 OK
INFO:     127.0.0.1:53538 - "GET /v1/training/production_meta HTTP/1.1" 200 OK

==> /home/dzoan/credit-appraisal-agent-poc/.logs/ui_20251028-145930.log <==
2025-10-28 15:00:45.887 Please replace `use_container_width` with `width`.

`use_container_width` will be removed after 2025-12-31.

For `use_container_width=True`, use `width='stretch'`. For `use_container_width=False`, use `width='content'`.
2025-10-28 15:00:45.906 Please replace `use_container_width` with `width`.

`use_container_width` will be removed after 2025-12-31.

For `use_container_width=True`, use `width='stretch'`. For `use_container_width=False`, use `width='content'`.

==> /home/dzoan/credit-appraisal-agent-poc/.logs/api_20251028-145930.log <==
INFO:     127.0.0.1:53552 - "GET /v1/training/production_meta HTTP/1.1" 200 OK
INFO:     127.0.0.1:53568 - "GET /v1/training/production_meta HTTP/1.1" 200 OK

==> /home/dzoan/credit-appraisal-agent-poc/.logs/ui_20251028-145930.log <==
2025-10-28 15:00:47.878 Please replace `use_container_width` with `width`.

`use_container_width` will be removed after 2025-12-31.

For `use_container_width=True`, use `width='stretch'`. For `use_container_width=False`, use `width='content'`.
2025-10-28 15:00:47.895 Please replace `use_container_width` with `width`.

`use_container_width` will be removed after 2025-12-31.

For `use_container_width=True`, use `width='stretch'`. For `use_container_width=False`, use `width='content'`.

==> /home/dzoan/credit-appraisal-agent-poc/.logs/api_20251028-145930.log <==
INFO:     127.0.0.1:53578 - "GET /v1/training/production_meta HTTP/1.1" 200 OK
INFO:     127.0.0.1:53584 - "GET /v1/training/production_meta HTTP/1.1" 200 OK

==> /home/dzoan/credit-appraisal-agent-poc/.logs/ui_20251028-145930.log <==
2025-10-28 15:00:48.958 Please replace `use_container_width` with `width`.

`use_container_width` will be removed after 2025-12-31.

For `use_container_width=True`, use `width='stretch'`. For `use_container_width=False`, use `width='content'`.
2025-10-28 15:00:48.975 Please replace `use_container_width` with `width`.

`use_container_width` will be removed after 2025-12-31.

For `use_container_width=True`, use `width='stretch'`. For `use_container_width=False`, use `width='content'`.

==> /home/dzoan/credit-appraisal-agent-poc/.logs/api_20251028-145930.log <==
INFO:     127.0.0.1:53590 - "GET /v1/training/production_meta HTTP/1.1" 200 OK
/home/dzoan/credit-appraisal-agent-poc/.venv/lib/python3.10/site-packages/sklearn/base.py:493: UserWarning: X does not have valid feature names, but StandardScaler was fitted with feature names
  warnings.warn(
INFO:     127.0.0.1:53604 - "POST /v1/agents/credit_appraisal/run HTTP/1.1" 200 OK
INFO:     127.0.0.1:53610 - "GET /v1/runs/run_1761638450/report?format=csv HTTP/1.1" 200 OK

==> /home/dzoan/credit-appraisal-agent-poc/.logs/ui_20251028-145930.log <==
2025-10-28 15:00:50.578 Please replace `use_container_width` with `width`.

`use_container_width` will be removed after 2025-12-31.

For `use_container_width=True`, use `width='stretch'`. For `use_container_width=False`, use `width='content'`.
2025-10-28 15:00:50.590 Please replace `use_container_width` with `width`.

`use_container_width` will be removed after 2025-12-31.

For `use_container_width=True`, use `width='stretch'`. For `use_container_width=False`, use `width='content'`.
2025-10-28 15:00:50.711 Please replace `use_container_width` with `width`.

`use_container_width` will be removed after 2025-12-31.

For `use_container_width=True`, use `width='stretch'`. For `use_container_width=False`, use `width='content'`.
2025-10-28 15:00:51.013 Please replace `use_container_width` with `width`.

`use_container_width` will be removed after 2025-12-31.

For `use_container_width=True`, use `width='stretch'`. For `use_container_width=False`, use `width='content'`.
2025-10-28 15:00:51.038 Please replace `use_container_width` with `width`.

`use_container_width` will be removed after 2025-12-31.

For `use_container_width=True`, use `width='stretch'`. For `use_container_width=False`, use `width='content'`.

==> /home/dzoan/credit-appraisal-agent-poc/.logs/api_20251028-145930.log <==
INFO:     127.0.0.1:53618 - "GET /v1/training/production_meta HTTP/1.1" 200 OK

==> /home/dzoan/credit-appraisal-agent-poc/.logs/ui_20251028-145930.log <==
2025-10-28 15:00:51.303 Please replace `use_container_width` with `width`.

`use_container_width` will be removed after 2025-12-31.

For `use_container_width=True`, use `width='stretch'`. For `use_container_width=False`, use `width='content'`.
2025-10-28 15:00:51.309 Please replace `use_container_width` with `width`.

`use_container_width` will be removed after 2025-12-31.

For `use_container_width=True`, use `width='stretch'`. For `use_container_width=False`, use `width='content'`.
2025-10-28 15:00:51.323 Please replace `use_container_width` with `width`.

`use_container_width` will be removed after 2025-12-31.

For `use_container_width=True`, use `width='stretch'`. For `use_container_width=False`, use `width='content'`.

==> /home/dzoan/credit-appraisal-agent-poc/.logs/api_20251028-145930.log <==
INFO:     127.0.0.1:44194 - "GET /v1/training/production_meta HTTP/1.1" 200 OK
INFO:     127.0.0.1:44206 - "GET /v1/training/production_meta HTTP/1.1" 200 OK

==> /home/dzoan/credit-appraisal-agent-poc/.logs/ui_20251028-145930.log <==
2025-10-28 15:00:56.854 Please replace `use_container_width` with `width`.

`use_container_width` will be removed after 2025-12-31.

For `use_container_width=True`, use `width='stretch'`. For `use_container_width=False`, use `width='content'`.
2025-10-28 15:00:56.870 Please replace `use_container_width` with `width`.

`use_container_width` will be removed after 2025-12-31.

For `use_container_width=True`, use `width='stretch'`. For `use_container_width=False`, use `width='content'`.
2025-10-28 15:00:56.924 Please replace `use_container_width` with `width`.

`use_container_width` will be removed after 2025-12-31.

For `use_container_width=True`, use `width='stretch'`. For `use_container_width=False`, use `width='content'`.

==> /home/dzoan/credit-appraisal-agent-poc/.logs/api_20251028-145930.log <==
INFO:     127.0.0.1:59434 - "GET /v1/training/production_meta HTTP/1.1" 200 OK

==> /home/dzoan/credit-appraisal-agent-poc/.logs/ui_20251028-145930.log <==
2025-10-28 15:01:07.962 Please replace `use_container_width` with `width`.

`use_container_width` will be removed after 2025-12-31.

For `use_container_width=True`, use `width='stretch'`. For `use_container_width=False`, use `width='content'`.
2025-10-28 15:01:08.010 Please replace `use_container_width` with `width`.

`use_container_width` will be removed after 2025-12-31.

For `use_container_width=True`, use `width='stretch'`. For `use_container_width=False`, use `width='content'`.
2025-10-28 15:01:08.123 Please replace `use_container_width` with `width`.

`use_container_width` will be removed after 2025-12-31.

For `use_container_width=True`, use `width='stretch'`. For `use_container_width=False`, use `width='content'`.

==> /home/dzoan/credit-appraisal-agent-poc/.logs/api_20251028-145930.log <==
INFO:     127.0.0.1:59440 - "GET /v1/training/production_meta HTTP/1.1" 200 OK
INFO:     127.0.0.1:59450 - "GET /v1/training/production_meta HTTP/1.1" 200 OK
INFO:     127.0.0.1:59460 - "GET /v1/training/production_meta HTTP/1.1" 200 OK

==> /home/dzoan/credit-appraisal-agent-poc/.logs/ui_20251028-145930.log <==
2025-10-28 15:01:11.209 Please replace `use_container_width` with `width`.

`use_container_width` will be removed after 2025-12-31.

For `use_container_width=True`, use `width='stretch'`. For `use_container_width=False`, use `width='content'`.
2025-10-28 15:01:11.227 Please replace `use_container_width` with `width`.

`use_container_width` will be removed after 2025-12-31.

For `use_container_width=True`, use `width='stretch'`. For `use_container_width=False`, use `width='content'`.
2025-10-28 15:01:11.295 Please replace `use_container_width` with `width`.

`use_container_width` will be removed after 2025-12-31.

For `use_container_width=True`, use `width='stretch'`. For `use_container_width=False`, use `width='content'`.

==> /home/dzoan/credit-appraisal-agent-poc/.logs/api_20251028-145930.log <==
INFO:     127.0.0.1:54838 - "GET /v1/training/production_meta HTTP/1.1" 200 OK
INFO:     127.0.0.1:54840 - "GET /v1/training/production_meta HTTP/1.1" 200 OK

==> /home/dzoan/credit-appraisal-agent-poc/.logs/ui_20251028-145930.log <==
2025-10-28 15:01:16.961 Please replace `use_container_width` with `width`.

`use_container_width` will be removed after 2025-12-31.

For `use_container_width=True`, use `width='stretch'`. For `use_container_width=False`, use `width='content'`.
2025-10-28 15:01:16.977 Please replace `use_container_width` with `width`.

`use_container_width` will be removed after 2025-12-31.

For `use_container_width=True`, use `width='stretch'`. For `use_container_width=False`, use `width='content'`.
2025-10-28 15:01:17.027 Please replace `use_container_width` with `width`.

`use_container_width` will be removed after 2025-12-31.

For `use_container_width=True`, use `width='stretch'`. For `use_container_width=False`, use `width='content'`.

==> /home/dzoan/credit-appraisal-agent-poc/.logs/api_20251028-145930.log <==
INFO:     127.0.0.1:54856 - "GET /v1/training/production_meta HTTP/1.1" 200 OK
INFO:     127.0.0.1:54870 - "GET /v1/training/production_meta HTTP/1.1" 200 OK

==> /home/dzoan/credit-appraisal-agent-poc/.logs/ui_20251028-145930.log <==
2025-10-28 15:01:20.159 Please replace `use_container_width` with `width`.

`use_container_width` will be removed after 2025-12-31.

For `use_container_width=True`, use `width='stretch'`. For `use_container_width=False`, use `width='content'`.
2025-10-28 15:01:20.175 Please replace `use_container_width` with `width`.

`use_container_width` will be removed after 2025-12-31.

For `use_container_width=True`, use `width='stretch'`. For `use_container_width=False`, use `width='content'`.
2025-10-28 15:01:20.224 Please replace `use_container_width` with `width`.

`use_container_width` will be removed after 2025-12-31.

For `use_container_width=True`, use `width='stretch'`. For `use_container_width=False`, use `width='content'`.
2025-10-28 15:01:20.429 Please replace `use_container_width` with `width`.

`use_container_width` will be removed after 2025-12-31.

For `use_container_width=True`, use `width='stretch'`. For `use_container_width=False`, use `width='content'`.

==> /home/dzoan/credit-appraisal-agent-poc/.logs/api_20251028-145930.log <==
INFO:     Shutting down
INFO:     Waiting for application shutdown.
INFO:     Application shutdown complete.
INFO:     Finished server process [398635]
INFO:     Stopping reloader process [398625]

==> /home/dzoan/credit-appraisal-agent-poc/.logs/ui_20251028-145930.log <==
  Stopping...
