==> /home/dzoan/credit-appraisal-agent-poc/.logs/api_20251028-153615.log <==

==> /home/dzoan/credit-appraisal-agent-poc/.logs/ui_20251028-153615.log <==

==> /home/dzoan/credit-appraisal-agent-poc/.logs/api_20251028-153615.log <==
INFO:     Will watch for changes in these directories: ['/home/dzoan/credit-appraisal-agent-poc']
INFO:     Uvicorn running on http://0.0.0.0:8090 (Press CTRL+C to quit)
INFO:     Started reloader process [402130] using WatchFiles

==> /home/dzoan/credit-appraisal-agent-poc/.logs/ui_20251028-153615.log <==

  You can now view your Streamlit app in your browser.

  URL: http://0.0.0.0:8502


==> /home/dzoan/credit-appraisal-agent-poc/.logs/api_20251028-153615.log <==
/home/dzoan/credit-appraisal-agent-poc/.venv/lib/python3.10/site-packages/fpdf/__init__.py:40: UserWarning: You have both PyFPDF & fpdf2 installed. Both packages cannot be installed at the same time as they share the same module namespace. To only keep fpdf2, run: pip uninstall --yes pypdf && pip install --upgrade fpdf2
  warnings.warn(
Process SpawnProcess-1:
Traceback (most recent call last):
  File "/usr/lib/python3.10/multiprocessing/process.py", line 314, in _bootstrap
    self.run()
  File "/usr/lib/python3.10/multiprocessing/process.py", line 108, in run
    self._target(*self._args, **self._kwargs)
  File "/home/dzoan/credit-appraisal-agent-poc/.venv/lib/python3.10/site-packages/uvicorn/_subprocess.py", line 80, in subprocess_started
    target(sockets=sockets)
  File "/home/dzoan/credit-appraisal-agent-poc/.venv/lib/python3.10/site-packages/uvicorn/server.py", line 65, in run
    return asyncio.run(self.serve(sockets=sockets))
  File "/usr/lib/python3.10/asyncio/runners.py", line 44, in run
    return loop.run_until_complete(main)
  File "uvloop/loop.pyx", line 1518, in uvloop.loop.Loop.run_until_complete
  File "/home/dzoan/credit-appraisal-agent-poc/.venv/lib/python3.10/site-packages/uvicorn/server.py", line 69, in serve
    await self._serve(sockets)
  File "/home/dzoan/credit-appraisal-agent-poc/.venv/lib/python3.10/site-packages/uvicorn/server.py", line 76, in _serve
    config.load()
  File "/home/dzoan/credit-appraisal-agent-poc/.venv/lib/python3.10/site-packages/uvicorn/config.py", line 434, in load
    self.loaded_app = import_from_string(self.app)
  File "/home/dzoan/credit-appraisal-agent-poc/.venv/lib/python3.10/site-packages/uvicorn/importer.py", line 22, in import_from_string
    raise exc from None
  File "/home/dzoan/credit-appraisal-agent-poc/.venv/lib/python3.10/site-packages/uvicorn/importer.py", line 19, in import_from_string
    module = importlib.import_module(module_str)
  File "/usr/lib/python3.10/importlib/__init__.py", line 126, in import_module
    return _bootstrap._gcd_import(name[level:], package, level)
  File "<frozen importlib._bootstrap>", line 1050, in _gcd_import
  File "<frozen importlib._bootstrap>", line 1027, in _find_and_load
  File "<frozen importlib._bootstrap>", line 1006, in _find_and_load_unlocked
  File "<frozen importlib._bootstrap>", line 688, in _load_unlocked
  File "<frozen importlib._bootstrap_external>", line 883, in exec_module
  File "<frozen importlib._bootstrap>", line 241, in _call_with_frames_removed
  File "/home/dzoan/credit-appraisal-agent-poc/services/api/main.py", line 40, in <module>
    from services.api.routers.agents import router as agents_router
  File "/home/dzoan/credit-appraisal-agent-poc/services/api/routers/agents.py", line 16, in <module>
    from services.paths import RUNS_DIR as DEFAULT_RUNS_DIR, ensure_dir
ModuleNotFoundError: No module named 'services.paths'

==> /home/dzoan/credit-appraisal-agent-poc/.logs/ui_20251028-153615.log <==
2025-10-28 15:36:35.159 Please replace `use_container_width` with `width`.

`use_container_width` will be removed after 2025-12-31.

For `use_container_width=True`, use `width='stretch'`. For `use_container_width=False`, use `width='content'`.
2025-10-28 15:36:36.224 Please replace `use_container_width` with `width`.

`use_container_width` will be removed after 2025-12-31.

For `use_container_width=True`, use `width='stretch'`. For `use_container_width=False`, use `width='content'`.
2025-10-28 15:36:55.269 Please replace `use_container_width` with `width`.

`use_container_width` will be removed after 2025-12-31.

For `use_container_width=True`, use `width='stretch'`. For `use_container_width=False`, use `width='content'`.
2025-10-28 15:36:55.285 Please replace `use_container_width` with `width`.

`use_container_width` will be removed after 2025-12-31.

For `use_container_width=True`, use `width='stretch'`. For `use_container_width=False`, use `width='content'`.
2025-10-28 15:36:56.938 Please replace `use_container_width` with `width`.

`use_container_width` will be removed after 2025-12-31.

For `use_container_width=True`, use `width='stretch'`. For `use_container_width=False`, use `width='content'`.
2025-10-28 15:36:56.952 Please replace `use_container_width` with `width`.

`use_container_width` will be removed after 2025-12-31.

For `use_container_width=True`, use `width='stretch'`. For `use_container_width=False`, use `width='content'`.
2025-10-28 15:37:09.463 Please replace `use_container_width` with `width`.

`use_container_width` will be removed after 2025-12-31.

For `use_container_width=True`, use `width='stretch'`. For `use_container_width=False`, use `width='content'`.
2025-10-28 15:37:09.477 Please replace `use_container_width` with `width`.

`use_container_width` will be removed after 2025-12-31.

For `use_container_width=True`, use `width='stretch'`. For `use_container_width=False`, use `width='content'`.
2025-10-28 15:37:16.071 Please replace `use_container_width` with `width`.

`use_container_width` will be removed after 2025-12-31.

For `use_container_width=True`, use `width='stretch'`. For `use_container_width=False`, use `width='content'`.
2025-10-28 15:37:16.112 Please replace `use_container_width` with `width`.

`use_container_width` will be removed after 2025-12-31.

For `use_container_width=True`, use `width='stretch'`. For `use_container_width=False`, use `width='content'`.
2025-10-28 15:37:21.593 Please replace `use_container_width` with `width`.

`use_container_width` will be removed after 2025-12-31.

For `use_container_width=True`, use `width='stretch'`. For `use_container_width=False`, use `width='content'`.
2025-10-28 15:37:21.606 Please replace `use_container_width` with `width`.

`use_container_width` will be removed after 2025-12-31.

For `use_container_width=True`, use `width='stretch'`. For `use_container_width=False`, use `width='content'`.
2025-10-28 15:37:24.338 Please replace `use_container_width` with `width`.

`use_container_width` will be removed after 2025-12-31.

For `use_container_width=True`, use `width='stretch'`. For `use_container_width=False`, use `width='content'`.
2025-10-28 15:37:24.351 Please replace `use_container_width` with `width`.

`use_container_width` will be removed after 2025-12-31.

For `use_container_width=True`, use `width='stretch'`. For `use_container_width=False`, use `width='content'`.
2025-10-28 15:37:24.836 Please replace `use_container_width` with `width`.

`use_container_width` will be removed after 2025-12-31.

For `use_container_width=True`, use `width='stretch'`. For `use_container_width=False`, use `width='content'`.
2025-10-28 15:37:24.850 Please replace `use_container_width` with `width`.

`use_container_width` will be removed after 2025-12-31.

For `use_container_width=True`, use `width='stretch'`. For `use_container_width=False`, use `width='content'`.
2025-10-28 15:37:25.173 Please replace `use_container_width` with `width`.

`use_container_width` will be removed after 2025-12-31.

For `use_container_width=True`, use `width='stretch'`. For `use_container_width=False`, use `width='content'`.
2025-10-28 15:37:25.186 Please replace `use_container_width` with `width`.

`use_container_width` will be removed after 2025-12-31.

For `use_container_width=True`, use `width='stretch'`. For `use_container_width=False`, use `width='content'`.

==> /home/dzoan/credit-appraisal-agent-poc/.logs/api_20251028-153615.log <==
INFO:     Stopping reloader process [402130]

==> /home/dzoan/credit-appraisal-agent-poc/.logs/ui_20251028-153615.log <==
  Stopping...
