==> /home/dzoan/credit-appraisal-agent-poc/.logs/api_20251026-114321.log <==

==> /home/dzoan/credit-appraisal-agent-poc/.logs/ui_20251026-114321.log <==

==> /home/dzoan/credit-appraisal-agent-poc/.logs/api_20251026-114321.log <==
INFO:     Will watch for changes in these directories: ['/home/dzoan/credit-appraisal-agent-poc/services/ui']
INFO:     Uvicorn running on http://0.0.0.0:8090 (Press CTRL+C to quit)
INFO:     Started reloader process [185685] using WatchFiles

==> /home/dzoan/credit-appraisal-agent-poc/.logs/ui_20251026-114321.log <==

  You can now view your Streamlit app in your browser.

  URL: http://0.0.0.0:8502


==> /home/dzoan/credit-appraisal-agent-poc/.logs/api_20251026-114321.log <==
INFO:     Started server process [185695]
INFO:     Waiting for application startup.
INFO:     Application startup complete.
INFO:     127.0.0.1:50170 - "GET /v1/training/production_meta HTTP/1.1" 200 OK
INFO:     127.0.0.1:50182 - "GET /v1/training/production_meta HTTP/1.1" 200 OK
INFO:     Shutting down
INFO:     Waiting for application shutdown.
INFO:     Application shutdown complete.
INFO:     Finished server process [185695]

==> /home/dzoan/credit-appraisal-agent-poc/.logs/ui_20251026-114321.log <==
  Stopping...

==> /home/dzoan/credit-appraisal-agent-poc/.logs/api_20251026-114321.log <==
INFO:     Stopping reloader process [185685]
