==> /home/dzoan/credit-appraisal-agent-poc/.logs/api_20251031-211504.log <==

==> /home/dzoan/credit-appraisal-agent-poc/.logs/ui_20251031-211504.log <==

==> /home/dzoan/credit-appraisal-agent-poc/.logs/api_20251031-211504.log <==
[32mINFO[0m:     Will watch for changes in these directories: ['/home/dzoan/credit-appraisal-agent-poc']
[32mINFO[0m:     Uvicorn running on [1mhttp://0.0.0.0:8090[0m (Press CTRL+C to quit)
[32mINFO[0m:     Started reloader process [[36m[1m535508[0m] using [36m[1mWatchFiles[0m

==> /home/dzoan/credit-appraisal-agent-poc/.logs/ui_20251031-211504.log <==
2025-10-31 21:15:07.383 WARNING streamlit.web.cli: Setting the log level using the --log_level flag is unsupported.
Use the --logger.level flag (after your streamlit command) instead.

  You can now view your Streamlit app in your browser.

  URL: http://0.0.0.0:8502


==> /home/dzoan/credit-appraisal-agent-poc/.logs/api_20251031-211504.log <==
[32mINFO[0m:     Started server process [[36m535522[0m]
[32mINFO[0m:     Waiting for application startup.
[32mINFO[0m:     Application startup complete.
[32mINFO[0m:     127.0.0.1:50040 - "[1mGET /v1/training/production_meta HTTP/1.1[0m" [32m200 OK[0m

==> /home/dzoan/credit-appraisal-agent-poc/.logs/ui_20251031-211504.log <==
2025-11-01 09:06:34.346 Please replace `use_container_width` with `width`.

`use_container_width` will be removed after 2025-12-31.

For `use_container_width=True`, use `width='stretch'`. For `use_container_width=False`, use `width='content'`.

==> /home/dzoan/credit-appraisal-agent-poc/.logs/api_20251031-211504.log <==
[32mINFO[0m:     127.0.0.1:43408 - "[1mGET /v1/training/production_meta HTTP/1.1[0m" [32m200 OK[0m

==> /home/dzoan/credit-appraisal-agent-poc/.logs/ui_20251031-211504.log <==
2025-11-01 09:06:36.271 Please replace `use_container_width` with `width`.

`use_container_width` will be removed after 2025-12-31.

For `use_container_width=True`, use `width='stretch'`. For `use_container_width=False`, use `width='content'`.
2025-11-01 09:06:36.274 Please replace `use_container_width` with `width`.

`use_container_width` will be removed after 2025-12-31.

For `use_container_width=True`, use `width='stretch'`. For `use_container_width=False`, use `width='content'`.
2025-11-01 09:06:36.295 Please replace `use_container_width` with `width`.

`use_container_width` will be removed after 2025-12-31.

For `use_container_width=True`, use `width='stretch'`. For `use_container_width=False`, use `width='content'`.

==> /home/dzoan/credit-appraisal-agent-poc/.logs/api_20251031-211504.log <==
[32mINFO[0m:     127.0.0.1:43414 - "[1mGET /v1/training/production_meta HTTP/1.1[0m" [32m200 OK[0m

==> /home/dzoan/credit-appraisal-agent-poc/.logs/ui_20251031-211504.log <==
2025-11-01 09:06:40.868 Please replace `use_container_width` with `width`.

`use_container_width` will be removed after 2025-12-31.

For `use_container_width=True`, use `width='stretch'`. For `use_container_width=False`, use `width='content'`.
2025-11-01 09:06:40.896 Please replace `use_container_width` with `width`.

`use_container_width` will be removed after 2025-12-31.

For `use_container_width=True`, use `width='stretch'`. For `use_container_width=False`, use `width='content'`.
2025-11-01 09:06:40.924 Please replace `use_container_width` with `width`.

`use_container_width` will be removed after 2025-12-31.

For `use_container_width=True`, use `width='stretch'`. For `use_container_width=False`, use `width='content'`.

==> /home/dzoan/credit-appraisal-agent-poc/.logs/api_20251031-211504.log <==
[32mINFO[0m:     127.0.0.1:50876 - "[1mGET /v1/training/production_meta HTTP/1.1[0m" [32m200 OK[0m
[32mINFO[0m:     127.0.0.1:50884 - "[1mGET /v1/agents HTTP/1.1[0m" [32m200 OK[0m
[32mINFO[0m:     127.0.0.1:50886 - "[1mPOST /v1/agents/asset_appraisal/run HTTP/1.1[0m" [32m200 OK[0m

==> /home/dzoan/credit-appraisal-agent-poc/.logs/ui_20251031-211504.log <==
2025-11-01 09:06:45.277 Please replace `use_container_width` with `width`.

`use_container_width` will be removed after 2025-12-31.

For `use_container_width=True`, use `width='stretch'`. For `use_container_width=False`, use `width='content'`.
2025-11-01 09:06:45.282 Please replace `use_container_width` with `width`.

`use_container_width` will be removed after 2025-12-31.

For `use_container_width=True`, use `width='stretch'`. For `use_container_width=False`, use `width='content'`.
2025-11-01 09:06:45.307 Please replace `use_container_width` with `width`.

`use_container_width` will be removed after 2025-12-31.

For `use_container_width=True`, use `width='stretch'`. For `use_container_width=False`, use `width='content'`.
2025-11-01 09:06:45.375 Please replace `use_container_width` with `width`.

`use_container_width` will be removed after 2025-12-31.

For `use_container_width=True`, use `width='stretch'`. For `use_container_width=False`, use `width='content'`.
/home/dzoan/credit-appraisal-agent-poc/services/ui/pages/asset_appraisal.py:732: FutureWarning:

The default of observed=False is deprecated and will be changed to True in a future version of pandas. Pass observed=False to retain current behavior or observed=True to adopt the future default and silence this warning.

2025-11-01 09:06:45.816 Please replace `use_container_width` with `width`.

`use_container_width` will be removed after 2025-12-31.

For `use_container_width=True`, use `width='stretch'`. For `use_container_width=False`, use `width='content'`.

==> /home/dzoan/credit-appraisal-agent-poc/.logs/api_20251031-211504.log <==
[32mINFO[0m:     127.0.0.1:54142 - "[1mGET /v1/training/production_meta HTTP/1.1[0m" [32m200 OK[0m

==> /home/dzoan/credit-appraisal-agent-poc/.logs/ui_20251031-211504.log <==
2025-11-01 09:06:59.892 Please replace `use_container_width` with `width`.

`use_container_width` will be removed after 2025-12-31.

For `use_container_width=True`, use `width='stretch'`. For `use_container_width=False`, use `width='content'`.
2025-11-01 09:06:59.895 Please replace `use_container_width` with `width`.

`use_container_width` will be removed after 2025-12-31.

For `use_container_width=True`, use `width='stretch'`. For `use_container_width=False`, use `width='content'`.
2025-11-01 09:06:59.910 Please replace `use_container_width` with `width`.

`use_container_width` will be removed after 2025-12-31.

For `use_container_width=True`, use `width='stretch'`. For `use_container_width=False`, use `width='content'`.
/home/dzoan/credit-appraisal-agent-poc/services/ui/pages/asset_appraisal.py:732: FutureWarning:

The default of observed=False is deprecated and will be changed to True in a future version of pandas. Pass observed=False to retain current behavior or observed=True to adopt the future default and silence this warning.

2025-11-01 09:07:00.102 Please replace `use_container_width` with `width`.

`use_container_width` will be removed after 2025-12-31.

For `use_container_width=True`, use `width='stretch'`. For `use_container_width=False`, use `width='content'`.

==> /home/dzoan/credit-appraisal-agent-poc/.logs/api_20251031-211504.log <==
[32mINFO[0m:     127.0.0.1:37614 - "[1mGET /v1/training/production_meta HTTP/1.1[0m" [32m200 OK[0m
[32mINFO[0m:     127.0.0.1:37622 - "[1mGET /v1/training/production_meta HTTP/1.1[0m" [32m200 OK[0m
[32mINFO[0m:     127.0.0.1:55396 - "[1mGET /v1/training/production_meta HTTP/1.1[0m" [32m200 OK[0m
[32mINFO[0m:     127.0.0.1:55412 - "[1mGET /v1/training/production_meta HTTP/1.1[0m" [32m200 OK[0m

==> /home/dzoan/credit-appraisal-agent-poc/.logs/ui_20251031-211504.log <==
2025-11-01 09:07:26.657 Please replace `use_container_width` with `width`.

`use_container_width` will be removed after 2025-12-31.

For `use_container_width=True`, use `width='stretch'`. For `use_container_width=False`, use `width='content'`.

==> /home/dzoan/credit-appraisal-agent-poc/.logs/api_20251031-211504.log <==
[32mINFO[0m:     127.0.0.1:55426 - "[1mGET /v1/training/production_meta HTTP/1.1[0m" [32m200 OK[0m
[32mINFO[0m:     127.0.0.1:55434 - "[1mGET /v1/training/production_meta HTTP/1.1[0m" [32m200 OK[0m
[32mINFO[0m:     127.0.0.1:55438 - "[1mGET /v1/training/production_meta HTTP/1.1[0m" [32m200 OK[0m
[32mINFO[0m:     127.0.0.1:55444 - "[1mPOST /v1/agents/credit_appraisal/run HTTP/1.1[0m" [32m200 OK[0m
[32mINFO[0m:     Shutting down
[32mINFO[0m:     Waiting for application shutdown.
[32mINFO[0m:     Application shutdown complete.
[32mINFO[0m:     Finished server process [[36m535522[0m]
[32mINFO[0m:     Stopping reloader process [[36m[1m535508[0m]

==> /home/dzoan/credit-appraisal-agent-poc/.logs/ui_20251031-211504.log <==
  Stopping...
