==> /home/dzoan/credit-appraisal-agent-poc/.logs/api_20251027-073654.log <==

==> /home/dzoan/credit-appraisal-agent-poc/.logs/ui_20251027-073654.log <==

==> /home/dzoan/credit-appraisal-agent-poc/.logs/api_20251027-073654.log <==
INFO:     Will watch for changes in these directories: ['/home/dzoan/credit-appraisal-agent-poc/services/ui']
INFO:     Uvicorn running on http://0.0.0.0:8090 (Press CTRL+C to quit)
INFO:     Started reloader process [294418] using WatchFiles

==> /home/dzoan/credit-appraisal-agent-poc/.logs/ui_20251027-073654.log <==

  You can now view your Streamlit app in your browser.

  URL: http://0.0.0.0:8502


==> /home/dzoan/credit-appraisal-agent-poc/.logs/api_20251027-073654.log <==
INFO:     Started server process [294428]
INFO:     Waiting for application startup.
INFO:     Application startup complete.
INFO:     Shutting down
INFO:     Waiting for application shutdown.
INFO:     Application shutdown complete.
INFO:     Finished server process [294428]
INFO:     Stopping reloader process [294418]

==> /home/dzoan/credit-appraisal-agent-poc/.logs/ui_20251027-073654.log <==
  Stopping...
