==> /home/dzoan/credit-appraisal-agent-poc/.logs/api_20251031-021546.log <==

==> /home/dzoan/credit-appraisal-agent-poc/.logs/ui_20251031-021546.log <==

==> /home/dzoan/credit-appraisal-agent-poc/.logs/api_20251031-021546.log <==
INFO:     Will watch for changes in these directories: ['/home/dzoan/credit-appraisal-agent-poc']
INFO:     Uvicorn running on http://0.0.0.0:8090 (Press CTRL+C to quit)
INFO:     Started reloader process [258400] using WatchFiles

==> /home/dzoan/credit-appraisal-agent-poc/.logs/ui_20251031-021546.log <==

  You can now view your Streamlit app in your browser.

  URL: http://0.0.0.0:8502


==> /home/dzoan/credit-appraisal-agent-poc/.logs/api_20251031-021546.log <==
INFO:     Started server process [258410]
INFO:     Waiting for application startup.
INFO:     Application startup complete.
INFO:     127.0.0.1:43946 - "GET /v1/training/production_meta HTTP/1.1" 200 OK
INFO:     127.0.0.1:43960 - "GET /v1/training/production_meta HTTP/1.1" 200 OK

==> /home/dzoan/credit-appraisal-agent-poc/.logs/ui_20251031-021546.log <==
2025-10-31 02:16:04.326 Please replace `use_container_width` with `width`.

`use_container_width` will be removed after 2025-12-31.

For `use_container_width=True`, use `width='stretch'`. For `use_container_width=False`, use `width='content'`.

==> /home/dzoan/credit-appraisal-agent-poc/.logs/api_20251031-021546.log <==
INFO:     127.0.0.1:43970 - "GET /v1/training/production_meta HTTP/1.1" 200 OK
INFO:     127.0.0.1:43980 - "GET /v1/training/production_meta HTTP/1.1" 200 OK
INFO:     127.0.0.1:43988 - "GET /v1/training/production_meta HTTP/1.1" 200 OK
INFO:     127.0.0.1:44004 - "GET /v1/training/production_meta HTTP/1.1" 200 OK
INFO:     127.0.0.1:44014 - "GET /v1/training/production_meta HTTP/1.1" 200 OK
/home/dzoan/credit-appraisal-agent-poc/.venv/lib/python3.10/site-packages/sklearn/base.py:493: UserWarning: X does not have valid feature names, but StandardScaler was fitted with feature names
  warnings.warn(
INFO:     127.0.0.1:39890 - "POST /v1/agents/credit_appraisal/run HTTP/1.1" 200 OK
INFO:     127.0.0.1:39894 - "GET /v1/runs/run_1761851772/report?format=csv HTTP/1.1" 200 OK

==> /home/dzoan/credit-appraisal-agent-poc/.logs/ui_20251031-021546.log <==
2025-10-31 02:16:12.788 Please replace `use_container_width` with `width`.

`use_container_width` will be removed after 2025-12-31.

For `use_container_width=True`, use `width='stretch'`. For `use_container_width=False`, use `width='content'`.
2025-10-31 02:16:13.541 Please replace `use_container_width` with `width`.

`use_container_width` will be removed after 2025-12-31.

For `use_container_width=True`, use `width='stretch'`. For `use_container_width=False`, use `width='content'`.
2025-10-31 02:16:13.578 Please replace `use_container_width` with `width`.

`use_container_width` will be removed after 2025-12-31.

For `use_container_width=True`, use `width='stretch'`. For `use_container_width=False`, use `width='content'`.
2025-10-31 02:16:13.945 Please replace `use_container_width` with `width`.

`use_container_width` will be removed after 2025-12-31.

For `use_container_width=True`, use `width='stretch'`. For `use_container_width=False`, use `width='content'`.
2025-10-31 02:16:13.952 Please replace `use_container_width` with `width`.

`use_container_width` will be removed after 2025-12-31.

For `use_container_width=True`, use `width='stretch'`. For `use_container_width=False`, use `width='content'`.
2025-10-31 02:16:13.973 Please replace `use_container_width` with `width`.

`use_container_width` will be removed after 2025-12-31.

For `use_container_width=True`, use `width='stretch'`. For `use_container_width=False`, use `width='content'`.

==> /home/dzoan/credit-appraisal-agent-poc/.logs/api_20251031-021546.log <==
INFO:     127.0.0.1:39896 - "GET /v1/training/production_meta HTTP/1.1" 200 OK

==> /home/dzoan/credit-appraisal-agent-poc/.logs/ui_20251031-021546.log <==
  Stopping...

==> /home/dzoan/credit-appraisal-agent-poc/.logs/api_20251031-021546.log <==
INFO:     Shutting down
INFO:     Waiting for application shutdown.
INFO:     Application shutdown complete.
INFO:     Finished server process [258410]
INFO:     Stopping reloader process [258400]
