==> /home/dzoan/credit-appraisal-agent-poc/.logs/api_20251029-131637.log <==

==> /home/dzoan/credit-appraisal-agent-poc/.logs/ui_20251029-131637.log <==

==> /home/dzoan/credit-appraisal-agent-poc/.logs/api_20251029-131637.log <==
INFO:     Will watch for changes in these directories: ['/home/dzoan/credit-appraisal-agent-poc']
INFO:     Uvicorn running on http://0.0.0.0:8090 (Press CTRL+C to quit)
INFO:     Started reloader process [487643] using WatchFiles

==> /home/dzoan/credit-appraisal-agent-poc/.logs/ui_20251029-131637.log <==

  You can now view your Streamlit app in your browser.

  URL: http://0.0.0.0:8502


==> /home/dzoan/credit-appraisal-agent-poc/.logs/api_20251029-131637.log <==
INFO:     Started server process [487653]
INFO:     Waiting for application startup.
INFO:     Application startup complete.
INFO:     127.0.0.1:41322 - "GET /v1/training/production_meta HTTP/1.1" 200 OK
INFO:     127.0.0.1:41336 - "GET /v1/training/production_meta HTTP/1.1" 200 OK
INFO:     127.0.0.1:36640 - "GET /v1/training/production_meta HTTP/1.1" 200 OK
INFO:     127.0.0.1:36654 - "GET /v1/training/production_meta HTTP/1.1" 200 OK

==> /home/dzoan/credit-appraisal-agent-poc/.logs/ui_20251029-131637.log <==
2025-10-29 13:17:05.715 Please replace `use_container_width` with `width`.

`use_container_width` will be removed after 2025-12-31.

For `use_container_width=True`, use `width='stretch'`. For `use_container_width=False`, use `width='content'`.

==> /home/dzoan/credit-appraisal-agent-poc/.logs/api_20251029-131637.log <==
INFO:     127.0.0.1:43170 - "GET /v1/training/production_meta HTTP/1.1" 200 OK
INFO:     127.0.0.1:43178 - "GET /v1/training/production_meta HTTP/1.1" 200 OK

==> /home/dzoan/credit-appraisal-agent-poc/.logs/ui_20251029-131637.log <==
2025-10-29 13:17:12.177 Please replace `use_container_width` with `width`.

`use_container_width` will be removed after 2025-12-31.

For `use_container_width=True`, use `width='stretch'`. For `use_container_width=False`, use `width='content'`.

==> /home/dzoan/credit-appraisal-agent-poc/.logs/api_20251029-131637.log <==
INFO:     127.0.0.1:43192 - "GET /v1/training/production_meta HTTP/1.1" 200 OK
INFO:     127.0.0.1:43204 - "GET /v1/training/production_meta HTTP/1.1" 200 OK

==> /home/dzoan/credit-appraisal-agent-poc/.logs/ui_20251029-131637.log <==
2025-10-29 13:17:14.313 Please replace `use_container_width` with `width`.

`use_container_width` will be removed after 2025-12-31.

For `use_container_width=True`, use `width='stretch'`. For `use_container_width=False`, use `width='content'`.

==> /home/dzoan/credit-appraisal-agent-poc/.logs/api_20251029-131637.log <==
INFO:     127.0.0.1:48182 - "GET /v1/training/production_meta HTTP/1.1" 200 OK
INFO:     127.0.0.1:48186 - "GET /v1/training/production_meta HTTP/1.1" 200 OK

==> /home/dzoan/credit-appraisal-agent-poc/.logs/ui_20251029-131637.log <==
2025-10-29 13:17:23.690 Please replace `use_container_width` with `width`.

`use_container_width` will be removed after 2025-12-31.

For `use_container_width=True`, use `width='stretch'`. For `use_container_width=False`, use `width='content'`.

==> /home/dzoan/credit-appraisal-agent-poc/.logs/api_20251029-131637.log <==
INFO:     127.0.0.1:60670 - "GET /v1/training/production_meta HTTP/1.1" 200 OK
INFO:     127.0.0.1:60674 - "GET /v1/training/production_meta HTTP/1.1" 200 OK

==> /home/dzoan/credit-appraisal-agent-poc/.logs/ui_20251029-131637.log <==
2025-10-29 13:18:11.041 Please replace `use_container_width` with `width`.

`use_container_width` will be removed after 2025-12-31.

For `use_container_width=True`, use `width='stretch'`. For `use_container_width=False`, use `width='content'`.

==> /home/dzoan/credit-appraisal-agent-poc/.logs/api_20251029-131637.log <==
INFO:     127.0.0.1:60688 - "GET /v1/training/production_meta HTTP/1.1" 200 OK
INFO:     127.0.0.1:60702 - "GET /v1/training/production_meta HTTP/1.1" 200 OK

==> /home/dzoan/credit-appraisal-agent-poc/.logs/ui_20251029-131637.log <==
2025-10-29 13:18:11.748 Please replace `use_container_width` with `width`.

`use_container_width` will be removed after 2025-12-31.

For `use_container_width=True`, use `width='stretch'`. For `use_container_width=False`, use `width='content'`.
2025-10-29 13:18:11.833 Please replace `use_container_width` with `width`.

`use_container_width` will be removed after 2025-12-31.

For `use_container_width=True`, use `width='stretch'`. For `use_container_width=False`, use `width='content'`.
  Stopping...

==> /home/dzoan/credit-appraisal-agent-poc/.logs/api_20251029-131637.log <==
INFO:     Shutting down
INFO:     Waiting for application shutdown.
INFO:     Application shutdown complete.
INFO:     Finished server process [487653]
INFO:     Stopping reloader process [487643]
