==> /home/dzoan/credit-appraisal-agent-poc/.logs/api_20251030-115214.log <==

==> /home/dzoan/credit-appraisal-agent-poc/.logs/ui_20251030-115214.log <==

==> /home/dzoan/credit-appraisal-agent-poc/.logs/api_20251030-115214.log <==
INFO:     Will watch for changes in these directories: ['/home/dzoan/credit-appraisal-agent-poc']
INFO:     Uvicorn running on http://0.0.0.0:8090 (Press CTRL+C to quit)
INFO:     Started reloader process [24474] using WatchFiles

==> /home/dzoan/credit-appraisal-agent-poc/.logs/ui_20251030-115214.log <==

  You can now view your Streamlit app in your browser.

  URL: http://0.0.0.0:8502


==> /home/dzoan/credit-appraisal-agent-poc/.logs/api_20251030-115214.log <==
INFO:     Started server process [24484]
INFO:     Waiting for application startup.
INFO:     Application startup complete.

==> /home/dzoan/credit-appraisal-agent-poc/.logs/ui_20251030-115214.log <==
2025-10-30 11:52:21.078 Script compilation error
Traceback (most recent call last):
  File "/home/dzoan/credit-appraisal-agent-poc/.venv/lib/python3.10/site-packages/streamlit/runtime/scriptrunner/script_runner.py", line 571, in _run_script
    code = self._script_cache.get_bytecode(script_path)
  File "/home/dzoan/credit-appraisal-agent-poc/.venv/lib/python3.10/site-packages/streamlit/runtime/scriptrunner/script_cache.py", line 72, in get_bytecode
    filebody = magic.add_magic(filebody, script_path)
  File "/home/dzoan/credit-appraisal-agent-poc/.venv/lib/python3.10/site-packages/streamlit/runtime/scriptrunner/magic.py", line 45, in add_magic
    tree = ast.parse(code, script_path, "exec")
  File "/usr/lib/python3.10/ast.py", line 50, in parse
    return compile(source, filename, mode, flags,
  File "/home/dzoan/credit-appraisal-agent-poc/services/ui/app.py", line 770
    	df = pd.DataFrame([
    ^
TabError: inconsistent use of tabs and spaces in indentation
2025-10-30 11:52:21.080 Thread 'MainThread': missing ScriptRunContext! This warning can be ignored when running in bare mode.
  Stopping...

==> /home/dzoan/credit-appraisal-agent-poc/.logs/api_20251030-115214.log <==
INFO:     Shutting down
INFO:     Waiting for application shutdown.
INFO:     Application shutdown complete.
INFO:     Finished server process [24484]
INFO:     Stopping reloader process [24474]
