==> /home/dzoan/credit-appraisal-agent-poc/.logs/api_20251028-110925.log <==

==> /home/dzoan/credit-appraisal-agent-poc/.logs/ui_20251028-110925.log <==

==> /home/dzoan/credit-appraisal-agent-poc/.logs/api_20251028-110925.log <==
INFO:     Will watch for changes in these directories: ['/home/dzoan/credit-appraisal-agent-poc']
INFO:     Uvicorn running on http://0.0.0.0:8090 (Press CTRL+C to quit)
INFO:     Started reloader process [391686] using WatchFiles

==> /home/dzoan/credit-appraisal-agent-poc/.logs/ui_20251028-110925.log <==

  You can now view your Streamlit app in your browser.

  URL: http://0.0.0.0:8502


==> /home/dzoan/credit-appraisal-agent-poc/.logs/api_20251028-110925.log <==
INFO:     Started server process [391696]
INFO:     Waiting for application startup.
INFO:     Application startup complete.
INFO:     127.0.0.1:37020 - "GET /v1/training/production_meta HTTP/1.1" 200 OK
INFO:     127.0.0.1:37032 - "GET /v1/training/production_meta HTTP/1.1" 200 OK
INFO:     127.0.0.1:37046 - "GET /v1/training/production_meta HTTP/1.1" 200 OK
INFO:     127.0.0.1:37060 - "GET /v1/training/production_meta HTTP/1.1" 200 OK

==> /home/dzoan/credit-appraisal-agent-poc/.logs/ui_20251028-110925.log <==
2025-10-28 11:09:46.839 Please replace `use_container_width` with `width`.

`use_container_width` will be removed after 2025-12-31.

For `use_container_width=True`, use `width='stretch'`. For `use_container_width=False`, use `width='content'`.

==> /home/dzoan/credit-appraisal-agent-poc/.logs/api_20251028-110925.log <==
INFO:     127.0.0.1:37066 - "GET /v1/training/production_meta HTTP/1.1" 200 OK
INFO:     127.0.0.1:37070 - "GET /v1/training/production_meta HTTP/1.1" 200 OK
INFO:     127.0.0.1:54744 - "GET /v1/training/production_meta HTTP/1.1" 200 OK
INFO:     127.0.0.1:54746 - "GET /v1/training/production_meta HTTP/1.1" 200 OK

==> /home/dzoan/credit-appraisal-agent-poc/.logs/ui_20251028-110925.log <==
2025-10-28 11:09:52.065 Please replace `use_container_width` with `width`.

`use_container_width` will be removed after 2025-12-31.

For `use_container_width=True`, use `width='stretch'`. For `use_container_width=False`, use `width='content'`.

==> /home/dzoan/credit-appraisal-agent-poc/.logs/api_20251028-110925.log <==
INFO:     127.0.0.1:54748 - "GET /v1/training/production_meta HTTP/1.1" 200 OK
INFO:     127.0.0.1:54752 - "GET /v1/training/production_meta HTTP/1.1" 200 OK
INFO:     127.0.0.1:54756 - "GET /v1/training/production_meta HTTP/1.1" 200 OK
INFO:     127.0.0.1:54766 - "GET /v1/training/production_meta HTTP/1.1" 200 OK

==> /home/dzoan/credit-appraisal-agent-poc/.logs/ui_20251028-110925.log <==
2025-10-28 11:10:00.396 Please replace `use_container_width` with `width`.

`use_container_width` will be removed after 2025-12-31.

For `use_container_width=True`, use `width='stretch'`. For `use_container_width=False`, use `width='content'`.

==> /home/dzoan/credit-appraisal-agent-poc/.logs/api_20251028-110925.log <==
INFO:     127.0.0.1:37760 - "GET /v1/training/production_meta HTTP/1.1" 200 OK
INFO:     127.0.0.1:37766 - "GET /v1/training/production_meta HTTP/1.1" 200 OK

==> /home/dzoan/credit-appraisal-agent-poc/.logs/ui_20251028-110925.log <==
2025-10-28 11:10:13.287 Please replace `use_container_width` with `width`.

`use_container_width` will be removed after 2025-12-31.

For `use_container_width=True`, use `width='stretch'`. For `use_container_width=False`, use `width='content'`.
2025-10-28 11:10:13.307 Please replace `use_container_width` with `width`.

`use_container_width` will be removed after 2025-12-31.

For `use_container_width=True`, use `width='stretch'`. For `use_container_width=False`, use `width='content'`.

==> /home/dzoan/credit-appraisal-agent-poc/.logs/api_20251028-110925.log <==
INFO:     127.0.0.1:60740 - "GET /v1/training/production_meta HTTP/1.1" 200 OK
INFO:     127.0.0.1:60744 - "GET /v1/training/production_meta HTTP/1.1" 200 OK

==> /home/dzoan/credit-appraisal-agent-poc/.logs/ui_20251028-110925.log <==
2025-10-28 11:10:15.263 Please replace `use_container_width` with `width`.

`use_container_width` will be removed after 2025-12-31.

For `use_container_width=True`, use `width='stretch'`. For `use_container_width=False`, use `width='content'`.
2025-10-28 11:10:15.289 Please replace `use_container_width` with `width`.

`use_container_width` will be removed after 2025-12-31.

For `use_container_width=True`, use `width='stretch'`. For `use_container_width=False`, use `width='content'`.

==> /home/dzoan/credit-appraisal-agent-poc/.logs/api_20251028-110925.log <==
INFO:     127.0.0.1:60748 - "GET /v1/training/production_meta HTTP/1.1" 200 OK
INFO:     127.0.0.1:60752 - "GET /v1/training/production_meta HTTP/1.1" 200 OK
INFO:     127.0.0.1:41642 - "GET /v1/training/production_meta HTTP/1.1" 200 OK
INFO:     127.0.0.1:41652 - "GET /v1/training/production_meta HTTP/1.1" 200 OK

==> /home/dzoan/credit-appraisal-agent-poc/.logs/ui_20251028-110925.log <==
2025-10-28 11:10:24.546 Please replace `use_container_width` with `width`.

`use_container_width` will be removed after 2025-12-31.

For `use_container_width=True`, use `width='stretch'`. For `use_container_width=False`, use `width='content'`.
2025-10-28 11:10:24.566 Please replace `use_container_width` with `width`.

`use_container_width` will be removed after 2025-12-31.

For `use_container_width=True`, use `width='stretch'`. For `use_container_width=False`, use `width='content'`.

==> /home/dzoan/credit-appraisal-agent-poc/.logs/api_20251028-110925.log <==
INFO:     127.0.0.1:41658 - "GET /v1/training/production_meta HTTP/1.1" 200 OK
INFO:     127.0.0.1:41664 - "GET /v1/training/production_meta HTTP/1.1" 200 OK

==> /home/dzoan/credit-appraisal-agent-poc/.logs/ui_20251028-110925.log <==
2025-10-28 11:10:25.986 Please replace `use_container_width` with `width`.

`use_container_width` will be removed after 2025-12-31.

For `use_container_width=True`, use `width='stretch'`. For `use_container_width=False`, use `width='content'`.
2025-10-28 11:10:26.002 Please replace `use_container_width` with `width`.

`use_container_width` will be removed after 2025-12-31.

For `use_container_width=True`, use `width='stretch'`. For `use_container_width=False`, use `width='content'`.

==> /home/dzoan/credit-appraisal-agent-poc/.logs/api_20251028-110925.log <==
INFO:     127.0.0.1:41670 - "GET /v1/training/production_meta HTTP/1.1" 200 OK
INFO:     127.0.0.1:41682 - "GET /v1/training/production_meta HTTP/1.1" 200 OK

==> /home/dzoan/credit-appraisal-agent-poc/.logs/ui_20251028-110925.log <==
2025-10-28 11:10:30.031 Please replace `use_container_width` with `width`.

`use_container_width` will be removed after 2025-12-31.

For `use_container_width=True`, use `width='stretch'`. For `use_container_width=False`, use `width='content'`.
2025-10-28 11:10:30.046 Please replace `use_container_width` with `width`.

`use_container_width` will be removed after 2025-12-31.

For `use_container_width=True`, use `width='stretch'`. For `use_container_width=False`, use `width='content'`.

==> /home/dzoan/credit-appraisal-agent-poc/.logs/api_20251028-110925.log <==
INFO:     127.0.0.1:49234 - "GET /v1/training/production_meta HTTP/1.1" 200 OK
INFO:     127.0.0.1:49250 - "GET /v1/training/production_meta HTTP/1.1" 200 OK

==> /home/dzoan/credit-appraisal-agent-poc/.logs/ui_20251028-110925.log <==
2025-10-28 11:10:33.382 Please replace `use_container_width` with `width`.

`use_container_width` will be removed after 2025-12-31.

For `use_container_width=True`, use `width='stretch'`. For `use_container_width=False`, use `width='content'`.
2025-10-28 11:10:33.395 Please replace `use_container_width` with `width`.

`use_container_width` will be removed after 2025-12-31.

For `use_container_width=True`, use `width='stretch'`. For `use_container_width=False`, use `width='content'`.

==> /home/dzoan/credit-appraisal-agent-poc/.logs/api_20251028-110925.log <==
INFO:     127.0.0.1:49252 - "GET /v1/training/production_meta HTTP/1.1" 200 OK
/home/dzoan/credit-appraisal-agent-poc/.venv/lib/python3.10/site-packages/sklearn/base.py:493: UserWarning: X does not have valid feature names, but StandardScaler was fitted with feature names
  warnings.warn(
INFO:     127.0.0.1:49262 - "POST /v1/agents/credit_appraisal/run HTTP/1.1" 200 OK
INFO:     127.0.0.1:49274 - "GET /v1/runs/run_1761624635/report?format=csv HTTP/1.1" 200 OK
INFO:     127.0.0.1:49290 - "GET /v1/training/production_meta HTTP/1.1" 200 OK

==> /home/dzoan/credit-appraisal-agent-poc/.logs/ui_20251028-110925.log <==
2025-10-28 11:10:35.405 Please replace `use_container_width` with `width`.

`use_container_width` will be removed after 2025-12-31.

For `use_container_width=True`, use `width='stretch'`. For `use_container_width=False`, use `width='content'`.
2025-10-28 11:10:35.422 Please replace `use_container_width` with `width`.

`use_container_width` will be removed after 2025-12-31.

For `use_container_width=True`, use `width='stretch'`. For `use_container_width=False`, use `width='content'`.
2025-10-28 11:10:35.549 Please replace `use_container_width` with `width`.

`use_container_width` will be removed after 2025-12-31.

For `use_container_width=True`, use `width='stretch'`. For `use_container_width=False`, use `width='content'`.
2025-10-28 11:10:35.873 Please replace `use_container_width` with `width`.

`use_container_width` will be removed after 2025-12-31.

For `use_container_width=True`, use `width='stretch'`. For `use_container_width=False`, use `width='content'`.
2025-10-28 11:10:35.894 Please replace `use_container_width` with `width`.

`use_container_width` will be removed after 2025-12-31.

For `use_container_width=True`, use `width='stretch'`. For `use_container_width=False`, use `width='content'`.
2025-10-28 11:10:36.212 Please replace `use_container_width` with `width`.

`use_container_width` will be removed after 2025-12-31.

For `use_container_width=True`, use `width='stretch'`. For `use_container_width=False`, use `width='content'`.
2025-10-28 11:10:36.217 Please replace `use_container_width` with `width`.

`use_container_width` will be removed after 2025-12-31.

For `use_container_width=True`, use `width='stretch'`. For `use_container_width=False`, use `width='content'`.
2025-10-28 11:10:36.235 Please replace `use_container_width` with `width`.

`use_container_width` will be removed after 2025-12-31.

For `use_container_width=True`, use `width='stretch'`. For `use_container_width=False`, use `width='content'`.

==> /home/dzoan/credit-appraisal-agent-poc/.logs/api_20251028-110925.log <==
INFO:     Shutting down
INFO:     Waiting for application shutdown.
INFO:     Application shutdown complete.
INFO:     Finished server process [391696]
INFO:     Stopping reloader process [391686]

==> /home/dzoan/credit-appraisal-agent-poc/.logs/ui_20251028-110925.log <==
  Stopping...
