==> /home/dzoan/credit-appraisal-agent-poc/.logs/api_20251029-230817.log <==

==> /home/dzoan/credit-appraisal-agent-poc/.logs/ui_20251029-230817.log <==

==> /home/dzoan/credit-appraisal-agent-poc/.logs/api_20251029-230817.log <==
INFO:     Will watch for changes in these directories: ['/home/dzoan/credit-appraisal-agent-poc']
INFO:     Uvicorn running on http://0.0.0.0:8090 (Press CTRL+C to quit)
INFO:     Started reloader process [561446] using WatchFiles

==> /home/dzoan/credit-appraisal-agent-poc/.logs/ui_20251029-230817.log <==

  You can now view your Streamlit app in your browser.

  URL: http://0.0.0.0:8502


==> /home/dzoan/credit-appraisal-agent-poc/.logs/api_20251029-230817.log <==
INFO:     Started server process [561456]
INFO:     Waiting for application startup.
INFO:     Application startup complete.
INFO:     127.0.0.1:37030 - "GET /v1/training/production_meta HTTP/1.1" 200 OK
INFO:     127.0.0.1:37046 - "GET /v1/training/production_meta HTTP/1.1" 200 OK
INFO:     127.0.0.1:37062 - "GET /v1/training/production_meta HTTP/1.1" 200 OK
INFO:     127.0.0.1:37066 - "GET /v1/training/production_meta HTTP/1.1" 200 OK

==> /home/dzoan/credit-appraisal-agent-poc/.logs/ui_20251029-230817.log <==
2025-10-29 23:08:40.489 Please replace `use_container_width` with `width`.

`use_container_width` will be removed after 2025-12-31.

For `use_container_width=True`, use `width='stretch'`. For `use_container_width=False`, use `width='content'`.

==> /home/dzoan/credit-appraisal-agent-poc/.logs/api_20251029-230817.log <==
INFO:     127.0.0.1:37080 - "GET /v1/training/production_meta HTTP/1.1" 200 OK
INFO:     127.0.0.1:37084 - "GET /v1/training/production_meta HTTP/1.1" 200 OK
INFO:     127.0.0.1:39602 - "GET /v1/training/production_meta HTTP/1.1" 200 OK
/home/dzoan/credit-appraisal-agent-poc/.venv/lib/python3.10/site-packages/sklearn/base.py:493: UserWarning: X does not have valid feature names, but StandardScaler was fitted with feature names
  warnings.warn(
INFO:     127.0.0.1:39608 - "POST /v1/agents/credit_appraisal/run HTTP/1.1" 200 OK
INFO:     127.0.0.1:39612 - "GET /v1/runs/run_1761754129/report?format=csv HTTP/1.1" 200 OK

==> /home/dzoan/credit-appraisal-agent-poc/.logs/ui_20251029-230817.log <==
2025-10-29 23:08:49.403 Please replace `use_container_width` with `width`.

`use_container_width` will be removed after 2025-12-31.

For `use_container_width=True`, use `width='stretch'`. For `use_container_width=False`, use `width='content'`.

==> /home/dzoan/credit-appraisal-agent-poc/.logs/api_20251029-230817.log <==
INFO:     127.0.0.1:39628 - "GET /v1/training/production_meta HTTP/1.1" 200 OK

==> /home/dzoan/credit-appraisal-agent-poc/.logs/ui_20251029-230817.log <==
2025-10-29 23:08:50.088 Please replace `use_container_width` with `width`.

`use_container_width` will be removed after 2025-12-31.

For `use_container_width=True`, use `width='stretch'`. For `use_container_width=False`, use `width='content'`.
2025-10-29 23:08:50.115 Please replace `use_container_width` with `width`.

`use_container_width` will be removed after 2025-12-31.

For `use_container_width=True`, use `width='stretch'`. For `use_container_width=False`, use `width='content'`.
2025-10-29 23:08:50.480 Please replace `use_container_width` with `width`.

`use_container_width` will be removed after 2025-12-31.

For `use_container_width=True`, use `width='stretch'`. For `use_container_width=False`, use `width='content'`.
2025-10-29 23:08:50.490 Please replace `use_container_width` with `width`.

`use_container_width` will be removed after 2025-12-31.

For `use_container_width=True`, use `width='stretch'`. For `use_container_width=False`, use `width='content'`.
2025-10-29 23:08:50.515 Please replace `use_container_width` with `width`.

`use_container_width` will be removed after 2025-12-31.

For `use_container_width=True`, use `width='stretch'`. For `use_container_width=False`, use `width='content'`.

==> /home/dzoan/credit-appraisal-agent-poc/.logs/api_20251029-230817.log <==
INFO:     127.0.0.1:49068 - "GET /v1/training/production_meta HTTP/1.1" 200 OK
INFO:     127.0.0.1:49080 - "GET /v1/training/production_meta HTTP/1.1" 200 OK
INFO:     127.0.0.1:49094 - "GET /v1/training/production_meta HTTP/1.1" 200 OK
INFO:     127.0.0.1:49096 - "GET /v1/training/production_meta HTTP/1.1" 200 OK

==> /home/dzoan/credit-appraisal-agent-poc/.logs/ui_20251029-230817.log <==
2025-10-29 23:09:13.832 Please replace `use_container_width` with `width`.

`use_container_width` will be removed after 2025-12-31.

For `use_container_width=True`, use `width='stretch'`. For `use_container_width=False`, use `width='content'`.
2025-10-29 23:09:13.990 Please replace `use_container_width` with `width`.

`use_container_width` will be removed after 2025-12-31.

For `use_container_width=True`, use `width='stretch'`. For `use_container_width=False`, use `width='content'`.

==> /home/dzoan/credit-appraisal-agent-poc/.logs/api_20251029-230817.log <==
INFO:     127.0.0.1:49102 - "GET /v1/training/production_meta HTTP/1.1" 200 OK
INFO:     127.0.0.1:49108 - "GET /v1/training/production_meta HTTP/1.1" 200 OK

==> /home/dzoan/credit-appraisal-agent-poc/.logs/ui_20251029-230817.log <==
2025-10-29 23:09:14.154 Please replace `use_container_width` with `width`.

`use_container_width` will be removed after 2025-12-31.

For `use_container_width=True`, use `width='stretch'`. For `use_container_width=False`, use `width='content'`.

==> /home/dzoan/credit-appraisal-agent-poc/.logs/api_20251029-230817.log <==
INFO:     Shutting down
INFO:     Waiting for application shutdown.
INFO:     Application shutdown complete.
INFO:     Finished server process [561456]
INFO:     Stopping reloader process [561446]

==> /home/dzoan/credit-appraisal-agent-poc/.logs/ui_20251029-230817.log <==
  Stopping...
