==> /home/dzoan/credit-appraisal-agent-poc/.logs/api_20251030-153435.log <==

==> /home/dzoan/credit-appraisal-agent-poc/.logs/ui_20251030-153435.log <==

==> /home/dzoan/credit-appraisal-agent-poc/.logs/api_20251030-153435.log <==
INFO:     Will watch for changes in these directories: ['/home/dzoan/credit-appraisal-agent-poc']
INFO:     Uvicorn running on http://0.0.0.0:8090 (Press CTRL+C to quit)
INFO:     Started reloader process [68127] using WatchFiles

==> /home/dzoan/credit-appraisal-agent-poc/.logs/ui_20251030-153435.log <==

  You can now view your Streamlit app in your browser.

  URL: http://0.0.0.0:8502


==> /home/dzoan/credit-appraisal-agent-poc/.logs/api_20251030-153435.log <==
INFO:     Started server process [68140]
INFO:     Waiting for application startup.
INFO:     Application startup complete.

==> /home/dzoan/credit-appraisal-agent-poc/.logs/ui_20251030-153435.log <==
2025-10-30 15:34:50.079 Please replace `use_container_width` with `width`.

`use_container_width` will be removed after 2025-12-31.

For `use_container_width=True`, use `width='stretch'`. For `use_container_width=False`, use `width='content'`.
2025-10-30 15:34:50.126 Please replace `use_container_width` with `width`.

`use_container_width` will be removed after 2025-12-31.

For `use_container_width=True`, use `width='stretch'`. For `use_container_width=False`, use `width='content'`.
2025-10-30 15:34:52.530 Please replace `use_container_width` with `width`.

`use_container_width` will be removed after 2025-12-31.

For `use_container_width=True`, use `width='stretch'`. For `use_container_width=False`, use `width='content'`.
2025-10-30 15:34:52.561 Please replace `use_container_width` with `width`.

`use_container_width` will be removed after 2025-12-31.

For `use_container_width=True`, use `width='stretch'`. For `use_container_width=False`, use `width='content'`.
2025-10-30 15:35:00.934 Please replace `use_container_width` with `width`.

`use_container_width` will be removed after 2025-12-31.

For `use_container_width=True`, use `width='stretch'`. For `use_container_width=False`, use `width='content'`.
2025-10-30 15:35:00.977 Please replace `use_container_width` with `width`.

`use_container_width` will be removed after 2025-12-31.

For `use_container_width=True`, use `width='stretch'`. For `use_container_width=False`, use `width='content'`.
2025-10-30 15:35:05.398 Please replace `use_container_width` with `width`.

`use_container_width` will be removed after 2025-12-31.

For `use_container_width=True`, use `width='stretch'`. For `use_container_width=False`, use `width='content'`.

==> /home/dzoan/credit-appraisal-agent-poc/.logs/api_20251030-153435.log <==
INFO:     127.0.0.1:53466 - "POST /v1/agents/asset_appraisal/run HTTP/1.1" 200 OK

==> /home/dzoan/credit-appraisal-agent-poc/.logs/ui_20251030-153435.log <==
2025-10-30 15:35:05.528 Please replace `use_container_width` with `width`.

`use_container_width` will be removed after 2025-12-31.

For `use_container_width=True`, use `width='stretch'`. For `use_container_width=False`, use `width='content'`.
2025-10-30 15:35:12.523 Please replace `use_container_width` with `width`.

`use_container_width` will be removed after 2025-12-31.

For `use_container_width=True`, use `width='stretch'`. For `use_container_width=False`, use `width='content'`.
2025-10-30 15:35:12.550 Please replace `use_container_width` with `width`.

`use_container_width` will be removed after 2025-12-31.

For `use_container_width=True`, use `width='stretch'`. For `use_container_width=False`, use `width='content'`.

==> /home/dzoan/credit-appraisal-agent-poc/.logs/api_20251030-153435.log <==
INFO:     127.0.0.1:53476 - "POST /v1/agents/asset_appraisal/run HTTP/1.1" 200 OK
INFO:     127.0.0.1:42056 - "GET /docs HTTP/1.1" 200 OK
INFO:     127.0.0.1:42056 - "GET /openapi.json HTTP/1.1" 200 OK
INFO:     127.0.0.1:42060 - "POST /v1/agents/asset_appraisal/run HTTP/1.1" 200 OK
INFO:     127.0.0.1:42066 - "GET /v1/runs/asset-20251030-153621-2ebd09fd/report?format=csv HTTP/1.1" 200 OK
INFO:     127.0.0.1:49018 - "POST /v1/training/promote_asset HTTP/1.1" 400 Bad Request
INFO:     127.0.0.1:49024 - "POST /v1/training/train_asset HTTP/1.1" 200 OK
INFO:     127.0.0.1:45008 - "POST /v1/training/promote_asset HTTP/1.1" 200 OK
INFO:     127.0.0.1:45014 - "GET /v1/training/production_meta_asset HTTP/1.1" 200 OK
INFO:     127.0.0.1:57088 - "GET /health HTTP/1.1" 200 OK

==> /home/dzoan/credit-appraisal-agent-poc/.logs/ui_20251030-153435.log <==
2025-10-30 15:38:14.176 Please replace `use_container_width` with `width`.

`use_container_width` will be removed after 2025-12-31.

For `use_container_width=True`, use `width='stretch'`. For `use_container_width=False`, use `width='content'`.
2025-10-30 15:38:14.199 Please replace `use_container_width` with `width`.

`use_container_width` will be removed after 2025-12-31.

For `use_container_width=True`, use `width='stretch'`. For `use_container_width=False`, use `width='content'`.
2025-10-30 15:38:18.358 Please replace `use_container_width` with `width`.

`use_container_width` will be removed after 2025-12-31.

For `use_container_width=True`, use `width='stretch'`. For `use_container_width=False`, use `width='content'`.
2025-10-30 15:38:18.385 Please replace `use_container_width` with `width`.

`use_container_width` will be removed after 2025-12-31.

For `use_container_width=True`, use `width='stretch'`. For `use_container_width=False`, use `width='content'`.

==> /home/dzoan/credit-appraisal-agent-poc/.logs/api_20251030-153435.log <==
INFO:     127.0.0.1:59524 - "POST /v1/agents/asset_appraisal/run HTTP/1.1" 200 OK

==> /home/dzoan/credit-appraisal-agent-poc/.logs/ui_20251030-153435.log <==
2025-10-30 15:40:51.610 Please replace `use_container_width` with `width`.

`use_container_width` will be removed after 2025-12-31.

For `use_container_width=True`, use `width='stretch'`. For `use_container_width=False`, use `width='content'`.

==> /home/dzoan/credit-appraisal-agent-poc/.logs/api_20251030-153435.log <==
INFO:     127.0.0.1:33626 - "POST /v1/agents/asset_appraisal/run HTTP/1.1" 200 OK

==> /home/dzoan/credit-appraisal-agent-poc/.logs/ui_20251030-153435.log <==
2025-10-30 15:40:51.695 Please replace `use_container_width` with `width`.

`use_container_width` will be removed after 2025-12-31.

For `use_container_width=True`, use `width='stretch'`. For `use_container_width=False`, use `width='content'`.
2025-10-30 15:40:55.864 Please replace `use_container_width` with `width`.

`use_container_width` will be removed after 2025-12-31.

For `use_container_width=True`, use `width='stretch'`. For `use_container_width=False`, use `width='content'`.
2025-10-30 15:40:55.889 Please replace `use_container_width` with `width`.

`use_container_width` will be removed after 2025-12-31.

For `use_container_width=True`, use `width='stretch'`. For `use_container_width=False`, use `width='content'`.
2025-10-30 15:41:05.904 Please replace `use_container_width` with `width`.

`use_container_width` will be removed after 2025-12-31.

For `use_container_width=True`, use `width='stretch'`. For `use_container_width=False`, use `width='content'`.
2025-10-30 15:41:05.922 Please replace `use_container_width` with `width`.

`use_container_width` will be removed after 2025-12-31.

For `use_container_width=True`, use `width='stretch'`. For `use_container_width=False`, use `width='content'`.
2025-10-30 15:41:05.937 Please replace `use_container_width` with `width`.

`use_container_width` will be removed after 2025-12-31.

For `use_container_width=True`, use `width='stretch'`. For `use_container_width=False`, use `width='content'`.
2025-10-30 15:41:14.068 Please replace `use_container_width` with `width`.

`use_container_width` will be removed after 2025-12-31.

For `use_container_width=True`, use `width='stretch'`. For `use_container_width=False`, use `width='content'`.
2025-10-30 15:41:14.087 Please replace `use_container_width` with `width`.

`use_container_width` will be removed after 2025-12-31.

For `use_container_width=True`, use `width='stretch'`. For `use_container_width=False`, use `width='content'`.
2025-10-30 15:41:14.099 Please replace `use_container_width` with `width`.

`use_container_width` will be removed after 2025-12-31.

For `use_container_width=True`, use `width='stretch'`. For `use_container_width=False`, use `width='content'`.
2025-10-30 15:41:14.725 Please replace `use_container_width` with `width`.

`use_container_width` will be removed after 2025-12-31.

For `use_container_width=True`, use `width='stretch'`. For `use_container_width=False`, use `width='content'`.
2025-10-30 15:41:14.744 Please replace `use_container_width` with `width`.

`use_container_width` will be removed after 2025-12-31.

For `use_container_width=True`, use `width='stretch'`. For `use_container_width=False`, use `width='content'`.
2025-10-30 15:41:14.755 Please replace `use_container_width` with `width`.

`use_container_width` will be removed after 2025-12-31.

For `use_container_width=True`, use `width='stretch'`. For `use_container_width=False`, use `width='content'`.

==> /home/dzoan/credit-appraisal-agent-poc/.logs/api_20251030-153435.log <==
INFO:     127.0.0.1:37758 - "POST /v1/agents/asset_appraisal/run HTTP/1.1" 200 OK

==> /home/dzoan/credit-appraisal-agent-poc/.logs/ui_20251030-153435.log <==
2025-10-30 15:41:18.041 Please replace `use_container_width` with `width`.

`use_container_width` will be removed after 2025-12-31.

For `use_container_width=True`, use `width='stretch'`. For `use_container_width=False`, use `width='content'`.
2025-10-30 15:41:18.062 Please replace `use_container_width` with `width`.

`use_container_width` will be removed after 2025-12-31.

For `use_container_width=True`, use `width='stretch'`. For `use_container_width=False`, use `width='content'`.
2025-10-30 15:41:18.074 Please replace `use_container_width` with `width`.

`use_container_width` will be removed after 2025-12-31.

For `use_container_width=True`, use `width='stretch'`. For `use_container_width=False`, use `width='content'`.
2025-10-30 15:41:18.642 Please replace `use_container_width` with `width`.

`use_container_width` will be removed after 2025-12-31.

For `use_container_width=True`, use `width='stretch'`. For `use_container_width=False`, use `width='content'`.
2025-10-30 15:41:18.661 Please replace `use_container_width` with `width`.

`use_container_width` will be removed after 2025-12-31.

For `use_container_width=True`, use `width='stretch'`. For `use_container_width=False`, use `width='content'`.
2025-10-30 15:41:18.674 Please replace `use_container_width` with `width`.

`use_container_width` will be removed after 2025-12-31.

For `use_container_width=True`, use `width='stretch'`. For `use_container_width=False`, use `width='content'`.

==> /home/dzoan/credit-appraisal-agent-poc/.logs/api_20251030-153435.log <==
INFO:     127.0.0.1:37764 - "POST /v1/agents/asset_appraisal/run HTTP/1.1" 200 OK

==> /home/dzoan/credit-appraisal-agent-poc/.logs/ui_20251030-153435.log <==
2025-10-30 15:41:28.728 Please replace `use_container_width` with `width`.

`use_container_width` will be removed after 2025-12-31.

For `use_container_width=True`, use `width='stretch'`. For `use_container_width=False`, use `width='content'`.
2025-10-30 15:41:28.747 Please replace `use_container_width` with `width`.

`use_container_width` will be removed after 2025-12-31.

For `use_container_width=True`, use `width='stretch'`. For `use_container_width=False`, use `width='content'`.
2025-10-30 15:41:28.758 Please replace `use_container_width` with `width`.

`use_container_width` will be removed after 2025-12-31.

For `use_container_width=True`, use `width='stretch'`. For `use_container_width=False`, use `width='content'`.
2025-10-30 15:41:28.776 Please replace `use_container_width` with `width`.

`use_container_width` will be removed after 2025-12-31.

For `use_container_width=True`, use `width='stretch'`. For `use_container_width=False`, use `width='content'`.
2025-10-30 15:42:16.425 Please replace `use_container_width` with `width`.

`use_container_width` will be removed after 2025-12-31.

For `use_container_width=True`, use `width='stretch'`. For `use_container_width=False`, use `width='content'`.
2025-10-30 15:42:16.448 Please replace `use_container_width` with `width`.

`use_container_width` will be removed after 2025-12-31.

For `use_container_width=True`, use `width='stretch'`. For `use_container_width=False`, use `width='content'`.
2025-10-30 15:42:16.462 Please replace `use_container_width` with `width`.

`use_container_width` will be removed after 2025-12-31.

For `use_container_width=True`, use `width='stretch'`. For `use_container_width=False`, use `width='content'`.
2025-10-30 15:42:16.486 Please replace `use_container_width` with `width`.

`use_container_width` will be removed after 2025-12-31.

For `use_container_width=True`, use `width='stretch'`. For `use_container_width=False`, use `width='content'`.
2025-10-30 15:42:25.570 Please replace `use_container_width` with `width`.

`use_container_width` will be removed after 2025-12-31.

For `use_container_width=True`, use `width='stretch'`. For `use_container_width=False`, use `width='content'`.
2025-10-30 15:42:25.592 Please replace `use_container_width` with `width`.

`use_container_width` will be removed after 2025-12-31.

For `use_container_width=True`, use `width='stretch'`. For `use_container_width=False`, use `width='content'`.
2025-10-30 15:42:25.604 Please replace `use_container_width` with `width`.

`use_container_width` will be removed after 2025-12-31.

For `use_container_width=True`, use `width='stretch'`. For `use_container_width=False`, use `width='content'`.
2025-10-30 15:42:25.618 Please replace `use_container_width` with `width`.

`use_container_width` will be removed after 2025-12-31.

For `use_container_width=True`, use `width='stretch'`. For `use_container_width=False`, use `width='content'`.

==> /home/dzoan/credit-appraisal-agent-poc/.logs/api_20251030-153435.log <==
INFO:     127.0.0.1:40858 - "POST /v1/training/train_asset HTTP/1.1" 422 Unprocessable Entity

==> /home/dzoan/credit-appraisal-agent-poc/.logs/ui_20251030-153435.log <==
2025-10-30 15:42:56.088 Please replace `use_container_width` with `width`.

`use_container_width` will be removed after 2025-12-31.

For `use_container_width=True`, use `width='stretch'`. For `use_container_width=False`, use `width='content'`.
2025-10-30 15:42:56.127 Please replace `use_container_width` with `width`.

`use_container_width` will be removed after 2025-12-31.

For `use_container_width=True`, use `width='stretch'`. For `use_container_width=False`, use `width='content'`.
2025-10-30 15:42:56.139 Please replace `use_container_width` with `width`.

`use_container_width` will be removed after 2025-12-31.

For `use_container_width=True`, use `width='stretch'`. For `use_container_width=False`, use `width='content'`.
2025-10-30 15:42:56.151 Please replace `use_container_width` with `width`.

`use_container_width` will be removed after 2025-12-31.

For `use_container_width=True`, use `width='stretch'`. For `use_container_width=False`, use `width='content'`.

==> /home/dzoan/credit-appraisal-agent-poc/.logs/api_20251030-153435.log <==
INFO:     127.0.0.1:43152 - "POST /v1/training/train_asset HTTP/1.1" 422 Unprocessable Entity

==> /home/dzoan/credit-appraisal-agent-poc/.logs/ui_20251030-153435.log <==
2025-10-30 15:43:00.640 Please replace `use_container_width` with `width`.

`use_container_width` will be removed after 2025-12-31.

For `use_container_width=True`, use `width='stretch'`. For `use_container_width=False`, use `width='content'`.
2025-10-30 15:43:00.675 Please replace `use_container_width` with `width`.

`use_container_width` will be removed after 2025-12-31.

For `use_container_width=True`, use `width='stretch'`. For `use_container_width=False`, use `width='content'`.
2025-10-30 15:43:00.688 Please replace `use_container_width` with `width`.

`use_container_width` will be removed after 2025-12-31.

For `use_container_width=True`, use `width='stretch'`. For `use_container_width=False`, use `width='content'`.
2025-10-30 15:43:00.703 Please replace `use_container_width` with `width`.

`use_container_width` will be removed after 2025-12-31.

For `use_container_width=True`, use `width='stretch'`. For `use_container_width=False`, use `width='content'`.

==> /home/dzoan/credit-appraisal-agent-poc/.logs/api_20251030-153435.log <==
INFO:     127.0.0.1:43166 - "POST /v1/training/train_asset HTTP/1.1" 422 Unprocessable Entity

==> /home/dzoan/credit-appraisal-agent-poc/.logs/ui_20251030-153435.log <==
2025-10-30 15:43:02.334 Please replace `use_container_width` with `width`.

`use_container_width` will be removed after 2025-12-31.

For `use_container_width=True`, use `width='stretch'`. For `use_container_width=False`, use `width='content'`.
2025-10-30 15:43:02.377 Please replace `use_container_width` with `width`.

`use_container_width` will be removed after 2025-12-31.

For `use_container_width=True`, use `width='stretch'`. For `use_container_width=False`, use `width='content'`.
2025-10-30 15:43:02.393 Please replace `use_container_width` with `width`.

`use_container_width` will be removed after 2025-12-31.

For `use_container_width=True`, use `width='stretch'`. For `use_container_width=False`, use `width='content'`.
2025-10-30 15:43:02.408 Please replace `use_container_width` with `width`.

`use_container_width` will be removed after 2025-12-31.

For `use_container_width=True`, use `width='stretch'`. For `use_container_width=False`, use `width='content'`.

==> /home/dzoan/credit-appraisal-agent-poc/.logs/api_20251030-153435.log <==
INFO:     127.0.0.1:43168 - "POST /v1/training/train_asset HTTP/1.1" 422 Unprocessable Entity

==> /home/dzoan/credit-appraisal-agent-poc/.logs/ui_20251030-153435.log <==
2025-10-30 15:43:07.550 Please replace `use_container_width` with `width`.

`use_container_width` will be removed after 2025-12-31.

For `use_container_width=True`, use `width='stretch'`. For `use_container_width=False`, use `width='content'`.

==> /home/dzoan/credit-appraisal-agent-poc/.logs/api_20251030-153435.log <==
INFO:     127.0.0.1:33340 - "POST /v1/agents/asset_appraisal/run HTTP/1.1" 200 OK

==> /home/dzoan/credit-appraisal-agent-poc/.logs/ui_20251030-153435.log <==
2025-10-30 15:43:07.943 Please replace `use_container_width` with `width`.

`use_container_width` will be removed after 2025-12-31.

For `use_container_width=True`, use `width='stretch'`. For `use_container_width=False`, use `width='content'`.
2025-10-30 15:43:07.965 Please replace `use_container_width` with `width`.

`use_container_width` will be removed after 2025-12-31.

For `use_container_width=True`, use `width='stretch'`. For `use_container_width=False`, use `width='content'`.
2025-10-30 15:43:07.984 Please replace `use_container_width` with `width`.

`use_container_width` will be removed after 2025-12-31.

For `use_container_width=True`, use `width='stretch'`. For `use_container_width=False`, use `width='content'`.

==> /home/dzoan/credit-appraisal-agent-poc/.logs/api_20251030-153435.log <==
INFO:     127.0.0.1:33356 - "POST /v1/training/train_asset HTTP/1.1" 422 Unprocessable Entity

==> /home/dzoan/credit-appraisal-agent-poc/.logs/ui_20251030-153435.log <==
2025-10-30 15:43:24.574 Please replace `use_container_width` with `width`.

`use_container_width` will be removed after 2025-12-31.

For `use_container_width=True`, use `width='stretch'`. For `use_container_width=False`, use `width='content'`.
2025-10-30 15:43:24.617 Please replace `use_container_width` with `width`.

`use_container_width` will be removed after 2025-12-31.

For `use_container_width=True`, use `width='stretch'`. For `use_container_width=False`, use `width='content'`.
2025-10-30 15:43:24.629 Please replace `use_container_width` with `width`.

`use_container_width` will be removed after 2025-12-31.

For `use_container_width=True`, use `width='stretch'`. For `use_container_width=False`, use `width='content'`.
2025-10-30 15:43:24.640 Please replace `use_container_width` with `width`.

`use_container_width` will be removed after 2025-12-31.

For `use_container_width=True`, use `width='stretch'`. For `use_container_width=False`, use `width='content'`.

==> /home/dzoan/credit-appraisal-agent-poc/.logs/api_20251030-153435.log <==
INFO:     127.0.0.1:36724 - "POST /v1/training/train_asset HTTP/1.1" 422 Unprocessable Entity

==> /home/dzoan/credit-appraisal-agent-poc/.logs/ui_20251030-153435.log <==
2025-10-30 15:43:25.362 Please replace `use_container_width` with `width`.

`use_container_width` will be removed after 2025-12-31.

For `use_container_width=True`, use `width='stretch'`. For `use_container_width=False`, use `width='content'`.
2025-10-30 15:43:25.400 Please replace `use_container_width` with `width`.

`use_container_width` will be removed after 2025-12-31.

For `use_container_width=True`, use `width='stretch'`. For `use_container_width=False`, use `width='content'`.
2025-10-30 15:43:25.410 Please replace `use_container_width` with `width`.

`use_container_width` will be removed after 2025-12-31.

For `use_container_width=True`, use `width='stretch'`. For `use_container_width=False`, use `width='content'`.

==> /home/dzoan/credit-appraisal-agent-poc/.logs/api_20251030-153435.log <==
INFO:     127.0.0.1:36736 - "POST /v1/agents/asset_appraisal/run HTTP/1.1" 200 OK

==> /home/dzoan/credit-appraisal-agent-poc/.logs/ui_20251030-153435.log <==
2025-10-30 15:43:25.437 Please replace `use_container_width` with `width`.

`use_container_width` will be removed after 2025-12-31.

For `use_container_width=True`, use `width='stretch'`. For `use_container_width=False`, use `width='content'`.

==> /home/dzoan/credit-appraisal-agent-poc/.logs/api_20251030-153435.log <==
INFO:     127.0.0.1:36744 - "POST /v1/training/train_asset HTTP/1.1" 422 Unprocessable Entity
INFO:     127.0.0.1:59832 - "GET /v1/training/production_meta HTTP/1.1" 404 Not Found
INFO:     127.0.0.1:59838 - "GET /v1/training/production_meta HTTP/1.1" 404 Not Found

==> /home/dzoan/credit-appraisal-agent-poc/.logs/ui_20251030-153435.log <==
2025-10-30 15:44:15.392 Please replace `use_container_width` with `width`.

`use_container_width` will be removed after 2025-12-31.

For `use_container_width=True`, use `width='stretch'`. For `use_container_width=False`, use `width='content'`.

==> /home/dzoan/credit-appraisal-agent-poc/.logs/api_20251030-153435.log <==
INFO:     127.0.0.1:59842 - "GET /v1/training/production_meta HTTP/1.1" 404 Not Found
INFO:     127.0.0.1:59852 - "GET /v1/training/production_meta HTTP/1.1" 404 Not Found
INFO:     127.0.0.1:59864 - "GET /v1/training/production_meta HTTP/1.1" 404 Not Found
INFO:     127.0.0.1:59874 - "GET /v1/training/production_meta HTTP/1.1" 404 Not Found

==> /home/dzoan/credit-appraisal-agent-poc/.logs/ui_20251030-153435.log <==
2025-10-30 15:44:21.565 Please replace `use_container_width` with `width`.

`use_container_width` will be removed after 2025-12-31.

For `use_container_width=True`, use `width='stretch'`. For `use_container_width=False`, use `width='content'`.

==> /home/dzoan/credit-appraisal-agent-poc/.logs/api_20251030-153435.log <==
INFO:     127.0.0.1:59878 - "GET /v1/training/production_meta HTTP/1.1" 404 Not Found
INFO:     127.0.0.1:59884 - "GET /v1/training/production_meta HTTP/1.1" 404 Not Found
INFO:     127.0.0.1:46074 - "GET /v1/training/production_meta HTTP/1.1" 404 Not Found
INFO:     127.0.0.1:46090 - "GET /v1/training/production_meta HTTP/1.1" 404 Not Found
INFO:     127.0.0.1:32988 - "GET /v1/training/production_meta HTTP/1.1" 404 Not Found
INFO:     127.0.0.1:32992 - "POST /v1/agents/credit_appraisal/run HTTP/1.1" 404 Not Found
INFO:     127.0.0.1:33008 - "GET /v1/training/production_meta HTTP/1.1" 404 Not Found
INFO:     127.0.0.1:33016 - "GET /v1/training/production_meta HTTP/1.1" 404 Not Found
INFO:     127.0.0.1:33024 - "GET /v1/training/production_meta HTTP/1.1" 404 Not Found
INFO:     127.0.0.1:33040 - "POST /v1/agents/credit_appraisal/run HTTP/1.1" 404 Not Found
INFO:     127.0.0.1:57382 - "GET /v1/training/production_meta HTTP/1.1" 404 Not Found
INFO:     127.0.0.1:57384 - "GET /v1/training/production_meta HTTP/1.1" 404 Not Found
INFO:     127.0.0.1:57398 - "GET /v1/training/production_meta HTTP/1.1" 404 Not Found
INFO:     127.0.0.1:57414 - "GET /v1/training/production_meta HTTP/1.1" 404 Not Found
INFO:     127.0.0.1:36316 - "GET /v1/training/production_meta HTTP/1.1" 404 Not Found
INFO:     127.0.0.1:36320 - "GET /v1/training/production_meta HTTP/1.1" 404 Not Found
INFO:     127.0.0.1:36334 - "GET /v1/training/production_meta HTTP/1.1" 404 Not Found
INFO:     127.0.0.1:36342 - "POST /v1/agents/credit_appraisal/run HTTP/1.1" 404 Not Found
INFO:     127.0.0.1:36358 - "GET /v1/training/production_meta HTTP/1.1" 404 Not Found
INFO:     127.0.0.1:36370 - "GET /v1/training/production_meta HTTP/1.1" 404 Not Found
INFO:     127.0.0.1:36378 - "GET /v1/training/production_meta HTTP/1.1" 404 Not Found
INFO:     127.0.0.1:36394 - "POST /v1/agents/credit_appraisal/run HTTP/1.1" 404 Not Found

==> /home/dzoan/credit-appraisal-agent-poc/.logs/ui_20251030-153435.log <==
2025-10-30 15:45:04.708 Please replace `use_container_width` with `width`.

`use_container_width` will be removed after 2025-12-31.

For `use_container_width=True`, use `width='stretch'`. For `use_container_width=False`, use `width='content'`.
2025-10-30 15:45:04.749 Please replace `use_container_width` with `width`.

`use_container_width` will be removed after 2025-12-31.

For `use_container_width=True`, use `width='stretch'`. For `use_container_width=False`, use `width='content'`.
  Stopping...

==> /home/dzoan/credit-appraisal-agent-poc/.logs/api_20251030-153435.log <==
INFO:     Shutting down
INFO:     Waiting for application shutdown.
INFO:     Application shutdown complete.
INFO:     Finished server process [68140]
INFO:     Stopping reloader process [68127]
