==> /home/dzoan/credit-appraisal-agent-poc/.logs/api_20251028-160624.log <==

==> /home/dzoan/credit-appraisal-agent-poc/.logs/ui_20251028-160624.log <==

==> /home/dzoan/credit-appraisal-agent-poc/.logs/api_20251028-160624.log <==
INFO:     Will watch for changes in these directories: ['/home/dzoan/credit-appraisal-agent-poc']
INFO:     Uvicorn running on http://0.0.0.0:8090 (Press CTRL+C to quit)
INFO:     Started reloader process [407980] using WatchFiles

==> /home/dzoan/credit-appraisal-agent-poc/.logs/ui_20251028-160624.log <==

  You can now view your Streamlit app in your browser.

  URL: http://0.0.0.0:8502


==> /home/dzoan/credit-appraisal-agent-poc/.logs/api_20251028-160624.log <==
INFO:     Started server process [407990]
INFO:     Waiting for application startup.
INFO:     Application startup complete.
INFO:     127.0.0.1:40876 - "GET /v1/training/production_meta HTTP/1.1" 200 OK
INFO:     127.0.0.1:40880 - "GET /v1/training/production_meta HTTP/1.1" 200 OK
INFO:     127.0.0.1:40886 - "GET /v1/training/production_meta HTTP/1.1" 200 OK
INFO:     127.0.0.1:40898 - "GET /v1/training/production_meta HTTP/1.1" 200 OK

==> /home/dzoan/credit-appraisal-agent-poc/.logs/ui_20251028-160624.log <==
2025-10-28 16:06:41.493 Please replace `use_container_width` with `width`.

`use_container_width` will be removed after 2025-12-31.

For `use_container_width=True`, use `width='stretch'`. For `use_container_width=False`, use `width='content'`.

==> /home/dzoan/credit-appraisal-agent-poc/.logs/api_20251028-160624.log <==
INFO:     127.0.0.1:40882 - "GET /v1/training/production_meta HTTP/1.1" 200 OK
INFO:     127.0.0.1:40884 - "GET /v1/training/production_meta HTTP/1.1" 200 OK

==> /home/dzoan/credit-appraisal-agent-poc/.logs/ui_20251028-160624.log <==
2025-10-28 16:06:42.414 Please replace `use_container_width` with `width`.

`use_container_width` will be removed after 2025-12-31.

For `use_container_width=True`, use `width='stretch'`. For `use_container_width=False`, use `width='content'`.

==> /home/dzoan/credit-appraisal-agent-poc/.logs/api_20251028-160624.log <==
INFO:     Shutting down
INFO:     Waiting for application shutdown.
INFO:     Application shutdown complete.
INFO:     Finished server process [407990]
INFO:     Stopping reloader process [407980]

==> /home/dzoan/credit-appraisal-agent-poc/.logs/ui_20251028-160624.log <==
  Stopping...
