==> /home/dzoan/credit-appraisal-agent-poc/.logs/api_20251027-173352.log <==

==> /home/dzoan/credit-appraisal-agent-poc/.logs/ui_20251027-173352.log <==

==> /home/dzoan/credit-appraisal-agent-poc/.logs/api_20251027-173352.log <==
INFO:     Will watch for changes in these directories: ['/home/dzoan/credit-appraisal-agent-poc/services/ui']
INFO:     Uvicorn running on http://0.0.0.0:8090 (Press CTRL+C to quit)
INFO:     Started reloader process [329405] using WatchFiles

==> /home/dzoan/credit-appraisal-agent-poc/.logs/ui_20251027-173352.log <==

  You can now view your Streamlit app in your browser.

  URL: http://0.0.0.0:8502


==> /home/dzoan/credit-appraisal-agent-poc/.logs/api_20251027-173352.log <==
INFO:     Started server process [329415]
INFO:     Waiting for application startup.
INFO:     Application startup complete.
INFO:     127.0.0.1:58332 - "GET /v1/training/production_meta HTTP/1.1" 200 OK
INFO:     127.0.0.1:58348 - "GET /v1/training/production_meta HTTP/1.1" 200 OK
INFO:     127.0.0.1:52016 - "GET /v1/training/production_meta HTTP/1.1" 200 OK
INFO:     127.0.0.1:52028 - "GET /v1/training/production_meta HTTP/1.1" 200 OK

==> /home/dzoan/credit-appraisal-agent-poc/.logs/ui_20251027-173352.log <==
2025-10-27 17:34:20.207 Please replace `use_container_width` with `width`.

`use_container_width` will be removed after 2025-12-31.

For `use_container_width=True`, use `width='stretch'`. For `use_container_width=False`, use `width='content'`.

==> /home/dzoan/credit-appraisal-agent-poc/.logs/api_20251027-173352.log <==
INFO:     127.0.0.1:52034 - "GET /v1/training/production_meta HTTP/1.1" 200 OK
INFO:     127.0.0.1:52042 - "GET /v1/training/production_meta HTTP/1.1" 200 OK

==> /home/dzoan/credit-appraisal-agent-poc/.logs/ui_20251027-173352.log <==
2025-10-27 17:34:22.444 Please replace `use_container_width` with `width`.

`use_container_width` will be removed after 2025-12-31.

For `use_container_width=True`, use `width='stretch'`. For `use_container_width=False`, use `width='content'`.
  Stopping...

==> /home/dzoan/credit-appraisal-agent-poc/.logs/api_20251027-173352.log <==
INFO:     Shutting down
INFO:     Waiting for application shutdown.
INFO:     Application shutdown complete.
INFO:     Finished server process [329415]
INFO:     Stopping reloader process [329405]
