==> /home/dzoan/credit-appraisal-agent-poc/.logs/api_20251031-170608.log <==

==> /home/dzoan/credit-appraisal-agent-poc/.logs/ui_20251031-170608.log <==

==> /home/dzoan/credit-appraisal-agent-poc/.logs/api_20251031-170608.log <==
INFO:     Will watch for changes in these directories: ['/home/dzoan/credit-appraisal-agent-poc']
INFO:     Uvicorn running on http://0.0.0.0:8090 (Press CTRL+C to quit)
INFO:     Started reloader process [384951] using WatchFiles

==> /home/dzoan/credit-appraisal-agent-poc/.logs/ui_20251031-170608.log <==

  You can now view your Streamlit app in your browser.

  URL: http://0.0.0.0:8502


==> /home/dzoan/credit-appraisal-agent-poc/.logs/api_20251031-170608.log <==
INFO:     Started server process [384961]
INFO:     Waiting for application startup.
INFO:     Application startup complete.
INFO:     127.0.0.1:47682 - "GET /docs HTTP/1.1" 200 OK
INFO:     127.0.0.1:47682 - "GET /openapi.json HTTP/1.1" 200 OK
INFO:     127.0.0.1:47696 - "GET /v1/system/models HTTP/1.1" 200 OK

==> /home/dzoan/credit-appraisal-agent-poc/.logs/ui_20251031-170608.log <==
2025-10-31 17:06:29.715 Uncaught app execution
Traceback (most recent call last):
  File "/home/dzoan/credit-appraisal-agent-poc/.venv/lib/python3.10/site-packages/streamlit/runtime/scriptrunner/exec_code.py", line 128, in exec_func_with_error_handling
    result = func()
  File "/home/dzoan/credit-appraisal-agent-poc/.venv/lib/python3.10/site-packages/streamlit/runtime/scriptrunner/script_runner.py", line 667, in code_to_exec
    _mpa_v1(self._main_script_path)
  File "/home/dzoan/credit-appraisal-agent-poc/.venv/lib/python3.10/site-packages/streamlit/runtime/scriptrunner/script_runner.py", line 165, in _mpa_v1
    page.run()
  File "/home/dzoan/credit-appraisal-agent-poc/.venv/lib/python3.10/site-packages/streamlit/navigation/page.py", line 300, in run
    exec(code, module.__dict__)  # noqa: S102
  File "/home/dzoan/credit-appraisal-agent-poc/services/ui/pages/asset_appraisal.py", line 1, in <module>
    cat > services/ui/pages/asset_appraisal.py <<'PY'
NameError: name 'cat' is not defined

==> /home/dzoan/credit-appraisal-agent-poc/.logs/api_20251031-170608.log <==
INFO:     127.0.0.1:55814 - "GET /v1/training/production_meta HTTP/1.1" 200 OK
INFO:     127.0.0.1:55826 - "GET /v1/training/production_meta HTTP/1.1" 200 OK

==> /home/dzoan/credit-appraisal-agent-poc/.logs/ui_20251031-170608.log <==
2025-10-31 17:06:37.582 Uncaught app execution
Traceback (most recent call last):
  File "/home/dzoan/credit-appraisal-agent-poc/.venv/lib/python3.10/site-packages/streamlit/runtime/scriptrunner/exec_code.py", line 128, in exec_func_with_error_handling
    result = func()
  File "/home/dzoan/credit-appraisal-agent-poc/.venv/lib/python3.10/site-packages/streamlit/runtime/scriptrunner/script_runner.py", line 667, in code_to_exec
    _mpa_v1(self._main_script_path)
  File "/home/dzoan/credit-appraisal-agent-poc/.venv/lib/python3.10/site-packages/streamlit/runtime/scriptrunner/script_runner.py", line 165, in _mpa_v1
    page.run()
  File "/home/dzoan/credit-appraisal-agent-poc/.venv/lib/python3.10/site-packages/streamlit/navigation/page.py", line 300, in run
    exec(code, module.__dict__)  # noqa: S102
  File "/home/dzoan/credit-appraisal-agent-poc/services/ui/pages/asset_appraisal.py", line 1, in <module>
    cat > services/ui/pages/asset_appraisal.py <<'PY'
NameError: name 'cat' is not defined
  Stopping...

==> /home/dzoan/credit-appraisal-agent-poc/.logs/api_20251031-170608.log <==
INFO:     Shutting down
INFO:     Waiting for application shutdown.
INFO:     Application shutdown complete.
INFO:     Finished server process [384961]
INFO:     Stopping reloader process [384951]
