==> /home/dzoan/credit-appraisal-agent-poc/.logs/api_20251031-015721.log <==

==> /home/dzoan/credit-appraisal-agent-poc/.logs/ui_20251031-015721.log <==

==> /home/dzoan/credit-appraisal-agent-poc/.logs/api_20251031-015721.log <==
INFO:     Will watch for changes in these directories: ['/home/dzoan/credit-appraisal-agent-poc']
INFO:     Uvicorn running on http://0.0.0.0:8090 (Press CTRL+C to quit)
INFO:     Started reloader process [243941] using WatchFiles

==> /home/dzoan/credit-appraisal-agent-poc/.logs/ui_20251031-015721.log <==

  You can now view your Streamlit app in your browser.

  URL: http://0.0.0.0:8502


==> /home/dzoan/credit-appraisal-agent-poc/.logs/api_20251031-015721.log <==
INFO:     Started server process [243951]
INFO:     Waiting for application startup.
INFO:     Application startup complete.
INFO:     127.0.0.1:33756 - "GET /v1/training/production_meta HTTP/1.1" 200 OK
INFO:     127.0.0.1:33766 - "GET /v1/training/production_meta HTTP/1.1" 200 OK

==> /home/dzoan/credit-appraisal-agent-poc/.logs/ui_20251031-015721.log <==
2025-10-31 01:57:50.677 Please replace `use_container_width` with `width`.

`use_container_width` will be removed after 2025-12-31.

For `use_container_width=True`, use `width='stretch'`. For `use_container_width=False`, use `width='content'`.

==> /home/dzoan/credit-appraisal-agent-poc/.logs/api_20251031-015721.log <==
INFO:     127.0.0.1:33768 - "GET /v1/training/production_meta HTTP/1.1" 200 OK
INFO:     127.0.0.1:33774 - "GET /v1/training/production_meta HTTP/1.1" 200 OK

==> /home/dzoan/credit-appraisal-agent-poc/.logs/ui_20251031-015721.log <==
2025-10-31 01:57:52.824 Please replace `use_container_width` with `width`.

`use_container_width` will be removed after 2025-12-31.

For `use_container_width=True`, use `width='stretch'`. For `use_container_width=False`, use `width='content'`.

==> /home/dzoan/credit-appraisal-agent-poc/.logs/api_20251031-015721.log <==
INFO:     127.0.0.1:59756 - "GET /v1/training/production_meta HTTP/1.1" 200 OK
INFO:     127.0.0.1:59772 - "GET /v1/training/production_meta HTTP/1.1" 200 OK
INFO:     127.0.0.1:59778 - "GET /v1/training/production_meta HTTP/1.1" 200 OK
INFO:     127.0.0.1:59792 - "GET /v1/training/production_meta HTTP/1.1" 200 OK

==> /home/dzoan/credit-appraisal-agent-poc/.logs/ui_20251031-015721.log <==
2025-10-31 01:58:03.384 Please replace `use_container_width` with `width`.

`use_container_width` will be removed after 2025-12-31.

For `use_container_width=True`, use `width='stretch'`. For `use_container_width=False`, use `width='content'`.
2025-10-31 01:58:03.400 Please replace `use_container_width` with `width`.

`use_container_width` will be removed after 2025-12-31.

For `use_container_width=True`, use `width='stretch'`. For `use_container_width=False`, use `width='content'`.

==> /home/dzoan/credit-appraisal-agent-poc/.logs/api_20251031-015721.log <==
INFO:     127.0.0.1:57726 - "GET /v1/training/production_meta HTTP/1.1" 200 OK
INFO:     127.0.0.1:57728 - "GET /v1/training/production_meta HTTP/1.1" 200 OK

==> /home/dzoan/credit-appraisal-agent-poc/.logs/ui_20251031-015721.log <==
2025-10-31 01:58:07.475 Please replace `use_container_width` with `width`.

`use_container_width` will be removed after 2025-12-31.

For `use_container_width=True`, use `width='stretch'`. For `use_container_width=False`, use `width='content'`.
2025-10-31 01:58:07.495 Please replace `use_container_width` with `width`.

`use_container_width` will be removed after 2025-12-31.

For `use_container_width=True`, use `width='stretch'`. For `use_container_width=False`, use `width='content'`.

==> /home/dzoan/credit-appraisal-agent-poc/.logs/api_20251031-015721.log <==
INFO:     127.0.0.1:57734 - "GET /v1/training/production_meta HTTP/1.1" 200 OK
INFO:     127.0.0.1:57738 - "GET /v1/training/production_meta HTTP/1.1" 200 OK

==> /home/dzoan/credit-appraisal-agent-poc/.logs/ui_20251031-015721.log <==
2025-10-31 01:58:09.339 Please replace `use_container_width` with `width`.

`use_container_width` will be removed after 2025-12-31.

For `use_container_width=True`, use `width='stretch'`. For `use_container_width=False`, use `width='content'`.
2025-10-31 01:58:09.370 Please replace `use_container_width` with `width`.

`use_container_width` will be removed after 2025-12-31.

For `use_container_width=True`, use `width='stretch'`. For `use_container_width=False`, use `width='content'`.

==> /home/dzoan/credit-appraisal-agent-poc/.logs/api_20251031-015721.log <==
INFO:     127.0.0.1:57744 - "GET /v1/training/production_meta HTTP/1.1" 200 OK
INFO:     127.0.0.1:57752 - "GET /v1/training/production_meta HTTP/1.1" 200 OK

==> /home/dzoan/credit-appraisal-agent-poc/.logs/ui_20251031-015721.log <==
2025-10-31 01:58:11.712 Please replace `use_container_width` with `width`.

`use_container_width` will be removed after 2025-12-31.

For `use_container_width=True`, use `width='stretch'`. For `use_container_width=False`, use `width='content'`.
2025-10-31 01:58:11.737 Please replace `use_container_width` with `width`.

`use_container_width` will be removed after 2025-12-31.

For `use_container_width=True`, use `width='stretch'`. For `use_container_width=False`, use `width='content'`.

==> /home/dzoan/credit-appraisal-agent-poc/.logs/api_20251031-015721.log <==
INFO:     127.0.0.1:56674 - "GET /v1/training/production_meta HTTP/1.1" 200 OK
INFO:     127.0.0.1:56686 - "POST /v1/agents/credit_appraisal/run HTTP/1.1" 404 Not Found

==> /home/dzoan/credit-appraisal-agent-poc/.logs/ui_20251031-015721.log <==
2025-10-31 01:58:20.719 Please replace `use_container_width` with `width`.

`use_container_width` will be removed after 2025-12-31.

For `use_container_width=True`, use `width='stretch'`. For `use_container_width=False`, use `width='content'`.
2025-10-31 01:58:20.737 Please replace `use_container_width` with `width`.

`use_container_width` will be removed after 2025-12-31.

For `use_container_width=True`, use `width='stretch'`. For `use_container_width=False`, use `width='content'`.

==> /home/dzoan/credit-appraisal-agent-poc/.logs/api_20251031-015721.log <==
INFO:     127.0.0.1:56698 - "GET /v1/training/production_meta HTTP/1.1" 200 OK
INFO:     127.0.0.1:56714 - "GET /v1/training/production_meta HTTP/1.1" 200 OK

==> /home/dzoan/credit-appraisal-agent-poc/.logs/ui_20251031-015721.log <==
2025-10-31 01:58:22.271 Please replace `use_container_width` with `width`.

`use_container_width` will be removed after 2025-12-31.

For `use_container_width=True`, use `width='stretch'`. For `use_container_width=False`, use `width='content'`.
2025-10-31 01:58:22.296 Please replace `use_container_width` with `width`.

`use_container_width` will be removed after 2025-12-31.

For `use_container_width=True`, use `width='stretch'`. For `use_container_width=False`, use `width='content'`.

==> /home/dzoan/credit-appraisal-agent-poc/.logs/api_20251031-015721.log <==
INFO:     127.0.0.1:34952 - "GET /v1/training/production_meta HTTP/1.1" 200 OK
INFO:     127.0.0.1:34966 - "POST /v1/agents/credit_appraisal/run HTTP/1.1" 404 Not Found

==> /home/dzoan/credit-appraisal-agent-poc/.logs/ui_20251031-015721.log <==
2025-10-31 01:58:35.194 Please replace `use_container_width` with `width`.

`use_container_width` will be removed after 2025-12-31.

For `use_container_width=True`, use `width='stretch'`. For `use_container_width=False`, use `width='content'`.
2025-10-31 01:58:35.210 Please replace `use_container_width` with `width`.

`use_container_width` will be removed after 2025-12-31.

For `use_container_width=True`, use `width='stretch'`. For `use_container_width=False`, use `width='content'`.

==> /home/dzoan/credit-appraisal-agent-poc/.logs/api_20251031-015721.log <==
INFO:     127.0.0.1:35932 - "GET /v1/training/production_meta HTTP/1.1" 200 OK
INFO:     127.0.0.1:35944 - "GET /v1/training/production_meta HTTP/1.1" 200 OK

==> /home/dzoan/credit-appraisal-agent-poc/.logs/ui_20251031-015721.log <==
2025-10-31 01:58:37.123 Please replace `use_container_width` with `width`.

`use_container_width` will be removed after 2025-12-31.

For `use_container_width=True`, use `width='stretch'`. For `use_container_width=False`, use `width='content'`.
2025-10-31 01:58:37.138 Please replace `use_container_width` with `width`.

`use_container_width` will be removed after 2025-12-31.

For `use_container_width=True`, use `width='stretch'`. For `use_container_width=False`, use `width='content'`.

==> /home/dzoan/credit-appraisal-agent-poc/.logs/api_20251031-015721.log <==
INFO:     127.0.0.1:35948 - "GET /v1/training/production_meta HTTP/1.1" 200 OK
INFO:     127.0.0.1:35952 - "POST /v1/agents/credit_appraisal/run HTTP/1.1" 404 Not Found

==> /home/dzoan/credit-appraisal-agent-poc/.logs/ui_20251031-015721.log <==
  Stopping...

==> /home/dzoan/credit-appraisal-agent-poc/.logs/api_20251031-015721.log <==
INFO:     Shutting down
INFO:     Waiting for application shutdown.
INFO:     Application shutdown complete.
INFO:     Finished server process [243951]
INFO:     Stopping reloader process [243941]
