==> /home/dzoan/credit-appraisal-agent-poc/.logs/api_20251024-235805.log <==

==> /home/dzoan/credit-appraisal-agent-poc/.logs/ui_20251024-235805.log <==

==> /home/dzoan/credit-appraisal-agent-poc/.logs/api_20251024-235805.log <==
INFO:     Will watch for changes in these directories: ['/home/dzoan/credit-appraisal-agent-poc']
INFO:     Uvicorn running on http://0.0.0.0:8090 (Press CTRL+C to quit)
INFO:     Started reloader process [58079] using WatchFiles

==> /home/dzoan/credit-appraisal-agent-poc/.logs/ui_20251024-235805.log <==

  You can now view your Streamlit app in your browser.

  URL: http://0.0.0.0:8502


==> /home/dzoan/credit-appraisal-agent-poc/.logs/api_20251024-235805.log <==
INFO:     Started server process [58089]
INFO:     Waiting for application startup.
INFO:     Application startup complete.
INFO:     127.0.0.1:59710 - "GET /v1/training/production_meta HTTP/1.1" 200 OK
INFO:     127.0.0.1:59724 - "GET /v1/training/production_meta HTTP/1.1" 200 OK
INFO:     127.0.0.1:39266 - "GET /v1/training/production_meta HTTP/1.1" 200 OK
INFO:     127.0.0.1:39280 - "GET /v1/training/production_meta HTTP/1.1" 200 OK
INFO:     127.0.0.1:46776 - "GET /v1/training/production_meta HTTP/1.1" 200 OK
INFO:     127.0.0.1:46790 - "GET /v1/training/production_meta HTTP/1.1" 200 OK
INFO:     127.0.0.1:46794 - "GET /v1/training/production_meta HTTP/1.1" 200 OK
/home/dzoan/credit-appraisal-agent-poc/.venv/lib/python3.10/site-packages/sklearn/base.py:493: UserWarning: X does not have valid feature names, but StandardScaler was fitted with feature names
  warnings.warn(
INFO:     127.0.0.1:46798 - "POST /v1/agents/credit_appraisal/run HTTP/1.1" 200 OK
INFO:     127.0.0.1:46810 - "GET /v1/runs/run_1761325118/report?format=csv HTTP/1.1" 404 Not Found

==> /home/dzoan/credit-appraisal-agent-poc/.logs/ui_20251024-235805.log <==
2025-10-24 23:58:38.983 Please replace `use_container_width` with `width`.

`use_container_width` will be removed after 2025-12-31.

For `use_container_width=True`, use `width='stretch'`. For `use_container_width=False`, use `width='content'`.
2025-10-24 23:58:38.988 Please replace `use_container_width` with `width`.

`use_container_width` will be removed after 2025-12-31.

For `use_container_width=True`, use `width='stretch'`. For `use_container_width=False`, use `width='content'`.
2025-10-24 23:58:38.998 Uncaught app execution
Traceback (most recent call last):
  File "/home/dzoan/credit-appraisal-agent-poc/.venv/lib/python3.10/site-packages/streamlit/runtime/scriptrunner/exec_code.py", line 128, in exec_func_with_error_handling
    result = func()
  File "/home/dzoan/credit-appraisal-agent-poc/.venv/lib/python3.10/site-packages/streamlit/runtime/scriptrunner/script_runner.py", line 669, in code_to_exec
    exec(code, module.__dict__)  # noqa: S102
  File "/home/dzoan/credit-appraisal-agent-poc/services/ui/app.py", line 1140, in <module>
    editable = dfm[["application_id"] + editable_cols].copy()
  File "/home/dzoan/credit-appraisal-agent-poc/.venv/lib/python3.10/site-packages/pandas/core/frame.py", line 4108, in __getitem__
    indexer = self.columns._get_indexer_strict(key, "columns")[1]
  File "/home/dzoan/credit-appraisal-agent-poc/.venv/lib/python3.10/site-packages/pandas/core/indexes/base.py", line 6200, in _get_indexer_strict
    self._raise_if_missing(keyarr, indexer, axis_name)
  File "/home/dzoan/credit-appraisal-agent-poc/.venv/lib/python3.10/site-packages/pandas/core/indexes/base.py", line 6249, in _raise_if_missing
    raise KeyError(f"None of [{key}] are in the [{axis_name}]")
KeyError: "None of [Index(['application_id'], dtype='object')] are in the [columns]"
  Stopping...

==> /home/dzoan/credit-appraisal-agent-poc/.logs/api_20251024-235805.log <==
INFO:     Shutting down
INFO:     Waiting for application shutdown.
INFO:     Application shutdown complete.
INFO:     Finished server process [58089]
INFO:     Stopping reloader process [58079]
