==> /home/dzoan/credit-appraisal-agent-poc/.logs/api_20251029-140120.log <==

==> /home/dzoan/credit-appraisal-agent-poc/.logs/ui_20251029-140120.log <==

==> /home/dzoan/credit-appraisal-agent-poc/.logs/api_20251029-140120.log <==
INFO:     Will watch for changes in these directories: ['/home/dzoan/credit-appraisal-agent-poc']
INFO:     Uvicorn running on http://0.0.0.0:8090 (Press CTRL+C to quit)
INFO:     Started reloader process [515318] using WatchFiles

==> /home/dzoan/credit-appraisal-agent-poc/.logs/ui_20251029-140120.log <==

  You can now view your Streamlit app in your browser.

  URL: http://0.0.0.0:8502


==> /home/dzoan/credit-appraisal-agent-poc/.logs/api_20251029-140120.log <==
INFO:     Started server process [515328]
INFO:     Waiting for application startup.
INFO:     Application startup complete.

==> /home/dzoan/credit-appraisal-agent-poc/.logs/ui_20251029-140120.log <==
2025-10-29 14:01:30.557 Uncaught app execution
Traceback (most recent call last):
  File "/home/dzoan/credit-appraisal-agent-poc/.venv/lib/python3.10/site-packages/streamlit/runtime/scriptrunner/exec_code.py", line 128, in exec_func_with_error_handling
    result = func()
  File "/home/dzoan/credit-appraisal-agent-poc/.venv/lib/python3.10/site-packages/streamlit/runtime/scriptrunner/script_runner.py", line 669, in code_to_exec
    exec(code, module.__dict__)  # noqa: S102
  File "/home/dzoan/credit-appraisal-agent-poc/services/ui/app.py", line 737, in <module>
    if st.button("🚀 Start Building Now", key="btn_start_build_now"):
  File "/home/dzoan/credit-appraisal-agent-poc/.venv/lib/python3.10/site-packages/streamlit/runtime/metrics_util.py", line 443, in wrapped_func
    result = non_optional_func(*args, **kwargs)
  File "/home/dzoan/credit-appraisal-agent-poc/.venv/lib/python3.10/site-packages/streamlit/elements/widgets/button.py", line 268, in button
    return self.dg._button(
  File "/home/dzoan/credit-appraisal-agent-poc/.venv/lib/python3.10/site-packages/streamlit/elements/widgets/button.py", line 1122, in _button
    element_id = compute_and_register_element_id(
  File "/home/dzoan/credit-appraisal-agent-poc/.venv/lib/python3.10/site-packages/streamlit/elements/lib/utils.py", line 265, in compute_and_register_element_id
    _register_element_id(ctx, element_type, element_id)
  File "/home/dzoan/credit-appraisal-agent-poc/.venv/lib/python3.10/site-packages/streamlit/elements/lib/utils.py", line 145, in _register_element_id
    raise StreamlitDuplicateElementKey(user_key)
streamlit.errors.StreamlitDuplicateElementKey: There are multiple elements with the same `key='btn_start_build_now'`. To fix this, please make sure that the `key` argument is unique for each element you create.

==> /home/dzoan/credit-appraisal-agent-poc/.logs/api_20251029-140120.log <==
INFO:     Shutting down
INFO:     Waiting for application shutdown.
INFO:     Application shutdown complete.
INFO:     Finished server process [515328]
INFO:     Stopping reloader process [515318]

==> /home/dzoan/credit-appraisal-agent-poc/.logs/ui_20251029-140120.log <==
  Stopping...
