==> /home/dzoan/credit-appraisal-agent-poc/.logs/api_20251028-163420.log <==

==> /home/dzoan/credit-appraisal-agent-poc/.logs/ui_20251028-163420.log <==

==> /home/dzoan/credit-appraisal-agent-poc/.logs/api_20251028-163420.log <==
INFO:     Will watch for changes in these directories: ['/home/dzoan/credit-appraisal-agent-poc']
INFO:     Uvicorn running on http://0.0.0.0:8090 (Press CTRL+C to quit)
INFO:     Started reloader process [408872] using WatchFiles

==> /home/dzoan/credit-appraisal-agent-poc/.logs/ui_20251028-163420.log <==

  You can now view your Streamlit app in your browser.

  URL: http://0.0.0.0:8502


==> /home/dzoan/credit-appraisal-agent-poc/.logs/api_20251028-163420.log <==
INFO:     Started server process [408882]
INFO:     Waiting for application startup.
INFO:     Application startup complete.
INFO:     127.0.0.1:51674 - "GET /v1/training/production_meta HTTP/1.1" 200 OK
INFO:     127.0.0.1:51678 - "GET /v1/training/production_meta HTTP/1.1" 200 OK
INFO:     127.0.0.1:51694 - "GET /v1/training/production_meta HTTP/1.1" 200 OK
INFO:     127.0.0.1:51700 - "GET /v1/training/production_meta HTTP/1.1" 200 OK
INFO:     127.0.0.1:51710 - "GET /v1/training/production_meta HTTP/1.1" 200 OK
INFO:     127.0.0.1:51714 - "GET /v1/training/production_meta HTTP/1.1" 200 OK

==> /home/dzoan/credit-appraisal-agent-poc/.logs/ui_20251028-163420.log <==
2025-10-28 16:34:38.548 Please replace `use_container_width` with `width`.

`use_container_width` will be removed after 2025-12-31.

For `use_container_width=True`, use `width='stretch'`. For `use_container_width=False`, use `width='content'`.
2025-10-28 16:34:39.224 Please replace `use_container_width` with `width`.

`use_container_width` will be removed after 2025-12-31.

For `use_container_width=True`, use `width='stretch'`. For `use_container_width=False`, use `width='content'`.

==> /home/dzoan/credit-appraisal-agent-poc/.logs/api_20251028-163420.log <==
INFO:     127.0.0.1:41056 - "GET /v1/training/production_meta HTTP/1.1" 200 OK
INFO:     127.0.0.1:41058 - "GET /v1/training/production_meta HTTP/1.1" 200 OK

==> /home/dzoan/credit-appraisal-agent-poc/.logs/ui_20251028-163420.log <==
2025-10-28 16:34:42.609 Uncaught app execution
Traceback (most recent call last):
  File "/home/dzoan/credit-appraisal-agent-poc/.venv/lib/python3.10/site-packages/streamlit/runtime/scriptrunner/exec_code.py", line 128, in exec_func_with_error_handling
    result = func()
  File "/home/dzoan/credit-appraisal-agent-poc/.venv/lib/python3.10/site-packages/streamlit/runtime/scriptrunner/script_runner.py", line 669, in code_to_exec
    exec(code, module.__dict__)  # noqa: S102
  File "/home/dzoan/credit-appraisal-agent-poc/services/ui/app.py", line 999, in <module>
    st.switch_page("services/ui/app.py")  # Reloads app
  File "/home/dzoan/credit-appraisal-agent-poc/.venv/lib/python3.10/site-packages/streamlit/runtime/metrics_util.py", line 443, in wrapped_func
    result = non_optional_func(*args, **kwargs)
  File "/home/dzoan/credit-appraisal-agent-poc/.venv/lib/python3.10/site-packages/streamlit/commands/execution_control.py", line 222, in switch_page
    raise StreamlitAPIException(
streamlit.errors.StreamlitAPIException: Could not find page: `services/ui/app.py`. Must be the file path relative to the main script, from the directory: `ui`. Only the main app file and files in the `pages/` directory are supported.

==> /home/dzoan/credit-appraisal-agent-poc/.logs/api_20251028-163420.log <==
INFO:     Shutting down
INFO:     Waiting for application shutdown.
INFO:     Application shutdown complete.
INFO:     Finished server process [408882]
INFO:     Stopping reloader process [408872]

==> /home/dzoan/credit-appraisal-agent-poc/.logs/ui_20251028-163420.log <==
  Stopping...
