==> /home/dzoan/credit-appraisal-agent-poc/.logs/api_20251031-210914.log <==

==> /home/dzoan/credit-appraisal-agent-poc/.logs/ui_20251031-210914.log <==

==> /home/dzoan/credit-appraisal-agent-poc/.logs/api_20251031-210914.log <==
INFO:     Will watch for changes in these directories: ['/home/dzoan/credit-appraisal-agent-poc']
INFO:     Uvicorn running on http://0.0.0.0:8090 (Press CTRL+C to quit)
INFO:     Started reloader process [535196] using WatchFiles

==> /home/dzoan/credit-appraisal-agent-poc/.logs/ui_20251031-210914.log <==

  You can now view your Streamlit app in your browser.

  URL: http://0.0.0.0:8502


==> /home/dzoan/credit-appraisal-agent-poc/.logs/api_20251031-210914.log <==
INFO:     Started server process [535206]
INFO:     Waiting for application startup.
INFO:     Application startup complete.
INFO:     127.0.0.1:51110 - "GET /v1/training/production_meta HTTP/1.1" 200 OK

==> /home/dzoan/credit-appraisal-agent-poc/.logs/ui_20251031-210914.log <==
2025-10-31 21:09:27.850 Please replace `use_container_width` with `width`.

`use_container_width` will be removed after 2025-12-31.

For `use_container_width=True`, use `width='stretch'`. For `use_container_width=False`, use `width='content'`.

==> /home/dzoan/credit-appraisal-agent-poc/.logs/api_20251031-210914.log <==
INFO:     127.0.0.1:51120 - "GET /v1/training/production_meta HTTP/1.1" 200 OK

==> /home/dzoan/credit-appraisal-agent-poc/.logs/ui_20251031-210914.log <==
2025-10-31 21:09:29.396 Please replace `use_container_width` with `width`.

`use_container_width` will be removed after 2025-12-31.

For `use_container_width=True`, use `width='stretch'`. For `use_container_width=False`, use `width='content'`.
2025-10-31 21:09:29.398 Please replace `use_container_width` with `width`.

`use_container_width` will be removed after 2025-12-31.

For `use_container_width=True`, use `width='stretch'`. For `use_container_width=False`, use `width='content'`.
2025-10-31 21:09:29.402 Please replace `use_container_width` with `width`.

`use_container_width` will be removed after 2025-12-31.

For `use_container_width=True`, use `width='stretch'`. For `use_container_width=False`, use `width='content'`.

==> /home/dzoan/credit-appraisal-agent-poc/.logs/api_20251031-210914.log <==
INFO:     127.0.0.1:51128 - "GET /v1/training/production_meta HTTP/1.1" 200 OK

==> /home/dzoan/credit-appraisal-agent-poc/.logs/ui_20251031-210914.log <==
2025-10-31 21:09:33.610 Please replace `use_container_width` with `width`.

`use_container_width` will be removed after 2025-12-31.

For `use_container_width=True`, use `width='stretch'`. For `use_container_width=False`, use `width='content'`.
2025-10-31 21:09:33.620 Please replace `use_container_width` with `width`.

`use_container_width` will be removed after 2025-12-31.

For `use_container_width=True`, use `width='stretch'`. For `use_container_width=False`, use `width='content'`.
2025-10-31 21:09:33.640 Please replace `use_container_width` with `width`.

`use_container_width` will be removed after 2025-12-31.

For `use_container_width=True`, use `width='stretch'`. For `use_container_width=False`, use `width='content'`.

==> /home/dzoan/credit-appraisal-agent-poc/.logs/api_20251031-210914.log <==
INFO:     127.0.0.1:48894 - "GET /v1/training/production_meta HTTP/1.1" 200 OK
INFO:     127.0.0.1:48904 - "GET /v1/agents HTTP/1.1" 200 OK
INFO:     127.0.0.1:48920 - "POST /v1/agents/asset_appraisal/run HTTP/1.1" 200 OK

==> /home/dzoan/credit-appraisal-agent-poc/.logs/ui_20251031-210914.log <==
2025-10-31 21:09:38.039 Please replace `use_container_width` with `width`.

`use_container_width` will be removed after 2025-12-31.

For `use_container_width=True`, use `width='stretch'`. For `use_container_width=False`, use `width='content'`.
2025-10-31 21:09:38.041 Please replace `use_container_width` with `width`.

`use_container_width` will be removed after 2025-12-31.

For `use_container_width=True`, use `width='stretch'`. For `use_container_width=False`, use `width='content'`.
2025-10-31 21:09:38.057 Please replace `use_container_width` with `width`.

`use_container_width` will be removed after 2025-12-31.

For `use_container_width=True`, use `width='stretch'`. For `use_container_width=False`, use `width='content'`.
2025-10-31 21:09:38.119 Please replace `use_container_width` with `width`.

`use_container_width` will be removed after 2025-12-31.

For `use_container_width=True`, use `width='stretch'`. For `use_container_width=False`, use `width='content'`.
/home/dzoan/credit-appraisal-agent-poc/services/ui/pages/asset_appraisal.py:732: FutureWarning:

The default of observed=False is deprecated and will be changed to True in a future version of pandas. Pass observed=False to retain current behavior or observed=True to adopt the future default and silence this warning.

2025-10-31 21:09:38.501 Please replace `use_container_width` with `width`.

`use_container_width` will be removed after 2025-12-31.

For `use_container_width=True`, use `width='stretch'`. For `use_container_width=False`, use `width='content'`.

==> /home/dzoan/credit-appraisal-agent-poc/.logs/api_20251031-210914.log <==
INFO:     127.0.0.1:59422 - "GET /v1/training/production_meta HTTP/1.1" 200 OK
INFO:     127.0.0.1:59432 - "GET /v1/training/production_meta HTTP/1.1" 200 OK
INFO:     127.0.0.1:59442 - "GET /v1/training/production_meta HTTP/1.1" 200 OK
INFO:     127.0.0.1:59452 - "GET /v1/training/production_meta HTTP/1.1" 200 OK

==> /home/dzoan/credit-appraisal-agent-poc/.logs/ui_20251031-210914.log <==
2025-10-31 21:09:55.744 Please replace `use_container_width` with `width`.

`use_container_width` will be removed after 2025-12-31.

For `use_container_width=True`, use `width='stretch'`. For `use_container_width=False`, use `width='content'`.

==> /home/dzoan/credit-appraisal-agent-poc/.logs/api_20251031-210914.log <==
INFO:     127.0.0.1:59466 - "GET /v1/training/production_meta HTTP/1.1" 200 OK
INFO:     127.0.0.1:59474 - "GET /v1/training/production_meta HTTP/1.1" 200 OK
INFO:     127.0.0.1:59488 - "GET /v1/training/production_meta HTTP/1.1" 200 OK
INFO:     127.0.0.1:59494 - "POST /v1/agents/credit_appraisal/run HTTP/1.1" 200 OK
INFO:     Shutting down

==> /home/dzoan/credit-appraisal-agent-poc/.logs/ui_20251031-210914.log <==
  Stopping...

==> /home/dzoan/credit-appraisal-agent-poc/.logs/api_20251031-210914.log <==
INFO:     Waiting for application shutdown.
INFO:     Application shutdown complete.
INFO:     Finished server process [535206]
INFO:     Stopping reloader process [535196]
