==> /home/dzoan/credit-appraisal-agent-poc/.logs/api_20251026-225216.log <==

==> /home/dzoan/credit-appraisal-agent-poc/.logs/ui_20251026-225216.log <==

==> /home/dzoan/credit-appraisal-agent-poc/.logs/api_20251026-225216.log <==
INFO:     Will watch for changes in these directories: ['/home/dzoan/credit-appraisal-agent-poc/services/ui']
INFO:     Uvicorn running on http://0.0.0.0:8090 (Press CTRL+C to quit)
INFO:     Started reloader process [272721] using WatchFiles

==> /home/dzoan/credit-appraisal-agent-poc/.logs/ui_20251026-225216.log <==

  You can now view your Streamlit app in your browser.

  URL: http://0.0.0.0:8502


==> /home/dzoan/credit-appraisal-agent-poc/.logs/api_20251026-225216.log <==
INFO:     Started server process [272731]
INFO:     Waiting for application startup.
INFO:     Application startup complete.
INFO:     127.0.0.1:34566 - "GET /v1/training/production_meta HTTP/1.1" 200 OK
INFO:     127.0.0.1:34576 - "GET /v1/training/production_meta HTTP/1.1" 200 OK
INFO:     127.0.0.1:56976 - "GET /v1/training/production_meta HTTP/1.1" 200 OK
INFO:     127.0.0.1:56990 - "GET /v1/training/production_meta HTTP/1.1" 200 OK

==> /home/dzoan/credit-appraisal-agent-poc/.logs/ui_20251026-225216.log <==
2025-10-26 22:52:45.720 Please replace `use_container_width` with `width`.

`use_container_width` will be removed after 2025-12-31.

For `use_container_width=True`, use `width='stretch'`. For `use_container_width=False`, use `width='content'`.

==> /home/dzoan/credit-appraisal-agent-poc/.logs/api_20251026-225216.log <==
INFO:     127.0.0.1:56994 - "GET /v1/training/production_meta HTTP/1.1" 200 OK
INFO:     127.0.0.1:56998 - "GET /v1/training/production_meta HTTP/1.1" 200 OK

==> /home/dzoan/credit-appraisal-agent-poc/.logs/ui_20251026-225216.log <==
2025-10-26 22:52:47.335 Please replace `use_container_width` with `width`.

`use_container_width` will be removed after 2025-12-31.

For `use_container_width=True`, use `width='stretch'`. For `use_container_width=False`, use `width='content'`.

==> /home/dzoan/credit-appraisal-agent-poc/.logs/api_20251026-225216.log <==
INFO:     Shutting down
INFO:     Waiting for application shutdown.
INFO:     Application shutdown complete.
INFO:     Finished server process [272731]
INFO:     Stopping reloader process [272721]

==> /home/dzoan/credit-appraisal-agent-poc/.logs/ui_20251026-225216.log <==
  Stopping...
