2025-11-01 09:53:51 [STREAM] ==> /home/dzoan/credit-appraisal-agent-poc/.logs/api_20251101-095349.log <==
2025-11-01 09:53:51 [STREAM] 
2025-11-01 09:53:51 [STREAM] ==> /home/dzoan/credit-appraisal-agent-poc/.logs/ui_20251101-095349.log <==
2025-11-01 09:53:52 [STREAM] 
2025-11-01 09:53:52 [STREAM] ==> /home/dzoan/credit-appraisal-agent-poc/.logs/api_20251101-095349.log <==
2025-11-01 09:53:52 [STREAM] INFO:     Will watch for changes in these directories: ['/home/dzoan/credit-appraisal-agent-poc']
2025-11-01 09:53:52 [STREAM] INFO:     Uvicorn running on http://0.0.0.0:8090 (Press CTRL+C to quit)
2025-11-01 09:53:52 [STREAM] INFO:     Started reloader process [539225] using WatchFiles
2025-11-01 09:53:52 [STREAM] Process SpawnProcess-1:
2025-11-01 09:53:52 [STREAM] Traceback (most recent call last):
2025-11-01 09:53:52 [STREAM]   File "/usr/lib/python3.10/multiprocessing/process.py", line 314, in _bootstrap
2025-11-01 09:53:52 [STREAM]     self.run()
2025-11-01 09:53:52 [STREAM]   File "/usr/lib/python3.10/multiprocessing/process.py", line 108, in run
2025-11-01 09:53:52 [STREAM]     self._target(*self._args, **self._kwargs)
2025-11-01 09:53:52 [STREAM]   File "/home/dzoan/credit-appraisal-agent-poc/.venv/lib/python3.10/site-packages/uvicorn/_subprocess.py", line 80, in subprocess_started
2025-11-01 09:53:52 [STREAM]     target(sockets=sockets)
2025-11-01 09:53:52 [STREAM]   File "/home/dzoan/credit-appraisal-agent-poc/.venv/lib/python3.10/site-packages/uvicorn/server.py", line 65, in run
2025-11-01 09:53:52 [STREAM]     return asyncio.run(self.serve(sockets=sockets))
2025-11-01 09:53:52 [STREAM]   File "/usr/lib/python3.10/asyncio/runners.py", line 44, in run
2025-11-01 09:53:52 [STREAM]     return loop.run_until_complete(main)
2025-11-01 09:53:52 [STREAM]   File "uvloop/loop.pyx", line 1518, in uvloop.loop.Loop.run_until_complete
2025-11-01 09:53:52 [STREAM]   File "/home/dzoan/credit-appraisal-agent-poc/.venv/lib/python3.10/site-packages/uvicorn/server.py", line 69, in serve
2025-11-01 09:53:52 [STREAM]     await self._serve(sockets)
2025-11-01 09:53:52 [STREAM]   File "/home/dzoan/credit-appraisal-agent-poc/.venv/lib/python3.10/site-packages/uvicorn/server.py", line 76, in _serve
2025-11-01 09:53:52 [STREAM]     config.load()
2025-11-01 09:53:52 [STREAM]   File "/home/dzoan/credit-appraisal-agent-poc/.venv/lib/python3.10/site-packages/uvicorn/config.py", line 434, in load
2025-11-01 09:53:52 [STREAM]     self.loaded_app = import_from_string(self.app)
2025-11-01 09:53:52 [STREAM]   File "/home/dzoan/credit-appraisal-agent-poc/.venv/lib/python3.10/site-packages/uvicorn/importer.py", line 19, in import_from_string
2025-11-01 09:53:52 [STREAM]     module = importlib.import_module(module_str)
2025-11-01 09:53:52 [STREAM]   File "/usr/lib/python3.10/importlib/__init__.py", line 126, in import_module
2025-11-01 09:53:52 [STREAM]     return _bootstrap._gcd_import(name[level:], package, level)
2025-11-01 09:53:52 [STREAM]   File "<frozen importlib._bootstrap>", line 1050, in _gcd_import
2025-11-01 09:53:52 [STREAM]   File "<frozen importlib._bootstrap>", line 1027, in _find_and_load
2025-11-01 09:53:52 [STREAM]   File "<frozen importlib._bootstrap>", line 1006, in _find_and_load_unlocked
2025-11-01 09:53:52 [STREAM]   File "<frozen importlib._bootstrap>", line 688, in _load_unlocked
2025-11-01 09:53:52 [STREAM]   File "<frozen importlib._bootstrap_external>", line 883, in exec_module
2025-11-01 09:53:52 [STREAM]   File "<frozen importlib._bootstrap>", line 241, in _call_with_frames_removed
2025-11-01 09:53:52 [STREAM]   File "/home/dzoan/credit-appraisal-agent-poc/services/api/main.py", line 13, in <module>
2025-11-01 09:53:52 [STREAM]     logger = logging.getLogger("api.requests")
2025-11-01 09:53:52 [STREAM] NameError: name 'logging' is not defined
2025-11-01 09:53:52 [STREAM] 
2025-11-01 09:53:52 [STREAM] ==> /home/dzoan/credit-appraisal-agent-poc/.logs/ui_20251101-095349.log <==
2025-11-01 09:53:52 [STREAM] 2025-11-01 09:53:52.413 Starting new event loop for server
2025-11-01 09:53:52 [STREAM] 2025-11-01 09:53:52.414 Starting server...
2025-11-01 09:53:52 [STREAM] 2025-11-01 09:53:52.414 Serving static content from /home/dzoan/credit-appraisal-agent-poc/.venv/lib/python3.10/site-packages/streamlit/static
2025-11-01 09:53:52 [STREAM] 2025-11-01 09:53:52.421 Server started on port 8502
2025-11-01 09:53:52 [STREAM] 2025-11-01 09:53:52.421 Runtime state: RuntimeState.INITIAL -> RuntimeState.NO_SESSIONS_CONNECTED
2025-11-01 09:53:52 [STREAM] 
2025-11-01 09:53:52 [STREAM]   You can now view your Streamlit app in your browser.
2025-11-01 09:53:52 [STREAM] 
2025-11-01 09:53:52 [STREAM]   URL: http://0.0.0.0:8502
2025-11-01 09:53:52 [STREAM] 
2025-11-01 09:53:52 [STREAM] 2025-11-01 09:53:52.423 Setting up signal handler
2025-11-01 09:53:53 [STREAM] 2025-11-01 09:53:53.049 AppSession initialized (id=c53317f8-9528-43e1-b779-ad819a715d90)
2025-11-01 09:53:53 [STREAM] 2025-11-01 09:53:53.049 Created new session for client 134069264212000. Session ID: c53317f8-9528-43e1-b779-ad819a715d90
2025-11-01 09:53:53 [STREAM] 2025-11-01 09:53:53.049 Runtime state: RuntimeState.NO_SESSIONS_CONNECTED -> RuntimeState.ONE_OR_MORE_SESSIONS_CONNECTED
2025-11-01 09:53:53 [STREAM] 2025-11-01 09:53:53.237 AppSession initialized (id=352061a3-26aa-42e0-9c47-dc80f21e062c)
2025-11-01 09:53:53 [STREAM] 2025-11-01 09:53:53.237 Created new session for client 134069264216656. Session ID: 352061a3-26aa-42e0-9c47-dc80f21e062c
2025-11-01 09:53:53 [STREAM] 2025-11-01 09:53:53.237 Runtime state: RuntimeState.ONE_OR_MORE_SESSIONS_CONNECTED -> RuntimeState.ONE_OR_MORE_SESSIONS_CONNECTED
2025-11-01 09:53:54 [STREAM] 2025-11-01 09:53:54.239 AppSession initialized (id=3057c501-94a3-4664-8c3f-abdf1af704ec)
2025-11-01 09:53:54 [STREAM] 2025-11-01 09:53:54.240 Created new session for client 134069264219008. Session ID: 3057c501-94a3-4664-8c3f-abdf1af704ec
2025-11-01 09:53:54 [STREAM] 2025-11-01 09:53:54.240 Runtime state: RuntimeState.ONE_OR_MORE_SESSIONS_CONNECTED -> RuntimeState.ONE_OR_MORE_SESSIONS_CONNECTED
2025-11-01 09:53:55 [STREAM] 2025-11-01 09:53:55.226 AppSession initialized (id=e813a139-4dbb-40ad-b900-aefd9d383602)
2025-11-01 09:53:55 [STREAM] 2025-11-01 09:53:55.226 Created new session for client 134069264663744. Session ID: e813a139-4dbb-40ad-b900-aefd9d383602
2025-11-01 09:53:55 [STREAM] 2025-11-01 09:53:55.226 Runtime state: RuntimeState.ONE_OR_MORE_SESSIONS_CONNECTED -> RuntimeState.ONE_OR_MORE_SESSIONS_CONNECTED
2025-11-01 09:54:02 [STREAM] 2025-11-01 09:54:02.088 Received the following back message:
2025-11-01 09:54:02 [STREAM] rerun_script {
2025-11-01 09:54:02 [STREAM]   widget_states {
2025-11-01 09:54:02 [STREAM]     widgets {
2025-11-01 09:54:02 [STREAM]       id: "$$ID-7e24f1ea7748b816f945be419050d8a6-btn_home_agents"
2025-11-01 09:54:02 [STREAM]       trigger_value: true
2025-11-01 09:54:02 [STREAM]     }
2025-11-01 09:54:02 [STREAM]   }
2025-11-01 09:54:02 [STREAM]   page_script_hash: "d2a57dc1d883fd21fb9951699df71cc7"
2025-11-01 09:54:02 [STREAM]   cached_message_hashes: "27d2e897be5ce95d9e50eced825033d7"
2025-11-01 09:54:02 [STREAM]   context_info {
2025-11-01 09:54:02 [STREAM]     timezone: "Asia/Bangkok"
2025-11-01 09:54:02 [STREAM]     timezone_offset: -420
2025-11-01 09:54:02 [STREAM]     locale: "en-US"
2025-11-01 09:54:02 [STREAM]     url: "http://localhost:8502/"
2025-11-01 09:54:02 [STREAM]     is_embedded: false
2025-11-01 09:54:02 [STREAM]     color_scheme: "light"
2025-11-01 09:54:02 [STREAM]   }
2025-11-01 09:54:02 [STREAM] }
2025-11-01 09:54:02 [STREAM] 
2025-11-01 09:54:02 [STREAM] 2025-11-01 09:54:02.089 Beginning script thread
2025-11-01 09:54:02 [STREAM] 2025-11-01 09:54:02.089 Running script RerunData(widget_states=widgets {
2025-11-01 09:54:02 [STREAM]   id: "$$ID-7e24f1ea7748b816f945be419050d8a6-btn_home_agents"
2025-11-01 09:54:02 [STREAM]   trigger_value: true
2025-11-01 09:54:02 [STREAM] }
2025-11-01 09:54:02 [STREAM] , page_script_hash='d2a57dc1d883fd21fb9951699df71cc7', cached_message_hashes={'27d2e897be5ce95d9e50eced825033d7'}, context_info=timezone: "Asia/Bangkok"
2025-11-01 09:54:02 [STREAM] timezone_offset: -420
2025-11-01 09:54:02 [STREAM] locale: "en-US"
2025-11-01 09:54:02 [STREAM] url: "http://localhost:8502/"
2025-11-01 09:54:02 [STREAM] is_embedded: false
2025-11-01 09:54:02 [STREAM] color_scheme: "light"
2025-11-01 09:54:02 [STREAM] )
2025-11-01 09:54:02 [STREAM] 2025-11-01 09:54:02.090 Disconnecting files for session with ID e813a139-4dbb-40ad-b900-aefd9d383602
2025-11-01 09:54:02 [STREAM] 2025-11-01 09:54:02.090 Sessions still active: dict_keys([])
2025-11-01 09:54:02 [STREAM] 2025-11-01 09:54:02.090 Files: 0; Sessions with files: 0
2025-11-01 09:54:03 [STREAM] 2025-11-01 09:54:02.997 Uncaught app execution
2025-11-01 09:54:03 [STREAM] Traceback (most recent call last):
2025-11-01 09:54:03 [STREAM]   File "/home/dzoan/credit-appraisal-agent-poc/.venv/lib/python3.10/site-packages/streamlit/runtime/scriptrunner/exec_code.py", line 128, in exec_func_with_error_handling
2025-11-01 09:54:03 [STREAM]     result = func()
2025-11-01 09:54:03 [STREAM]   File "/home/dzoan/credit-appraisal-agent-poc/.venv/lib/python3.10/site-packages/streamlit/runtime/scriptrunner/script_runner.py", line 667, in code_to_exec
2025-11-01 09:54:03 [STREAM]     _mpa_v1(self._main_script_path)
2025-11-01 09:54:03 [STREAM]   File "/home/dzoan/credit-appraisal-agent-poc/.venv/lib/python3.10/site-packages/streamlit/runtime/scriptrunner/script_runner.py", line 165, in _mpa_v1
2025-11-01 09:54:03 [STREAM]     page.run()
2025-11-01 09:54:03 [STREAM]   File "/home/dzoan/credit-appraisal-agent-poc/.venv/lib/python3.10/site-packages/streamlit/navigation/page.py", line 300, in run
2025-11-01 09:54:03 [STREAM]     exec(code, module.__dict__)  # noqa: S102
2025-11-01 09:54:03 [STREAM]   File "/home/dzoan/credit-appraisal-agent-poc/services/ui/app.py", line 22, in <module>
2025-11-01 09:54:03 [STREAM]     root = logging.getLogger()
2025-11-01 09:54:03 [STREAM] NameError: name 'logging' is not defined
2025-11-01 09:54:03 [STREAM] 2025-11-01 09:54:03.071 Removing orphaned files...
2025-11-01 09:54:04 [STREAM] 2025-11-01 09:54:04.622 Received the following back message:
2025-11-01 09:54:04 [STREAM] rerun_script {
2025-11-01 09:54:04 [STREAM]   widget_states {
2025-11-01 09:54:04 [STREAM]   }
2025-11-01 09:54:04 [STREAM]   page_script_hash: "d2a57dc1d883fd21fb9951699df71cc7"
2025-11-01 09:54:04 [STREAM]   cached_message_hashes: "27d2e897be5ce95d9e50eced825033d7"
2025-11-01 09:54:04 [STREAM]   context_info {
2025-11-01 09:54:04 [STREAM]     timezone: "Asia/Bangkok"
2025-11-01 09:54:04 [STREAM]     timezone_offset: -420
2025-11-01 09:54:04 [STREAM]     locale: "en-US"
2025-11-01 09:54:04 [STREAM]     url: "http://localhost:8502/"
2025-11-01 09:54:04 [STREAM]     is_embedded: false
2025-11-01 09:54:04 [STREAM]     color_scheme: "light"
2025-11-01 09:54:04 [STREAM]   }
2025-11-01 09:54:04 [STREAM] }
2025-11-01 09:54:04 [STREAM] 
2025-11-01 09:54:04 [STREAM] 2025-11-01 09:54:04.623 Beginning script thread
2025-11-01 09:54:04 [STREAM] 2025-11-01 09:54:04.623 Running script RerunData(widget_states=, page_script_hash='d2a57dc1d883fd21fb9951699df71cc7', cached_message_hashes={'27d2e897be5ce95d9e50eced825033d7'}, context_info=timezone: "Asia/Bangkok"
2025-11-01 09:54:04 [STREAM] timezone_offset: -420
2025-11-01 09:54:04 [STREAM] locale: "en-US"
2025-11-01 09:54:04 [STREAM] url: "http://localhost:8502/"
2025-11-01 09:54:04 [STREAM] is_embedded: false
2025-11-01 09:54:04 [STREAM] color_scheme: "light"
2025-11-01 09:54:04 [STREAM] )
2025-11-01 09:54:04 [STREAM] 2025-11-01 09:54:04.623 Disconnecting files for session with ID e813a139-4dbb-40ad-b900-aefd9d383602
2025-11-01 09:54:04 [STREAM] 2025-11-01 09:54:04.623 Sessions still active: dict_keys([])
2025-11-01 09:54:04 [STREAM] 2025-11-01 09:54:04.623 Files: 0; Sessions with files: 0
2025-11-01 09:54:04 [STREAM] 2025-11-01 09:54:04.625 Uncaught app execution
2025-11-01 09:54:04 [STREAM] Traceback (most recent call last):
2025-11-01 09:54:04 [STREAM]   File "/home/dzoan/credit-appraisal-agent-poc/.venv/lib/python3.10/site-packages/streamlit/runtime/scriptrunner/exec_code.py", line 128, in exec_func_with_error_handling
2025-11-01 09:54:04 [STREAM]     result = func()
2025-11-01 09:54:04 [STREAM]   File "/home/dzoan/credit-appraisal-agent-poc/.venv/lib/python3.10/site-packages/streamlit/runtime/scriptrunner/script_runner.py", line 667, in code_to_exec
2025-11-01 09:54:04 [STREAM]     _mpa_v1(self._main_script_path)
2025-11-01 09:54:04 [STREAM]   File "/home/dzoan/credit-appraisal-agent-poc/.venv/lib/python3.10/site-packages/streamlit/runtime/scriptrunner/script_runner.py", line 165, in _mpa_v1
2025-11-01 09:54:04 [STREAM]     page.run()
2025-11-01 09:54:04 [STREAM]   File "/home/dzoan/credit-appraisal-agent-poc/.venv/lib/python3.10/site-packages/streamlit/navigation/page.py", line 300, in run
2025-11-01 09:54:04 [STREAM]     exec(code, module.__dict__)  # noqa: S102
2025-11-01 09:54:04 [STREAM]   File "/home/dzoan/credit-appraisal-agent-poc/services/ui/app.py", line 22, in <module>
2025-11-01 09:54:04 [STREAM]     root = logging.getLogger()
2025-11-01 09:54:04 [STREAM] NameError: name 'logging' is not defined
2025-11-01 09:54:04 [STREAM] 2025-11-01 09:54:04.626 Removing orphaned files...
2025-11-01 09:54:09 [STREAM] 2025-11-01 09:54:09.656 Received the following back message:
2025-11-01 09:54:09 [STREAM] rerun_script {
2025-11-01 09:54:09 [STREAM]   widget_states {
2025-11-01 09:54:09 [STREAM]   }
2025-11-01 09:54:09 [STREAM]   page_script_hash: "b72db28f188acedfd30ff7d8fe0a9099"
2025-11-01 09:54:09 [STREAM]   context_info {
2025-11-01 09:54:09 [STREAM]     timezone: "Asia/Bangkok"
2025-11-01 09:54:09 [STREAM]     timezone_offset: -420
2025-11-01 09:54:09 [STREAM]     locale: "en-US"
2025-11-01 09:54:09 [STREAM]     url: "http://localhost:8502/"
2025-11-01 09:54:09 [STREAM]     is_embedded: false
2025-11-01 09:54:09 [STREAM]     color_scheme: "light"
2025-11-01 09:54:09 [STREAM]   }
2025-11-01 09:54:09 [STREAM] }
2025-11-01 09:54:09 [STREAM] 
2025-11-01 09:54:09 [STREAM] 2025-11-01 09:54:09.657 Beginning script thread
2025-11-01 09:54:09 [STREAM] 2025-11-01 09:54:09.657 Running script RerunData(widget_states=, page_script_hash='b72db28f188acedfd30ff7d8fe0a9099', context_info=timezone: "Asia/Bangkok"
2025-11-01 09:54:09 [STREAM] timezone_offset: -420
2025-11-01 09:54:09 [STREAM] locale: "en-US"
2025-11-01 09:54:09 [STREAM] url: "http://localhost:8502/"
2025-11-01 09:54:09 [STREAM] is_embedded: false
2025-11-01 09:54:09 [STREAM] color_scheme: "light"
2025-11-01 09:54:09 [STREAM] )
2025-11-01 09:54:09 [STREAM] 2025-11-01 09:54:09.657 Disconnecting files for session with ID e813a139-4dbb-40ad-b900-aefd9d383602
2025-11-01 09:54:09 [STREAM] 2025-11-01 09:54:09.657 Sessions still active: dict_keys([])
2025-11-01 09:54:09 [STREAM] 2025-11-01 09:54:09.657 Files: 0; Sessions with files: 0
2025-11-01 09:54:09 [STREAM] 2025-11-01 09:54:09.717 Removing orphaned files...
2025-11-01 09:54:12 [STREAM] 2025-11-01 09:54:12.814 Received the following back message:
2025-11-01 09:54:12 [STREAM] rerun_script {
2025-11-01 09:54:12 [STREAM]   widget_states {
2025-11-01 09:54:12 [STREAM]     widgets {
2025-11-01 09:54:12 [STREAM]       id: "$$ID-50f54bb30cb58413a4b86487f851620e-None"
2025-11-01 09:54:12 [STREAM]       string_value: ""
2025-11-01 09:54:12 [STREAM]     }
2025-11-01 09:54:12 [STREAM]     widgets {
2025-11-01 09:54:12 [STREAM]       id: "$$ID-046c23c3598f9036386f171bccd48b3e-None"
2025-11-01 09:54:12 [STREAM]       string_value: ""
2025-11-01 09:54:12 [STREAM]     }
2025-11-01 09:54:12 [STREAM]     widgets {
2025-11-01 09:54:12 [STREAM]       id: "$$ID-92835b8a5b2910f78b59f1154be00b8c-None"
2025-11-01 09:54:12 [STREAM]       string_value: ""
2025-11-01 09:54:12 [STREAM]     }
2025-11-01 09:54:12 [STREAM]     widgets {
2025-11-01 09:54:12 [STREAM]       id: "$$ID-f835525e7ead30a95ee1101f27abfd4c-btn_home_asset_login"
2025-11-01 09:54:12 [STREAM]       trigger_value: true
2025-11-01 09:54:12 [STREAM]     }
2025-11-01 09:54:12 [STREAM]   }
2025-11-01 09:54:12 [STREAM]   page_script_hash: "b72db28f188acedfd30ff7d8fe0a9099"
2025-11-01 09:54:12 [STREAM]   context_info {
2025-11-01 09:54:12 [STREAM]     timezone: "Asia/Bangkok"
2025-11-01 09:54:12 [STREAM]     timezone_offset: -420
2025-11-01 09:54:12 [STREAM]     locale: "en-US"
2025-11-01 09:54:12 [STREAM]     url: "http://localhost:8502/asset_appraisal"
2025-11-01 09:54:12 [STREAM]     is_embedded: false
2025-11-01 09:54:12 [STREAM]     color_scheme: "light"
2025-11-01 09:54:12 [STREAM]   }
2025-11-01 09:54:12 [STREAM] }
2025-11-01 09:54:12 [STREAM] 
2025-11-01 09:54:12 [STREAM] 2025-11-01 09:54:12.815 Beginning script thread
2025-11-01 09:54:12 [STREAM] 2025-11-01 09:54:12.815 Running script RerunData(widget_states=widgets {
2025-11-01 09:54:12 [STREAM]   id: "$$ID-50f54bb30cb58413a4b86487f851620e-None"
2025-11-01 09:54:12 [STREAM]   string_value: ""
2025-11-01 09:54:12 [STREAM] }
2025-11-01 09:54:12 [STREAM] widgets {
2025-11-01 09:54:12 [STREAM]   id: "$$ID-046c23c3598f9036386f171bccd48b3e-None"
2025-11-01 09:54:12 [STREAM]   string_value: ""
2025-11-01 09:54:12 [STREAM] }
2025-11-01 09:54:12 [STREAM] widgets {
2025-11-01 09:54:12 [STREAM]   id: "$$ID-92835b8a5b2910f78b59f1154be00b8c-None"
2025-11-01 09:54:12 [STREAM]   string_value: ""
2025-11-01 09:54:12 [STREAM] }
2025-11-01 09:54:12 [STREAM] widgets {
2025-11-01 09:54:12 [STREAM]   id: "$$ID-f835525e7ead30a95ee1101f27abfd4c-btn_home_asset_login"
2025-11-01 09:54:12 [STREAM]   trigger_value: true
2025-11-01 09:54:12 [STREAM] }
2025-11-01 09:54:12 [STREAM] , page_script_hash='b72db28f188acedfd30ff7d8fe0a9099', context_info=timezone: "Asia/Bangkok"
2025-11-01 09:54:12 [STREAM] timezone_offset: -420
2025-11-01 09:54:12 [STREAM] locale: "en-US"
2025-11-01 09:54:12 [STREAM] url: "http://localhost:8502/asset_appraisal"
2025-11-01 09:54:12 [STREAM] is_embedded: false
2025-11-01 09:54:12 [STREAM] color_scheme: "light"
2025-11-01 09:54:12 [STREAM] )
2025-11-01 09:54:12 [STREAM] 2025-11-01 09:54:12.815 Disconnecting files for session with ID e813a139-4dbb-40ad-b900-aefd9d383602
2025-11-01 09:54:12 [STREAM] 2025-11-01 09:54:12.815 Sessions still active: dict_keys([])
2025-11-01 09:54:12 [STREAM] 2025-11-01 09:54:12.815 Files: 0; Sessions with files: 0
2025-11-01 09:54:12 [STREAM] 2025-11-01 09:54:12.819 Removing orphaned files...
2025-11-01 09:54:12 [STREAM] 2025-11-01 09:54:12.863 Running script RerunData(page_script_hash='b72db28f188acedfd30ff7d8fe0a9099', context_info=timezone: "Asia/Bangkok"
2025-11-01 09:54:12 [STREAM] timezone_offset: -420
2025-11-01 09:54:12 [STREAM] locale: "en-US"
2025-11-01 09:54:12 [STREAM] url: "http://localhost:8502/asset_appraisal"
2025-11-01 09:54:12 [STREAM] is_embedded: false
2025-11-01 09:54:12 [STREAM] color_scheme: "light"
2025-11-01 09:54:12 [STREAM] )
2025-11-01 09:54:12 [STREAM] 2025-11-01 09:54:12.864 Disconnecting files for session with ID e813a139-4dbb-40ad-b900-aefd9d383602
2025-11-01 09:54:12 [STREAM] 2025-11-01 09:54:12.864 Sessions still active: dict_keys([])
2025-11-01 09:54:12 [STREAM] 2025-11-01 09:54:12.864 Files: 0; Sessions with files: 0
2025-11-01 09:54:12 [STREAM] 2025-11-01 09:54:12.867 Removing orphaned files...
2025-11-01 09:54:20 [STREAM] 2025-11-01 09:54:20.711 AppSession initialized (id=45f7cb0d-f57a-4966-8612-27e4b047edb5)
2025-11-01 09:54:20 [STREAM] 2025-11-01 09:54:20.711 Created new session for client 134069264215984. Session ID: 45f7cb0d-f57a-4966-8612-27e4b047edb5
2025-11-01 09:54:20 [STREAM] 2025-11-01 09:54:20.711 Runtime state: RuntimeState.ONE_OR_MORE_SESSIONS_CONNECTED -> RuntimeState.ONE_OR_MORE_SESSIONS_CONNECTED
2025-11-01 09:54:20 [STREAM] 2025-11-01 09:54:20.722 Received the following back message:
2025-11-01 09:54:20 [STREAM] rerun_script {
2025-11-01 09:54:20 [STREAM]   widget_states {
2025-11-01 09:54:20 [STREAM]   }
2025-11-01 09:54:20 [STREAM]   context_info {
2025-11-01 09:54:20 [STREAM]     timezone: "Asia/Bangkok"
2025-11-01 09:54:20 [STREAM]     timezone_offset: -420
2025-11-01 09:54:20 [STREAM]     locale: "en-US"
2025-11-01 09:54:20 [STREAM]     url: "http://localhost:8502/"
2025-11-01 09:54:20 [STREAM]     is_embedded: false
2025-11-01 09:54:20 [STREAM]     color_scheme: "light"
2025-11-01 09:54:20 [STREAM]   }
2025-11-01 09:54:20 [STREAM] }
2025-11-01 09:54:20 [STREAM] 
2025-11-01 09:54:20 [STREAM] 2025-11-01 09:54:20.722 Beginning script thread
2025-11-01 09:54:20 [STREAM] 2025-11-01 09:54:20.722 Running script RerunData(widget_states=, context_info=timezone: "Asia/Bangkok"
2025-11-01 09:54:20 [STREAM] timezone_offset: -420
2025-11-01 09:54:20 [STREAM] locale: "en-US"
2025-11-01 09:54:20 [STREAM] url: "http://localhost:8502/"
2025-11-01 09:54:20 [STREAM] is_embedded: false
2025-11-01 09:54:20 [STREAM] color_scheme: "light"
2025-11-01 09:54:20 [STREAM] )
2025-11-01 09:54:20 [STREAM] 2025-11-01 09:54:20.722 Disconnecting files for session with ID 45f7cb0d-f57a-4966-8612-27e4b047edb5
2025-11-01 09:54:20 [STREAM] 2025-11-01 09:54:20.723 Sessions still active: dict_keys([])
2025-11-01 09:54:20 [STREAM] 2025-11-01 09:54:20.723 Files: 0; Sessions with files: 0
2025-11-01 09:54:20 [STREAM] 2025-11-01 09:54:20.724 Uncaught app execution
2025-11-01 09:54:20 [STREAM] Traceback (most recent call last):
2025-11-01 09:54:20 [STREAM]   File "/home/dzoan/credit-appraisal-agent-poc/.venv/lib/python3.10/site-packages/streamlit/runtime/scriptrunner/exec_code.py", line 128, in exec_func_with_error_handling
2025-11-01 09:54:20 [STREAM]     result = func()
2025-11-01 09:54:20 [STREAM]   File "/home/dzoan/credit-appraisal-agent-poc/.venv/lib/python3.10/site-packages/streamlit/runtime/scriptrunner/script_runner.py", line 667, in code_to_exec
2025-11-01 09:54:20 [STREAM]     _mpa_v1(self._main_script_path)
2025-11-01 09:54:20 [STREAM]   File "/home/dzoan/credit-appraisal-agent-poc/.venv/lib/python3.10/site-packages/streamlit/runtime/scriptrunner/script_runner.py", line 165, in _mpa_v1
2025-11-01 09:54:20 [STREAM]     page.run()
2025-11-01 09:54:20 [STREAM]   File "/home/dzoan/credit-appraisal-agent-poc/.venv/lib/python3.10/site-packages/streamlit/navigation/page.py", line 300, in run
2025-11-01 09:54:20 [STREAM]     exec(code, module.__dict__)  # noqa: S102
2025-11-01 09:54:20 [STREAM]   File "/home/dzoan/credit-appraisal-agent-poc/services/ui/app.py", line 22, in <module>
2025-11-01 09:54:20 [STREAM]     root = logging.getLogger()
2025-11-01 09:54:20 [STREAM] NameError: name 'logging' is not defined
2025-11-01 09:54:20 [STREAM] 2025-11-01 09:54:20.726 Removing orphaned files...
2025-11-01 09:55:07 [STREAM] 
2025-11-01 09:55:07 [STREAM] ==> /home/dzoan/credit-appraisal-agent-poc/.logs/api_20251101-095349.log <==
2025-11-01 09:55:07 [STREAM] INFO:     Stopping reloader process [539225]
2025-11-01 09:55:07 [STREAM] 
2025-11-01 09:55:07 [STREAM] ==> /home/dzoan/credit-appraisal-agent-poc/.logs/ui_20251101-095349.log <==
2025-11-01 09:55:07 [STREAM]   Stopping...
2025-11-01 09:55:07 [STREAM] 2025-11-01 09:55:07.383 Runtime stopping...
2025-11-01 09:55:07 [STREAM] 2025-11-01 09:55:07.383 Runtime state: RuntimeState.ONE_OR_MORE_SESSIONS_CONNECTED -> RuntimeState.STOPPING
2025-11-01 09:55:07 [STREAM] 2025-11-01 09:55:07.383 Shutting down (id=c53317f8-9528-43e1-b779-ad819a715d90)
2025-11-01 09:55:07 [STREAM] 2025-11-01 09:55:07.383 Disconnecting files for session with ID c53317f8-9528-43e1-b779-ad819a715d90
2025-11-01 09:55:07 [STREAM] 2025-11-01 09:55:07.383 Sessions still active: dict_keys([])
2025-11-01 09:55:07 [STREAM] 2025-11-01 09:55:07.383 Files: 0; Sessions with files: 0
2025-11-01 09:55:07 [STREAM] 2025-11-01 09:55:07.383 Removing orphaned files...
2025-11-01 09:55:07 [STREAM] 2025-11-01 09:55:07.384 Shutting down (id=352061a3-26aa-42e0-9c47-dc80f21e062c)
2025-11-01 09:55:07 [STREAM] 2025-11-01 09:55:07.384 Disconnecting files for session with ID 352061a3-26aa-42e0-9c47-dc80f21e062c
2025-11-01 09:55:07 [STREAM] 2025-11-01 09:55:07.384 Sessions still active: dict_keys([])
2025-11-01 09:55:07 [STREAM] 2025-11-01 09:55:07.384 Files: 0; Sessions with files: 0
2025-11-01 09:55:07 [STREAM] 2025-11-01 09:55:07.384 Removing orphaned files...
2025-11-01 09:55:07 [STREAM] 2025-11-01 09:55:07.384 Shutting down (id=3057c501-94a3-4664-8c3f-abdf1af704ec)
2025-11-01 09:55:07 [STREAM] 2025-11-01 09:55:07.384 Disconnecting files for session with ID 3057c501-94a3-4664-8c3f-abdf1af704ec
2025-11-01 09:55:07 [STREAM] 2025-11-01 09:55:07.384 Sessions still active: dict_keys([]