==> /home/dzoan/credit-appraisal-agent-poc/.logs/api_20251031-195734.log <==

==> /home/dzoan/credit-appraisal-agent-poc/.logs/ui_20251031-195734.log <==

==> /home/dzoan/credit-appraisal-agent-poc/.logs/api_20251031-195734.log <==
INFO:     Will watch for changes in these directories: ['/home/dzoan/credit-appraisal-agent-poc']
INFO:     Uvicorn running on http://0.0.0.0:8090 (Press CTRL+C to quit)
INFO:     Started reloader process [473210] using WatchFiles

==> /home/dzoan/credit-appraisal-agent-poc/.logs/ui_20251031-195734.log <==

  You can now view your Streamlit app in your browser.

  URL: http://0.0.0.0:8502


==> /home/dzoan/credit-appraisal-agent-poc/.logs/api_20251031-195734.log <==
INFO:     Started server process [473220]
INFO:     Waiting for application startup.
INFO:     Application startup complete.
INFO:     127.0.0.1:54536 - "GET /v1/training/production_meta HTTP/1.1" 200 OK
INFO:     127.0.0.1:54552 - "GET /v1/training/production_meta HTTP/1.1" 200 OK
INFO:     127.0.0.1:54558 - "GET /v1/training/production_meta HTTP/1.1" 200 OK
INFO:     127.0.0.1:54572 - "GET /v1/training/production_meta HTTP/1.1" 200 OK

==> /home/dzoan/credit-appraisal-agent-poc/.logs/ui_20251031-195734.log <==
2025-10-31 19:57:51.729 Please replace `use_container_width` with `width`.

`use_container_width` will be removed after 2025-12-31.

For `use_container_width=True`, use `width='stretch'`. For `use_container_width=False`, use `width='content'`.

==> /home/dzoan/credit-appraisal-agent-poc/.logs/api_20251031-195734.log <==
INFO:     127.0.0.1:54574 - "GET /v1/training/production_meta HTTP/1.1" 200 OK
INFO:     127.0.0.1:54584 - "GET /v1/training/production_meta HTTP/1.1" 200 OK
INFO:     127.0.0.1:37374 - "GET /v1/training/production_meta HTTP/1.1" 200 OK
/home/dzoan/credit-appraisal-agent-poc/.venv/lib/python3.10/site-packages/sklearn/base.py:493: UserWarning: X does not have valid feature names, but StandardScaler was fitted with feature names
  warnings.warn(
INFO:     127.0.0.1:37376 - "POST /v1/agents/credit_appraisal/run HTTP/1.1" 200 OK
INFO:     127.0.0.1:37382 - "GET /v1/runs/run_1761915480/report?format=csv HTTP/1.1" 200 OK

==> /home/dzoan/credit-appraisal-agent-poc/.logs/ui_20251031-195734.log <==
2025-10-31 19:58:00.677 Please replace `use_container_width` with `width`.

`use_container_width` will be removed after 2025-12-31.

For `use_container_width=True`, use `width='stretch'`. For `use_container_width=False`, use `width='content'`.

==> /home/dzoan/credit-appraisal-agent-poc/.logs/api_20251031-195734.log <==
INFO:     127.0.0.1:37394 - "GET /v1/training/production_meta HTTP/1.1" 200 OK

==> /home/dzoan/credit-appraisal-agent-poc/.logs/ui_20251031-195734.log <==
2025-10-31 19:58:01.016 Please replace `use_container_width` with `width`.

`use_container_width` will be removed after 2025-12-31.

For `use_container_width=True`, use `width='stretch'`. For `use_container_width=False`, use `width='content'`.
2025-10-31 19:58:01.045 Please replace `use_container_width` with `width`.

`use_container_width` will be removed after 2025-12-31.

For `use_container_width=True`, use `width='stretch'`. For `use_container_width=False`, use `width='content'`.
2025-10-31 19:58:01.408 Please replace `use_container_width` with `width`.

`use_container_width` will be removed after 2025-12-31.

For `use_container_width=True`, use `width='stretch'`. For `use_container_width=False`, use `width='content'`.
2025-10-31 19:58:01.415 Please replace `use_container_width` with `width`.

`use_container_width` will be removed after 2025-12-31.

For `use_container_width=True`, use `width='stretch'`. For `use_container_width=False`, use `width='content'`.
2025-10-31 19:58:01.435 Please replace `use_container_width` with `width`.

`use_container_width` will be removed after 2025-12-31.

For `use_container_width=True`, use `width='stretch'`. For `use_container_width=False`, use `width='content'`.

==> /home/dzoan/credit-appraisal-agent-poc/.logs/api_20251031-195734.log <==
INFO:     Shutting down

==> /home/dzoan/credit-appraisal-agent-poc/.logs/ui_20251031-195734.log <==
  Stopping...

==> /home/dzoan/credit-appraisal-agent-poc/.logs/api_20251031-195734.log <==
INFO:     Waiting for application shutdown.
INFO:     Application shutdown complete.
INFO:     Finished server process [473220]
INFO:     Stopping reloader process [473210]
