==> /home/dzoan/credit-appraisal-agent-poc/.logs/api_20251029-225734.log <==

==> /home/dzoan/credit-appraisal-agent-poc/.logs/ui_20251029-225734.log <==

==> /home/dzoan/credit-appraisal-agent-poc/.logs/api_20251029-225734.log <==
INFO:     Will watch for changes in these directories: ['/home/dzoan/credit-appraisal-agent-poc']
ERROR:    [Errno 98] Address already in use

==> /home/dzoan/credit-appraisal-agent-poc/.logs/ui_20251029-225734.log <==

  You can now view your Streamlit app in your browser.

  URL: http://0.0.0.0:8502

2025-10-29 22:58:07.596 Please replace `use_container_width` with `width`.

`use_container_width` will be removed after 2025-12-31.

For `use_container_width=True`, use `width='stretch'`. For `use_container_width=False`, use `width='content'`.
2025-10-29 22:58:16.712 Please replace `use_container_width` with `width`.

`use_container_width` will be removed after 2025-12-31.

For `use_container_width=True`, use `width='stretch'`. For `use_container_width=False`, use `width='content'`.
2025-10-29 22:58:16.715 Please replace `use_container_width` with `width`.

`use_container_width` will be removed after 2025-12-31.

For `use_container_width=True`, use `width='stretch'`. For `use_container_width=False`, use `width='content'`.
2025-10-29 22:58:16.724 Uncaught app execution
Traceback (most recent call last):
  File "/home/dzoan/credit-appraisal-agent-poc/.venv/lib/python3.10/site-packages/streamlit/runtime/scriptrunner/exec_code.py", line 128, in exec_func_with_error_handling
    result = func()
  File "/home/dzoan/credit-appraisal-agent-poc/.venv/lib/python3.10/site-packages/streamlit/runtime/scriptrunner/script_runner.py", line 669, in code_to_exec
    exec(code, module.__dict__)  # noqa: S102
  File "/home/dzoan/credit-appraisal-agent-poc/services/ui/app.py", line 1716, in <module>
    editable = dfm[["application_id"] + editable_cols].copy()
  File "/home/dzoan/credit-appraisal-agent-poc/.venv/lib/python3.10/site-packages/pandas/core/frame.py", line 4108, in __getitem__
    indexer = self.columns._get_indexer_strict(key, "columns")[1]
  File "/home/dzoan/credit-appraisal-agent-poc/.venv/lib/python3.10/site-packages/pandas/core/indexes/base.py", line 6200, in _get_indexer_strict
    self._raise_if_missing(keyarr, indexer, axis_name)
  File "/home/dzoan/credit-appraisal-agent-poc/.venv/lib/python3.10/site-packages/pandas/core/indexes/base.py", line 6249, in _raise_if_missing
    raise KeyError(f"None of [{key}] are in the [{axis_name}]")
KeyError: "None of [Index(['application_id'], dtype='object')] are in the [columns]"
  Stopping...
