==> /home/dzoan/credit-appraisal-agent-poc/.logs/api_20251031-210146.log <==

==> /home/dzoan/credit-appraisal-agent-poc/.logs/ui_20251031-210146.log <==

==> /home/dzoan/credit-appraisal-agent-poc/.logs/api_20251031-210146.log <==
INFO:     Will watch for changes in these directories: ['/home/dzoan/credit-appraisal-agent-poc']
INFO:     Uvicorn running on http://0.0.0.0:8090 (Press CTRL+C to quit)
INFO:     Started reloader process [534814] using WatchFiles

==> /home/dzoan/credit-appraisal-agent-poc/.logs/ui_20251031-210146.log <==

  You can now view your Streamlit app in your browser.

  URL: http://0.0.0.0:8502


==> /home/dzoan/credit-appraisal-agent-poc/.logs/api_20251031-210146.log <==
INFO:     Started server process [534824]
INFO:     Waiting for application startup.
INFO:     Application startup complete.
INFO:     127.0.0.1:58206 - "GET /v1/training/production_meta HTTP/1.1" 200 OK

==> /home/dzoan/credit-appraisal-agent-poc/.logs/ui_20251031-210146.log <==
2025-10-31 21:01:58.223 Please replace `use_container_width` with `width`.

`use_container_width` will be removed after 2025-12-31.

For `use_container_width=True`, use `width='stretch'`. For `use_container_width=False`, use `width='content'`.

==> /home/dzoan/credit-appraisal-agent-poc/.logs/api_20251031-210146.log <==
INFO:     127.0.0.1:58208 - "GET /v1/training/production_meta HTTP/1.1" 200 OK

==> /home/dzoan/credit-appraisal-agent-poc/.logs/ui_20251031-210146.log <==
2025-10-31 21:01:59.668 Please replace `use_container_width` with `width`.

`use_container_width` will be removed after 2025-12-31.

For `use_container_width=True`, use `width='stretch'`. For `use_container_width=False`, use `width='content'`.
2025-10-31 21:01:59.672 Please replace `use_container_width` with `width`.

`use_container_width` will be removed after 2025-12-31.

For `use_container_width=True`, use `width='stretch'`. For `use_container_width=False`, use `width='content'`.
2025-10-31 21:01:59.677 Please replace `use_container_width` with `width`.

`use_container_width` will be removed after 2025-12-31.

For `use_container_width=True`, use `width='stretch'`. For `use_container_width=False`, use `width='content'`.

==> /home/dzoan/credit-appraisal-agent-poc/.logs/api_20251031-210146.log <==
INFO:     127.0.0.1:58212 - "GET /v1/training/production_meta HTTP/1.1" 200 OK

==> /home/dzoan/credit-appraisal-agent-poc/.logs/ui_20251031-210146.log <==
2025-10-31 21:02:03.602 Please replace `use_container_width` with `width`.

`use_container_width` will be removed after 2025-12-31.

For `use_container_width=True`, use `width='stretch'`. For `use_container_width=False`, use `width='content'`.
2025-10-31 21:02:03.611 Please replace `use_container_width` with `width`.

`use_container_width` will be removed after 2025-12-31.

For `use_container_width=True`, use `width='stretch'`. For `use_container_width=False`, use `width='content'`.
2025-10-31 21:02:03.629 Please replace `use_container_width` with `width`.

`use_container_width` will be removed after 2025-12-31.

For `use_container_width=True`, use `width='stretch'`. For `use_container_width=False`, use `width='content'`.

==> /home/dzoan/credit-appraisal-agent-poc/.logs/api_20251031-210146.log <==
INFO:     127.0.0.1:54526 - "GET /v1/training/production_meta HTTP/1.1" 200 OK
INFO:     127.0.0.1:54538 - "GET /v1/agents HTTP/1.1" 200 OK
INFO:     127.0.0.1:54544 - "POST /v1/agents/asset_appraisal/run HTTP/1.1" 200 OK

==> /home/dzoan/credit-appraisal-agent-poc/.logs/ui_20251031-210146.log <==
2025-10-31 21:02:08.161 Please replace `use_container_width` with `width`.

`use_container_width` will be removed after 2025-12-31.

For `use_container_width=True`, use `width='stretch'`. For `use_container_width=False`, use `width='content'`.
2025-10-31 21:02:08.164 Please replace `use_container_width` with `width`.

`use_container_width` will be removed after 2025-12-31.

For `use_container_width=True`, use `width='stretch'`. For `use_container_width=False`, use `width='content'`.
2025-10-31 21:02:08.182 Please replace `use_container_width` with `width`.

`use_container_width` will be removed after 2025-12-31.

For `use_container_width=True`, use `width='stretch'`. For `use_container_width=False`, use `width='content'`.
2025-10-31 21:02:08.265 Please replace `use_container_width` with `width`.

`use_container_width` will be removed after 2025-12-31.

For `use_container_width=True`, use `width='stretch'`. For `use_container_width=False`, use `width='content'`.
/home/dzoan/credit-appraisal-agent-poc/services/ui/pages/asset_appraisal.py:732: FutureWarning:

The default of observed=False is deprecated and will be changed to True in a future version of pandas. Pass observed=False to retain current behavior or observed=True to adopt the future default and silence this warning.

2025-10-31 21:02:08.612 Please replace `use_container_width` with `width`.

`use_container_width` will be removed after 2025-12-31.

For `use_container_width=True`, use `width='stretch'`. For `use_container_width=False`, use `width='content'`.

==> /home/dzoan/credit-appraisal-agent-poc/.logs/api_20251031-210146.log <==
INFO:     127.0.0.1:46496 - "GET /v1/training/production_meta HTTP/1.1" 200 OK
INFO:     127.0.0.1:46504 - "GET /v1/training/production_meta HTTP/1.1" 200 OK
INFO:     127.0.0.1:46512 - "GET /v1/training/production_meta HTTP/1.1" 200 OK
INFO:     127.0.0.1:46514 - "GET /v1/training/production_meta HTTP/1.1" 200 OK

==> /home/dzoan/credit-appraisal-agent-poc/.logs/ui_20251031-210146.log <==
2025-10-31 21:02:21.181 Please replace `use_container_width` with `width`.

`use_container_width` will be removed after 2025-12-31.

For `use_container_width=True`, use `width='stretch'`. For `use_container_width=False`, use `width='content'`.

==> /home/dzoan/credit-appraisal-agent-poc/.logs/api_20251031-210146.log <==
INFO:     127.0.0.1:46530 - "GET /v1/training/production_meta HTTP/1.1" 200 OK
INFO:     127.0.0.1:46536 - "GET /v1/training/production_meta HTTP/1.1" 200 OK
INFO:     127.0.0.1:57878 - "GET /v1/training/production_meta HTTP/1.1" 200 OK
INFO:     127.0.0.1:57894 - "POST /v1/agents/credit_appraisal/run HTTP/1.1" 200 OK
INFO:     127.0.0.1:57904 - "GET /v1/training/production_meta HTTP/1.1" 200 OK
INFO:     Shutting down
INFO:     Waiting for application shutdown.
INFO:     Application shutdown complete.
INFO:     Finished server process [534824]
INFO:     Stopping reloader process [534814]

==> /home/dzoan/credit-appraisal-agent-poc/.logs/ui_20251031-210146.log <==
  Stopping...
