==> /home/dzoan/credit-appraisal-agent-poc/.logs/api_20251025-171023.log <==

==> /home/dzoan/credit-appraisal-agent-poc/.logs/ui_20251025-171023.log <==

==> /home/dzoan/credit-appraisal-agent-poc/.logs/api_20251025-171023.log <==
INFO:     Will watch for changes in these directories: ['/home/dzoan/credit-appraisal-agent-poc']
INFO:     Uvicorn running on http://0.0.0.0:8090 (Press CTRL+C to quit)
INFO:     Started reloader process [90213] using WatchFiles

==> /home/dzoan/credit-appraisal-agent-poc/.logs/ui_20251025-171023.log <==

  You can now view your Streamlit app in your browser.

  URL: http://0.0.0.0:8502


==> /home/dzoan/credit-appraisal-agent-poc/.logs/api_20251025-171023.log <==
INFO:     Started server process [90223]
INFO:     Waiting for application startup.
INFO:     Application startup complete.

==> /home/dzoan/credit-appraisal-agent-poc/.logs/ui_20251025-171023.log <==
2025-10-25 17:10:32.177 Please replace `use_container_width` with `width`.

`use_container_width` will be removed after 2025-12-31.

For `use_container_width=True`, use `width='stretch'`. For `use_container_width=False`, use `width='content'`.
  Stopping...

==> /home/dzoan/credit-appraisal-agent-poc/.logs/api_20251025-171023.log <==
INFO:     Shutting down
INFO:     Waiting for application shutdown.
INFO:     Application shutdown complete.
INFO:     Finished server process [90223]
INFO:     Stopping reloader process [90213]
