==> /home/dzoan/credit-appraisal-agent-poc/.logs/api_20251030-121512.log <==

==> /home/dzoan/credit-appraisal-agent-poc/.logs/ui_20251030-121512.log <==

==> /home/dzoan/credit-appraisal-agent-poc/.logs/api_20251030-121512.log <==
INFO:     Will watch for changes in these directories: ['/home/dzoan/credit-appraisal-agent-poc/services/ui']
INFO:     Uvicorn running on http://0.0.0.0:8090 (Press CTRL+C to quit)
INFO:     Started reloader process [28739] using WatchFiles

==> /home/dzoan/credit-appraisal-agent-poc/.logs/ui_20251030-121512.log <==

  You can now view your Streamlit app in your browser.

  URL: http://0.0.0.0:8502


==> /home/dzoan/credit-appraisal-agent-poc/.logs/api_20251030-121512.log <==
INFO:     Started server process [28749]
INFO:     Waiting for application startup.
INFO:     Application startup complete.
INFO:     127.0.0.1:40560 - "GET /docs HTTP/1.1" 200 OK
INFO:     127.0.0.1:40560 - "GET /openapi.json HTTP/1.1" 200 OK
INFO:     127.0.0.1:51256 - "GET /v1/training/production_meta HTTP/1.1" 200 OK
INFO:     127.0.0.1:51272 - "GET /v1/training/production_meta HTTP/1.1" 200 OK
INFO:     127.0.0.1:56830 - "GET /v1/training/production_meta HTTP/1.1" 200 OK
INFO:     127.0.0.1:56832 - "GET /v1/training/production_meta HTTP/1.1" 200 OK
INFO:     127.0.0.1:51004 - "GET /v1/training/production_meta HTTP/1.1" 200 OK
INFO:     127.0.0.1:51014 - "GET /v1/training/production_meta HTTP/1.1" 200 OK

==> /home/dzoan/credit-appraisal-agent-poc/.logs/ui_20251030-121512.log <==
2025-10-30 12:16:32.494 Please replace `use_container_width` with `width`.

`use_container_width` will be removed after 2025-12-31.

For `use_container_width=True`, use `width='stretch'`. For `use_container_width=False`, use `width='content'`.

==> /home/dzoan/credit-appraisal-agent-poc/.logs/api_20251030-121512.log <==
INFO:     127.0.0.1:52266 - "GET /v1/training/production_meta HTTP/1.1" 200 OK
INFO:     127.0.0.1:52278 - "GET /v1/training/production_meta HTTP/1.1" 200 OK

==> /home/dzoan/credit-appraisal-agent-poc/.logs/ui_20251030-121512.log <==
2025-10-30 12:16:51.743 Please replace `use_container_width` with `width`.

`use_container_width` will be removed after 2025-12-31.

For `use_container_width=True`, use `width='stretch'`. For `use_container_width=False`, use `width='content'`.
2025-10-30 12:16:51.753 Please replace `use_container_width` with `width`.

`use_container_width` will be removed after 2025-12-31.

For `use_container_width=True`, use `width='stretch'`. For `use_container_width=False`, use `width='content'`.
2025-10-30 12:16:51.765 Please replace `use_container_width` with `width`.

`use_container_width` will be removed after 2025-12-31.

For `use_container_width=True`, use `width='stretch'`. For `use_container_width=False`, use `width='content'`.

==> /home/dzoan/credit-appraisal-agent-poc/.logs/api_20251030-121512.log <==
INFO:     127.0.0.1:55418 - "GET /v1/training/production_meta HTTP/1.1" 200 OK
INFO:     127.0.0.1:55428 - "GET /v1/training/production_meta HTTP/1.1" 200 OK

==> /home/dzoan/credit-appraisal-agent-poc/.logs/ui_20251030-121512.log <==
2025-10-30 12:17:07.705 Please replace `use_container_width` with `width`.

`use_container_width` will be removed after 2025-12-31.

For `use_container_width=True`, use `width='stretch'`. For `use_container_width=False`, use `width='content'`.
2025-10-30 12:17:07.715 Please replace `use_container_width` with `width`.

`use_container_width` will be removed after 2025-12-31.

For `use_container_width=True`, use `width='stretch'`. For `use_container_width=False`, use `width='content'`.
  Stopping...

==> /home/dzoan/credit-appraisal-agent-poc/.logs/api_20251030-121512.log <==
INFO:     Shutting down
INFO:     Waiting for application shutdown.
INFO:     Application shutdown complete.
INFO:     Finished server process [28749]
INFO:     Stopping reloader process [28739]
