==> /home/dzoan/credit-appraisal-agent-poc/.logs/api_20251031-050628.log <==

==> /home/dzoan/credit-appraisal-agent-poc/.logs/ui_20251031-050628.log <==

==> /home/dzoan/credit-appraisal-agent-poc/.logs/api_20251031-050628.log <==
INFO:     Will watch for changes in these directories: ['/home/dzoan/credit-appraisal-agent-poc']
INFO:     Uvicorn running on http://0.0.0.0:8090 (Press CTRL+C to quit)
INFO:     Started reloader process [339630] using WatchFiles

==> /home/dzoan/credit-appraisal-agent-poc/.logs/ui_20251031-050628.log <==

  You can now view your Streamlit app in your browser.

  URL: http://0.0.0.0:8502


==> /home/dzoan/credit-appraisal-agent-poc/.logs/api_20251031-050628.log <==
INFO:     Started server process [339640]
INFO:     Waiting for application startup.
INFO:     Application startup complete.

==> /home/dzoan/credit-appraisal-agent-poc/.logs/ui_20251031-050628.log <==
2025-10-31 05:06:53.198 Please replace `use_container_width` with `width`.

`use_container_width` will be removed after 2025-12-31.

For `use_container_width=True`, use `width='stretch'`. For `use_container_width=False`, use `width='content'`.

==> /home/dzoan/credit-appraisal-agent-poc/.logs/api_20251031-050628.log <==
INFO:     127.0.0.1:44584 - "POST /run HTTP/1.1" 404 Not Found
INFO:     127.0.0.1:44596 - "POST /run HTTP/1.1" 404 Not Found
INFO:     127.0.0.1:53096 - "POST /run HTTP/1.1" 404 Not Found
INFO:     127.0.0.1:53112 - "POST /run HTTP/1.1" 404 Not Found

==> /home/dzoan/credit-appraisal-agent-poc/.logs/ui_20251031-050628.log <==
  Stopping...

==> /home/dzoan/credit-appraisal-agent-poc/.logs/api_20251031-050628.log <==
INFO:     Shutting down
INFO:     Waiting for application shutdown.
INFO:     Application shutdown complete.
INFO:     Finished server process [339640]
INFO:     Stopping reloader process [339630]
