==> /home/dzoan/credit-appraisal-agent-poc/.logs/api_20251026-104548.log <==

==> /home/dzoan/credit-appraisal-agent-poc/.logs/ui_20251026-104548.log <==

==> /home/dzoan/credit-appraisal-agent-poc/.logs/api_20251026-104548.log <==
INFO:     Will watch for changes in these directories: ['/home/dzoan/credit-appraisal-agent-poc/services/ui']
INFO:     Uvicorn running on http://0.0.0.0:8090 (Press CTRL+C to quit)
INFO:     Started reloader process [179831] using WatchFiles

==> /home/dzoan/credit-appraisal-agent-poc/.logs/ui_20251026-104548.log <==

  You can now view your Streamlit app in your browser.

  URL: http://0.0.0.0:8502


==> /home/dzoan/credit-appraisal-agent-poc/.logs/api_20251026-104548.log <==
INFO:     Started server process [179841]
INFO:     Waiting for application startup.
INFO:     Application startup complete.
INFO:     127.0.0.1:43006 - "GET /v1/training/production_meta HTTP/1.1" 200 OK
INFO:     127.0.0.1:43022 - "GET /v1/training/production_meta HTTP/1.1" 200 OK
INFO:     127.0.0.1:48680 - "GET /v1/training/production_meta HTTP/1.1" 200 OK
INFO:     127.0.0.1:48694 - "GET /v1/training/production_meta HTTP/1.1" 200 OK

==> /home/dzoan/credit-appraisal-agent-poc/.logs/ui_20251026-104548.log <==
2025-10-26 10:46:07.092 Please replace `use_container_width` with `width`.

`use_container_width` will be removed after 2025-12-31.

For `use_container_width=True`, use `width='stretch'`. For `use_container_width=False`, use `width='content'`.

==> /home/dzoan/credit-appraisal-agent-poc/.logs/api_20251026-104548.log <==
INFO:     127.0.0.1:48702 - "GET /v1/training/production_meta HTTP/1.1" 200 OK
INFO:     127.0.0.1:48704 - "GET /v1/training/production_meta HTTP/1.1" 200 OK
INFO:     127.0.0.1:48706 - "GET /v1/training/production_meta HTTP/1.1" 200 OK
INFO:     127.0.0.1:48708 - "GET /v1/training/production_meta HTTP/1.1" 200 OK

==> /home/dzoan/credit-appraisal-agent-poc/.logs/ui_20251026-104548.log <==
2025-10-26 10:46:12.974 Please replace `use_container_width` with `width`.

`use_container_width` will be removed after 2025-12-31.

For `use_container_width=True`, use `width='stretch'`. For `use_container_width=False`, use `width='content'`.

==> /home/dzoan/credit-appraisal-agent-poc/.logs/api_20251026-104548.log <==
INFO:     127.0.0.1:43512 - "GET /v1/training/production_meta HTTP/1.1" 200 OK
INFO:     127.0.0.1:43514 - "GET /v1/training/production_meta HTTP/1.1" 200 OK
INFO:     127.0.0.1:38106 - "GET /v1/training/production_meta HTTP/1.1" 200 OK
INFO:     127.0.0.1:38112 - "GET /v1/training/production_meta HTTP/1.1" 200 OK

==> /home/dzoan/credit-appraisal-agent-poc/.logs/ui_20251026-104548.log <==
2025-10-26 10:46:39.516 Please replace `use_container_width` with `width`.

`use_container_width` will be removed after 2025-12-31.

For `use_container_width=True`, use `width='stretch'`. For `use_container_width=False`, use `width='content'`.
2025-10-26 10:46:39.534 Please replace `use_container_width` with `width`.

`use_container_width` will be removed after 2025-12-31.

For `use_container_width=True`, use `width='stretch'`. For `use_container_width=False`, use `width='content'`.

==> /home/dzoan/credit-appraisal-agent-poc/.logs/api_20251026-104548.log <==
INFO:     127.0.0.1:38116 - "GET /v1/training/production_meta HTTP/1.1" 200 OK
INFO:     127.0.0.1:38120 - "GET /v1/training/production_meta HTTP/1.1" 200 OK

==> /home/dzoan/credit-appraisal-agent-poc/.logs/ui_20251026-104548.log <==
2025-10-26 10:46:41.373 Please replace `use_container_width` with `width`.

`use_container_width` will be removed after 2025-12-31.

For `use_container_width=True`, use `width='stretch'`. For `use_container_width=False`, use `width='content'`.
2025-10-26 10:46:41.408 Please replace `use_container_width` with `width`.

`use_container_width` will be removed after 2025-12-31.

For `use_container_width=True`, use `width='stretch'`. For `use_container_width=False`, use `width='content'`.

==> /home/dzoan/credit-appraisal-agent-poc/.logs/api_20251026-104548.log <==
INFO:     127.0.0.1:38546 - "GET /v1/training/production_meta HTTP/1.1" 200 OK
INFO:     127.0.0.1:38554 - "GET /v1/training/production_meta HTTP/1.1" 200 OK

==> /home/dzoan/credit-appraisal-agent-poc/.logs/ui_20251026-104548.log <==
2025-10-26 10:47:05.789 Please replace `use_container_width` with `width`.

`use_container_width` will be removed after 2025-12-31.

For `use_container_width=True`, use `width='stretch'`. For `use_container_width=False`, use `width='content'`.
2025-10-26 10:47:05.797 Please replace `use_container_width` with `width`.

`use_container_width` will be removed after 2025-12-31.

For `use_container_width=True`, use `width='stretch'`. For `use_container_width=False`, use `width='content'`.

==> /home/dzoan/credit-appraisal-agent-poc/.logs/api_20251026-104548.log <==
INFO:     Shutting down
INFO:     Waiting for application shutdown.
INFO:     Application shutdown complete.
INFO:     Finished server process [179841]
INFO:     Stopping reloader process [179831]

==> /home/dzoan/credit-appraisal-agent-poc/.logs/ui_20251026-104548.log <==
  Stopping...
