==> /home/dzoan/credit-appraisal-agent-poc/.logs/api_20251027-160854.log <==

==> /home/dzoan/credit-appraisal-agent-poc/.logs/ui_20251027-160854.log <==

==> /home/dzoan/credit-appraisal-agent-poc/.logs/api_20251027-160854.log <==
INFO:     Will watch for changes in these directories: ['/home/dzoan/credit-appraisal-agent-poc/services/ui']
INFO:     Uvicorn running on http://0.0.0.0:8090 (Press CTRL+C to quit)
INFO:     Started reloader process [319017] using WatchFiles

==> /home/dzoan/credit-appraisal-agent-poc/.logs/ui_20251027-160854.log <==

  You can now view your Streamlit app in your browser.

  URL: http://0.0.0.0:8502


==> /home/dzoan/credit-appraisal-agent-poc/.logs/api_20251027-160854.log <==
INFO:     Started server process [319027]
INFO:     Waiting for application startup.
INFO:     Application startup complete.

==> /home/dzoan/credit-appraisal-agent-poc/.logs/ui_20251027-160854.log <==
2025-10-27 16:09:00.862 Please replace `st.experimental_get_query_params` with `st.query_params`.

`st.experimental_get_query_params` will be removed after 2024-04-11.

Refer to our [docs page](https://docs.streamlit.io/develop/api-reference/caching-and-state/st.query_params) for more information.

==> /home/dzoan/credit-appraisal-agent-poc/.logs/api_20251027-160854.log <==
INFO:     Shutting down
INFO:     Waiting for application shutdown.
INFO:     Application shutdown complete.
INFO:     Finished server process [319027]
INFO:     Stopping reloader process [319017]

==> /home/dzoan/credit-appraisal-agent-poc/.logs/ui_20251027-160854.log <==
  Stopping...
