==> /home/dzoan/credit-appraisal-agent-poc/.logs/api_20251026-143307.log <==

==> /home/dzoan/credit-appraisal-agent-poc/.logs/ui_20251026-143307.log <==

==> /home/dzoan/credit-appraisal-agent-poc/.logs/api_20251026-143307.log <==
INFO:     Will watch for changes in these directories: ['/home/dzoan/credit-appraisal-agent-poc/services/ui']
INFO:     Uvicorn running on http://0.0.0.0:8090 (Press CTRL+C to quit)
INFO:     Started reloader process [200163] using WatchFiles

==> /home/dzoan/credit-appraisal-agent-poc/.logs/ui_20251026-143307.log <==

  You can now view your Streamlit app in your browser.

  URL: http://0.0.0.0:8502


==> /home/dzoan/credit-appraisal-agent-poc/.logs/api_20251026-143307.log <==
INFO:     Started server process [200173]
INFO:     Waiting for application startup.
INFO:     Application startup complete.

==> /home/dzoan/credit-appraisal-agent-poc/.logs/ui_20251026-143307.log <==
2025-10-26 14:33:32.684 Uncaught app execution
Traceback (most recent call last):
  File "/home/dzoan/credit-appraisal-agent-poc/.venv/lib/python3.10/site-packages/streamlit/runtime/scriptrunner/exec_code.py", line 128, in exec_func_with_error_handling
    result = func()
  File "/home/dzoan/credit-appraisal-agent-poc/.venv/lib/python3.10/site-packages/streamlit/runtime/scriptrunner/script_runner.py", line 669, in code_to_exec
    exec(code, module.__dict__)  # noqa: S102
  File "/home/dzoan/credit-appraisal-agent-poc/services/ui/app.py", line 371, in <module>
    if st.button("⬅️ Back to Agents"):
  File "/home/dzoan/credit-appraisal-agent-poc/.venv/lib/python3.10/site-packages/streamlit/runtime/metrics_util.py", line 443, in wrapped_func
    result = non_optional_func(*args, **kwargs)
  File "/home/dzoan/credit-appraisal-agent-poc/.venv/lib/python3.10/site-packages/streamlit/elements/widgets/button.py", line 268, in button
    return self.dg._button(
  File "/home/dzoan/credit-appraisal-agent-poc/.venv/lib/python3.10/site-packages/streamlit/elements/widgets/button.py", line 1122, in _button
    element_id = compute_and_register_element_id(
  File "/home/dzoan/credit-appraisal-agent-poc/.venv/lib/python3.10/site-packages/streamlit/elements/lib/utils.py", line 265, in compute_and_register_element_id
    _register_element_id(ctx, element_type, element_id)
  File "/home/dzoan/credit-appraisal-agent-poc/.venv/lib/python3.10/site-packages/streamlit/elements/lib/utils.py", line 150, in _register_element_id
    raise StreamlitDuplicateElementId(element_type)
streamlit.errors.StreamlitDuplicateElementId: There are multiple `button` elements with the same auto-generated ID. When this element is created, it is assigned an internal ID based on the element type and provided parameters. Multiple elements with the same type and parameters will cause this error.

To fix this error, please pass a unique `key` argument to the `button` element.

==> /home/dzoan/credit-appraisal-agent-poc/.logs/api_20251026-143307.log <==
INFO:     Shutting down

==> /home/dzoan/credit-appraisal-agent-poc/.logs/ui_20251026-143307.log <==
  Stopping...

==> /home/dzoan/credit-appraisal-agent-poc/.logs/api_20251026-143307.log <==
INFO:     Waiting for application shutdown.
INFO:     Application shutdown complete.
INFO:     Finished server process [200173]
INFO:     Stopping reloader process [200163]
