==> /home/dzoan/credit-appraisal-agent-poc/.logs/api_20251029-130457.log <==

==> /home/dzoan/credit-appraisal-agent-poc/.logs/ui_20251029-130457.log <==

==> /home/dzoan/credit-appraisal-agent-poc/.logs/api_20251029-130457.log <==
INFO:     Will watch for changes in these directories: ['/home/dzoan/credit-appraisal-agent-poc']
INFO:     Uvicorn running on http://0.0.0.0:8090 (Press CTRL+C to quit)
INFO:     Started reloader process [487137] using WatchFiles

==> /home/dzoan/credit-appraisal-agent-poc/.logs/ui_20251029-130457.log <==

  You can now view your Streamlit app in your browser.

  URL: http://0.0.0.0:8502


==> /home/dzoan/credit-appraisal-agent-poc/.logs/api_20251029-130457.log <==
INFO:     Started server process [487147]
INFO:     Waiting for application startup.
INFO:     Application startup complete.
INFO:     127.0.0.1:41152 - "GET /v1/training/production_meta HTTP/1.1" 200 OK
INFO:     127.0.0.1:41164 - "GET /v1/training/production_meta HTTP/1.1" 200 OK
INFO:     127.0.0.1:41176 - "GET /v1/training/production_meta HTTP/1.1" 200 OK
INFO:     127.0.0.1:41178 - "GET /v1/training/production_meta HTTP/1.1" 200 OK

==> /home/dzoan/credit-appraisal-agent-poc/.logs/ui_20251029-130457.log <==
2025-10-29 13:05:22.604 Please replace `use_container_width` with `width`.

`use_container_width` will be removed after 2025-12-31.

For `use_container_width=True`, use `width='stretch'`. For `use_container_width=False`, use `width='content'`.

==> /home/dzoan/credit-appraisal-agent-poc/.logs/api_20251029-130457.log <==
INFO:     127.0.0.1:41190 - "GET /v1/training/production_meta HTTP/1.1" 200 OK
INFO:     127.0.0.1:41196 - "GET /v1/training/production_meta HTTP/1.1" 200 OK

==> /home/dzoan/credit-appraisal-agent-poc/.logs/ui_20251029-130457.log <==
2025-10-29 13:05:23.993 Please replace `use_container_width` with `width`.

`use_container_width` will be removed after 2025-12-31.

For `use_container_width=True`, use `width='stretch'`. For `use_container_width=False`, use `width='content'`.

==> /home/dzoan/credit-appraisal-agent-poc/.logs/api_20251029-130457.log <==
INFO:     127.0.0.1:46298 - "GET /v1/training/production_meta HTTP/1.1" 200 OK
INFO:     127.0.0.1:46308 - "GET /v1/training/production_meta HTTP/1.1" 200 OK
INFO:     127.0.0.1:46322 - "GET /v1/training/production_meta HTTP/1.1" 200 OK
/home/dzoan/credit-appraisal-agent-poc/.venv/lib/python3.10/site-packages/sklearn/base.py:493: UserWarning: X does not have valid feature names, but StandardScaler was fitted with feature names
  warnings.warn(
INFO:     127.0.0.1:46336 - "POST /v1/agents/credit_appraisal/run HTTP/1.1" 200 OK
INFO:     127.0.0.1:46348 - "GET /v1/runs/run_1761717934/report?format=csv HTTP/1.1" 200 OK

==> /home/dzoan/credit-appraisal-agent-poc/.logs/ui_20251029-130457.log <==
2025-10-29 13:05:34.324 Please replace `use_container_width` with `width`.

`use_container_width` will be removed after 2025-12-31.

For `use_container_width=True`, use `width='stretch'`. For `use_container_width=False`, use `width='content'`.

==> /home/dzoan/credit-appraisal-agent-poc/.logs/api_20251029-130457.log <==
INFO:     127.0.0.1:46350 - "GET /v1/training/production_meta HTTP/1.1" 200 OK

==> /home/dzoan/credit-appraisal-agent-poc/.logs/ui_20251029-130457.log <==
2025-10-29 13:05:34.868 Please replace `use_container_width` with `width`.

`use_container_width` will be removed after 2025-12-31.

For `use_container_width=True`, use `width='stretch'`. For `use_container_width=False`, use `width='content'`.
2025-10-29 13:05:34.925 Please replace `use_container_width` with `width`.

`use_container_width` will be removed after 2025-12-31.

For `use_container_width=True`, use `width='stretch'`. For `use_container_width=False`, use `width='content'`.
2025-10-29 13:05:35.248 Please replace `use_container_width` with `width`.

`use_container_width` will be removed after 2025-12-31.

For `use_container_width=True`, use `width='stretch'`. For `use_container_width=False`, use `width='content'`.
2025-10-29 13:05:35.253 Please replace `use_container_width` with `width`.

`use_container_width` will be removed after 2025-12-31.

For `use_container_width=True`, use `width='stretch'`. For `use_container_width=False`, use `width='content'`.
2025-10-29 13:05:35.269 Please replace `use_container_width` with `width`.

`use_container_width` will be removed after 2025-12-31.

For `use_container_width=True`, use `width='stretch'`. For `use_container_width=False`, use `width='content'`.

==> /home/dzoan/credit-appraisal-agent-poc/.logs/api_20251029-130457.log <==
INFO:     127.0.0.1:34820 - "GET /v1/training/production_meta HTTP/1.1" 200 OK
INFO:     127.0.0.1:34824 - "GET /v1/training/production_meta HTTP/1.1" 200 OK

==> /home/dzoan/credit-appraisal-agent-poc/.logs/ui_20251029-130457.log <==
2025-10-29 13:05:39.533 Please replace `use_container_width` with `width`.

`use_container_width` will be removed after 2025-12-31.

For `use_container_width=True`, use `width='stretch'`. For `use_container_width=False`, use `width='content'`.

==> /home/dzoan/credit-appraisal-agent-poc/.logs/api_20251029-130457.log <==
INFO:     127.0.0.1:47138 - "GET /v1/training/production_meta HTTP/1.1" 200 OK
INFO:     127.0.0.1:47142 - "GET /v1/training/production_meta HTTP/1.1" 200 OK

==> /home/dzoan/credit-appraisal-agent-poc/.logs/ui_20251029-130457.log <==
2025-10-29 13:05:51.530 Please replace `use_container_width` with `width`.

`use_container_width` will be removed after 2025-12-31.

For `use_container_width=True`, use `width='stretch'`. For `use_container_width=False`, use `width='content'`.

==> /home/dzoan/credit-appraisal-agent-poc/.logs/api_20251029-130457.log <==
INFO:     127.0.0.1:45110 - "GET /v1/training/production_meta HTTP/1.1" 200 OK
INFO:     127.0.0.1:45114 - "GET /v1/training/production_meta HTTP/1.1" 200 OK

==> /home/dzoan/credit-appraisal-agent-poc/.logs/ui_20251029-130457.log <==
2025-10-29 13:05:58.622 Please replace `use_container_width` with `width`.

`use_container_width` will be removed after 2025-12-31.

For `use_container_width=True`, use `width='stretch'`. For `use_container_width=False`, use `width='content'`.

==> /home/dzoan/credit-appraisal-agent-poc/.logs/api_20251029-130457.log <==
INFO:     127.0.0.1:45116 - "GET /v1/training/production_meta HTTP/1.1" 200 OK
INFO:     127.0.0.1:45122 - "GET /v1/training/production_meta HTTP/1.1" 200 OK

==> /home/dzoan/credit-appraisal-agent-poc/.logs/ui_20251029-130457.log <==
2025-10-29 13:06:01.902 Please replace `use_container_width` with `width`.

`use_container_width` will be removed after 2025-12-31.

For `use_container_width=True`, use `width='stretch'`. For `use_container_width=False`, use `width='content'`.

==> /home/dzoan/credit-appraisal-agent-poc/.logs/api_20251029-130457.log <==
INFO:     127.0.0.1:34330 - "GET /v1/training/production_meta HTTP/1.1" 200 OK
INFO:     127.0.0.1:34334 - "GET /v1/training/production_meta HTTP/1.1" 200 OK

==> /home/dzoan/credit-appraisal-agent-poc/.logs/ui_20251029-130457.log <==
2025-10-29 13:06:08.142 Please replace `use_container_width` with `width`.

`use_container_width` will be removed after 2025-12-31.

For `use_container_width=True`, use `width='stretch'`. For `use_container_width=False`, use `width='content'`.

==> /home/dzoan/credit-appraisal-agent-poc/.logs/api_20251029-130457.log <==
INFO:     127.0.0.1:34348 - "GET /v1/training/production_meta HTTP/1.1" 200 OK
INFO:     127.0.0.1:34350 - "GET /v1/training/production_meta HTTP/1.1" 200 OK

==> /home/dzoan/credit-appraisal-agent-poc/.logs/ui_20251029-130457.log <==
2025-10-29 13:06:12.637 Please replace `use_container_width` with `width`.

`use_container_width` will be removed after 2025-12-31.

For `use_container_width=True`, use `width='stretch'`. For `use_container_width=False`, use `width='content'`.

==> /home/dzoan/credit-appraisal-agent-poc/.logs/api_20251029-130457.log <==
INFO:     127.0.0.1:58814 - "GET /v1/training/production_meta HTTP/1.1" 200 OK
INFO:     127.0.0.1:58824 - "GET /v1/training/production_meta HTTP/1.1" 200 OK

==> /home/dzoan/credit-appraisal-agent-poc/.logs/ui_20251029-130457.log <==
2025-10-29 13:06:17.825 Please replace `use_container_width` with `width`.

`use_container_width` will be removed after 2025-12-31.

For `use_container_width=True`, use `width='stretch'`. For `use_container_width=False`, use `width='content'`.
2025-10-29 13:06:17.893 Please replace `use_container_width` with `width`.

`use_container_width` will be removed after 2025-12-31.

For `use_container_width=True`, use `width='stretch'`. For `use_container_width=False`, use `width='content'`.

==> /home/dzoan/credit-appraisal-agent-poc/.logs/api_20251029-130457.log <==
INFO:     Shutting down
INFO:     Waiting for application shutdown.
INFO:     Application shutdown complete.
INFO:     Finished server process [487147]
INFO:     Stopping reloader process [487137]

==> /home/dzoan/credit-appraisal-agent-poc/.logs/ui_20251029-130457.log <==
  Stopping...
