==> /home/dzoan/credit-appraisal-agent-poc/.logs/api_20251027-172330.log <==

==> /home/dzoan/credit-appraisal-agent-poc/.logs/ui_20251027-172330.log <==

==> /home/dzoan/credit-appraisal-agent-poc/.logs/api_20251027-172330.log <==
INFO:     Will watch for changes in these directories: ['/home/dzoan/credit-appraisal-agent-poc/services/ui']
INFO:     Uvicorn running on http://0.0.0.0:8090 (Press CTRL+C to quit)
INFO:     Started reloader process [328863] using WatchFiles

==> /home/dzoan/credit-appraisal-agent-poc/.logs/ui_20251027-172330.log <==

  You can now view your Streamlit app in your browser.

  URL: http://0.0.0.0:8502


==> /home/dzoan/credit-appraisal-agent-poc/.logs/api_20251027-172330.log <==
INFO:     Started server process [328873]
INFO:     Waiting for application startup.
INFO:     Application startup complete.
INFO:     127.0.0.1:60864 - "GET /v1/training/production_meta HTTP/1.1" 200 OK
INFO:     127.0.0.1:60866 - "GET /v1/training/production_meta HTTP/1.1" 200 OK
INFO:     Shutting down

==> /home/dzoan/credit-appraisal-agent-poc/.logs/ui_20251027-172330.log <==
  Stopping...

==> /home/dzoan/credit-appraisal-agent-poc/.logs/api_20251027-172330.log <==
INFO:     Waiting for application shutdown.
INFO:     Application shutdown complete.
INFO:     Finished server process [328873]
INFO:     Stopping reloader process [328863]
