==> /home/dzoan/credit-appraisal-agent-poc/.logs/api_20251031-121930.log <==

==> /home/dzoan/credit-appraisal-agent-poc/.logs/ui_20251031-121930.log <==

==> /home/dzoan/credit-appraisal-agent-poc/.logs/api_20251031-121930.log <==
INFO:     Will watch for changes in these directories: ['/home/dzoan/credit-appraisal-agent-poc']
INFO:     Uvicorn running on http://0.0.0.0:8090 (Press CTRL+C to quit)
INFO:     Started reloader process [373847] using WatchFiles

==> /home/dzoan/credit-appraisal-agent-poc/.logs/ui_20251031-121930.log <==

  You can now view your Streamlit app in your browser.

  URL: http://0.0.0.0:8502


==> /home/dzoan/credit-appraisal-agent-poc/.logs/api_20251031-121930.log <==
INFO:     Started server process [373857]
INFO:     Waiting for application startup.
INFO:     Application startup complete.
INFO:     127.0.0.1:43312 - "GET /v1/training/production_meta HTTP/1.1" 200 OK
INFO:     127.0.0.1:43320 - "GET /v1/training/production_meta HTTP/1.1" 200 OK

==> /home/dzoan/credit-appraisal-agent-poc/.logs/ui_20251031-121930.log <==
2025-10-31 12:19:54.988 Please replace `use_container_width` with `width`.

`use_container_width` will be removed after 2025-12-31.

For `use_container_width=True`, use `width='stretch'`. For `use_container_width=False`, use `width='content'`.
2025-10-31 12:20:07.182 Please replace `use_container_width` with `width`.

`use_container_width` will be removed after 2025-12-31.

For `use_container_width=True`, use `width='stretch'`. For `use_container_width=False`, use `width='content'`.

==> /home/dzoan/credit-appraisal-agent-poc/.logs/api_20251031-121930.log <==
INFO:     127.0.0.1:38632 - "POST /v1/agents/asset_appraisal/run HTTP/1.1" 404 Not Found
INFO:     127.0.0.1:38634 - "POST /v1/agents/asset/run HTTP/1.1" 404 Not Found
INFO:     127.0.0.1:38650 - "POST /v1/agents/asset_avm/run HTTP/1.1" 404 Not Found

==> /home/dzoan/credit-appraisal-agent-poc/.logs/ui_20251031-121930.log <==
2025-10-31 12:20:09.179 Please replace `use_container_width` with `width`.

`use_container_width` will be removed after 2025-12-31.

For `use_container_width=True`, use `width='stretch'`. For `use_container_width=False`, use `width='content'`.

==> /home/dzoan/credit-appraisal-agent-poc/.logs/api_20251031-121930.log <==
INFO:     127.0.0.1:32818 - "GET /v1/training/production_meta HTTP/1.1" 200 OK
INFO:     127.0.0.1:32832 - "GET /v1/training/production_meta HTTP/1.1" 200 OK

==> /home/dzoan/credit-appraisal-agent-poc/.logs/ui_20251031-121930.log <==
2025-10-31 12:20:48.617 Please replace `use_container_width` with `width`.

`use_container_width` will be removed after 2025-12-31.

For `use_container_width=True`, use `width='stretch'`. For `use_container_width=False`, use `width='content'`.

==> /home/dzoan/credit-appraisal-agent-poc/.logs/api_20251031-121930.log <==
INFO:     Shutting down
INFO:     Waiting for application shutdown.
INFO:     Application shutdown complete.
INFO:     Finished server process [373857]
INFO:     Stopping reloader process [373847]

==> /home/dzoan/credit-appraisal-agent-poc/.logs/ui_20251031-121930.log <==
  Stopping...
