2025-11-01 17:00:57 [STREAM] ==> /home/dzoan/credit-appraisal-agent-poc/.logs/api_20251101-170055.log <==
2025-11-01 17:00:57 [STREAM] 
2025-11-01 17:00:57 [STREAM] ==> /home/dzoan/credit-appraisal-agent-poc/.logs/ui_20251101-170055.log <==
2025-11-01 17:00:57 [STREAM] 
2025-11-01 17:00:57 [STREAM] ==> /home/dzoan/credit-appraisal-agent-poc/.logs/api_20251101-170055.log <==
2025-11-01 17:00:57 [STREAM] INFO:     Will watch for changes in these directories: ['/home/dzoan/credit-appraisal-agent-poc']
2025-11-01 17:00:57 [STREAM] INFO:     Uvicorn running on http://0.0.0.0:8090 (Press CTRL+C to quit)
2025-11-01 17:00:57 [STREAM] INFO:     Started reloader process [83533] using WatchFiles
2025-11-01 17:00:58 [STREAM] 
2025-11-01 17:00:58 [STREAM] ==> /home/dzoan/credit-appraisal-agent-poc/.logs/ui_20251101-170055.log <==
2025-11-01 17:00:58 [STREAM] 2025-11-01 17:00:58.286 Starting new event loop for server
2025-11-01 17:00:58 [STREAM] 2025-11-01 17:00:58.286 Starting server...
2025-11-01 17:00:58 [STREAM] 2025-11-01 17:00:58.287 Serving static content from /home/dzoan/credit-appraisal-agent-poc/.venv/lib/python3.10/site-packages/streamlit/static
2025-11-01 17:00:58 [STREAM] 2025-11-01 17:00:58.292 Server started on port 8502
2025-11-01 17:00:58 [STREAM] 2025-11-01 17:00:58.292 Runtime state: RuntimeState.INITIAL -> RuntimeState.NO_SESSIONS_CONNECTED
2025-11-01 17:00:58 [STREAM] 
2025-11-01 17:00:58 [STREAM]   You can now view your Streamlit app in your browser.
2025-11-01 17:00:58 [STREAM] 
2025-11-01 17:00:58 [STREAM]   URL: http://0.0.0.0:8502
2025-11-01 17:00:58 [STREAM] 
2025-11-01 17:00:58 [STREAM] 2025-11-01 17:00:58.293 Setting up signal handler
2025-11-01 17:00:59 [STREAM] 2025-11-01 17:00:59.051 AppSession initialized (id=b13ce856-3580-45d5-8baf-a15e994cecc4)
2025-11-01 17:00:59 [STREAM] 2025-11-01 17:00:59.051 Created new session for client 128758667982688. Session ID: b13ce856-3580-45d5-8baf-a15e994cecc4
2025-11-01 17:00:59 [STREAM] 2025-11-01 17:00:59.051 Runtime state: RuntimeState.NO_SESSIONS_CONNECTED -> RuntimeState.ONE_OR_MORE_SESSIONS_CONNECTED
2025-11-01 17:00:59 [STREAM] 2025-11-01 17:00:59.106 AppSession initialized (id=167c9574-26a5-479e-9cd0-451a2c5a2fee)
2025-11-01 17:00:59 [STREAM] 2025-11-01 17:00:59.106 Created new session for client 128758667976592. Session ID: 167c9574-26a5-479e-9cd0-451a2c5a2fee
2025-11-01 17:00:59 [STREAM] 2025-11-01 17:00:59.106 Runtime state: RuntimeState.ONE_OR_MORE_SESSIONS_CONNECTED -> RuntimeState.ONE_OR_MORE_SESSIONS_CONNECTED
2025-11-01 17:00:59 [STREAM] 2025-11-01 17:00:59.130 AppSession initialized (id=ee832220-0376-4482-bc6b-b2419bb7921e)
2025-11-01 17:00:59 [STREAM] 2025-11-01 17:00:59.131 Created new session for client 128758668297216. Session ID: ee832220-0376-4482-bc6b-b2419bb7921e
2025-11-01 17:00:59 [STREAM] 2025-11-01 17:00:59.131 Runtime state: RuntimeState.ONE_OR_MORE_SESSIONS_CONNECTED -> RuntimeState.ONE_OR_MORE_SESSIONS_CONNECTED
2025-11-01 17:00:59 [STREAM] 2025-11-01 17:00:59.150 AppSession initialized (id=50bc19b8-7c93-48c3-bdab-04770361c6af)
2025-11-01 17:00:59 [STREAM] 2025-11-01 17:00:59.150 Created new session for client 128758668299424. Session ID: 50bc19b8-7c93-48c3-bdab-04770361c6af
2025-11-01 17:00:59 [STREAM] 2025-11-01 17:00:59.150 Runtime state: RuntimeState.ONE_OR_MORE_SESSIONS_CONNECTED -> RuntimeState.ONE_OR_MORE_SESSIONS_CONNECTED
2025-11-01 17:00:59 [STREAM] 2025-11-01 17:00:59.165 AppSession initialized (id=8e901454-6807-476f-83e1-2b03f16b4d3c)
2025-11-01 17:00:59 [STREAM] 2025-11-01 17:00:59.165 Created new session for client 128758668301680. Session ID: 8e901454-6807-476f-83e1-2b03f16b4d3c
2025-11-01 17:00:59 [STREAM] 2025-11-01 17:00:59.165 Runtime state: RuntimeState.ONE_OR_MORE_SESSIONS_CONNECTED -> RuntimeState.ONE_OR_MORE_SESSIONS_CONNECTED
2025-11-01 17:00:59 [STREAM] 2025-11-01 17:00:59.183 AppSession initialized (id=fc5b9641-0bbc-4d52-b648-ee36d7f01661)
2025-11-01 17:00:59 [STREAM] 2025-11-01 17:00:59.183 Created new session for client 128758668303984. Session ID: fc5b9641-0bbc-4d52-b648-ee36d7f01661
2025-11-01 17:00:59 [STREAM] 2025-11-01 17:00:59.183 Runtime state: RuntimeState.ONE_OR_MORE_SESSIONS_CONNECTED -> RuntimeState.ONE_OR_MORE_SESSIONS_CONNECTED
2025-11-01 17:00:59 [STREAM] 2025-11-01 17:00:59.216 AppSession initialized (id=dca27c3a-9025-45df-a686-1f0dfb799679)
2025-11-01 17:00:59 [STREAM] 2025-11-01 17:00:59.219 Created new session for client 128758668306288. Session ID: dca27c3a-9025-45df-a686-1f0dfb799679
2025-11-01 17:00:59 [STREAM] 2025-11-01 17:00:59.219 Runtime state: RuntimeState.ONE_OR_MORE_SESSIONS_CONNECTED -> RuntimeState.ONE_OR_MORE_SESSIONS_CONNECTED
2025-11-01 17:00:59 [STREAM] 2025-11-01 17:00:59.284 AppSession initialized (id=031e4cea-ad78-4c41-9be4-e049b5292ac1)
2025-11-01 17:00:59 [STREAM] 2025-11-01 17:00:59.289 Created new session for client 128758668308592. Session ID: 031e4cea-ad78-4c41-9be4-e049b5292ac1
2025-11-01 17:00:59 [STREAM] 2025-11-01 17:00:59.289 Runtime state: RuntimeState.ONE_OR_MORE_SESSIONS_CONNECTED -> RuntimeState.ONE_OR_MORE_SESSIONS_CONNECTED
2025-11-01 17:00:59 [STREAM] 2025-11-01 17:00:59.324 AppSession initialized (id=302fe61c-0f6e-4696-ae55-8dd997b51120)
2025-11-01 17:00:59 [STREAM] 2025-11-01 17:00:59.325 Created new session for client 128758668306096. Session ID: 302fe61c-0f6e-4696-ae55-8dd997b51120
2025-11-01 17:00:59 [STREAM] 2025-11-01 17:00:59.325 Runtime state: RuntimeState.ONE_OR_MORE_SESSIONS_CONNECTED -> RuntimeState.ONE_OR_MORE_SESSIONS_CONNECTED
2025-11-01 17:00:59 [STREAM] 2025-11-01 17:00:59.350 AppSession initialized (id=bb871b56-8371-45ca-9bb7-45d90f0288fd)
2025-11-01 17:00:59 [STREAM] 2025-11-01 17:00:59.350 Created new session for client 128758668311952. Session ID: bb871b56-8371-45ca-9bb7-45d90f0288fd
2025-11-01 17:00:59 [STREAM] 2025-11-01 17:00:59.350 Runtime state: RuntimeState.ONE_OR_MORE_SESSIONS_CONNECTED -> RuntimeState.ONE_OR_MORE_SESSIONS_CONNECTED
2025-11-01 17:00:59 [STREAM] 2025-11-01 17:00:59.370 AppSession initialized (id=25383bbe-19d8-41bc-a258-a3c2f6fc394f)
2025-11-01 17:00:59 [STREAM] 2025-11-01 17:00:59.370 Created new session for client 128758668642048. Session ID: 25383bbe-19d8-41bc-a258-a3c2f6fc394f
2025-11-01 17:00:59 [STREAM] 2025-11-01 17:00:59.370 Runtime state: RuntimeState.ONE_OR_MORE_SESSIONS_CONNECTED -> RuntimeState.ONE_OR_MORE_SESSIONS_CONNECTED
2025-11-01 17:00:59 [STREAM] 2025-11-01 17:00:59.391 AppSession initialized (id=fab916ef-c8e0-46f1-ad75-148aea19887f)
2025-11-01 17:00:59 [STREAM] 2025-11-01 17:00:59.392 Created new session for client 128758668644352. Session ID: fab916ef-c8e0-46f1-ad75-148aea19887f
2025-11-01 17:00:59 [STREAM] 2025-11-01 17:00:59.392 Runtime state: RuntimeState.ONE_OR_MORE_SESSIONS_CONNECTED -> RuntimeState.ONE_OR_MORE_SESSIONS_CONNECTED
2025-11-01 17:00:59 [STREAM] 2025-11-01 17:00:59.419 AppSession initialized (id=4ba10d22-e27f-4cba-809f-3114a9b6d1cf)
2025-11-01 17:00:59 [STREAM] 2025-11-01 17:00:59.419 Created new session for client 128758668646656. Session ID: 4ba10d22-e27f-4cba-809f-3114a9b6d1cf
2025-11-01 17:00:59 [STREAM] 2025-11-01 17:00:59.419 Runtime state: RuntimeState.ONE_OR_MORE_SESSIONS_CONNECTED -> RuntimeState.ONE_OR_MORE_SESSIONS_CONNECTED
2025-11-01 17:00:59 [STREAM] 2025-11-01 17:00:59.439 AppSession initialized (id=b366487e-f221-47dc-91fc-0a2eb594af2c)
2025-11-01 17:00:59 [STREAM] 2025-11-01 17:00:59.439 Created new session for client 128758668648960. Session ID: b366487e-f221-47dc-91fc-0a2eb594af2c
2025-11-01 17:00:59 [STREAM] 2025-11-01 17:00:59.439 Runtime state: RuntimeState.ONE_OR_MORE_SESSIONS_CONNECTED -> RuntimeState.ONE_OR_MORE_SESSIONS_CONNECTED
2025-11-01 17:00:59 [STREAM] 2025-11-01 17:00:59.458 AppSession initialized (id=9fe638d8-fe24-47dd-add0-70ebf51bcb1b)
2025-11-01 17:00:59 [STREAM] 2025-11-01 17:00:59.458 Created new session for client 128758668651120. Session ID: 9fe638d8-fe24-47dd-add0-70ebf51bcb1b
2025-11-01 17:00:59 [STREAM] 2025-11-01 17:00:59.458 Runtime state: RuntimeState.ONE_OR_MORE_SESSIONS_CONNECTED -> RuntimeState.ONE_OR_MORE_SESSIONS_CONNECTED
2025-11-01 17:00:59 [STREAM] 2025-11-01 17:00:59.483 AppSession initialized (id=d43d6fdf-ad90-479e-b882-d6cb632af26c)
2025-11-01 17:00:59 [STREAM] 2025-11-01 17:00:59.483 Created new session for client 128758668653568. Session ID: d43d6fdf-ad90-479e-b882-d6cb632af26c
2025-11-01 17:00:59 [STREAM] 2025-11-01 17:00:59.483 Runtime state: RuntimeState.ONE_OR_MORE_SESSIONS_CONNECTED -> RuntimeState.ONE_OR_MORE_SESSIONS_CONNECTED
2025-11-01 17:00:59 [STREAM] 2025-11-01 17:00:59.506 AppSession initialized (id=2fd35eef-bae9-49c8-ab43-6ffefb3b1982)
2025-11-01 17:00:59 [STREAM] 2025-11-01 17:00:59.506 Created new session for client 128758668655872. Session ID: 2fd35eef-bae9-49c8-ab43-6ffefb3b1982
2025-11-01 17:00:59 [STREAM] 2025-11-01 17:00:59.506 Runtime state: RuntimeState.ONE_OR_MORE_SESSIONS_CONNECTED -> RuntimeState.ONE_OR_MORE_SESSIONS_CONNECTED
2025-11-01 17:00:59 [STREAM] 2025-11-01 17:00:59.523 AppSession initialized (id=eddf099d-dfbd-4b5c-a1b4-7359de805051)
2025-11-01 17:00:59 [STREAM] 2025-11-01 17:00:59.524 Created new session for client 128758666741312. Session ID: eddf099d-dfbd-4b5c-a1b4-7359de805051
2025-11-01 17:00:59 [STREAM] 2025-11-01 17:00:59.524 Runtime state: RuntimeState.ONE_OR_MORE_SESSIONS_CONNECTED -> RuntimeState.ONE_OR_MORE_SESSIONS_CONNECTED
2025-11-01 17:00:59 [STREAM] 2025-11-01 17:00:59.554 AppSession initialized (id=17791097-c78e-4741-a448-2fc955b3ba19)
2025-11-01 17:00:59 [STREAM] 2025-11-01 17:00:59.554 Created new session for client 128758666743616. Session ID: 17791097-c78e-4741-a448-2fc955b3ba19
2025-11-01 17:00:59 [STREAM] 2025-11-01 17:00:59.554 Runtime state: RuntimeState.ONE_OR_MORE_SESSIONS_CONNECTED -> RuntimeState.ONE_OR_MORE_SESSIONS_CONNECTED
2025-11-01 17:00:59 [STREAM] 2025-11-01 17:00:59.573 AppSession initialized (id=a40c1724-52ae-4faa-a442-3b551199460d)
2025-11-01 17:00:59 [STREAM] 2025-11-01 17:00:59.573 Created new session for client 128758666745920. Session ID: a40c1724-52ae-4faa-a442-3b551199460d
2025-11-01 17:00:59 [STREAM] 2025-11-01 17:00:59.573 Runtime state: RuntimeState.ONE_OR_MORE_SESSIONS_CONNECTED -> RuntimeState.ONE_OR_MORE_SESSIONS_CONNECTED
2025-11-01 17:00:59 [STREAM] 2025-11-01 17:00:59.774 AppSession initialized (id=c1c7cc3a-e4ec-4e88-9f31-bb98a89f51c3)
2025-11-01 17:00:59 [STREAM] 2025-11-01 17:00:59.774 Created new session for client 128758668306576. Session ID: c1c7cc3a-e4ec-4e88-9f31-bb98a89f51c3
2025-11-01 17:00:59 [STREAM] 2025-11-01 17:00:59.774 Runtime state: RuntimeState.ONE_OR_MORE_SESSIONS_CONNECTED -> RuntimeState.ONE_OR_MORE_SESSIONS_CONNECTED
2025-11-01 17:00:59 [STREAM] 
2025-11-01 17:00:59 [STREAM] ==> /home/dzoan/credit-appraisal-agent-poc/.logs/api_20251101-170055.log <==
2025-11-01 17:00:59 [STREAM] INFO:     Started server process [83548]
2025-11-01 17:00:59 [STREAM] INFO:     Waiting for application startup.
2025-11-01 17:00:59 [STREAM] INFO:     Application startup complete.
2025-11-01 17:01:09 [STREAM] INFO:     127.0.0.1:50208 - "GET /docs HTTP/1.1" 200 OK
2025-11-01 17:01:09 [STREAM] INFO:     127.0.0.1:50208 - "GET /openapi.json HTTP/1.1" 200 OK
2025-11-01 17:01:11 [STREAM] 
2025-11-01 17:01:11 [STREAM] ==> /home/dzoan/credit-appraisal-agent-poc/.logs/ui_20251101-170055.log <==
2025-11-01 17:01:11 [STREAM] 2025-11-01 17:01:11.313 Received the following back message:
2025-11-01 17:01:11 [STREAM] rerun_script {
2025-11-01 17:01:11 [STREAM]   widget_states {
2025-11-01 17:01:11 [STREAM]     widgets {
2025-11-01 17:01:11 [STREAM]       id: "$$ID-7e24f1ea7748b816f945be419050d8a6-btn_home_agents"
2025-11-01 17:01:11 [STREAM]       trigger_value: true
2025-11-01 17:01:11 [STREAM]     }
2025-11-01 17:01:11 [STREAM]   }
2025-11-01 17:01:11 [STREAM]   page_script_hash: "d2a57dc1d883fd21fb9951699df71cc7"
2025-11-01 17:01:11 [STREAM]   cached_message_hashes: "27d2e897be5ce95d9e50eced825033d7"
2025-11-01 17:01:11 [STREAM]   context_info {
2025-11-01 17:01:11 [STREAM]     timezone: "Asia/Bangkok"
2025-11-01 17:01:11 [STREAM]     timezone_offset: -420
2025-11-01 17:01:11 [STREAM]     locale: "en-US"
2025-11-01 17:01:11 [STREAM]     url: "http://localhost:8502/"
2025-11-01 17:01:11 [STREAM]     is_embedded: false
2025-11-01 17:01:11 [STREAM]     color_scheme: "light"
2025-11-01 17:01:11 [STREAM]   }
2025-11-01 17:01:11 [STREAM] }
2025-11-01 17:01:11 [STREAM] 
2025-11-01 17:01:11 [STREAM] 2025-11-01 17:01:11.314 Beginning script thread
2025-11-01 17:01:11 [STREAM] 2025-11-01 17:01:11.314 Running script RerunData(widget_states=widgets {
2025-11-01 17:01:11 [STREAM]   id: "$$ID-7e24f1ea7748b816f945be419050d8a6-btn_home_agents"
2025-11-01 17:01:11 [STREAM]   trigger_value: true
2025-11-01 17:01:11 [STREAM] }
2025-11-01 17:01:11 [STREAM] , page_script_hash='d2a57dc1d883fd21fb9951699df71cc7', cached_message_hashes={'27d2e897be5ce95d9e50eced825033d7'}, context_info=timezone: "Asia/Bangkok"
2025-11-01 17:01:11 [STREAM] timezone_offset: -420
2025-11-01 17:01:11 [STREAM] locale: "en-US"
2025-11-01 17:01:11 [STREAM] url: "http://localhost:8502/"
2025-11-01 17:01:11 [STREAM] is_embedded: false
2025-11-01 17:01:11 [STREAM] color_scheme: "light"
2025-11-01 17:01:11 [STREAM] )
2025-11-01 17:01:11 [STREAM] 2025-11-01 17:01:11.314 Disconnecting files for session with ID 302fe61c-0f6e-4696-ae55-8dd997b51120
2025-11-01 17:01:11 [STREAM] 2025-11-01 17:01:11.314 Sessions still active: dict_keys([])
2025-11-01 17:01:11 [STREAM] 2025-11-01 17:01:11.315 Files: 0; Sessions with files: 0
2025-11-01 17:01:12 [STREAM] 2025-11-01 17:01:12.033 Sending cached message ref (hash=27d2e897be5ce95d9e50eced825033d7)
2025-11-01 17:01:12 [STREAM] 2025-11-01 17:01:12.103 Removing orphaned files...
2025-11-01 17:01:14 [STREAM] 2025-11-01 17:01:14.252 Received the following back message:
2025-11-01 17:01:14 [STREAM] rerun_script {
2025-11-01 17:01:14 [STREAM]   widget_states {
2025-11-01 17:01:14 [STREAM]     widgets {
2025-11-01 17:01:14 [STREAM]       id: "$$ID-ddc0270cbc3cd2468b6293e097bf75f7-upload_logo_hidden"
2025-11-01 17:01:14 [STREAM]       file_uploader_state_value {
2025-11-01 17:01:14 [STREAM]       }
2025-11-01 17:01:14 [STREAM]     }
2025-11-01 17:01:14 [STREAM]     widgets {
2025-11-01 17:01:14 [STREAM]       id: "$$ID-163960d6a02d16629fcb6a17e7682c68-btn_start_build_now"
2025-11-01 17:01:14 [STREAM]       trigger_value: true
2025-11-01 17:01:14 [STREAM]     }
2025-11-01 17:01:14 [STREAM]   }
2025-11-01 17:01:14 [STREAM]   page_script_hash: "d2a57dc1d883fd21fb9951699df71cc7"
2025-11-01 17:01:14 [STREAM]   cached_message_hashes: "27d2e897be5ce95d9e50eced825033d7"
2025-11-01 17:01:14 [STREAM]   context_info {
2025-11-01 17:01:14 [STREAM]     timezone: "Asia/Bangkok"
2025-11-01 17:01:14 [STREAM]     timezone_offset: -420
2025-11-01 17:01:14 [STREAM]     locale: "en-US"
2025-11-01 17:01:14 [STREAM]     url: "http://localhost:8502/"
2025-11-01 17:01:14 [STREAM]     is_embedded: false
2025-11-01 17:01:14 [STREAM]     color_scheme: "light"
2025-11-01 17:01:14 [STREAM]   }
2025-11-01 17:01:14 [STREAM] }
2025-11-01 17:01:14 [STREAM] 
2025-11-01 17:01:14 [STREAM] 2025-11-01 17:01:14.252 Beginning script thread
2025-11-01 17:01:14 [STREAM] 2025-11-01 17:01:14.253 Running script RerunData(widget_states=widgets {
2025-11-01 17:01:14 [STREAM]   id: "$$ID-ddc0270cbc3cd2468b6293e097bf75f7-upload_logo_hidden"
2025-11-01 17:01:14 [STREAM]   file_uploader_state_value {
2025-11-01 17:01:14 [STREAM]   }
2025-11-01 17:01:14 [STREAM] }
2025-11-01 17:01:14 [STREAM] widgets {
2025-11-01 17:01:14 [STREAM]   id: "$$ID-163960d6a02d16629fcb6a17e7682c68-btn_start_build_now"
2025-11-01 17:01:14 [STREAM]   trigger_value: true
2025-11-01 17:01:14 [STREAM] }
2025-11-01 17:01:14 [STREAM] , page_script_hash='d2a57dc1d883fd21fb9951699df71cc7', cached_message_hashes={'27d2e897be5ce95d9e50eced825033d7'}, context_info=timezone: "Asia/Bangkok"
2025-11-01 17:01:14 [STREAM] timezone_offset: -420
2025-11-01 17:01:14 [STREAM] locale: "en-US"
2025-11-01 17:01:14 [STREAM] url: "http://localhost:8502/"
2025-11-01 17:01:14 [STREAM] is_embedded: false
2025-11-01 17:01:14 [STREAM] color_scheme: "light"
2025-11-01 17:01:14 [STREAM] )
2025-11-01 17:01:14 [STREAM] 2025-11-01 17:01:14.253 Disconnecting files for session with ID 302fe61c-0f6e-4696-ae55-8dd997b51120
2025-11-01 17:01:14 [STREAM] 2025-11-01 17:01:14.253 Sessions still active: dict_keys([])
2025-11-01 17:01:14 [STREAM] 2025-11-01 17:01:14.253 Files: 0; Sessions with files: 0
2025-11-01 17:01:14 [STREAM] 2025-11-01 17:01:14.335 Sending cached message ref (hash=27d2e897be5ce95d9e50eced825033d7)
2025-11-01 17:01:14 [STREAM] 2025-11-01 17:01:14.339 Removing orphaned files...
2025-11-01 17:01:14 [STREAM] 2025-11-01 17:01:14.393 Running script RerunData(page_script_hash='d2a57dc1d883fd21fb9951699df71cc7', cached_message_hashes={'27d2e897be5ce95d9e50eced825033d7'}, context_info=timezone: "Asia/Bangkok"
2025-11-01 17:01:14 [STREAM] timezone_offset: -420
2025-11-01 17:01:14 [STREAM] locale: "en-US"
2025-11-01 17:01:14 [STREAM] url: "http://localhost:8502/"
2025-11-01 17:01:14 [STREAM] is_embedded: false
2025-11-01 17:01:14 [STREAM] color_scheme: "light"
2025-11-01 17:01:14 [STREAM] )
2025-11-01 17:01:14 [STREAM] 2025-11-01 17:01:14.394 Disconnecting files for session with ID 302fe61c-0f6e-4696-ae55-8dd997b51120
2025-11-01 17:01:14 [STREAM] 2025-11-01 17:01:14.394 Sessions still active: dict_keys([])
2025-11-01 17:01:14 [STREAM] 2025-11-01 17:01:14.394 Files: 0; Sessions with files: 0
2025-11-01 17:01:14 [STREAM] 2025-11-01 17:01:14.407 Removing orphaned files...
2025-11-01 17:01:17 [STREAM] 2025-11-01 17:01:17.251 AppSession initialized (id=13da887a-d4b1-4a66-8722-dae3137a5187)
2025-11-01 17:01:17 [STREAM] 2025-11-01 17:01:17.251 Created new session for client 128757853531360. Session ID: 13da887a-d4b1-4a66-8722-dae3137a5187
2025-11-01 17:01:17 [STREAM] 2025-11-01 17:01:17.251 Runtime state: RuntimeState.ONE_OR_MORE_SESSIONS_CONNECTED -> RuntimeState.ONE_OR_MORE_SESSIONS_CONNECTED
2025-11-01 17:01:17 [STREAM] 2025-11-01 17:01:17.267 Received the following back message:
2025-11-01 17:01:17 [STREAM] rerun_script {
2025-11-01 17:01:17 [STREAM]   query_string: "agent=asset&stage=asset_agent"
2025-11-01 17:01:17 [STREAM]   widget_states {
2025-11-01 17:01:17 [STREAM]   }
2025-11-01 17:01:17 [STREAM]   context_info {
2025-11-01 17:01:17 [STREAM]     timezone: "Asia/Bangkok"
2025-11-01 17:01:17 [STREAM]     timezone_offset: -420
2025-11-01 17:01:17 [STREAM]     locale: "en-US"
2025-11-01 17:01:17 [STREAM]     url: "http://localhost:8502/"
2025-11-01 17:01:17 [STREAM]     is_embedded: false
2025-11-01 17:01:17 [STREAM]     color_scheme: "light"
2025-11-01 17:01:17 [STREAM]   }
2025-11-01 17:01:17 [STREAM] }
2025-11-01 17:01:17 [STREAM] 
2025-11-01 17:01:17 [STREAM] 2025-11-01 17:01:17.268 Beginning script thread
2025-11-01 17:01:17 [STREAM] 2025-11-01 17:01:17.268 Running script RerunData(query_string='agent=asset&stage=asset_agent', widget_states=, context_info=timezone: "Asia/Bangkok"
2025-11-01 17:01:17 [STREAM] timezone_offset: -420
2025-11-01 17:01:17 [STREAM] locale: "en-US"
2025-11-01 17:01:17 [STREAM] url: "http://localhost:8502/"
2025-11-01 17:01:17 [STREAM] is_embedded: false
2025-11-01 17:01:17 [STREAM] color_scheme: "light"
2025-11-01 17:01:17 [STREAM] )
2025-11-01 17:01:17 [STREAM] 2025-11-01 17:01:17.268 Disconnecting files for session with ID 13da887a-d4b1-4a66-8722-dae3137a5187
2025-11-01 17:01:17 [STREAM] 2025-11-01 17:01:17.268 Sessions still active: dict_keys([])
2025-11-01 17:01:17 [STREAM] 2025-11-01 17:01:17.269 Files: 0; Sessions with files: 0
2025-11-01 17:01:17 [STREAM] 2025-11-01 17:01:17.274 Removing orphaned files...
2025-11-01 17:01:17 [STREAM] 2025-11-01 17:01:17.326 Running script RerunData(page_script_hash='d2a57dc1d883fd21fb9951699df71cc7', context_info=timezone: "Asia/Bangkok"
2025-11-01 17:01:17 [STREAM] timezone_offset: -420
2025-11-01 17:01:17 [STREAM] locale: "en-US"
2025-11-01 17:01:17 [STREAM] url: "http://localhost:8502/"
2025-11-01 17:01:17 [STREAM] is_embedded: false
2025-11-01 17:01:17 [STREAM] color_scheme: "light"
2025-11-01 17:01:17 [STREAM] )
2025-11-01 17:01:17 [STREAM] 2025-11-01 17:01:17.327 Disconnecting files for session with ID 13da887a-d4b1-4a66-8722-dae3137a5187
2025-11-01 17:01:17 [STREAM] 2025-11-01 17:01:17.327 Sessions still active: dict_keys([])
2025-11-01 17:01:17 [STREAM] 2025-11-01 17:01:17.327 Files: 0; Sessions with files: 0
2025-11-01 17:01:17 [STREAM] 
2025-11-01 17:01:17 [STREAM] ==> /home/dzoan/credit-appraisal-agent-poc/.logs/api_20251101-170055.log <==
2025-11-01 17:01:17 [STREAM] INFO:     127.0.0.1:52720 - "GET /v1/training/production_meta HTTP/1.1" 200 OK
2025-11-01 17:01:17 [STREAM] INFO:     127.0.0.1:52736 - "GET /v1/training/production_meta HTTP/1.1" 200 OK
2025-11-01 17:01:17 [STREAM] 
2025-11-01 17:01:17 [STREAM] ==> /home/dzoan/credit-appraisal-agent-poc/.logs/ui_20251101-170055.log <==
2025-11-01 17:01:17 [STREAM] 2025-11-01 17:01:17.465 Removing orphaned files...
2025-11-01 17:01:17 [STREAM] 2025-11-01 17:01:17.525 Running script RerunData(page_script_hash='b72db28f188acedfd30ff7d8fe0a9099', context_info=timezone: "Asia/Bangkok"
2025-11-01 17:01:17 [STREAM] timezone_offset: -420
2025-11-01 17:01:17 [STREAM] locale: "en-US"
2025-11-01 17:01:17 [STREAM] url: "http://localhost:8502/"
2025-11-01 17:01:17 [STREAM] is_embedded: false
2025-11-01 17:01:17 [STREAM] color_scheme: "light"
2025-11-01 17:01:17 [STREAM] )
2025-11-01 17:01:17 [STREAM] 2025-11-01 17:01:17.526 Disconnecting files for session with ID 13da887a-d4b1-4a66-8722-dae3137a5187
2025-11-01 17:01:17 [STREAM] 2025-11-01 17:01:17.526 Sessions still active: dict_keys([])
2025-11-01 17:01:17 [STREAM] 2025-11-01 17:01:17.526 Files: 0; Sessions with files: 0
2025-11-01 17:01:17 [STREAM] 2025-11-01 17:01:17.630 Uncaught app execution
2025-11-01 17:01:17 [STREAM] Traceback (most recent call last):
2025-11-01 17:01:17 [STREAM]   File "/home/dzoan/credit-appraisal-agent-poc/.venv/lib/python3.10/site-packages/streamlit/runtime/scriptrunner/exec_code.py", line 128, in exec_func_with_error_handling
2025-11-01 17:01:17 [STREAM]     result = func()
2025-11-01 17:01:17 [STREAM]   File "/home/dzoan/credit-appraisal-agent-poc/.venv/lib/python3.10/site-packages/streamlit/runtime/scriptrunner/script_runner.py", line 667, in code_to_exec
2025-11-01 17:01:17 [STREAM]     _mpa_v1(self._main_script_path)
2025-11-01 17:01:17 [STREAM]   File "/home/dzoan/credit-appraisal-agent-poc/.venv/lib/python3.10/site-packages/streamlit/runtime/scriptrunner/script_runner.py", line 165, in _mpa_v1
2025-11-01 17:01:17 [STREAM]     page.run()
2025-11-01 17:01:17 [STREAM]   File "/home/dzoan/credit-appraisal-agent-poc/.venv/lib/python3.10/site-packages/streamlit/navigation/page.py", line 300, in run
2025-11-01 17:01:17 [STREAM]     exec(code, module.__dict__)  # noqa: S102
2025-11-01 17:01:17 [STREAM]   File "/home/dzoan/credit-appraisal-agent-poc/services/ui/pages/asset_appraisal.py", line 85, in <module>
2025-11-01 17:01:17 [STREAM]     components.html("""
2025-11-01 17:01:17 [STREAM] NameError: name 'components' is not defined
2025-11-01 17:01:17 [STREAM] 2025-11-01 17:01:17.638 Removing orphaned files...
2025-11-01 17:03:16 [STREAM]   Stopping...
2025-11-01 17:03:16 [STREAM] 2025-11-01 17:03:16.498 Runtime stopping...
2025-11-01 17:03:16 [STREAM] 2025-11-01 17:03:16.498 Runtime state: RuntimeState.ONE_OR_MORE_SESSIONS_CONNECTED -> RuntimeState.STOPPING
2025-11-01 17:03:16 [STREAM] 2025-11-01 17:03:16.498 Shutting down (id=a40c1724-52ae-4faa-a442-3b551199460d)
2025-11-01 17:03:16 [STREAM] 2025-11-01 17:03:16.498 Disconnecting files for session with ID a40c1724-52ae-4faa-a442-3b551199460d
2025-11-01 17:03:16 [STREAM] 2025-11-01 17:03:16.498 Sessions still active: dict_keys([])
2025-11-01 17:03:16 [STREAM] 2025-11-01 17:03:16.498 Files: 0; Sessions with files: 0
2025-11-01 17:03:16 [STREAM] 2025-11-01 17:03:16.498 Removing orphaned files...
2025-11-01 17:03:16 [STREAM] 2025-11-01 17:03:16.498 Shutting down (id=9fe638d8-fe24-47dd-add0-70ebf51bcb1b)
2025-11-01 17:03:16 [STREAM] 2025-11-01 17:03:16.499 Disconnecting files for session with ID 9fe638d8-fe24-47dd-add0-70ebf51bcb1b
2025-11-01 17:03:16 [STREAM] 2025-11-01 17:03:16.499 Sessions still active: dict_keys([])
2025-11-01 17:03:16 [STREAM] 2025-11-01 17:03:16.499 Files: 0; Sessions with files: 0
2025-11-01 17:03:16 [STREAM] 2025-11-01 17:03:16.499 Removing orphaned files...
2025-11-01 17:03:16 [STREAM] 2025-11-01 17:03:16.499 Shutting down (id=50bc19b8-7c93-48c3-bdab-04770361c6af)
2025-11-01 17:03:16 [STREAM] 2025-11-01 17:03:16.499 Disconnecting files for session with ID 50bc19b8-7c93-48c3-bdab-04770361c6af
2025-11-01 17:03:16 [STREAM] 2025-11-01 17:03:16.499 Sessions still active: dict_keys([])
2025-11-01 17:03:16 [STREAM] 2025-11-01 17:03:16.499 Files: 0; Sessions with files: 0
2025-11-01 17:03:16 [STREAM] 2025-11-01 17:03:16.499 Removing orphaned files...
2025-11-01 17:03:16 [STREAM] 2025-11-01 17:03:16.499 Shutting down (id=d43d6fdf-ad90-479e-b882-d6cb632af26c)
2025-11-01 17:03:16 [STREAM] 2025-11-01 17:03:16.499 Disconnecting files for session with ID d43d6fdf-ad90-479e-b882-d6cb632af26c
2025-11-01 17:03:16 [STREAM] 2025-11-01 17:03:16.499 Sessions still active: dict_keys([])
2025-11-01 17:03:16 [STREAM] 2025-11-01 17:03:16.499 Files: 0; Sessions with files: 0
2025-11-01 17:03:16 [STREAM] 2025-11-01 17:03:16.499 Removing orphaned files...
2025-11-01 17:03:16 [STREAM] 2025-11-01 17:03:16.499 Shutting down (id=b13ce856-3580-45d5-8baf-a15e994cecc4)
2025-11-01 17:03:16 [STREAM] 2025-11-01 17:03:16.499 Disconnecting files for session with ID b13ce856-3580-45d5-8baf-a15e994cecc4
2025-11-01 17:03:16 [STREAM] 2025-11-01 17:03:16.499 Sessions still active: dict_keys([])
2025-11-01 17:03:16 [STREAM] 2025-11-01 17:03:16.500 Files: 0; Sessions with files: 0
2025-11-01 17:03:16 [STREAM] 2025-11-01 17:03:16.500 Removing orphaned files...
2025-11-01 17:03:16 [STREAM] 2025-11-01 17:03:16.500 Shutting down (id=fc5b9641-0bbc-4d52-b648-ee36d7f01661)
2025-11-01 17:03:16 [STREAM] 2025-11-01 17:03:16.500 Disconnecting files for session with ID fc5b9641-0bbc-4d52-b648-ee36d7f01661
2025-11-01 17:03:16 [STREAM] 2025-11-01 17:03:16.500 Sessions still active: dict_keys([])
2025-11-01 17:03:16 [STREAM] 2025-11-01 17:03:16.500 Files: 0; Sessions with files: 0
2025-11-01 17:03:16 [STREAM] 2025-11-01 17:03:16.500 Removing orphaned files...
2025-11-01 17:03:16 [STREAM] 2025-11-01 17:03:16.500 Shutting down (id=8e901454-6807-476f-83e1-2b03f16b4d3c)
2025-11-01 17:03:16 [STREAM] 2025-11-01 17:03:16.500 Disconnecting files for session with ID 8e901454-6807-476f-83e1-2b03f16b4d3c
2025-11-01 17:03:16 [STREAM] 2025-11-01 17:03:16.500 Sessions still active: dict_keys([])
2025-11-01 17:03:16 [STREAM] 2025-11-01 17:03:16.500 Files: 0; Sessions with files: 0
2025-11-01 17:03:16 [STREAM] 2025-11-01 17:03:16.500 Removing orphaned files...
2025-11-01 17:03:16 [STREAM] 2025-11-01 17:03:16.500 Shutting down (id=2fd35eef-bae9-49c8-ab43-6ffefb3b1982)
2025-11-01 17:03:16 [STREAM] 2025-11-01 17:03:16.500 Disconnecting files for session with ID 2fd35eef-bae9-49c8-ab43-6ffefb3b1982
2025-11-01 17:03:16 [STREAM] 2025-11-01 17:03:16.500 Sessions still active: dict_keys([])
2025-11-01 17:03:16 [STREAM] 2025-11-01 17:03:16.500 Files: 0; Sessions with files: 0
2025-11-01 17:03:16 [STREAM] 2025-11-01 17:03:16.500 Removing orphaned files...
2025-11-01 17:03:16 [STREAM] 2025-11-01 17:03:16.500 Shutting down (id=ee832220-0376-4482-bc6b-b2419bb7921e)
2025-11-01 17:03:16 [STREAM] 2025-11-01 17:03:16.500 Disconnecting files for session with ID ee832220-0376-4482-bc6b-b2419bb7921e
2025-11-01 17:03:16 [STREAM] 2025-11-01 17:03:16.500 Sessions still active: dict_keys([])
2025-11-01 17:03:16 [STREAM] 2025-11-01 17:03:16.500 Files: 0; Sessions with files: 0
2025-11-01 17:03:16 [STREAM] 2025-11-01 17:03:16.500 Removing orphaned files...
2025-11-01 17:03:16 [STREAM] 2025-11-01 17:03:16.501 Shutting down (id=bb871b56-8371-45ca-9bb7-45d90f0288fd)
2025-11-01 17:03:16 [STREAM] 2025-11-01 17:03:16.501 Disconnecting files for session with ID bb871b56-8371-45ca-9bb7-45d90f0288fd
2025-11-01 17:03:16 [STREAM] 2025-11-01 17:03:16.501 Sessions still active: dict_keys([])
2025-11-01 17:03:16 [STREAM] 2025-11-01 17:03:16.501 Files: 0; Sessions with files: 0
2025-11-01 17:03:16 [STREAM] 2025-11-01 17:03:16.501 Removing orphaned files...
2025-11-01 17:03:16 [STREAM] 2025-11-01 17:03:16.501 Shutting down (id=dca27c3a-9025-45df-a686-1f0dfb799679)
2025-11-01 17:03:16 [STREAM] 2025-11-01 17:03:16.501 Disconnecting files for session with ID dca27c3a-9025-45df-a686-1f0dfb799679
2025-11-01 17:03:16 [STREAM] 2025-11-01 17:03:16.501 Sessions still active: dict_keys([])
2025-11-01 17:03:16 [STREAM] 2025-11-01 17:03:16.501 Files: 0; Sessions with files: 0
2025-11-01 17:03:16 [STREAM] 2025-11-01 17:03:16.501 Removing orphaned files...
2025-11-01 17:03:16 [STREAM] 2025-11-01 17:03:16.501 Shutting down (id=167c9574-26a5-479e-9cd0-451a2c5a2fee)
2025-11-01 17:03:16 [STREAM] 2025-11-01 17:03:16.501 Disconnecting files for session with ID 167c9574-26a5-479e-9cd0-451a2c5a2fee
2025-11-01 17:03:16 [STREAM] 2025-11-01 17:03:16.501 Sessions still active: dict_keys([])
2025-11-01 17:03:16 [STREAM] 2025-11-01 17:03:16.501 Files: 0; Sessions with files: 0
2025-11-01 17:03:16 [STREAM] 2025-11-01 17:03:16.501 Removing orphaned files...
2025-11-01 17:03:16 [STREAM] 2025-11-01 17:03:16.501 Shutting down (id=031e4cea-ad78-4c41-9be4-e049b5292ac1)
2025-11-01 17:03:16 [STREAM] 2025-11-01 17:03:16.501 Disconnecting files for session with ID 031e4cea-ad78-4c41-9be4-e049b5292ac1
2025-11-01 17:03:16 [STREAM] 2025-11-01 17:03:16.501 Sessions still active: dict_keys([])
2025-11-01 17:03:16 [STREAM] 2025-11-01 17:03:16.501 Files: 0; Sessions with files: 0
2025-11-01 17:03:16 [STREAM] 2025-11-01 17:03:16.501 Removing orphaned files...
2025-11-01 17:03:16 [STREAM] 2025-11-01 17:03:16.502 Shutting down (id=302fe61c-0f6e-4696-ae55-8dd997b51120)
2025-11-01 17:03:16 [STREAM] 2025-11-01 17:03:16.502 Disconnecting files for session with ID 302fe61c-0f6e-4696-ae55-8dd997b51120
2025-11-01 17:03:16 [STREAM] 2025-11-01 17:03:16.502 Sessions still active: dict_keys([])
2025-11-01 17:03:16 [STREAM] 2025-11-01 17:03:16.502 Files: 0; Sessions with files: 0
2025-11-01 17:03:16 [STREAM] 2025-11-01 17:03:16.502 Removing orphaned files...
2025-11-01 17:03:16 [STREAM] 2025-11-01 17:03:16.502 Shutting down (id=25383bbe-19d8-41bc-a258-a3c2f6fc394f)
2025-11-01 17:03:16 [STREAM] 2025-11-01 17:03:16.502 Disconnecting files for session with ID 25383bbe-19d8-41bc-a258-a3c2f6fc394f
2025-11-01 17:03:16 [STREAM] 2025-11-01 17:03:16.502 Sessions still active: dict_keys([])
2025-11-01 17:03:16 [STREAM] 2025-11-01 17:03:16.502 Files: 0; Sessions with files: 0
2025-11-01 17:03:16 [STREAM] 2025-11-01 17:03:16.502 Removing orphaned files...
2025-11-01 17:03:16 [STREAM] 2025-11-01 17:03:16.502 Shutting down (id=fab916ef-c8e0-46f1-ad75-148aea19887f)
2025-11-01 17:03:16 [STREAM] 2025-11-01 17:03:16.502 Disconnecting files for session with ID fab916ef-c8e0-46f1-ad75-148aea19887f
2025-11-01 17:03:16 [STREAM] 2025-11-01 17:03:16.502 Sessions still active: dict_keys([])
2025-11-01 17:03:16 [STREAM] 2025-11-01 17:03:16.502 Files: 0; Sessions with files: 0
2025-11-01 17:03:16 [STREAM] 2025-11-01 17:03:16.502 Removing orphaned files...
2025-11-01 17:03:16 [STREAM] 2025-11-01 17:03:16.502 Shutting down (id=4ba10d22-e27f-4cba-809f-3114a9b6d1cf)
2025-11-01 17:03:16 [STREAM] 2025-11-01 17:03:16.502 Disconnecting files for session with ID 4ba10d22-e27f-4cba-809f-3114a9b6d1cf
2025-11-01 17:03:16 [STREAM] 2025-11-01 17:03:16.502 Sessions still active: dict_keys([])
2025-11-01 17:03:16 [STREAM] 2025-11-01 17:03:16.502 Files: 0; Sessions with files: 0
2025-11-01 17:03:16 [STREAM] 2025-11-01 17:03:16.503 Removing orphaned files...
2025-11-01 17:03:16 [STREAM] 2025-11-01 17:03:16.503 Shutting down (id=b366487e-f221-47dc-91fc-0a2eb594af2c)
2025-11-01 17:03:16 [STREAM] 2025-11-01 17:03:16.503 Disconnecting files for session with ID b366487e-f221-47dc-91fc-0a2eb594af2c
2025-11-01 17:03:16 [STREAM] 2025-11-01 17:03:16.503 Sessions still active: dict_keys([])
2025-11-01 17:03:16 [STREAM] 2025-11-01 17:03:16.503 Files: 0; Sessions with files: 0
2025-11-01 17:03:16 [STREAM] 2025-11-01 17:03:16.503 Removing orphaned files...
2025-11-01 17:03:16 [STREAM] 2025-11-01 17:03:16.503 Shutting down (id=eddf099d-dfbd-4b5c-a1b4-7359de805051)
2025-11-01 17:03:16 [STREAM] 2025-11-01 17:03:16.503 Disconnecting files for session with ID eddf099d-dfbd-4b5c-a1b4-7359de805051
2025-11-01 17:03:16 [STREAM] 2025-11-01 17:03:16.503 Sessions still active: dict_keys([])
2025-11-01 17:03:16 [STREAM] 2025-11-01 17:03:16.503 Files: 0; Session