==> /home/dzoan/credit-appraisal-agent-poc/.logs/api_20251029-141658.log <==

==> /home/dzoan/credit-appraisal-agent-poc/.logs/ui_20251029-141658.log <==

==> /home/dzoan/credit-appraisal-agent-poc/.logs/api_20251029-141658.log <==
INFO:     Will watch for changes in these directories: ['/home/dzoan/credit-appraisal-agent-poc']
INFO:     Uvicorn running on http://0.0.0.0:8090 (Press CTRL+C to quit)
INFO:     Started reloader process [519251] using WatchFiles

==> /home/dzoan/credit-appraisal-agent-poc/.logs/ui_20251029-141658.log <==

  You can now view your Streamlit app in your browser.

  URL: http://0.0.0.0:8502


==> /home/dzoan/credit-appraisal-agent-poc/.logs/api_20251029-141658.log <==
INFO:     Started server process [519261]
INFO:     Waiting for application startup.
INFO:     Application startup complete.
INFO:     Shutting down
INFO:     Waiting for application shutdown.
INFO:     Application shutdown complete.
INFO:     Finished server process [519261]
INFO:     Stopping reloader process [519251]

==> /home/dzoan/credit-appraisal-agent-poc/.logs/ui_20251029-141658.log <==
  Stopping...
