==> /home/dzoan/credit-appraisal-agent-poc/.logs/api_20251101-140039.log <==

==> /home/dzoan/credit-appraisal-agent-poc/.logs/ui_20251101-140039.log <==

==> /home/dzoan/credit-appraisal-agent-poc/.logs/api_20251101-140039.log <==
INFO:     Will watch for changes in these directories: ['/home/dzoan/credit-appraisal-agent-poc']
INFO:     Uvicorn running on http://0.0.0.0:8090 (Press CTRL+C to quit)
INFO:     Started reloader process [39037] using WatchFiles

==> /home/dzoan/credit-appraisal-agent-poc/.logs/ui_20251101-140039.log <==

  You can now view your Streamlit app in your browser.

  URL: http://0.0.0.0:8502


==> /home/dzoan/credit-appraisal-agent-poc/.logs/api_20251101-140039.log <==
INFO:     Started server process [39047]
INFO:     Waiting for application startup.
INFO:     Application startup complete.
INFO:     127.0.0.1:43612 - "GET /docs HTTP/1.1" 200 OK
INFO:     127.0.0.1:43612 - "GET /openapi.json HTTP/1.1" 200 OK
INFO:     127.0.0.1:47232 - "GET /v1/training/production_meta HTTP/1.1" 200 OK
INFO:     127.0.0.1:47236 - "GET /v1/training/production_meta HTTP/1.1" 200 OK

==> /home/dzoan/credit-appraisal-agent-poc/.logs/ui_20251101-140039.log <==
2025-11-01 14:01:03.865 Please replace `use_container_width` with `width`.

`use_container_width` will be removed after 2025-12-31.

For `use_container_width=True`, use `width='stretch'`. For `use_container_width=False`, use `width='content'`.

==> /home/dzoan/credit-appraisal-agent-poc/.logs/api_20251101-140039.log <==
INFO:     127.0.0.1:47252 - "GET /v1/training/production_meta HTTP/1.1" 200 OK

==> /home/dzoan/credit-appraisal-agent-poc/.logs/ui_20251101-140039.log <==
2025-11-01 14:01:05.683 Please replace `use_container_width` with `width`.

`use_container_width` will be removed after 2025-12-31.

For `use_container_width=True`, use `width='stretch'`. For `use_container_width=False`, use `width='content'`.
2025-11-01 14:01:05.685 Please replace `use_container_width` with `width`.

`use_container_width` will be removed after 2025-12-31.

For `use_container_width=True`, use `width='stretch'`. For `use_container_width=False`, use `width='content'`.
2025-11-01 14:01:05.691 Please replace `use_container_width` with `width`.

`use_container_width` will be removed after 2025-12-31.

For `use_container_width=True`, use `width='stretch'`. For `use_container_width=False`, use `width='content'`.

==> /home/dzoan/credit-appraisal-agent-poc/.logs/api_20251101-140039.log <==
INFO:     127.0.0.1:47262 - "GET /v1/training/production_meta HTTP/1.1" 200 OK

==> /home/dzoan/credit-appraisal-agent-poc/.logs/ui_20251101-140039.log <==
2025-11-01 14:01:11.122 Please replace `use_container_width` with `width`.

`use_container_width` will be removed after 2025-12-31.

For `use_container_width=True`, use `width='stretch'`. For `use_container_width=False`, use `width='content'`.
2025-11-01 14:01:11.130 Please replace `use_container_width` with `width`.

`use_container_width` will be removed after 2025-12-31.

For `use_container_width=True`, use `width='stretch'`. For `use_container_width=False`, use `width='content'`.

==> /home/dzoan/credit-appraisal-agent-poc/.logs/api_20251101-140039.log <==
INFO:     127.0.0.1:48122 - "GET /v1/training/production_meta HTTP/1.1" 200 OK

==> /home/dzoan/credit-appraisal-agent-poc/.logs/ui_20251101-140039.log <==
2025-11-01 14:01:11.147 Please replace `use_container_width` with `width`.

`use_container_width` will be removed after 2025-12-31.

For `use_container_width=True`, use `width='stretch'`. For `use_container_width=False`, use `width='content'`.
2025-11-01 14:01:15.824 Please replace `use_container_width` with `width`.

`use_container_width` will be removed after 2025-12-31.

For `use_container_width=True`, use `width='stretch'`. For `use_container_width=False`, use `width='content'`.
2025-11-01 14:01:15.826 Please replace `use_container_width` with `width`.

`use_container_width` will be removed after 2025-12-31.

For `use_container_width=True`, use `width='stretch'`. For `use_container_width=False`, use `width='content'`.

==> /home/dzoan/credit-appraisal-agent-poc/.logs/api_20251101-140039.log <==
INFO:     127.0.0.1:48130 - "GET /v1/training/production_meta HTTP/1.1" 200 OK

==> /home/dzoan/credit-appraisal-agent-poc/.logs/ui_20251101-140039.log <==
2025-11-01 14:01:15.842 Please replace `use_container_width` with `width`.

`use_container_width` will be removed after 2025-12-31.

For `use_container_width=True`, use `width='stretch'`. For `use_container_width=False`, use `width='content'`.

==> /home/dzoan/credit-appraisal-agent-poc/.logs/api_20251101-140039.log <==
INFO:     127.0.0.1:48146 - "GET /v1/agents HTTP/1.1" 404 Not Found
INFO:     127.0.0.1:48154 - "GET /v1/agents/list HTTP/1.1" 404 Not Found
INFO:     127.0.0.1:48158 - "GET /v1/health HTTP/1.1" 404 Not Found
INFO:     127.0.0.1:48164 - "POST /v1/agents/asset_appraisal/run HTTP/1.1" 404 Not Found
INFO:     127.0.0.1:48172 - "POST /v1/agents/asset/run HTTP/1.1" 404 Not Found

==> /home/dzoan/credit-appraisal-agent-poc/.logs/ui_20251101-140039.log <==
  Stopping...

==> /home/dzoan/credit-appraisal-agent-poc/.logs/api_20251101-140039.log <==
INFO:     Shutting down
INFO:     Waiting for application shutdown.
INFO:     Application shutdown complete.
INFO:     Finished server process [39047]
INFO:     Stopping reloader process [39037]
