==> /home/dzoan/credit-appraisal-agent-poc/.logs/api_20251031-015444.log <==

==> /home/dzoan/credit-appraisal-agent-poc/.logs/ui_20251031-015444.log <==

==> /home/dzoan/credit-appraisal-agent-poc/.logs/api_20251031-015444.log <==
INFO:     Will watch for changes in these directories: ['/home/dzoan/credit-appraisal-agent-poc']
INFO:     Uvicorn running on http://0.0.0.0:8090 (Press CTRL+C to quit)
INFO:     Started reloader process [243385] using WatchFiles

==> /home/dzoan/credit-appraisal-agent-poc/.logs/ui_20251031-015444.log <==

  You can now view your Streamlit app in your browser.

  URL: http://0.0.0.0:8502


==> /home/dzoan/credit-appraisal-agent-poc/.logs/api_20251031-015444.log <==
INFO:     Started server process [243395]
INFO:     Waiting for application startup.
INFO:     Application startup complete.
INFO:     127.0.0.1:39118 - "GET /docs HTTP/1.1" 200 OK
INFO:     127.0.0.1:39118 - "GET /openapi.json HTTP/1.1" 200 OK

==> /home/dzoan/credit-appraisal-agent-poc/.logs/ui_20251031-015444.log <==
2025-10-31 01:55:13.571 Please replace `use_container_width` with `width`.

`use_container_width` will be removed after 2025-12-31.

For `use_container_width=True`, use `width='stretch'`. For `use_container_width=False`, use `width='content'`.
2025-10-31 01:55:13.589 Please replace `use_container_width` with `width`.

`use_container_width` will be removed after 2025-12-31.

For `use_container_width=True`, use `width='stretch'`. For `use_container_width=False`, use `width='content'`.
2025-10-31 01:55:17.538 Please replace `use_container_width` with `width`.

`use_container_width` will be removed after 2025-12-31.

For `use_container_width=True`, use `width='stretch'`. For `use_container_width=False`, use `width='content'`.
2025-10-31 01:55:17.554 Please replace `use_container_width` with `width`.

`use_container_width` will be removed after 2025-12-31.

For `use_container_width=True`, use `width='stretch'`. For `use_container_width=False`, use `width='content'`.
  Stopping...

==> /home/dzoan/credit-appraisal-agent-poc/.logs/api_20251031-015444.log <==
INFO:     Shutting down
INFO:     Waiting for application shutdown.
INFO:     Application shutdown complete.
INFO:     Finished server process [243395]
INFO:     Stopping reloader process [243385]
