==> /home/dzoan/credit-appraisal-agent-poc/.logs/api_20251030-151659.log <==

==> /home/dzoan/credit-appraisal-agent-poc/.logs/ui_20251030-151659.log <==

==> /home/dzoan/credit-appraisal-agent-poc/.logs/api_20251030-151659.log <==
INFO:     Will watch for changes in these directories: ['/home/dzoan/credit-appraisal-agent-poc']
INFO:     Uvicorn running on http://0.0.0.0:8090 (Press CTRL+C to quit)
INFO:     Started reloader process [64947] using WatchFiles

==> /home/dzoan/credit-appraisal-agent-poc/.logs/ui_20251030-151659.log <==

  You can now view your Streamlit app in your browser.

  URL: http://0.0.0.0:8502


==> /home/dzoan/credit-appraisal-agent-poc/.logs/api_20251030-151659.log <==
INFO:     Started server process [64957]
INFO:     Waiting for application startup.
INFO:     Application startup complete.

==> /home/dzoan/credit-appraisal-agent-poc/.logs/ui_20251030-151659.log <==
2025-10-30 15:17:08.861 Please replace `use_container_width` with `width`.

`use_container_width` will be removed after 2025-12-31.

For `use_container_width=True`, use `width='stretch'`. For `use_container_width=False`, use `width='content'`.
2025-10-30 15:17:08.904 Please replace `use_container_width` with `width`.

`use_container_width` will be removed after 2025-12-31.

For `use_container_width=True`, use `width='stretch'`. For `use_container_width=False`, use `width='content'`.
2025-10-30 15:17:13.560 Please replace `use_container_width` with `width`.

`use_container_width` will be removed after 2025-12-31.

For `use_container_width=True`, use `width='stretch'`. For `use_container_width=False`, use `width='content'`.
2025-10-30 15:17:13.579 Please replace `use_container_width` with `width`.

`use_container_width` will be removed after 2025-12-31.

For `use_container_width=True`, use `width='stretch'`. For `use_container_width=False`, use `width='content'`.
2025-10-30 15:17:15.745 Please replace `use_container_width` with `width`.

`use_container_width` will be removed after 2025-12-31.

For `use_container_width=True`, use `width='stretch'`. For `use_container_width=False`, use `width='content'`.
2025-10-30 15:17:15.768 Please replace `use_container_width` with `width`.

`use_container_width` will be removed after 2025-12-31.

For `use_container_width=True`, use `width='stretch'`. For `use_container_width=False`, use `width='content'`.
2025-10-30 15:17:19.818 Please replace `use_container_width` with `width`.

`use_container_width` will be removed after 2025-12-31.

For `use_container_width=True`, use `width='stretch'`. For `use_container_width=False`, use `width='content'`.

==> /home/dzoan/credit-appraisal-agent-poc/.logs/api_20251030-151659.log <==
INFO:     127.0.0.1:56918 - "POST /v1/agents/asset_appraisal/run HTTP/1.1" 500 Internal Server Error
ERROR:    Exception in ASGI application
Traceback (most recent call last):
  File "/home/dzoan/credit-appraisal-agent-poc/.venv/lib/python3.10/site-packages/uvicorn/protocols/http/httptools_impl.py", line 401, in run_asgi
    result = await app(  # type: ignore[func-returns-value]
  File "/home/dzoan/credit-appraisal-agent-poc/.venv/lib/python3.10/site-packages/uvicorn/middleware/proxy_headers.py", line 70, in __call__
    return await self.app(scope, receive, send)
  File "/home/dzoan/credit-appraisal-agent-poc/.venv/lib/python3.10/site-packages/fastapi/applications.py", line 1054, in __call__
    await super().__call__(scope, receive, send)
  File "/home/dzoan/credit-appraisal-agent-poc/.venv/lib/python3.10/site-packages/starlette/applications.py", line 113, in __call__
    await self.middleware_stack(scope, receive, send)
  File "/home/dzoan/credit-appraisal-agent-poc/.venv/lib/python3.10/site-packages/starlette/middleware/errors.py", line 187, in __call__
    raise exc
  File "/home/dzoan/credit-appraisal-agent-poc/.venv/lib/python3.10/site-packages/starlette/middleware/errors.py", line 165, in __call__
    await self.app(scope, receive, _send)
  File "/home/dzoan/credit-appraisal-agent-poc/.venv/lib/python3.10/site-packages/starlette/middleware/cors.py", line 85, in __call__
    await self.app(scope, receive, send)
  File "/home/dzoan/credit-appraisal-agent-poc/.venv/lib/python3.10/site-packages/starlette/middleware/exceptions.py", line 62, in __call__
    await wrap_app_handling_exceptions(self.app, conn)(scope, receive, send)
  File "/home/dzoan/credit-appraisal-agent-poc/.venv/lib/python3.10/site-packages/starlette/_exception_handler.py", line 62, in wrapped_app
    raise exc
  File "/home/dzoan/credit-appraisal-agent-poc/.venv/lib/python3.10/site-packages/starlette/_exception_handler.py", line 51, in wrapped_app
    await app(scope, receive, sender)
  File "/home/dzoan/credit-appraisal-agent-poc/.venv/lib/python3.10/site-packages/starlette/routing.py", line 715, in __call__
    await self.middleware_stack(scope, receive, send)
  File "/home/dzoan/credit-appraisal-agent-poc/.venv/lib/python3.10/site-packages/starlette/routing.py", line 735, in app
    await route.handle(scope, receive, send)
  File "/home/dzoan/credit-appraisal-agent-poc/.venv/lib/python3.10/site-packages/starlette/routing.py", line 288, in handle
    await self.app(scope, receive, send)
  File "/home/dzoan/credit-appraisal-agent-poc/.venv/lib/python3.10/site-packages/starlette/routing.py", line 76, in app
    await wrap_app_handling_exceptions(app, request)(scope, receive, send)
  File "/home/dzoan/credit-appraisal-agent-poc/.venv/lib/python3.10/site-packages/starlette/_exception_handler.py", line 62, in wrapped_app
    raise exc
  File "/home/dzoan/credit-appraisal-agent-poc/.venv/lib/python3.10/site-packages/starlette/_exception_handler.py", line 51, in wrapped_app
    await app(scope, receive, sender)
  File "/home/dzoan/credit-appraisal-agent-poc/.venv/lib/python3.10/site-packages/starlette/routing.py", line 73, in app
    response = await f(request)
  File "/home/dzoan/credit-appraisal-agent-poc/.venv/lib/python3.10/site-packages/fastapi/routing.py", line 301, in app
    raw_response = await run_endpoint_function(
  File "/home/dzoan/credit-appraisal-agent-poc/.venv/lib/python3.10/site-packages/fastapi/routing.py", line 212, in run_endpoint_function
    return await dependant.call(**values)
  File "/home/dzoan/credit-appraisal-agent-poc/services/api/routers/agents.py", line 45, in run_asset_appraisal
    merged_df: pd.DataFrame = res.get("merged_df") or pd.DataFrame()
  File "/home/dzoan/credit-appraisal-agent-poc/.venv/lib/python3.10/site-packages/pandas/core/generic.py", line 1577, in __nonzero__
    raise ValueError(
ValueError: The truth value of a DataFrame is ambiguous. Use a.empty, a.bool(), a.item(), a.any() or a.all().

==> /home/dzoan/credit-appraisal-agent-poc/.logs/ui_20251030-151659.log <==
2025-10-30 15:17:20.092 Please replace `use_container_width` with `width`.

`use_container_width` will be removed after 2025-12-31.

For `use_container_width=True`, use `width='stretch'`. For `use_container_width=False`, use `width='content'`.
2025-10-30 15:17:26.266 Please replace `use_container_width` with `width`.

`use_container_width` will be removed after 2025-12-31.

For `use_container_width=True`, use `width='stretch'`. For `use_container_width=False`, use `width='content'`.
2025-10-30 15:17:26.284 Please replace `use_container_width` with `width`.

`use_container_width` will be removed after 2025-12-31.

For `use_container_width=True`, use `width='stretch'`. For `use_container_width=False`, use `width='content'`.

==> /home/dzoan/credit-appraisal-agent-poc/.logs/api_20251030-151659.log <==
INFO:     127.0.0.1:37320 - "POST /v1/agents/asset_appraisal/run HTTP/1.1" 500 Internal Server Error
ERROR:    Exception in ASGI application
Traceback (most recent call last):
  File "/home/dzoan/credit-appraisal-agent-poc/.venv/lib/python3.10/site-packages/uvicorn/protocols/http/httptools_impl.py", line 401, in run_asgi
    result = await app(  # type: ignore[func-returns-value]
  File "/home/dzoan/credit-appraisal-agent-poc/.venv/lib/python3.10/site-packages/uvicorn/middleware/proxy_headers.py", line 70, in __call__
    return await self.app(scope, receive, send)
  File "/home/dzoan/credit-appraisal-agent-poc/.venv/lib/python3.10/site-packages/fastapi/applications.py", line 1054, in __call__
    await super().__call__(scope, receive, send)
  File "/home/dzoan/credit-appraisal-agent-poc/.venv/lib/python3.10/site-packages/starlette/applications.py", line 113, in __call__
    await self.middleware_stack(scope, receive, send)
  File "/home/dzoan/credit-appraisal-agent-poc/.venv/lib/python3.10/site-packages/starlette/middleware/errors.py", line 187, in __call__
    raise exc
  File "/home/dzoan/credit-appraisal-agent-poc/.venv/lib/python3.10/site-packages/starlette/middleware/errors.py", line 165, in __call__
    await self.app(scope, receive, _send)
  File "/home/dzoan/credit-appraisal-agent-poc/.venv/lib/python3.10/site-packages/starlette/middleware/cors.py", line 85, in __call__
    await self.app(scope, receive, send)
  File "/home/dzoan/credit-appraisal-agent-poc/.venv/lib/python3.10/site-packages/starlette/middleware/exceptions.py", line 62, in __call__
    await wrap_app_handling_exceptions(self.app, conn)(scope, receive, send)
  File "/home/dzoan/credit-appraisal-agent-poc/.venv/lib/python3.10/site-packages/starlette/_exception_handler.py", line 62, in wrapped_app
    raise exc
  File "/home/dzoan/credit-appraisal-agent-poc/.venv/lib/python3.10/site-packages/starlette/_exception_handler.py", line 51, in wrapped_app
    await app(scope, receive, sender)
  File "/home/dzoan/credit-appraisal-agent-poc/.venv/lib/python3.10/site-packages/starlette/routing.py", line 715, in __call__
    await self.middleware_stack(scope, receive, send)
  File "/home/dzoan/credit-appraisal-agent-poc/.venv/lib/python3.10/site-packages/starlette/routing.py", line 735, in app
    await route.handle(scope, receive, send)
  File "/home/dzoan/credit-appraisal-agent-poc/.venv/lib/python3.10/site-packages/starlette/routing.py", line 288, in handle
    await self.app(scope, receive, send)
  File "/home/dzoan/credit-appraisal-agent-poc/.venv/lib/python3.10/site-packages/starlette/routing.py", line 76, in app
    await wrap_app_handling_exceptions(app, request)(scope, receive, send)
  File "/home/dzoan/credit-appraisal-agent-poc/.venv/lib/python3.10/site-packages/starlette/_exception_handler.py", line 62, in wrapped_app
    raise exc
  File "/home/dzoan/credit-appraisal-agent-poc/.venv/lib/python3.10/site-packages/starlette/_exception_handler.py", line 51, in wrapped_app
    await app(scope, receive, sender)
  File "/home/dzoan/credit-appraisal-agent-poc/.venv/lib/python3.10/site-packages/starlette/routing.py", line 73, in app
    response = await f(request)
  File "/home/dzoan/credit-appraisal-agent-poc/.venv/lib/python3.10/site-packages/fastapi/routing.py", line 301, in app
    raw_response = await run_endpoint_function(
  File "/home/dzoan/credit-appraisal-agent-poc/.venv/lib/python3.10/site-packages/fastapi/routing.py", line 212, in run_endpoint_function
    return await dependant.call(**values)
  File "/home/dzoan/credit-appraisal-agent-poc/services/api/routers/agents.py", line 45, in run_asset_appraisal
    merged_df: pd.DataFrame = res.get("merged_df") or pd.DataFrame()
  File "/home/dzoan/credit-appraisal-agent-poc/.venv/lib/python3.10/site-packages/pandas/core/generic.py", line 1577, in __nonzero__
    raise ValueError(
ValueError: The truth value of a DataFrame is ambiguous. Use a.empty, a.bool(), a.item(), a.any() or a.all().

==> /home/dzoan/credit-appraisal-agent-poc/.logs/ui_20251030-151659.log <==
  Stopping...

==> /home/dzoan/credit-appraisal-agent-poc/.logs/api_20251030-151659.log <==
INFO:     Shutting down
INFO:     Waiting for application shutdown.
INFO:     Application shutdown complete.
INFO:     Finished server process [64957]
INFO:     Stopping reloader process [64947]
