==> /home/dzoan/credit-appraisal-agent-poc/.logs/api_20251031-163207.log <==

==> /home/dzoan/credit-appraisal-agent-poc/.logs/ui_20251031-163207.log <==

==> /home/dzoan/credit-appraisal-agent-poc/.logs/api_20251031-163207.log <==
INFO:     Will watch for changes in these directories: ['/home/dzoan/credit-appraisal-agent-poc']
INFO:     Uvicorn running on http://0.0.0.0:8090 (Press CTRL+C to quit)
INFO:     Started reloader process [383072] using WatchFiles

==> /home/dzoan/credit-appraisal-agent-poc/.logs/ui_20251031-163207.log <==

  You can now view your Streamlit app in your browser.

  URL: http://0.0.0.0:8502


==> /home/dzoan/credit-appraisal-agent-poc/.logs/api_20251031-163207.log <==
INFO:     Started server process [383082]
INFO:     Waiting for application startup.
INFO:     Application startup complete.
INFO:     127.0.0.1:56900 - "GET /v1/training/production_meta HTTP/1.1" 200 OK
INFO:     127.0.0.1:56906 - "GET /v1/training/production_meta HTTP/1.1" 200 OK
INFO:     127.0.0.1:46532 - "GET /v1/training/production_meta HTTP/1.1" 200 OK

==> /home/dzoan/credit-appraisal-agent-poc/.logs/ui_20251031-163207.log <==
2025-10-31 16:32:32.428 Please replace `use_container_width` with `width`.

`use_container_width` will be removed after 2025-12-31.

For `use_container_width=True`, use `width='stretch'`. For `use_container_width=False`, use `width='content'`.

==> /home/dzoan/credit-appraisal-agent-poc/.logs/api_20251031-163207.log <==
INFO:     127.0.0.1:46538 - "GET /v1/training/production_meta HTTP/1.1" 200 OK

==> /home/dzoan/credit-appraisal-agent-poc/.logs/ui_20251031-163207.log <==
2025-10-31 16:32:34.985 Please replace `use_container_width` with `width`.

`use_container_width` will be removed after 2025-12-31.

For `use_container_width=True`, use `width='stretch'`. For `use_container_width=False`, use `width='content'`.
2025-10-31 16:32:34.987 Please replace `use_container_width` with `width`.

`use_container_width` will be removed after 2025-12-31.

For `use_container_width=True`, use `width='stretch'`. For `use_container_width=False`, use `width='content'`.
2025-10-31 16:32:34.992 Please replace `use_container_width` with `width`.

`use_container_width` will be removed after 2025-12-31.

For `use_container_width=True`, use `width='stretch'`. For `use_container_width=False`, use `width='content'`.

==> /home/dzoan/credit-appraisal-agent-poc/.logs/api_20251031-163207.log <==
INFO:     127.0.0.1:47674 - "GET /v1/training/production_meta HTTP/1.1" 200 OK

==> /home/dzoan/credit-appraisal-agent-poc/.logs/ui_20251031-163207.log <==
2025-10-31 16:32:40.837 Please replace `use_container_width` with `width`.

`use_container_width` will be removed after 2025-12-31.

For `use_container_width=True`, use `width='stretch'`. For `use_container_width=False`, use `width='content'`.
2025-10-31 16:32:40.849 Please replace `use_container_width` with `width`.

`use_container_width` will be removed after 2025-12-31.

For `use_container_width=True`, use `width='stretch'`. For `use_container_width=False`, use `width='content'`.
2025-10-31 16:32:40.870 Please replace `use_container_width` with `width`.

`use_container_width` will be removed after 2025-12-31.

For `use_container_width=True`, use `width='stretch'`. For `use_container_width=False`, use `width='content'`.
2025-10-31 16:32:51.926 Please replace `use_container_width` with `width`.

`use_container_width` will be removed after 2025-12-31.

For `use_container_width=True`, use `width='stretch'`. For `use_container_width=False`, use `width='content'`.
2025-10-31 16:32:51.929 Please replace `use_container_width` with `width`.

`use_container_width` will be removed after 2025-12-31.

For `use_container_width=True`, use `width='stretch'`. For `use_container_width=False`, use `width='content'`.

==> /home/dzoan/credit-appraisal-agent-poc/.logs/api_20251031-163207.log <==
INFO:     127.0.0.1:56618 - "GET /v1/training/production_meta HTTP/1.1" 200 OK

==> /home/dzoan/credit-appraisal-agent-poc/.logs/ui_20251031-163207.log <==
2025-10-31 16:32:51.947 Please replace `use_container_width` with `width`.

`use_container_width` will be removed after 2025-12-31.

For `use_container_width=True`, use `width='stretch'`. For `use_container_width=False`, use `width='content'`.

==> /home/dzoan/credit-appraisal-agent-poc/.logs/api_20251031-163207.log <==
INFO:     127.0.0.1:43184 - "GET /v1/training/production_meta HTTP/1.1" 200 OK
INFO:     127.0.0.1:43200 - "GET /v1/agents HTTP/1.1" 404 Not Found
INFO:     127.0.0.1:43208 - "GET /v1/agents/list HTTP/1.1" 404 Not Found
INFO:     127.0.0.1:43216 - "GET /v1/health HTTP/1.1" 404 Not Found
INFO:     127.0.0.1:43228 - "POST /v1/agents/asset_appraisal/run HTTP/1.1" 404 Not Found
INFO:     127.0.0.1:43236 - "POST /v1/agents/asset/run HTTP/1.1" 404 Not Found

==> /home/dzoan/credit-appraisal-agent-poc/.logs/ui_20251031-163207.log <==
2025-10-31 16:32:58.525 Please replace `use_container_width` with `width`.

`use_container_width` will be removed after 2025-12-31.

For `use_container_width=True`, use `width='stretch'`. For `use_container_width=False`, use `width='content'`.
2025-10-31 16:32:58.530 Please replace `use_container_width` with `width`.

`use_container_width` will be removed after 2025-12-31.

For `use_container_width=True`, use `width='stretch'`. For `use_container_width=False`, use `width='content'`.
2025-10-31 16:32:58.546 Please replace `use_container_width` with `width`.

`use_container_width` will be removed after 2025-12-31.

For `use_container_width=True`, use `width='stretch'`. For `use_container_width=False`, use `width='content'`.

==> /home/dzoan/credit-appraisal-agent-poc/.logs/api_20251031-163207.log <==
INFO:     127.0.0.1:43248 - "GET /v1/training/production_meta HTTP/1.1" 200 OK

==> /home/dzoan/credit-appraisal-agent-poc/.logs/ui_20251031-163207.log <==
2025-10-31 16:33:05.684 Please replace `use_container_width` with `width`.

`use_container_width` will be removed after 2025-12-31.

For `use_container_width=True`, use `width='stretch'`. For `use_container_width=False`, use `width='content'`.
2025-10-31 16:33:05.687 Please replace `use_container_width` with `width`.

`use_container_width` will be removed after 2025-12-31.

For `use_container_width=True`, use `width='stretch'`. For `use_container_width=False`, use `width='content'`.
2025-10-31 16:33:05.707 Please replace `use_container_width` with `width`.

`use_container_width` will be removed after 2025-12-31.

For `use_container_width=True`, use `width='stretch'`. For `use_container_width=False`, use `width='content'`.

==> /home/dzoan/credit-appraisal-agent-poc/.logs/api_20251031-163207.log <==
INFO:     127.0.0.1:60262 - "GET /v1/training/production_meta HTTP/1.1" 200 OK

==> /home/dzoan/credit-appraisal-agent-poc/.logs/ui_20251031-163207.log <==
2025-10-31 16:33:08.507 Please replace `use_container_width` with `width`.

`use_container_width` will be removed after 2025-12-31.

For `use_container_width=True`, use `width='stretch'`. For `use_container_width=False`, use `width='content'`.
2025-10-31 16:33:08.509 Please replace `use_container_width` with `width`.

`use_container_width` will be removed after 2025-12-31.

For `use_container_width=True`, use `width='stretch'`. For `use_container_width=False`, use `width='content'`.
2025-10-31 16:33:08.527 Please replace `use_container_width` with `width`.

`use_container_width` will be removed after 2025-12-31.

For `use_container_width=True`, use `width='stretch'`. For `use_container_width=False`, use `width='content'`.

==> /home/dzoan/credit-appraisal-agent-poc/.logs/api_20251031-163207.log <==
INFO:     127.0.0.1:60268 - "GET /v1/training/production_meta HTTP/1.1" 200 OK
INFO:     127.0.0.1:60276 - "POST /v1/agents/asset_appraisal/run HTTP/1.1" 404 Not Found
INFO:     127.0.0.1:60292 - "POST /v1/agents/asset/run HTTP/1.1" 404 Not Found

==> /home/dzoan/credit-appraisal-agent-poc/.logs/ui_20251031-163207.log <==
2025-10-31 16:33:11.926 Please replace `use_container_width` with `width`.

`use_container_width` will be removed after 2025-12-31.

For `use_container_width=True`, use `width='stretch'`. For `use_container_width=False`, use `width='content'`.
2025-10-31 16:33:11.929 Please replace `use_container_width` with `width`.

`use_container_width` will be removed after 2025-12-31.

For `use_container_width=True`, use `width='stretch'`. For `use_container_width=False`, use `width='content'`.
2025-10-31 16:33:11.946 Please replace `use_container_width` with `width`.

`use_container_width` will be removed after 2025-12-31.

For `use_container_width=True`, use `width='stretch'`. For `use_container_width=False`, use `width='content'`.

==> /home/dzoan/credit-appraisal-agent-poc/.logs/api_20251031-163207.log <==
INFO:     127.0.0.1:55834 - "GET /v1/training/production_meta HTTP/1.1" 200 OK
INFO:     127.0.0.1:55846 - "GET /v1/health HTTP/1.1" 404 Not Found
INFO:     127.0.0.1:55858 - "GET /v1/agents HTTP/1.1" 404 Not Found
INFO:     127.0.0.1:55860 - "GET /v1/agents/list HTTP/1.1" 404 Not Found

==> /home/dzoan/credit-appraisal-agent-poc/.logs/ui_20251031-163207.log <==
2025-10-31 16:33:55.822 Please replace `use_container_width` with `width`.

`use_container_width` will be removed after 2025-12-31.

For `use_container_width=True`, use `width='stretch'`. For `use_container_width=False`, use `width='content'`.
2025-10-31 16:33:55.829 Please replace `use_container_width` with `width`.

`use_container_width` will be removed after 2025-12-31.

For `use_container_width=True`, use `width='stretch'`. For `use_container_width=False`, use `width='content'`.
2025-10-31 16:33:55.844 Please replace `use_container_width` with `width`.

`use_container_width` will be removed after 2025-12-31.

For `use_container_width=True`, use `width='stretch'`. For `use_container_width=False`, use `width='content'`.

==> /home/dzoan/credit-appraisal-agent-poc/.logs/api_20251031-163207.log <==
INFO:     127.0.0.1:38464 - "GET /docs HTTP/1.1" 200 OK
INFO:     127.0.0.1:38464 - "GET /openapi.json HTTP/1.1" 200 OK
INFO:     Shutting down
INFO:     Waiting for application shutdown.
INFO:     Application shutdown complete.
INFO:     Finished server process [383082]
INFO:     Stopping reloader process [383072]

==> /home/dzoan/credit-appraisal-agent-poc/.logs/ui_20251031-163207.log <==
  Stopping...
