==> /home/dzoan/credit-appraisal-agent-poc/.logs/api_20251030-095237.log <==

==> /home/dzoan/credit-appraisal-agent-poc/.logs/ui_20251030-095237.log <==

==> /home/dzoan/credit-appraisal-agent-poc/.logs/api_20251030-095237.log <==
INFO:     Will watch for changes in these directories: ['/home/dzoan/credit-appraisal-agent-poc']
INFO:     Uvicorn running on http://0.0.0.0:8090 (Press CTRL+C to quit)
INFO:     Started reloader process [1752] using WatchFiles

==> /home/dzoan/credit-appraisal-agent-poc/.logs/ui_20251030-095237.log <==

  You can now view your Streamlit app in your browser.

  URL: http://0.0.0.0:8502


==> /home/dzoan/credit-appraisal-agent-poc/.logs/api_20251030-095237.log <==
INFO:     Started server process [1762]
INFO:     Waiting for application startup.
INFO:     Application startup complete.
INFO:     127.0.0.1:51308 - "GET /docs HTTP/1.1" 200 OK
INFO:     127.0.0.1:51308 - "GET /openapi.json HTTP/1.1" 200 OK
INFO:     127.0.0.1:53548 - "GET /v1/training/production_meta HTTP/1.1" 200 OK
INFO:     127.0.0.1:53554 - "GET /v1/training/production_meta HTTP/1.1" 200 OK
INFO:     127.0.0.1:52444 - "GET /v1/training/production_meta HTTP/1.1" 200 OK
INFO:     127.0.0.1:52450 - "GET /v1/training/production_meta HTTP/1.1" 200 OK
INFO:     127.0.0.1:52462 - "GET /v1/training/production_meta HTTP/1.1" 200 OK
INFO:     127.0.0.1:52472 - "GET /v1/training/production_meta HTTP/1.1" 200 OK
INFO:     127.0.0.1:38698 - "GET /v1/training/production_meta HTTP/1.1" 200 OK
INFO:     127.0.0.1:38712 - "GET /v1/training/production_meta HTTP/1.1" 200 OK
INFO:     127.0.0.1:38726 - "GET /v1/training/production_meta HTTP/1.1" 200 OK
INFO:     127.0.0.1:38728 - "GET /v1/training/production_meta HTTP/1.1" 200 OK
INFO:     127.0.0.1:37476 - "GET /v1/training/production_meta HTTP/1.1" 200 OK
/home/dzoan/credit-appraisal-agent-poc/.venv/lib/python3.10/site-packages/sklearn/base.py:493: UserWarning: X does not have valid feature names, but StandardScaler was fitted with feature names
  warnings.warn(
INFO:     127.0.0.1:37482 - "POST /v1/agents/credit_appraisal/run HTTP/1.1" 200 OK
INFO:     127.0.0.1:37486 - "GET /v1/runs/run_1761792814/report?format=csv HTTP/1.1" 200 OK

==> /home/dzoan/credit-appraisal-agent-poc/.logs/ui_20251030-095237.log <==
2025-10-30 09:53:34.738 Please replace `use_container_width` with `width`.

`use_container_width` will be removed after 2025-12-31.

For `use_container_width=True`, use `width='stretch'`. For `use_container_width=False`, use `width='content'`.
2025-10-30 09:53:35.105 Please replace `use_container_width` with `width`.

`use_container_width` will be removed after 2025-12-31.

For `use_container_width=True`, use `width='stretch'`. For `use_container_width=False`, use `width='content'`.
2025-10-30 09:53:35.125 Please replace `use_container_width` with `width`.

`use_container_width` will be removed after 2025-12-31.

For `use_container_width=True`, use `width='stretch'`. For `use_container_width=False`, use `width='content'`.
2025-10-30 09:53:35.405 Please replace `use_container_width` with `width`.

`use_container_width` will be removed after 2025-12-31.

For `use_container_width=True`, use `width='stretch'`. For `use_container_width=False`, use `width='content'`.
2025-10-30 09:53:35.410 Please replace `use_container_width` with `width`.

`use_container_width` will be removed after 2025-12-31.

For `use_container_width=True`, use `width='stretch'`. For `use_container_width=False`, use `width='content'`.
2025-10-30 09:53:35.424 Please replace `use_container_width` with `width`.

`use_container_width` will be removed after 2025-12-31.

For `use_container_width=True`, use `width='stretch'`. For `use_container_width=False`, use `width='content'`.

==> /home/dzoan/credit-appraisal-agent-poc/.logs/api_20251030-095237.log <==
INFO:     127.0.0.1:37488 - "GET /v1/training/production_meta HTTP/1.1" 200 OK
INFO:     127.0.0.1:54698 - "GET /v1/training/production_meta HTTP/1.1" 200 OK

==> /home/dzoan/credit-appraisal-agent-poc/.logs/ui_20251030-095237.log <==
2025-10-30 09:53:46.150 Please replace `use_container_width` with `width`.

`use_container_width` will be removed after 2025-12-31.

For `use_container_width=True`, use `width='stretch'`. For `use_container_width=False`, use `width='content'`.

==> /home/dzoan/credit-appraisal-agent-poc/.logs/api_20251030-095237.log <==
INFO:     127.0.0.1:54702 - "GET /v1/training/production_meta HTTP/1.1" 200 OK
INFO:     127.0.0.1:53116 - "GET /v1/training/production_meta HTTP/1.1" 200 OK
/home/dzoan/credit-appraisal-agent-poc/.venv/lib/python3.10/site-packages/sklearn/base.py:493: UserWarning: X does not have valid feature names, but StandardScaler was fitted with feature names
  warnings.warn(
INFO:     127.0.0.1:53118 - "POST /v1/agents/credit_appraisal/run HTTP/1.1" 200 OK
INFO:     127.0.0.1:53124 - "GET /v1/runs/run_1761792923/report?format=csv HTTP/1.1" 200 OK

==> /home/dzoan/credit-appraisal-agent-poc/.logs/ui_20251030-095237.log <==
2025-10-30 09:55:23.771 Please replace `use_container_width` with `width`.

`use_container_width` will be removed after 2025-12-31.

For `use_container_width=True`, use `width='stretch'`. For `use_container_width=False`, use `width='content'`.
2025-10-30 09:55:23.939 Please replace `use_container_width` with `width`.

`use_container_width` will be removed after 2025-12-31.

For `use_container_width=True`, use `width='stretch'`. For `use_container_width=False`, use `width='content'`.
2025-10-30 09:55:23.956 Please replace `use_container_width` with `width`.

`use_container_width` will be removed after 2025-12-31.

For `use_container_width=True`, use `width='stretch'`. For `use_container_width=False`, use `width='content'`.
2025-10-30 09:55:24.215 Please replace `use_container_width` with `width`.

`use_container_width` will be removed after 2025-12-31.

For `use_container_width=True`, use `width='stretch'`. For `use_container_width=False`, use `width='content'`.
2025-10-30 09:55:24.220 Please replace `use_container_width` with `width`.

`use_container_width` will be removed after 2025-12-31.

For `use_container_width=True`, use `width='stretch'`. For `use_container_width=False`, use `width='content'`.
2025-10-30 09:55:24.236 Please replace `use_container_width` with `width`.

`use_container_width` will be removed after 2025-12-31.

For `use_container_width=True`, use `width='stretch'`. For `use_container_width=False`, use `width='content'`.

==> /home/dzoan/credit-appraisal-agent-poc/.logs/api_20251030-095237.log <==
INFO:     127.0.0.1:53138 - "GET /v1/training/production_meta HTTP/1.1" 200 OK
INFO:     127.0.0.1:47900 - "GET /v1/training/production_meta HTTP/1.1" 200 OK

==> /home/dzoan/credit-appraisal-agent-poc/.logs/ui_20251030-095237.log <==
2025-10-30 09:55:32.952 Please replace `use_container_width` with `width`.

`use_container_width` will be removed after 2025-12-31.

For `use_container_width=True`, use `width='stretch'`. For `use_container_width=False`, use `width='content'`.

==> /home/dzoan/credit-appraisal-agent-poc/.logs/api_20251030-095237.log <==
INFO:     127.0.0.1:47916 - "GET /v1/training/production_meta HTTP/1.1" 200 OK
INFO:     127.0.0.1:36368 - "GET /v1/training/production_meta HTTP/1.1" 200 OK

==> /home/dzoan/credit-appraisal-agent-poc/.logs/ui_20251030-095237.log <==
2025-10-30 09:55:44.039 Please replace `use_container_width` with `width`.

`use_container_width` will be removed after 2025-12-31.

For `use_container_width=True`, use `width='stretch'`. For `use_container_width=False`, use `width='content'`.

==> /home/dzoan/credit-appraisal-agent-poc/.logs/api_20251030-095237.log <==
INFO:     127.0.0.1:36370 - "GET /v1/training/production_meta HTTP/1.1" 200 OK
INFO:     127.0.0.1:36386 - "GET /v1/training/production_meta HTTP/1.1" 200 OK

==> /home/dzoan/credit-appraisal-agent-poc/.logs/ui_20251030-095237.log <==
2025-10-30 09:55:47.943 Please replace `use_container_width` with `width`.

`use_container_width` will be removed after 2025-12-31.

For `use_container_width=True`, use `width='stretch'`. For `use_container_width=False`, use `width='content'`.

==> /home/dzoan/credit-appraisal-agent-poc/.logs/api_20251030-095237.log <==
INFO:     127.0.0.1:36394 - "GET /v1/training/production_meta HTTP/1.1" 200 OK
INFO:     127.0.0.1:34246 - "GET /v1/training/production_meta HTTP/1.1" 200 OK

==> /home/dzoan/credit-appraisal-agent-poc/.logs/ui_20251030-095237.log <==
2025-10-30 09:55:57.893 Please replace `use_container_width` with `width`.

`use_container_width` will be removed after 2025-12-31.

For `use_container_width=True`, use `width='stretch'`. For `use_container_width=False`, use `width='content'`.

==> /home/dzoan/credit-appraisal-agent-poc/.logs/api_20251030-095237.log <==
INFO:     127.0.0.1:34250 - "GET /v1/training/production_meta HTTP/1.1" 200 OK
INFO:     127.0.0.1:38204 - "GET /v1/training/production_meta HTTP/1.1" 200 OK

==> /home/dzoan/credit-appraisal-agent-poc/.logs/ui_20251030-095237.log <==
2025-10-30 09:56:05.250 Please replace `use_container_width` with `width`.

`use_container_width` will be removed after 2025-12-31.

For `use_container_width=True`, use `width='stretch'`. For `use_container_width=False`, use `width='content'`.

==> /home/dzoan/credit-appraisal-agent-poc/.logs/api_20251030-095237.log <==
INFO:     127.0.0.1:38216 - "GET /v1/training/production_meta HTTP/1.1" 200 OK
INFO:     127.0.0.1:38232 - "GET /v1/training/production_meta HTTP/1.1" 200 OK

==> /home/dzoan/credit-appraisal-agent-poc/.logs/ui_20251030-095237.log <==
2025-10-30 09:56:07.032 Please replace `use_container_width` with `width`.

`use_container_width` will be removed after 2025-12-31.

For `use_container_width=True`, use `width='stretch'`. For `use_container_width=False`, use `width='content'`.

==> /home/dzoan/credit-appraisal-agent-poc/.logs/api_20251030-095237.log <==
INFO:     127.0.0.1:38236 - "GET /v1/training/production_meta HTTP/1.1" 200 OK
INFO:     127.0.0.1:52084 - "GET /v1/training/production_meta HTTP/1.1" 200 OK

==> /home/dzoan/credit-appraisal-agent-poc/.logs/ui_20251030-095237.log <==
2025-10-30 09:56:14.530 Please replace `use_container_width` with `width`.

`use_container_width` will be removed after 2025-12-31.

For `use_container_width=True`, use `width='stretch'`. For `use_container_width=False`, use `width='content'`.

==> /home/dzoan/credit-appraisal-agent-poc/.logs/api_20251030-095237.log <==
INFO:     127.0.0.1:52096 - "GET /v1/training/production_meta HTTP/1.1" 200 OK
INFO:     127.0.0.1:52110 - "GET /v1/training/production_meta HTTP/1.1" 200 OK

==> /home/dzoan/credit-appraisal-agent-poc/.logs/ui_20251030-095237.log <==
2025-10-30 09:56:20.312 Please replace `use_container_width` with `width`.

`use_container_width` will be removed after 2025-12-31.

For `use_container_width=True`, use `width='stretch'`. For `use_container_width=False`, use `width='content'`.

==> /home/dzoan/credit-appraisal-agent-poc/.logs/api_20251030-095237.log <==
INFO:     127.0.0.1:52120 - "GET /v1/training/production_meta HTTP/1.1" 200 OK
INFO:     127.0.0.1:49236 - "GET /v1/training/production_meta HTTP/1.1" 200 OK

==> /home/dzoan/credit-appraisal-agent-poc/.logs/ui_20251030-095237.log <==
2025-10-30 09:56:28.133 Please replace `use_container_width` with `width`.

`use_container_width` will be removed after 2025-12-31.

For `use_container_width=True`, use `width='stretch'`. For `use_container_width=False`, use `width='content'`.

==> /home/dzoan/credit-appraisal-agent-poc/.logs/api_20251030-095237.log <==
INFO:     127.0.0.1:49244 - "GET /v1/training/production_meta HTTP/1.1" 200 OK
INFO:     127.0.0.1:49256 - "GET /v1/training/production_meta HTTP/1.1" 200 OK

==> /home/dzoan/credit-appraisal-agent-poc/.logs/ui_20251030-095237.log <==
2025-10-30 09:56:29.594 Please replace `use_container_width` with `width`.

`use_container_width` will be removed after 2025-12-31.

For `use_container_width=True`, use `width='stretch'`. For `use_container_width=False`, use `width='content'`.

==> /home/dzoan/credit-appraisal-agent-poc/.logs/api_20251030-095237.log <==
INFO:     127.0.0.1:49268 - "GET /v1/training/production_meta HTTP/1.1" 200 OK
INFO:     127.0.0.1:49278 - "GET /v1/training/production_meta HTTP/1.1" 200 OK

==> /home/dzoan/credit-appraisal-agent-poc/.logs/ui_20251030-095237.log <==
2025-10-30 09:56:31.379 Please replace `use_container_width` with `width`.

`use_container_width` will be removed after 2025-12-31.

For `use_container_width=True`, use `width='stretch'`. For `use_container_width=False`, use `width='content'`.

==> /home/dzoan/credit-appraisal-agent-poc/.logs/api_20251030-095237.log <==
INFO:     127.0.0.1:49288 - "GET /v1/training/production_meta HTTP/1.1" 200 OK
INFO:     127.0.0.1:49304 - "GET /v1/training/production_meta HTTP/1.1" 200 OK

==> /home/dzoan/credit-appraisal-agent-poc/.logs/ui_20251030-095237.log <==
2025-10-30 09:56:31.660 Please replace `use_container_width` with `width`.

`use_container_width` will be removed after 2025-12-31.

For `use_container_width=True`, use `width='stretch'`. For `use_container_width=False`, use `width='content'`.

==> /home/dzoan/credit-appraisal-agent-poc/.logs/api_20251030-095237.log <==
INFO:     127.0.0.1:49318 - "GET /v1/training/production_meta HTTP/1.1" 200 OK
INFO:     127.0.0.1:60760 - "GET /v1/training/production_meta HTTP/1.1" 200 OK

==> /home/dzoan/credit-appraisal-agent-poc/.logs/ui_20251030-095237.log <==
2025-10-30 09:56:50.087 Please replace `use_container_width` with `width`.

`use_container_width` will be removed after 2025-12-31.

For `use_container_width=True`, use `width='stretch'`. For `use_container_width=False`, use `width='content'`.

==> /home/dzoan/credit-appraisal-agent-poc/.logs/api_20251030-095237.log <==
INFO:     127.0.0.1:60776 - "GET /v1/training/production_meta HTTP/1.1" 200 OK
INFO:     127.0.0.1:59636 - "GET /v1/training/production_meta HTTP/1.1" 200 OK
/home/dzoan/credit-appraisal-agent-poc/.venv/lib/python3.10/site-packages/sklearn/base.py:493: UserWarning: X does not have valid feature names, but StandardScaler was fitted with feature names
  warnings.warn(
INFO:     127.0.0.1:59638 - "POST /v1/agents/credit_appraisal/run HTTP/1.1" 200 OK
INFO:     127.0.0.1:59642 - "GET /v1/runs/run_1761793013/report?format=csv HTTP/1.1" 200 OK

==> /home/dzoan/credit-appraisal-agent-poc/.logs/ui_20251030-095237.log <==
2025-10-30 09:56:53.990 Please replace `use_container_width` with `width`.

`use_container_width` will be removed after 2025-12-31.

For `use_container_width=True`, use `width='stretch'`. For `use_container_width=False`, use `width='content'`.
2025-10-30 09:56:54.144 Please replace `use_container_width` with `width`.

`use_container_width` will be removed after 2025-12-31.

For `use_container_width=True`, use `width='stretch'`. For `use_container_width=False`, use `width='content'`.
2025-10-30 09:56:54.162 Please replace `use_container_width` with `width`.

`use_container_width` will be removed after 2025-12-31.

For `use_container_width=True`, use `width='stretch'`. For `use_container_width=False`, use `width='content'`.
2025-10-30 09:56:54.411 Please replace `use_container_width` with `width`.

`use_container_width` will be removed after 2025-12-31.

For `use_container_width=True`, use `width='stretch'`. For `use_container_width=False`, use `width='content'`.
2025-10-30 09:56:54.419 Please replace `use_container_width` with `width`.

`use_container_width` will be removed after 2025-12-31.

For `use_container_width=True`, use `width='stretch'`. For `use_container_width=False`, use `width='content'`.
2025-10-30 09:56:54.438 Please replace `use_container_width` with `width`.

`use_container_width` will be removed after 2025-12-31.

For `use_container_width=True`, use `width='stretch'`. For `use_container_width=False`, use `width='content'`.

==> /home/dzoan/credit-appraisal-agent-poc/.logs/api_20251030-095237.log <==
INFO:     127.0.0.1:59654 - "GET /v1/training/production_meta HTTP/1.1" 200 OK
INFO:     127.0.0.1:59668 - "GET /v1/training/production_meta HTTP/1.1" 200 OK

==> /home/dzoan/credit-appraisal-agent-poc/.logs/ui_20251030-095237.log <==
2025-10-30 09:56:58.860 Please replace `use_container_width` with `width`.

`use_container_width` will be removed after 2025-12-31.

For `use_container_width=True`, use `width='stretch'`. For `use_container_width=False`, use `width='content'`.

==> /home/dzoan/credit-appraisal-agent-poc/.logs/api_20251030-095237.log <==
INFO:     127.0.0.1:59670 - "GET /v1/training/production_meta HTTP/1.1" 200 OK
INFO:     127.0.0.1:37466 - "GET /v1/training/production_meta HTTP/1.1" 200 OK

==> /home/dzoan/credit-appraisal-agent-poc/.logs/ui_20251030-095237.log <==
2025-10-30 09:57:08.716 Please replace `use_container_width` with `width`.

`use_container_width` will be removed after 2025-12-31.

For `use_container_width=True`, use `width='stretch'`. For `use_container_width=False`, use `width='content'`.

==> /home/dzoan/credit-appraisal-agent-poc/.logs/api_20251030-095237.log <==
INFO:     127.0.0.1:37476 - "GET /v1/training/production_meta HTTP/1.1" 200 OK
INFO:     127.0.0.1:53800 - "GET /v1/training/production_meta HTTP/1.1" 200 OK

==> /home/dzoan/credit-appraisal-agent-poc/.logs/ui_20251030-095237.log <==
2025-10-30 09:57:26.978 Please replace `use_container_width` with `width`.

`use_container_width` will be removed after 2025-12-31.

For `use_container_width=True`, use `width='stretch'`. For `use_container_width=False`, use `width='content'`.

==> /home/dzoan/credit-appraisal-agent-poc/.logs/api_20251030-095237.log <==
INFO:     127.0.0.1:53804 - "GET /v1/training/production_meta HTTP/1.1" 200 OK
INFO:     127.0.0.1:42478 - "GET /v1/training/production_meta HTTP/1.1" 200 OK

==> /home/dzoan/credit-appraisal-agent-poc/.logs/ui_20251030-095237.log <==
2025-10-30 09:57:32.812 Please replace `use_container_width` with `width`.

`use_container_width` will be removed after 2025-12-31.

For `use_container_width=True`, use `width='stretch'`. For `use_container_width=False`, use `width='content'`.

==> /home/dzoan/credit-appraisal-agent-poc/.logs/api_20251030-095237.log <==
INFO:     127.0.0.1:42484 - "GET /v1/training/production_meta HTTP/1.1" 200 OK
INFO:     127.0.0.1:42498 - "GET /v1/training/production_meta HTTP/1.1" 200 OK

==> /home/dzoan/credit-appraisal-agent-poc/.logs/ui_20251030-095237.log <==
2025-10-30 09:57:33.779 Please replace `use_container_width` with `width`.

`use_container_width` will be removed after 2025-12-31.

For `use_container_width=True`, use `width='stretch'`. For `use_container_width=False`, use `width='content'`.

==> /home/dzoan/credit-appraisal-agent-poc/.logs/api_20251030-095237.log <==
INFO:     127.0.0.1:42500 - "GET /v1/training/production_meta HTTP/1.1" 200 OK
INFO:     127.0.0.1:42512 - "GET /v1/training/production_meta HTTP/1.1" 200 OK

==> /home/dzoan/credit-appraisal-agent-poc/.logs/ui_20251030-095237.log <==
2025-10-30 09:57:35.407 Please replace `use_container_width` with `width`.

`use_container_width` will be removed after 2025-12-31.

For `use_container_width=True`, use `width='stretch'`. For `use_container_width=False`, use `width='content'`.

==> /home/dzoan/credit-appraisal-agent-poc/.logs/api_20251030-095237.log <==
INFO:     127.0.0.1:42528 - "GET /v1/training/production_meta HTTP/1.1" 200 OK
INFO:     127.0.0.1:42544 - "GET /v1/training/production_meta HTTP/1.1" 200 OK

==> /home/dzoan/credit-appraisal-agent-poc/.logs/ui_20251030-095237.log <==
2025-10-30 09:57:35.680 Please replace `use_container_width` with `width`.

`use_container_width` will be removed after 2025-12-31.

For `use_container_width=True`, use `width='stretch'`. For `use_container_width=False`, use `width='content'`.

==> /home/dzoan/credit-appraisal-agent-poc/.logs/api_20251030-095237.log <==
INFO:     127.0.0.1:42556 - "GET /v1/training/production_meta HTTP/1.1" 200 OK
INFO:     127.0.0.1:51364 - "GET /v1/training/production_meta HTTP/1.1" 200 OK

==> /home/dzoan/credit-appraisal-agent-poc/.logs/ui_20251030-095237.log <==
2025-10-30 09:57:57.462 Please replace `use_container_width` with `width`.

`use_container_width` will be removed after 2025-12-31.

For `use_container_width=True`, use `width='stretch'`. For `use_container_width=False`, use `width='content'`.

==> /home/dzoan/credit-appraisal-agent-poc/.logs/api_20251030-095237.log <==
INFO:     127.0.0.1:51366 - "GET /v1/training/production_meta HTTP/1.1" 200 OK
INFO:     127.0.0.1:51374 - "GET /v1/training/production_meta HTTP/1.1" 200 OK

==> /home/dzoan/credit-appraisal-agent-poc/.logs/ui_20251030-095237.log <==
2025-10-30 09:57:58.786 Please replace `use_container_width` with `width`.

`use_container_width` will be removed after 2025-12-31.

For `use_container_width=True`, use `width='stretch'`. For `use_container_width=False`, use `width='content'`.

==> /home/dzoan/credit-appraisal-agent-poc/.logs/api_20251030-095237.log <==
INFO:     127.0.0.1:51382 - "GET /v1/training/production_meta HTTP/1.1" 200 OK
INFO:     127.0.0.1:51390 - "GET /v1/training/production_meta HTTP/1.1" 200 OK

==> /home/dzoan/credit-appraisal-agent-poc/.logs/ui_20251030-095237.log <==
2025-10-30 09:57:59.024 Please replace `use_container_width` with `width`.

`use_container_width` will be removed after 2025-12-31.

For `use_container_width=True`, use `width='stretch'`. For `use_container_width=False`, use `width='content'`.

==> /home/dzoan/credit-appraisal-agent-poc/.logs/api_20251030-095237.log <==
INFO:     127.0.0.1:51400 - "GET /v1/training/production_meta HTTP/1.1" 200 OK

==> /home/dzoan/credit-appraisal-agent-poc/.logs/ui_20251030-095237.log <==
  Stopping...

==> /home/dzoan/credit-appraisal-agent-poc/.logs/api_20251030-095237.log <==
INFO:     Shutting down
INFO:     Waiting for application shutdown.
INFO:     Application shutdown complete.
INFO:     Finished server process [1762]
INFO:     Stopping reloader process [1752]
