2025-11-01 12:26:06 [STREAM] ==> /home/dzoan/credit-appraisal-agent-poc/.logs/api_20251101-122604.log <==
2025-11-01 12:26:06 [STREAM] 
2025-11-01 12:26:06 [STREAM] ==> /home/dzoan/credit-appraisal-agent-poc/.logs/ui_20251101-122604.log <==
2025-11-01 12:26:07 [STREAM] 
2025-11-01 12:26:07 [STREAM] ==> /home/dzoan/credit-appraisal-agent-poc/.logs/api_20251101-122604.log <==
2025-11-01 12:26:07 [STREAM] INFO:     Will watch for changes in these directories: ['/home/dzoan/credit-appraisal-agent-poc']
2025-11-01 12:26:07 [STREAM] INFO:     Uvicorn running on http://0.0.0.0:8090 (Press CTRL+C to quit)
2025-11-01 12:26:07 [STREAM] INFO:     Started reloader process [579956] using WatchFiles
2025-11-01 12:26:07 [STREAM] 
2025-11-01 12:26:07 [STREAM] ==> /home/dzoan/credit-appraisal-agent-poc/.logs/ui_20251101-122604.log <==
2025-11-01 12:26:07 [STREAM] 2025-11-01 12:26:07.086 Starting new event loop for server
2025-11-01 12:26:07 [STREAM] 2025-11-01 12:26:07.087 Starting server...
2025-11-01 12:26:07 [STREAM] 2025-11-01 12:26:07.087 Serving static content from /home/dzoan/credit-appraisal-agent-poc/.venv/lib/python3.10/site-packages/streamlit/static
2025-11-01 12:26:07 [STREAM] 2025-11-01 12:26:07.093 Server started on port 8502
2025-11-01 12:26:07 [STREAM] 2025-11-01 12:26:07.093 Runtime state: RuntimeState.INITIAL -> RuntimeState.NO_SESSIONS_CONNECTED
2025-11-01 12:26:07 [STREAM] 
2025-11-01 12:26:07 [STREAM]   You can now view your Streamlit app in your browser.
2025-11-01 12:26:07 [STREAM] 
2025-11-01 12:26:07 [STREAM]   URL: http://0.0.0.0:8502
2025-11-01 12:26:07 [STREAM] 
2025-11-01 12:26:07 [STREAM] 2025-11-01 12:26:07.094 Setting up signal handler
2025-11-01 12:26:08 [STREAM] 
2025-11-01 12:26:08 [STREAM] ==> /home/dzoan/credit-appraisal-agent-poc/.logs/api_20251101-122604.log <==
2025-11-01 12:26:08 [STREAM] Process SpawnProcess-1:
2025-11-01 12:26:08 [STREAM] Traceback (most recent call last):
2025-11-01 12:26:08 [STREAM]   File "/usr/lib/python3.10/multiprocessing/process.py", line 314, in _bootstrap
2025-11-01 12:26:08 [STREAM]     self.run()
2025-11-01 12:26:08 [STREAM]   File "/usr/lib/python3.10/multiprocessing/process.py", line 108, in run
2025-11-01 12:26:08 [STREAM]     self._target(*self._args, **self._kwargs)
2025-11-01 12:26:08 [STREAM]   File "/home/dzoan/credit-appraisal-agent-poc/.venv/lib/python3.10/site-packages/uvicorn/_subprocess.py", line 80, in subprocess_started
2025-11-01 12:26:08 [STREAM]     target(sockets=sockets)
2025-11-01 12:26:08 [STREAM]   File "/home/dzoan/credit-appraisal-agent-poc/.venv/lib/python3.10/site-packages/uvicorn/server.py", line 65, in run
2025-11-01 12:26:08 [STREAM]     return asyncio.run(self.serve(sockets=sockets))
2025-11-01 12:26:08 [STREAM]   File "/usr/lib/python3.10/asyncio/runners.py", line 44, in run
2025-11-01 12:26:08 [STREAM]     return loop.run_until_complete(main)
2025-11-01 12:26:08 [STREAM]   File "uvloop/loop.pyx", line 1518, in uvloop.loop.Loop.run_until_complete
2025-11-01 12:26:08 [STREAM]   File "/home/dzoan/credit-appraisal-agent-poc/.venv/lib/python3.10/site-packages/uvicorn/server.py", line 69, in serve
2025-11-01 12:26:08 [STREAM]     await self._serve(sockets)
2025-11-01 12:26:08 [STREAM]   File "/home/dzoan/credit-appraisal-agent-poc/.venv/lib/python3.10/site-packages/uvicorn/server.py", line 76, in _serve
2025-11-01 12:26:08 [STREAM]     config.load()
2025-11-01 12:26:08 [STREAM]   File "/home/dzoan/credit-appraisal-agent-poc/.venv/lib/python3.10/site-packages/uvicorn/config.py", line 434, in load
2025-11-01 12:26:08 [STREAM]     self.loaded_app = import_from_string(self.app)
2025-11-01 12:26:08 [STREAM]   File "/home/dzoan/credit-appraisal-agent-poc/.venv/lib/python3.10/site-packages/uvicorn/importer.py", line 19, in import_from_string
2025-11-01 12:26:08 [STREAM]     module = importlib.import_module(module_str)
2025-11-01 12:26:08 [STREAM]   File "/usr/lib/python3.10/importlib/__init__.py", line 126, in import_module
2025-11-01 12:26:08 [STREAM]     return _bootstrap._gcd_import(name[level:], package, level)
2025-11-01 12:26:08 [STREAM]   File "<frozen importlib._bootstrap>", line 1050, in _gcd_import
2025-11-01 12:26:08 [STREAM]   File "<frozen importlib._bootstrap>", line 1027, in _find_and_load
2025-11-01 12:26:08 [STREAM]   File "<frozen importlib._bootstrap>", line 1006, in _find_and_load_unlocked
2025-11-01 12:26:08 [STREAM]   File "<frozen importlib._bootstrap>", line 688, in _load_unlocked
2025-11-01 12:26:08 [STREAM]   File "<frozen importlib._bootstrap_external>", line 883, in exec_module
2025-11-01 12:26:08 [STREAM]   File "<frozen importlib._bootstrap>", line 241, in _call_with_frames_removed
2025-11-01 12:26:08 [STREAM]   File "/home/dzoan/credit-appraisal-agent-poc/services/api/main.py", line 47, in <module>
2025-11-01 12:26:08 [STREAM]     from services.api.routers.reports import router as reports_router
2025-11-01 12:26:08 [STREAM]   File "/home/dzoan/credit-appraisal-agent-poc/services/api/routers/reports.py", line 12, in <module>
2025-11-01 12:26:08 [STREAM]     from services.api.routers.agents import get_run_record
2025-11-01 12:26:08 [STREAM] ImportError: cannot import name 'get_run_record' from 'services.api.routers.agents' (/home/dzoan/credit-appraisal-agent-poc/services/api/routers/agents.py)
2025-11-01 12:26:08 [STREAM] 
2025-11-01 12:26:08 [STREAM] ==> /home/dzoan/credit-appraisal-agent-poc/.logs/ui_20251101-122604.log <==
2025-11-01 12:26:08 [STREAM] 2025-11-01 12:26:08.020 AppSession initialized (id=22f966c8-f982-49d5-8244-900df99e436e)
2025-11-01 12:26:08 [STREAM] 2025-11-01 12:26:08.020 Created new session for client 127900136123808. Session ID: 22f966c8-f982-49d5-8244-900df99e436e
2025-11-01 12:26:08 [STREAM] 2025-11-01 12:26:08.020 Runtime state: RuntimeState.NO_SESSIONS_CONNECTED -> RuntimeState.ONE_OR_MORE_SESSIONS_CONNECTED
2025-11-01 12:26:08 [STREAM] 2025-11-01 12:26:08.046 AppSession initialized (id=9de08831-3404-473a-a3b8-37378baeb731)
2025-11-01 12:26:08 [STREAM] 2025-11-01 12:26:08.046 Created new session for client 127900136126208. Session ID: 9de08831-3404-473a-a3b8-37378baeb731
2025-11-01 12:26:08 [STREAM] 2025-11-01 12:26:08.046 Runtime state: RuntimeState.ONE_OR_MORE_SESSIONS_CONNECTED -> RuntimeState.ONE_OR_MORE_SESSIONS_CONNECTED
2025-11-01 12:26:08 [STREAM] 2025-11-01 12:26:08.067 AppSession initialized (id=134be5f2-6ffc-4592-9403-7be8fcfba84a)
2025-11-01 12:26:08 [STREAM] 2025-11-01 12:26:08.067 Created new session for client 127900134506560. Session ID: 134be5f2-6ffc-4592-9403-7be8fcfba84a
2025-11-01 12:26:08 [STREAM] 2025-11-01 12:26:08.067 Runtime state: RuntimeState.ONE_OR_MORE_SESSIONS_CONNECTED -> RuntimeState.ONE_OR_MORE_SESSIONS_CONNECTED
2025-11-01 12:26:08 [STREAM] 2025-11-01 12:26:08.088 AppSession initialized (id=2b1caaf5-e748-4988-8a94-6eb4d04a0777)
2025-11-01 12:26:08 [STREAM] 2025-11-01 12:26:08.088 Created new session for client 127900134508864. Session ID: 2b1caaf5-e748-4988-8a94-6eb4d04a0777
2025-11-01 12:26:08 [STREAM] 2025-11-01 12:26:08.088 Runtime state: RuntimeState.ONE_OR_MORE_SESSIONS_CONNECTED -> RuntimeState.ONE_OR_MORE_SESSIONS_CONNECTED
2025-11-01 12:26:08 [STREAM] 2025-11-01 12:26:08.109 AppSession initialized (id=b5ea6379-6318-4849-b71a-d088263fc109)
2025-11-01 12:26:08 [STREAM] 2025-11-01 12:26:08.110 Created new session for client 127900134511168. Session ID: b5ea6379-6318-4849-b71a-d088263fc109
2025-11-01 12:26:08 [STREAM] 2025-11-01 12:26:08.110 Runtime state: RuntimeState.ONE_OR_MORE_SESSIONS_CONNECTED -> RuntimeState.ONE_OR_MORE_SESSIONS_CONNECTED
2025-11-01 12:26:08 [STREAM] 2025-11-01 12:26:08.128 AppSession initialized (id=72a8616f-c682-4d32-add9-fab62a3e6853)
2025-11-01 12:26:08 [STREAM] 2025-11-01 12:26:08.129 Created new session for client 127900134513472. Session ID: 72a8616f-c682-4d32-add9-fab62a3e6853
2025-11-01 12:26:08 [STREAM] 2025-11-01 12:26:08.129 Runtime state: RuntimeState.ONE_OR_MORE_SESSIONS_CONNECTED -> RuntimeState.ONE_OR_MORE_SESSIONS_CONNECTED
2025-11-01 12:26:08 [STREAM] 2025-11-01 12:26:08.146 AppSession initialized (id=ca60009b-8cc1-4927-9294-f04bb44d9a69)
2025-11-01 12:26:08 [STREAM] 2025-11-01 12:26:08.147 Created new session for client 127900134515776. Session ID: ca60009b-8cc1-4927-9294-f04bb44d9a69
2025-11-01 12:26:08 [STREAM] 2025-11-01 12:26:08.147 Runtime state: RuntimeState.ONE_OR_MORE_SESSIONS_CONNECTED -> RuntimeState.ONE_OR_MORE_SESSIONS_CONNECTED
2025-11-01 12:26:08 [STREAM] 2025-11-01 12:26:08.171 AppSession initialized (id=3484244d-3607-410b-8ae6-a3f2bdba2283)
2025-11-01 12:26:08 [STREAM] 2025-11-01 12:26:08.171 Created new session for client 127900134518080. Session ID: 3484244d-3607-410b-8ae6-a3f2bdba2283
2025-11-01 12:26:08 [STREAM] 2025-11-01 12:26:08.171 Runtime state: RuntimeState.ONE_OR_MORE_SESSIONS_CONNECTED -> RuntimeState.ONE_OR_MORE_SESSIONS_CONNECTED
2025-11-01 12:26:08 [STREAM] 2025-11-01 12:26:08.200 AppSession initialized (id=d199d226-c2da-4a3c-9707-8b0085115402)
2025-11-01 12:26:08 [STREAM] 2025-11-01 12:26:08.200 Created new session for client 127900134520384. Session ID: d199d226-c2da-4a3c-9707-8b0085115402
2025-11-01 12:26:08 [STREAM] 2025-11-01 12:26:08.201 Runtime state: RuntimeState.ONE_OR_MORE_SESSIONS_CONNECTED -> RuntimeState.ONE_OR_MORE_SESSIONS_CONNECTED
2025-11-01 12:26:08 [STREAM] 2025-11-01 12:26:08.232 AppSession initialized (id=777387f4-0d34-4f97-9fef-803bd81d7b4e)
2025-11-01 12:26:08 [STREAM] 2025-11-01 12:26:08.232 Created new session for client 127900134522688. Session ID: 777387f4-0d34-4f97-9fef-803bd81d7b4e
2025-11-01 12:26:08 [STREAM] 2025-11-01 12:26:08.232 Runtime state: RuntimeState.ONE_OR_MORE_SESSIONS_CONNECTED -> RuntimeState.ONE_OR_MORE_SESSIONS_CONNECTED
2025-11-01 12:26:20 [STREAM] 
2025-11-01 12:26:20 [STREAM] ==> /home/dzoan/credit-appraisal-agent-poc/.logs/api_20251101-122604.log <==
2025-11-01 12:26:20 [STREAM] INFO:     Stopping reloader process [579956]
2025-11-01 12:26:20 [STREAM] 
2025-11-01 12:26:20 [STREAM] ==> /home/dzoan/credit-appraisal-agent-poc/.logs/ui_20251101-122604.log <==
2025-11-01 12:26:20 [STREAM]   Stopping...
2025-11-01 12:26:20 [STREAM] 2025-11-01 12:26:20.454 Runtime stopping...
2025-11-01 12:26:20 [STREAM] 2025-11-01 12:26:20.454 Runtime state: RuntimeState.ONE_OR_MORE_SESSIONS_CONNECTED -> RuntimeState.STOPPING
2025-11-01 12:26:20 [STREAM] 2025-11-01 12:26:20.454 Shutting down (id=22f966c8-f982-49d5-8244-900df99e436e)
2025-11-01 12:26:20 [STREAM] 2025-11-01 12:26:20.454 Disconnecting files for session with ID 22f966c8-f982-49d5-8244-900df99e436e
2025-11-01 12:26:20 [STREAM] 2025-11-01 12:26:20.454 Sessions still active: dict_keys([])
2025-11-01 12:26:20 [STREAM] 2025-11-01 12:26:20.455 Files: 0; Sessions with files: 0
2025-11-01 12:26:20 [STREAM] 2025-11-01 12:26:20.455 Removing orphaned files...
2025-11-01 12:26:20 [STREAM] 2025-11-01 12:26:20.455 Shutting down (id=9de08831-3404-473a-a3b8-37378baeb731)
2025-11-01 12:26:20 [STREAM] 2025-11-01 12:26:20.455 Disconnecting files for session with ID 9de08831-3404-473a-a3b8-37378baeb731
2025-11-01 12:26:20 [STREAM] 2025-11-01 12:26:20.455 Sessions still active: dict_keys([])
2025-11-01 12:26:20 [STREAM] 2025-11-01 12:26:20.455 Files: 0; Sessions with files: 0
2025-11-01 12:26:20 [STREAM] 2025-11-01 12:26:20.455 Removing orphaned files...
2025-11-01 12:26:20 [STREAM] 2025-11-01 12:26:20.455 Shutting down (id=134be5f2-6ffc-4592-9403-7be8fcfba84a)
2025-11-01 12:26:20 [STREAM] 2025-11-01 12:26:20.455 Disconnecting files for session with ID 134be5f2-6ffc-4592-9403-7be8fcfba84a
2025-11-01 12:26:20 [STREAM] 2025-11-01 12:26:20.455 Sessions still active: dict_keys([])
2025-11-01 12:26:20 [STREAM] 2025-11-01 12:26:20.455 Files: 0; Sessions with files: 0
2025-11-01 12:26:20 [STREAM] 2025-11-01 12:26:20.455 Removing orphaned files...
2025-11-01 12:26:20 [STREAM] 2025-11-01 12:26:20.455 Shutting down (id=2b1caaf5-e748-4988-8a94-6eb4d04a0777)
2025-11-01 12:26:20 [STREAM] 2025-11-01 12:26:20.455 Disconnecting files for session with ID 2b1caaf5-e748-4988-8a94-6eb4d04a0777
2025-11-01 12:26:20 [STREAM] 2025-11-01 12:26:20.455 Sessions still active: dict_keys([])
2025-11-01 12:26:20 [STREAM] 2025-11-01 12:26:20.455 Files: 0; Sessions with files: 0
2025-11-01 12:26:20 [STREAM] 2025-11-01 12:26:20.455 Removing orphaned files...
2025-11-01 12:26:20 