==> /home/dzoan/credit-appraisal-agent-poc/.logs/api_20251031-161653.log <==

==> /home/dzoan/credit-appraisal-agent-poc/.logs/ui_20251031-161653.log <==

==> /home/dzoan/credit-appraisal-agent-poc/.logs/api_20251031-161653.log <==
INFO:     Will watch for changes in these directories: ['/home/dzoan/credit-appraisal-agent-poc']
INFO:     Uvicorn running on http://0.0.0.0:8090 (Press CTRL+C to quit)
INFO:     Started reloader process [382437] using WatchFiles

==> /home/dzoan/credit-appraisal-agent-poc/.logs/ui_20251031-161653.log <==

  You can now view your Streamlit app in your browser.

  URL: http://0.0.0.0:8502


==> /home/dzoan/credit-appraisal-agent-poc/.logs/api_20251031-161653.log <==
INFO:     Started server process [382447]
INFO:     Waiting for application startup.
INFO:     Application startup complete.
INFO:     127.0.0.1:51594 - "GET /v1/training/production_meta HTTP/1.1" 200 OK
INFO:     127.0.0.1:51600 - "GET /v1/training/production_meta HTTP/1.1" 200 OK
INFO:     127.0.0.1:51612 - "GET /v1/training/production_meta HTTP/1.1" 200 OK

==> /home/dzoan/credit-appraisal-agent-poc/.logs/ui_20251031-161653.log <==
2025-10-31 16:17:38.424 Please replace `use_container_width` with `width`.

`use_container_width` will be removed after 2025-12-31.

For `use_container_width=True`, use `width='stretch'`. For `use_container_width=False`, use `width='content'`.
2025-10-31 16:17:38.442 Uncaught app execution
Traceback (most recent call last):
  File "/home/dzoan/credit-appraisal-agent-poc/.venv/lib/python3.10/site-packages/streamlit/runtime/scriptrunner/exec_code.py", line 128, in exec_func_with_error_handling
    result = func()
  File "/home/dzoan/credit-appraisal-agent-poc/.venv/lib/python3.10/site-packages/streamlit/runtime/scriptrunner/script_runner.py", line 667, in code_to_exec
    _mpa_v1(self._main_script_path)
  File "/home/dzoan/credit-appraisal-agent-poc/.venv/lib/python3.10/site-packages/streamlit/runtime/scriptrunner/script_runner.py", line 165, in _mpa_v1
    page.run()
  File "/home/dzoan/credit-appraisal-agent-poc/.venv/lib/python3.10/site-packages/streamlit/navigation/page.py", line 300, in run
    exec(code, module.__dict__)  # noqa: S102
  File "/home/dzoan/credit-appraisal-agent-poc/services/ui/pages/asset_appraisal.py", line 701, in <module>
    if {"asset_type","confidence"}.issubset(df_app.columns):
NameError: name 'df_app' is not defined

==> /home/dzoan/credit-appraisal-agent-poc/.logs/api_20251031-161653.log <==
INFO:     Shutting down
INFO:     Waiting for application shutdown.
INFO:     Application shutdown complete.
INFO:     Finished server process [382447]
INFO:     Stopping reloader process [382437]

==> /home/dzoan/credit-appraisal-agent-poc/.logs/ui_20251031-161653.log <==
  Stopping...
