2025-11-01 13:00:27.820 Starting new event loop for server
2025-11-01 13:00:27.821 Starting server...
2025-11-01 13:00:27.821 Serving static content from /home/dzoan/credit-appraisal-agent-poc/.venv/lib/python3.10/site-packages/streamlit/static
2025-11-01 13:00:27.828 Server started on port 8502
2025-11-01 13:00:27.828 Runtime state: RuntimeState.INITIAL -> RuntimeState.NO_SESSIONS_CONNECTED

  You can now view your Streamlit app in your browser.

  URL: http://0.0.0.0:8502

2025-11-01 13:00:27.829 Setting up signal handler
2025-11-01 13:00:28.760 AppSession initialized (id=1747555c-13f5-41f5-a9e3-c022c3979cd6)
2025-11-01 13:00:28.760 Created new session for client 130914451271024. Session ID: 1747555c-13f5-41f5-a9e3-c022c3979cd6
2025-11-01 13:00:28.760 Runtime state: RuntimeState.NO_SESSIONS_CONNECTED -> RuntimeState.ONE_OR_MORE_SESSIONS_CONNECTED
2025-11-01 13:00:28.789 AppSession initialized (id=4b350e07-b3a1-4bab-b84c-a6522b50e7c4)
2025-11-01 13:00:28.789 Created new session for client 130914451273472. Session ID: 4b350e07-b3a1-4bab-b84c-a6522b50e7c4
2025-11-01 13:00:28.789 Runtime state: RuntimeState.ONE_OR_MORE_SESSIONS_CONNECTED -> RuntimeState.ONE_OR_MORE_SESSIONS_CONNECTED
2025-11-01 13:00:28.820 AppSession initialized (id=a82c09d8-68ee-4ddd-8b73-fb1e1e432095)
2025-11-01 13:00:28.820 Created new session for client 130914449637440. Session ID: a82c09d8-68ee-4ddd-8b73-fb1e1e432095
2025-11-01 13:00:28.820 Runtime state: RuntimeState.ONE_OR_MORE_SESSIONS_CONNECTED -> RuntimeState.ONE_OR_MORE_SESSIONS_CONNECTED
2025-11-01 13:00:28.850 AppSession initialized (id=9aaf0313-5ad1-4e9d-aae3-b8b9bfc923a6)
2025-11-01 13:00:28.851 Created new session for client 130914449639744. Session ID: 9aaf0313-5ad1-4e9d-aae3-b8b9bfc923a6
2025-11-01 13:00:28.851 Runtime state: RuntimeState.ONE_OR_MORE_SESSIONS_CONNECTED -> RuntimeState.ONE_OR_MORE_SESSIONS_CONNECTED
2025-11-01 13:00:28.882 AppSession initialized (id=8a0f7432-863e-406c-86ea-16316ec542be)
2025-11-01 13:00:28.882 Created new session for client 130914449642048. Session ID: 8a0f7432-863e-406c-86ea-16316ec542be
2025-11-01 13:00:28.882 Runtime state: RuntimeState.ONE_OR_MORE_SESSIONS_CONNECTED -> RuntimeState.ONE_OR_MORE_SESSIONS_CONNECTED
2025-11-01 13:00:28.910 AppSession initialized (id=d362b58c-7482-461a-9cee-91186dca2746)
2025-11-01 13:00:28.910 Created new session for client 130914449644448. Session ID: d362b58c-7482-461a-9cee-91186dca2746
2025-11-01 13:00:28.910 Runtime state: RuntimeState.ONE_OR_MORE_SESSIONS_CONNECTED -> RuntimeState.ONE_OR_MORE_SESSIONS_CONNECTED
2025-11-01 13:00:28.930 AppSession initialized (id=9f4e5f9d-9a1f-44ec-a4fb-4fe809f91309)
2025-11-01 13:00:28.930 Created new session for client 130914449646656. Session ID: 9f4e5f9d-9a1f-44ec-a4fb-4fe809f91309
2025-11-01 13:00:28.930 Runtime state: RuntimeState.ONE_OR_MORE_SESSIONS_CONNECTED -> RuntimeState.ONE_OR_MORE_SESSIONS_CONNECTED
2025-11-01 13:00:28.961 AppSession initialized (id=95e90c8b-7719-418d-86e2-34a7a3d4b85c)
2025-11-01 13:00:28.962 Created new session for client 130914449648960. Session ID: 95e90c8b-7719-418d-86e2-34a7a3d4b85c
2025-11-01 13:00:28.962 Runtime state: RuntimeState.ONE_OR_MORE_SESSIONS_CONNECTED -> RuntimeState.ONE_OR_MORE_SESSIONS_CONNECTED
2025-11-01 13:00:28.988 AppSession initialized (id=1510f8c9-b5a3-4583-90c3-6d7373918579)
2025-11-01 13:00:28.988 Created new session for client 130914449651264. Session ID: 1510f8c9-b5a3-4583-90c3-6d7373918579
2025-11-01 13:00:28.988 Runtime state: RuntimeState.ONE_OR_MORE_SESSIONS_CONNECTED -> RuntimeState.ONE_OR_MORE_SESSIONS_CONNECTED
2025-11-01 13:00:29.026 AppSession initialized (id=eb44f660-cc90-48fe-8b38-6df74471b7cc)
2025-11-01 13:00:29.026 Created new session for client 130914449653568. Session ID: eb44f660-cc90-48fe-8b38-6df74471b7cc
2025-11-01 13:00:29.026 Runtime state: RuntimeState.ONE_OR_MORE_SESSIONS_CONNECTED -> RuntimeState.ONE_OR_MORE_SESSIONS_CONNECTED
2025-11-01 13:00:29.058 AppSession initialized (id=8ff0e19f-8763-44b8-a2a2-69c09a45a718)
2025-11-01 13:00:29.059 Created new session for client 130914449787008. Session ID: 8ff0e19f-8763-44b8-a2a2-69c09a45a718
2025-11-01 13:00:29.059 Runtime state: RuntimeState.ONE_OR_MORE_SESSIONS_CONNECTED -> RuntimeState.ONE_OR_MORE_SESSIONS_CONNECTED
2025-11-01 13:00:29.076 AppSession initialized (id=ecc8643a-2efb-43d3-9614-7666f2811279)
2025-11-01 13:00:29.076 Created new session for client 130914449789312. Session ID: ecc8643a-2efb-43d3-9614-7666f2811279
2025-11-01 13:00:29.076 Runtime state: RuntimeState.ONE_OR_MORE_SESSIONS_CONNECTED -> RuntimeState.ONE_OR_MORE_SESSIONS_CONNECTED
2025-11-01 13:00:29.107 AppSession initialized (id=ede03285-83c8-4106-99d4-d15b13f599e1)
2025-11-01 13:00:29.107 Created new session for client 130914449791616. Session ID: ede03285-83c8-4106-99d4-d15b13f599e1
2025-11-01 13:00:29.107 Runtime state: RuntimeState.ONE_OR_MORE_SESSIONS_CONNECTED -> RuntimeState.ONE_OR_MORE_SESSIONS_CONNECTED
2025-11-01 13:00:29.138 AppSession initialized (id=84eaea4a-3434-469f-97d0-b2bc0e174c2d)
2025-11-01 13:00:29.139 Created new session for client 130914449793920. Session ID: 84eaea4a-3434-469f-97d0-b2bc0e174c2d
2025-11-01 13:00:29.139 Runtime state: RuntimeState.ONE_OR_MORE_SESSIONS_CONNECTED -> RuntimeState.ONE_OR_MORE_SESSIONS_CONNECTED
2025-11-01 13:00:29.288 AppSession initialized (id=60a673eb-71a4-428f-8cd6-da187cf76a5a)
2025-11-01 13:00:29.288 Created new session for client 130914449796224. Session ID: 60a673eb-71a4-428f-8cd6-da187cf76a5a
2025-11-01 13:00:29.288 Runtime state: RuntimeState.ONE_OR_MORE_SESSIONS_CONNECTED -> RuntimeState.ONE_OR_MORE_SESSIONS_CONNECTED
2025-11-01 13:00:30.226 AppSession initialized (id=6adc2253-ead3-4abb-b862-97bb611cc6e4)
2025-11-01 13:00:30.226 Created new session for client 130914449798528. Session ID: 6adc2253-ead3-4abb-b862-97bb611cc6e4
2025-11-01 13:00:30.226 Runtime state: RuntimeState.ONE_OR_MORE_SESSIONS_CONNECTED -> RuntimeState.ONE_OR_MORE_SESSIONS_CONNECTED
2025-11-01 13:00:30.253 AppSession initialized (id=bc0c9b09-4603-4410-a3fa-35aa642cbe8a)
2025-11-01 13:00:30.253 Created new session for client 130914449800832. Session ID: bc0c9b09-4603-4410-a3fa-35aa642cbe8a
2025-11-01 13:00:30.253 Runtime state: RuntimeState.ONE_OR_MORE_SESSIONS_CONNECTED -> RuntimeState.ONE_OR_MORE_SESSIONS_CONNECTED
  Stopping...
2025-11-01 13:01:19.595 Runtime stopping...
2025-11-01 13:01:19.596 Runtime state: RuntimeState.ONE_OR_MORE_SESSIONS_CONNECTED -> RuntimeState.STOPPING
2025-11-01 13:01:19.596 Shutting down (id=1747555c-13f5-41f5-a9e3-c022c3979cd6)
2025-11-01 13:01:19.596 Disconnecting files for session with ID 1747555c-13f5-41f5-a9e3-c022c3979cd6
2025-11-01 13:01:19.596 Sessions still active: dict_keys([])
2025-11-01 13:01:19.596 Files: 0; Sessions with files: 0
2025-11-01 13:01:19.596 Removing orphaned files...
2025-11-01 13:01:19.596 Shutting down (id=4b350e07-b3a1-4bab-b84c-a6522b50e7c4)
2025-11-01 13:01:19.596 Disconnecting files for session with ID 4b350e07-b3a1-4bab-b84c-a6522b50e7c4
2025-11-01 13:01:19.596 Sessions still active: dict_keys([])
2025-11-01 13:01:19.596 Files: 0; Sessions with files: 0
2025-11-01 13:01:19.596 Removing orphaned files...
2025-11-01 13:01:19.596 Shutting down (id=a82c09d8-68ee-4ddd-8b73-fb1e1e432095)
2025-11-01 13:01:19.596 Disconnecting files for session with ID a82c09d8-68ee-4ddd-8b73-fb1e1e432095
2025-11-01 13:01:19.596 Sessions still active: dict_keys([])
2025-11-01 13:01:19.596 Files: 0; Sessions with files: 0
2025-11-01 13:01:19.596 Removing orphaned files...
2025-11-01 13:01:19.596 Shutting down (id=9aaf0313-5ad1-4e9d-aae3-b8b9bfc923a6)
2025-11-01 13:01:19.596 Disconnecting files for session with ID 9aaf0313-5ad1-4e9d-aae3-b8b9bfc923a6
2025-11-01 13:01:19.597 Sessions still active: dict_keys([])
2025-11-01 13:01:19.597 Files: 0; Sessions with files: 0
2025-11-01 13:01:19.597 Removing orphaned files...
2025-11-01 13:01:19.597 Shutting down (id=8a0f7432-863e-406c-86ea-16316ec542be)
2025-11-01 13:01:19.597 Disconnecting files for session with ID 8a0f7432-863e-406c-86ea-16316ec542be
2025-11-01 13:01:19.597 Sessions still active: dict_keys([])
2025-11-01 13:01:19.597 Files: 0; Sessions with files: 0
2025-11-01 13:01:19.597 Removing orphaned files...
2025-11-01 13:01:19.597 Shutting down (id=d362b58c-7482-461a-9cee-91186dca2746)
2025-11-01 13:01:19.597 Disconnecting files for session with ID d362b58c-7482-461a-9cee-91186dca2746
2025-11-01 13:01:19.597 Sessions still active: dict_keys([])
2025-11-01 13:01:19.597 Files: 0; Sessions with files: 0
2025-11-01 13:01:19.597 Removing orphaned files...
2025-11-01 13:01:19.597 Shutting down (id=9f4e5f9d-9a1f-44ec-a4fb-4fe809f91309)
2025-11-01 13:01:19.597 Disconnecting files for session with ID 9f4e5f9d-9a1f-44ec-a4fb-4fe809f91309
2025-11-01 13:01:19.597 Sessions still active: dict_keys([])
2025-11-01 13:01:19.597 Files: 0; Sessions with files: 0
2025-11-01 13:01:19.597 Removing orphaned files...
2025-11-01 13:01:19.597 Shutting down (id=95e90c8b-7719-418d-86e2-34a7a3d4b85c)
2025-11-01 13:01:19.597 Disconnecting files for session with ID 95e90c8b-7719-418d-86e2-34a7a3d4b85c
2025-11-01 13:01:19.597 Sessions still active: dict_keys([])
2025-11-01 13:01:19.597 Files: 0; Sessions with files: 0
2025-11-01 13:01:19.597 Removing orphaned files...
2025-11-01 13:01:19.597 Shutting down (id=1510f8c9-b5a3-4583-90c3-6d7373918579)
2025-11-01 13:01:19.597 Disconnecting files for session with ID 1510f8c9-b5a3-4583-90c3-6d7373918579
2025-11-01 13:01:19.597 Sessions still active: dict_keys([])
2025-11-01 13:01:19.597 Files: 0; Sessions with files: 0
2025-11-01 13:01:19.597 Removing orphaned files...
2025-11-01 13:01:19.597 Shutting down (id=eb44f660-cc90-48fe-8b38-6df74471b7cc)
2025-11-01 13:01:19.597 Disconnecting files for session with ID eb44f660-cc90-48fe-8b38-6df74471b7cc
2025-11-01 13:01:19.597 Sessions still active: dict_keys([])
2025-11-01 13:01:19.597 Files: 0; Sessions with files: 0
2025-11-01 13:01:19.597 Removing orphaned files...
2025-11-01 13:01:19.597 Shutting down (id=8ff0e19f-8763-44b8-a2a2-69c09a45a718)
2025-11-01 13:01:19.597 Disconnecting files for session with ID 8ff0e19f-8763-44b8-a2a2-69c09a45a718
2025-11-01 13:01:19.597 Sessions still active: dict_keys([])
2025-11-01 13:01:19.597 Files: 0; Sessions with files: 0
2025-11-01 13:01:19.597 Removing orphaned files...
2025-11-01 13:01:19.597 Shutting down (id=ecc8643a-2efb-43d3-9614-7666f2811279)
2025-11-01 13:01:19.597 Disconnecting files for session with ID ecc8643a-2efb-43d3-9614-7666f2811279
2025-11-01 13:01:19.597 Sessions still active: dict_keys([])
2025-11-01 13:01:19.597 Files: 0; Sessions with files: 0
2025-11-01 13:01:19.597 Removing orphaned files...
2025-11-01 13:01:19.597 Shutting down (id=ede03285-83c8-4106-99d4-d15b13f599e1)
2025-11-01 13:01:19.597 Disconnecting files for session with ID ede03285-83c8-4106-99d4-d15b13f599e1
2025-11-01 13:01:19.597 Sessions still active: dict_keys([])
2025-11-01 13:01:19.597 Files: 0; Sessions with files: 0
2025-11-01 13:01:19.597 Removing orphaned files...
2025-11-01 13:01:19.597 Shutting down (id=84eaea4a-3434-469f-97d0-b2bc0e174c2d)
2025-11-01 13:01:19.597 Disconnecting files for session with ID 84eaea4a-3434-469f-97d0-b2bc0e174c2d
2025-11-01 13:01:19.597 Sessions still active: dict_keys([])
2025-11-01 13:01:19.598 Files: 0; Sessions with files: 0
2025-11-01 13:01:19.598 Removing orphaned files...
2025-11-01 13:01:19.598 Shutting down (id=60a673eb-71a4-428f-8cd6-da187cf76a5a)
2025-11-01 13:01:19.598 Disconnecting files for session with ID 60a673eb-71a4-428f-8cd6-da187cf76a5a
2025-11-01 13:01:19.598 Sessions still active: dict_keys([])
2025-11-01 13:01:19.598 Files: 0; Sessions with files: 0
2025-11-01 13:01:19.598 Removing orphaned files...
2025-11-01 13:01:19.598 Shutting down (id=6adc2253-ead3-4abb-b862-97bb611cc6e4)
2025-11-01 13:01:19.598 Disconnecting files for session with ID 6adc2253-ead3-4abb-b862-97bb611cc6e4
2025-11-01 13:01:19.598 Sessions still active: dict_keys([])
2025-11-01 13:01:19.598 Files: 0; Sessions with files: 0
2025-11-01 13:01:19.598 Removing orphaned files...
2025-11-01 13:01:19.598 Shutting down (id=bc0c9b09-4603-4410-a3fa-35aa642cbe8a)
2025-11-01 13:01:19.598 Disconnecting files for session with ID bc0c9b09-4603-4410-a3fa-35aa642cbe8a
2025-11-01 13:01:19.598 Sessions still active: dict_keys([])
2025-11-01 13:01:19.598 Files: 0; Sessions with files: 0
2025-11-01 13:01:19.598 Removing orphaned files...
2025-11-01 13:01:19.598 Runtime state: RuntimeState.STOPPING -> RuntimeState.STOPPED
