2025-11-01 16:29:20.330 Starting new event loop for server
2025-11-01 16:29:20.330 Starting server...
2025-11-01 16:29:20.331 Serving static content from /home/dzoan/credit-appraisal-agent-poc/.venv/lib/python3.10/site-packages/streamlit/static
2025-11-01 16:29:20.335 Server started on port 8502
2025-11-01 16:29:20.335 Runtime state: RuntimeState.INITIAL -> RuntimeState.NO_SESSIONS_CONNECTED

  You can now view your Streamlit app in your browser.

  URL: http://0.0.0.0:8502

2025-11-01 16:29:20.335 Setting up signal handler
2025-11-01 16:29:21.563 AppSession initialized (id=4df76807-9a6d-43fe-beda-234f042af8ec)
2025-11-01 16:29:21.563 Created new session for client 137639693920544. Session ID: 4df76807-9a6d-43fe-beda-234f042af8ec
2025-11-01 16:29:21.563 Runtime state: RuntimeState.NO_SESSIONS_CONNECTED -> RuntimeState.ONE_OR_MORE_SESSIONS_CONNECTED
2025-11-01 16:29:21.581 AppSession initialized (id=1eabf8fc-a97a-430b-87c3-be944fb24cbd)
2025-11-01 16:29:21.581 Created new session for client 137639693922944. Session ID: 1eabf8fc-a97a-430b-87c3-be944fb24cbd
2025-11-01 16:29:21.581 Runtime state: RuntimeState.ONE_OR_MORE_SESSIONS_CONNECTED -> RuntimeState.ONE_OR_MORE_SESSIONS_CONNECTED
2025-11-01 16:29:21.596 AppSession initialized (id=f4fa3b4c-aa74-422c-8edd-9f1b2d802918)
2025-11-01 16:29:21.596 Created new session for client 137639693925248. Session ID: f4fa3b4c-aa74-422c-8edd-9f1b2d802918
2025-11-01 16:29:21.596 Runtime state: RuntimeState.ONE_OR_MORE_SESSIONS_CONNECTED -> RuntimeState.ONE_OR_MORE_SESSIONS_CONNECTED
2025-11-01 16:29:21.612 AppSession initialized (id=b52cbabe-d2aa-4c9e-ad1e-0c6cadd2814d)
2025-11-01 16:29:21.612 Created new session for client 137639694419136. Session ID: b52cbabe-d2aa-4c9e-ad1e-0c6cadd2814d
2025-11-01 16:29:21.612 Runtime state: RuntimeState.ONE_OR_MORE_SESSIONS_CONNECTED -> RuntimeState.ONE_OR_MORE_SESSIONS_CONNECTED
2025-11-01 16:29:21.630 AppSession initialized (id=5790511a-3106-4a40-a7ae-8fa5dff65cb3)
2025-11-01 16:29:21.630 Created new session for client 137639694421440. Session ID: 5790511a-3106-4a40-a7ae-8fa5dff65cb3
2025-11-01 16:29:21.630 Runtime state: RuntimeState.ONE_OR_MORE_SESSIONS_CONNECTED -> RuntimeState.ONE_OR_MORE_SESSIONS_CONNECTED
2025-11-01 16:29:21.648 AppSession initialized (id=a0cec61c-f327-4294-b953-544c865696d1)
2025-11-01 16:29:21.648 Created new session for client 137639694423744. Session ID: a0cec61c-f327-4294-b953-544c865696d1
2025-11-01 16:29:21.648 Runtime state: RuntimeState.ONE_OR_MORE_SESSIONS_CONNECTED -> RuntimeState.ONE_OR_MORE_SESSIONS_CONNECTED
2025-11-01 16:29:21.676 AppSession initialized (id=9318dd92-38b1-4e80-b101-604b44a9dd5f)
2025-11-01 16:29:21.676 Created new session for client 137639694426048. Session ID: 9318dd92-38b1-4e80-b101-604b44a9dd5f
2025-11-01 16:29:21.676 Runtime state: RuntimeState.ONE_OR_MORE_SESSIONS_CONNECTED -> RuntimeState.ONE_OR_MORE_SESSIONS_CONNECTED
2025-11-01 16:29:21.696 AppSession initialized (id=ac2fd7e1-2f6c-4a00-9a7d-6fe0fef0d21a)
2025-11-01 16:29:21.696 Created new session for client 137639694428352. Session ID: ac2fd7e1-2f6c-4a00-9a7d-6fe0fef0d21a
2025-11-01 16:29:21.696 Runtime state: RuntimeState.ONE_OR_MORE_SESSIONS_CONNECTED -> RuntimeState.ONE_OR_MORE_SESSIONS_CONNECTED
2025-11-01 16:29:21.729 AppSession initialized (id=f0090c46-97e3-4c4b-ba4c-a361d82257ce)
2025-11-01 16:29:21.729 Created new session for client 137639694430656. Session ID: f0090c46-97e3-4c4b-ba4c-a361d82257ce
2025-11-01 16:29:21.729 Runtime state: RuntimeState.ONE_OR_MORE_SESSIONS_CONNECTED -> RuntimeState.ONE_OR_MORE_SESSIONS_CONNECTED
2025-11-01 16:29:21.758 AppSession initialized (id=d48e878b-7f06-4cb9-b2dc-e3289b1c09a3)
2025-11-01 16:29:21.758 Created new session for client 137639694432960. Session ID: d48e878b-7f06-4cb9-b2dc-e3289b1c09a3
2025-11-01 16:29:21.758 Runtime state: RuntimeState.ONE_OR_MORE_SESSIONS_CONNECTED -> RuntimeState.ONE_OR_MORE_SESSIONS_CONNECTED
2025-11-01 16:29:21.788 AppSession initialized (id=2374c415-92b5-4262-b301-b5a61c7cd40a)
2025-11-01 16:29:21.788 Created new session for client 137639694582784. Session ID: 2374c415-92b5-4262-b301-b5a61c7cd40a
2025-11-01 16:29:21.789 Runtime state: RuntimeState.ONE_OR_MORE_SESSIONS_CONNECTED -> RuntimeState.ONE_OR_MORE_SESSIONS_CONNECTED
2025-11-01 16:29:21.816 AppSession initialized (id=54631ba9-aea0-46f8-ac5e-79ef76e03adf)
2025-11-01 16:29:21.816 Created new session for client 137639694585088. Session ID: 54631ba9-aea0-46f8-ac5e-79ef76e03adf
2025-11-01 16:29:21.817 Runtime state: RuntimeState.ONE_OR_MORE_SESSIONS_CONNECTED -> RuntimeState.ONE_OR_MORE_SESSIONS_CONNECTED
2025-11-01 16:29:21.832 AppSession initialized (id=bb05aa1a-39f3-47aa-8b78-9205283ce062)
2025-11-01 16:29:21.832 Created new session for client 137639694587392. Session ID: bb05aa1a-39f3-47aa-8b78-9205283ce062
2025-11-01 16:29:21.833 Runtime state: RuntimeState.ONE_OR_MORE_SESSIONS_CONNECTED -> RuntimeState.ONE_OR_MORE_SESSIONS_CONNECTED
2025-11-01 16:29:21.850 AppSession initialized (id=fdc1c44f-5c69-4508-9919-aef156efa4eb)
2025-11-01 16:29:21.850 Created new session for client 137639694589696. Session ID: fdc1c44f-5c69-4508-9919-aef156efa4eb
2025-11-01 16:29:21.851 Runtime state: RuntimeState.ONE_OR_MORE_SESSIONS_CONNECTED -> RuntimeState.ONE_OR_MORE_SESSIONS_CONNECTED
2025-11-01 16:29:21.873 AppSession initialized (id=c993e47f-123c-4533-a5e3-f098a13b9548)
2025-11-01 16:29:21.873 Created new session for client 137639694592000. Session ID: c993e47f-123c-4533-a5e3-f098a13b9548
2025-11-01 16:29:21.873 Runtime state: RuntimeState.ONE_OR_MORE_SESSIONS_CONNECTED -> RuntimeState.ONE_OR_MORE_SESSIONS_CONNECTED
2025-11-01 16:29:21.892 AppSession initialized (id=f8973ccf-7c57-425e-8682-0c498807b63f)
2025-11-01 16:29:21.892 Created new session for client 137639694594304. Session ID: f8973ccf-7c57-425e-8682-0c498807b63f
2025-11-01 16:29:21.893 Runtime state: RuntimeState.ONE_OR_MORE_SESSIONS_CONNECTED -> RuntimeState.ONE_OR_MORE_SESSIONS_CONNECTED
2025-11-01 16:29:21.922 AppSession initialized (id=9d296999-97d4-4ab7-bb41-8b2627bcff8f)
2025-11-01 16:29:21.922 Created new session for client 137639694596608. Session ID: 9d296999-97d4-4ab7-bb41-8b2627bcff8f
2025-11-01 16:29:21.922 Runtime state: RuntimeState.ONE_OR_MORE_SESSIONS_CONNECTED -> RuntimeState.ONE_OR_MORE_SESSIONS_CONNECTED
2025-11-01 16:29:28.216 AppSession initialized (id=e189695f-6bf0-4983-ab11-dcf6788bb9f5)
2025-11-01 16:29:28.216 Created new session for client 137639694713712. Session ID: e189695f-6bf0-4983-ab11-dcf6788bb9f5
2025-11-01 16:29:28.216 Runtime state: RuntimeState.ONE_OR_MORE_SESSIONS_CONNECTED -> RuntimeState.ONE_OR_MORE_SESSIONS_CONNECTED
2025-11-01 16:29:28.232 Received the following back message:
rerun_script {
  query_string: "agent=asset&stage=asset_agent"
  widget_states {
  }
  context_info {
    timezone: "Asia/Bangkok"
    timezone_offset: -420
    locale: "en-US"
    url: "http://localhost:8502/"
    is_embedded: false
    color_scheme: "light"
  }
}

2025-11-01 16:29:28.233 Beginning script thread
2025-11-01 16:29:28.233 Running script RerunData(query_string='agent=asset&stage=asset_agent', widget_states=, context_info=timezone: "Asia/Bangkok"
timezone_offset: -420
locale: "en-US"
url: "http://localhost:8502/"
is_embedded: false
color_scheme: "light"
)
2025-11-01 16:29:28.233 Disconnecting files for session with ID e189695f-6bf0-4983-ab11-dcf6788bb9f5
2025-11-01 16:29:28.233 Sessions still active: dict_keys([])
2025-11-01 16:29:28.233 Files: 0; Sessions with files: 0
2025-11-01 16:29:28.831 Removing orphaned files...
2025-11-01 16:29:28.877 Running script RerunData(page_script_hash='d2a57dc1d883fd21fb9951699df71cc7', context_info=timezone: "Asia/Bangkok"
timezone_offset: -420
locale: "en-US"
url: "http://localhost:8502/"
is_embedded: false
color_scheme: "light"
)
2025-11-01 16:29:28.878 Disconnecting files for session with ID e189695f-6bf0-4983-ab11-dcf6788bb9f5
2025-11-01 16:29:28.878 Sessions still active: dict_keys([])
2025-11-01 16:29:28.878 Files: 0; Sessions with files: 0
2025-11-01 16:29:29.016 Removing orphaned files...
2025-11-01 16:29:29.072 Running script RerunData(page_script_hash='b72db28f188acedfd30ff7d8fe0a9099', context_info=timezone: "Asia/Bangkok"
timezone_offset: -420
locale: "en-US"
url: "http://localhost:8502/"
is_embedded: false
color_scheme: "light"
)
2025-11-01 16:29:29.072 Disconnecting files for session with ID e189695f-6bf0-4983-ab11-dcf6788bb9f5
2025-11-01 16:29:29.072 Sessions still active: dict_keys([])
2025-11-01 16:29:29.073 Files: 0; Sessions with files: 0
2025-11-01 16:29:29.170 Removing orphaned files...
2025-11-01 16:29:32.285 Received the following back message:
rerun_script {
  widget_states {
    widgets {
      id: "$$ID-50f54bb30cb58413a4b86487f851620e-None"
      string_value: "dzoan"
    }
    widgets {
      id: "$$ID-046c23c3598f9036386f171bccd48b3e-None"
      string_value: ""
    }
    widgets {
      id: "$$ID-92835b8a5b2910f78b59f1154be00b8c-None"
      string_value: ""
    }
  }
  page_script_hash: "b72db28f188acedfd30ff7d8fe0a9099"
  context_info {
    timezone: "Asia/Bangkok"
    timezone_offset: -420
    locale: "en-US"
    url: "http://localhost:8502/asset_appraisal"
    is_embedded: false
    color_scheme: "light"
  }
}

2025-11-01 16:29:32.285 Beginning script thread
2025-11-01 16:29:32.286 Running script RerunData(widget_states=widgets {
  id: "$$ID-50f54bb30cb58413a4b86487f851620e-None"
  string_value: "dzoan"
}
widgets {
  id: "$$ID-046c23c3598f9036386f171bccd48b3e-None"
  string_value: ""
}
widgets {
  id: "$$ID-92835b8a5b2910f78b59f1154be00b8c-None"
  string_value: ""
}
, page_script_hash='b72db28f188acedfd30ff7d8fe0a9099', context_info=timezone: "Asia/Bangkok"
timezone_offset: -420
locale: "en-US"
url: "http://localhost:8502/asset_appraisal"
is_embedded: false
color_scheme: "light"
)
2025-11-01 16:29:32.286 Disconnecting files for session with ID e189695f-6bf0-4983-ab11-dcf6788bb9f5
2025-11-01 16:29:32.286 Sessions still active: dict_keys([])
2025-11-01 16:29:32.286 Files: 0; Sessions with files: 0
2025-11-01 16:29:32.296 Removing orphaned files...
2025-11-01 16:29:34.688 Received the following back message:
rerun_script {
  widget_states {
    widgets {
      id: "$$ID-50f54bb30cb58413a4b86487f851620e-None"
      string_value: "dzoan"
    }
    widgets {
      id: "$$ID-046c23c3598f9036386f171bccd48b3e-None"
      string_value: "dzoan@gmail.com"
    }
    widgets {
      id: "$$ID-92835b8a5b2910f78b59f1154be00b8c-None"
      string_value: ""
    }
  }
  page_script_hash: "b72db28f188acedfd30ff7d8fe0a9099"
  context_info {
    timezone: "Asia/Bangkok"
    timezone_offset: -420
    locale: "en-US"
    url: "http://localhost:8502/asset_appraisal"
    is_embedded: false
    color_scheme: "light"
  }
}

2025-11-01 16:29:34.689 Beginning script thread
2025-11-01 16:29:34.689 Running script RerunData(widget_states=widgets {
  id: "$$ID-50f54bb30cb58413a4b86487f851620e-None"
  string_value: "dzoan"
}
widgets {
  id: "$$ID-046c23c3598f9036386f171bccd48b3e-None"
  string_value: "dzoan@gmail.com"
}
widgets {
  id: "$$ID-92835b8a5b2910f78b59f1154be00b8c-None"
  string_value: ""
}
, page_script_hash='b72db28f188acedfd30ff7d8fe0a9099', context_info=timezone: "Asia/Bangkok"
timezone_offset: -420
locale: "en-US"
url: "http://localhost:8502/asset_appraisal"
is_embedded: false
color_scheme: "light"
)
2025-11-01 16:29:34.690 Disconnecting files for session with ID e189695f-6bf0-4983-ab11-dcf6788bb9f5
2025-11-01 16:29:34.690 Sessions still active: dict_keys([])
2025-11-01 16:29:34.690 Files: 0; Sessions with files: 0
2025-11-01 16:29:34.697 Removing orphaned files...
  Stopping...
2025-11-01 16:34:29.913 Runtime stopping...
2025-11-01 16:34:29.913 Runtime state: RuntimeState.ONE_OR_MORE_SESSIONS_CONNECTED -> RuntimeState.STOPPING
2025-11-01 16:34:29.914 Shutting down (id=4df76807-9a6d-43fe-beda-234f042af8ec)
2025-11-01 16:34:29.914 Disconnecting files for session with ID 4df76807-9a6d-43fe-beda-234f042af8ec
2025-11-01 16:34:29.914 Sessions still active: dict_keys([])
2025-11-01 16:34:29.914 Files: 0; Sessions with files: 0
2025-11-01 16:34:29.914 Removing orphaned files...
2025-11-01 16:34:29.914 Shutting down (id=1eabf8fc-a97a-430b-87c3-be944fb24cbd)
2025-11-01 16:34:29.914 Disconnecting files for session with ID 1eabf8fc-a97a-430b-87c3-be944fb24cbd
2025-11-01 16:34:29.914 Sessions still active: dict_keys([])
2025-11-01 16:34:29.914 Files: 0; Sessions with files: 0
2025-11-01 16:34:29.914 Removing orphaned files...
2025-11-01 16:34:29.914 Shutting down (id=f4fa3b4c-aa74-422c-8edd-9f1b2d802918)
2025-11-01 16:34:29.914 Disconnecting files for session with ID f4fa3b4c-aa74-422c-8edd-9f1b2d802918
2025-11-01 16:34:29.914 Sessions still active: dict_keys([])
2025-11-01 16:34:29.914 Files: 0; Sessions with files: 0
2025-11-01 16:34:29.914 Removing orphaned files...
2025-11-01 16:34:29.914 Shutting down (id=b52cbabe-d2aa-4c9e-ad1e-0c6cadd2814d)
2025-11-01 16:34:29.914 Disconnecting files for session with ID b52cbabe-d2aa-4c9e-ad1e-0c6cadd2814d
2025-11-01 16:34:29.914 Sessions still active: dict_keys([])
2025-11-01 16:34:29.915 Files: 0; Sessions with files: 0
2025-11-01 16:34:29.915 Removing orphaned files...
2025-11-01 16:34:29.915 Shutting down (id=5790511a-3106-4a40-a7ae-8fa5dff65cb3)
2025-11-01 16:34:29.915 Disconnecting files for session with ID 5790511a-3106-4a40-a7ae-8fa5dff65cb3
2025-11-01 16:34:29.915 Sessions still active: dict_keys([])
2025-11-01 16:34:29.915 Files: 0; Sessions with files: 0
2025-11-01 16:34:29.915 Removing orphaned files...
2025-11-01 16:34:29.915 Shutting down (id=a0cec61c-f327-4294-b953-544c865696d1)
2025-11-01 16:34:29.915 Disconnecting files for session with ID a0cec61c-f327-4294-b953-544c865696d1
2025-11-01 16:34:29.915 Sessions still active: dict_keys([])
2025-11-01 16:34:29.915 Files: 0; Sessions with files: 0
2025-11-01 16:34:29.915 Removing orphaned files...
2025-11-01 16:34:29.915 Shutting down (id=9318dd92-38b1-4e80-b101-604b44a9dd5f)
2025-11-01 16:34:29.915 Disconnecting files for session with ID 9318dd92-38b1-4e80-b101-604b44a9dd5f
2025-11-01 16:34:29.915 Sessions still active: dict_keys([])
2025-11-01 16:34:29.915 Files: 0; Sessions with files: 0
2025-11-01 16:34:29.915 Removing orphaned files...
2025-11-01 16:34:29.915 Shutting down (id=ac2fd7e1-2f6c-4a00-9a7d-6fe0fef0d21a)
2025-11-01 16:34:29.915 Disconnecting files for session with ID ac2fd7e1-2f6c-4a00-9a7d-6fe0fef0d21a
2025-11-01 16:34:29.915 Sessions still active: dict_keys([])
2025-11-01 16:34:29.915 Files: 0; Sessions with files: 0
2025-11-01 16:34:29.915 Removing orphaned files...
2025-11-01 16:34:29.915 Shutting down (id=f0090c46-97e3-4c4b-ba4c-a361d82257ce)
2025-11-01 16:34:29.915 Disconnecting files for session with ID f0090c46-97e3-4c4b-ba4c-a361d82257ce
2025-11-01 16:34:29.915 Sessions still active: dict_keys([])
2025-11-01 16:34:29.915 Files: 0; Sessions with files: 0
2025-11-01 16:34:29.915 Removing orphaned files...
2025-11-01 16:34:29.915 Shutting down (id=d48e878b-7f06-4cb9-b2dc-e3289b1c09a3)
2025-11-01 16:34:29.915 Disconnecting files for session with ID d48e878b-7f06-4cb9-b2dc-e3289b1c09a3
2025-11-01 16:34:29.916 Sessions still active: dict_keys([])
2025-11-01 16:34:29.916 Files: 0; Sessions with files: 0
2025-11-01 16:34:29.916 Removing orphaned files...
2025-11-01 16:34:29.916 Shutting down (id=2374c415-92b5-4262-b301-b5a61c7cd40a)
2025-11-01 16:34:29.916 Disconnecting files for session with ID 2374c415-92b5-4262-b301-b5a61c7cd40a
2025-11-01 16:34:29.916 Sessions still active: dict_keys([])
2025-11-01 16:34:29.916 Files: 0; Sessions with files: 0
2025-11-01 16:34:29.916 Removing orphaned files...
2025-11-01 16:34:29.916 Shutting down (id=54631ba9-aea0-46f8-ac5e-79ef76e03adf)
2025-11-01 16:34:29.916 Disconnecting files for session with ID 54631ba9-aea0-46f8-ac5e-79ef76e03adf
2025-11-01 16:34:29.916 Sessions still active: dict_keys([])
2025-11-01 16:34:29.916 Files: 0; Sessions with files: 0
2025-11-01 16:34:29.916 Removing orphaned files...
2025-11-01 16:34:29.916 Shutting down (id=bb05aa1a-39f3-47aa-8b78-9205283ce062)
2025-11-01 16:34:29.916 Disconnecting files for session with ID bb05aa1a-39f3-47aa-8b78-9205283ce062
2025-11-01 16:34:29.916 Sessions still active: dict_keys([])
2025-11-01 16:34:29.916 Files: 0; Sessions with files: 0
2025-11-01 16:34:29.916 Removing orphaned files...
2025-11-01 16:34:29.916 Shutting down (id=fdc1c44f-5c69-4508-9919-aef156efa4eb)
2025-11-01 16:34:29.916 Disconnecting files for session with ID fdc1c44f-5c69-4508-9919-aef156efa4eb
2025-11-01 16:34:29.916 Sessions still active: dict_keys([])
2025-11-01 16:34:29.916 Files: 0; Sessions with files: 0
2025-11-01 16:34:29.916 Removing orphaned files...
2025-11-01 16:34:29.916 Shutting down (id=c993e47f-123c-4533-a5e3-f098a13b9548)
2025-11-01 16:34:29.916 Disconnecting files for session with ID c993e47f-123c-4533-a5e3-f098a13b9548
2025-11-01 16:34:29.916 Sessions still active: dict_keys([])
2025-11-01 16:34:29.916 Files: 0; Sessions with files: 0
2025-11-01 16:34:29.916 Removing orphaned files...
2025-11-01 16:34:29.916 Shutting down (id=f8973ccf-7c57-425e-8682-0c498807b63f)
2025-11-01 16:34:29.917 Disconnecting files for session with ID f8973ccf-7c57-425e-8682-0c498807b63f
2025-11-01 16:34:29.917 Sessions still active: dict_keys([])
2025-11-01 16:34:29.917 Files: 0; Sessions with files: 0
2025-11-01 16:34:29.917 Removing orphaned files...
2025-11-01 16:34:29.917 Shutting down (id=9d296999-97d4-4ab7-bb41-8b2627bcff8f)
2025-11-01 16:34:29.917 Disconnecting files for session with ID 9d296999-97d4-4ab7-bb41-8b2627bcff8f
2025-11-01 16:34:29.917 Sessions still active: dict_keys([])
2025-11-01 16:34:29.917 Files: 0; Sessions with files: 0
2025-11-01 16:34:29.917 Removing orphaned files...
2025-11-01 16:34:29.917 Shutting down (id=e189695f-6bf0-4983-ab11-dcf6788bb9f5)
2025-11-01 16:34:29.917 Disconnecting files for session with ID e189695f-6bf0-4983-ab11-dcf6788bb9f5
2025-11-01 16:34:29.917 Sessions still active: dict_keys([])
2025-11-01 16:34:29.917 Files: 0; Sessions with files: 0
2025-11-01 16:34:29.917 Removing orphaned files...
2025-11-01 16:34:29.917 Runtime state: RuntimeState.STOPPING -> RuntimeState.STOPPED
