2025-11-01 13:05:23.479 Starting new event loop for server
2025-11-01 13:05:23.479 Starting server...
2025-11-01 13:05:23.480 Serving static content from /home/dzoan/credit-appraisal-agent-poc/.venv/lib/python3.10/site-packages/streamlit/static
2025-11-01 13:05:23.489 Server started on port 8502
2025-11-01 13:05:23.489 Runtime state: RuntimeState.INITIAL -> RuntimeState.NO_SESSIONS_CONNECTED

  You can now view your Streamlit app in your browser.

  URL: http://0.0.0.0:8502

2025-11-01 13:05:23.491 Setting up signal handler
2025-11-01 13:05:24.577 AppSession initialized (id=71be1557-6078-499b-bad3-ef6eb13e7bae)
2025-11-01 13:05:24.577 Created new session for client 125806781967776. Session ID: 71be1557-6078-499b-bad3-ef6eb13e7bae
2025-11-01 13:05:24.577 Runtime state: RuntimeState.NO_SESSIONS_CONNECTED -> RuntimeState.ONE_OR_MORE_SESSIONS_CONNECTED
2025-11-01 13:05:24.608 AppSession initialized (id=cb944f68-3f8c-45df-9331-1c6d6dbf7ba6)
2025-11-01 13:05:24.608 Created new session for client 125806781970128. Session ID: cb944f68-3f8c-45df-9331-1c6d6dbf7ba6
2025-11-01 13:05:24.608 Runtime state: RuntimeState.ONE_OR_MORE_SESSIONS_CONNECTED -> RuntimeState.ONE_OR_MORE_SESSIONS_CONNECTED
2025-11-01 13:05:24.641 AppSession initialized (id=7bf0d628-1a1c-44c3-ab97-ed630f304f50)
2025-11-01 13:05:24.642 Created new session for client 125806780284992. Session ID: 7bf0d628-1a1c-44c3-ab97-ed630f304f50
2025-11-01 13:05:24.642 Runtime state: RuntimeState.ONE_OR_MORE_SESSIONS_CONNECTED -> RuntimeState.ONE_OR_MORE_SESSIONS_CONNECTED
2025-11-01 13:05:24.673 AppSession initialized (id=ce4a1c3e-c42f-49f4-b950-192e41c94c23)
2025-11-01 13:05:24.674 Created new session for client 125806780287296. Session ID: ce4a1c3e-c42f-49f4-b950-192e41c94c23
2025-11-01 13:05:24.674 Runtime state: RuntimeState.ONE_OR_MORE_SESSIONS_CONNECTED -> RuntimeState.ONE_OR_MORE_SESSIONS_CONNECTED
2025-11-01 13:05:24.701 AppSession initialized (id=2ea84881-90f4-47d3-a72f-0ce9b8fe44d1)
2025-11-01 13:05:24.701 Created new session for client 125806780289600. Session ID: 2ea84881-90f4-47d3-a72f-0ce9b8fe44d1
2025-11-01 13:05:24.701 Runtime state: RuntimeState.ONE_OR_MORE_SESSIONS_CONNECTED -> RuntimeState.ONE_OR_MORE_SESSIONS_CONNECTED
2025-11-01 13:05:24.728 AppSession initialized (id=e809a629-c965-4ac1-b268-4ee54c5ae67c)
2025-11-01 13:05:24.728 Created new session for client 125806780291856. Session ID: e809a629-c965-4ac1-b268-4ee54c5ae67c
2025-11-01 13:05:24.729 Runtime state: RuntimeState.ONE_OR_MORE_SESSIONS_CONNECTED -> RuntimeState.ONE_OR_MORE_SESSIONS_CONNECTED
2025-11-01 13:05:24.759 AppSession initialized (id=e4af0916-bd28-4429-9ed9-3ef726be0f13)
2025-11-01 13:05:24.759 Created new session for client 125806780294208. Session ID: e4af0916-bd28-4429-9ed9-3ef726be0f13
2025-11-01 13:05:24.760 Runtime state: RuntimeState.ONE_OR_MORE_SESSIONS_CONNECTED -> RuntimeState.ONE_OR_MORE_SESSIONS_CONNECTED
2025-11-01 13:05:24.790 AppSession initialized (id=e64c6591-aa58-4129-92ef-2de221ad4669)
2025-11-01 13:05:24.790 Created new session for client 125806780296512. Session ID: e64c6591-aa58-4129-92ef-2de221ad4669
2025-11-01 13:05:24.790 Runtime state: RuntimeState.ONE_OR_MORE_SESSIONS_CONNECTED -> RuntimeState.ONE_OR_MORE_SESSIONS_CONNECTED
2025-11-01 13:05:24.822 AppSession initialized (id=ce2b1839-54db-49cd-9bce-964a9509efdc)
2025-11-01 13:05:24.822 Created new session for client 125806780298768. Session ID: ce2b1839-54db-49cd-9bce-964a9509efdc
2025-11-01 13:05:24.822 Runtime state: RuntimeState.ONE_OR_MORE_SESSIONS_CONNECTED -> RuntimeState.ONE_OR_MORE_SESSIONS_CONNECTED
2025-11-01 13:05:24.855 AppSession initialized (id=5c1955da-572a-4448-ba9a-ea1709f273bf)
2025-11-01 13:05:24.856 Created new session for client 125806780301120. Session ID: 5c1955da-572a-4448-ba9a-ea1709f273bf
2025-11-01 13:05:24.856 Runtime state: RuntimeState.ONE_OR_MORE_SESSIONS_CONNECTED -> RuntimeState.ONE_OR_MORE_SESSIONS_CONNECTED
2025-11-01 13:05:24.883 AppSession initialized (id=63016284-33d9-4d4b-a797-d3ebadaaa5bd)
2025-11-01 13:05:24.884 Created new session for client 125806780467184. Session ID: 63016284-33d9-4d4b-a797-d3ebadaaa5bd
2025-11-01 13:05:24.884 Runtime state: RuntimeState.ONE_OR_MORE_SESSIONS_CONNECTED -> RuntimeState.ONE_OR_MORE_SESSIONS_CONNECTED
2025-11-01 13:05:24.917 AppSession initialized (id=00ff7c0c-af2d-4158-99ef-ae0007b56262)
2025-11-01 13:05:24.917 Created new session for client 125806780469632. Session ID: 00ff7c0c-af2d-4158-99ef-ae0007b56262
2025-11-01 13:05:24.917 Runtime state: RuntimeState.ONE_OR_MORE_SESSIONS_CONNECTED -> RuntimeState.ONE_OR_MORE_SESSIONS_CONNECTED
2025-11-01 13:05:24.942 AppSession initialized (id=59c4db2b-d9d0-443b-944b-22e65769f285)
2025-11-01 13:05:24.943 Created new session for client 125806780471936. Session ID: 59c4db2b-d9d0-443b-944b-22e65769f285
2025-11-01 13:05:24.943 Runtime state: RuntimeState.ONE_OR_MORE_SESSIONS_CONNECTED -> RuntimeState.ONE_OR_MORE_SESSIONS_CONNECTED
2025-11-01 13:05:24.965 AppSession initialized (id=bbca61f7-c585-4d9e-9e11-017e045fe136)
2025-11-01 13:05:24.965 Created new session for client 125806780474192. Session ID: bbca61f7-c585-4d9e-9e11-017e045fe136
2025-11-01 13:05:24.965 Runtime state: RuntimeState.ONE_OR_MORE_SESSIONS_CONNECTED -> RuntimeState.ONE_OR_MORE_SESSIONS_CONNECTED
2025-11-01 13:05:24.996 AppSession initialized (id=f53f2f21-7a65-4eb2-8f28-f54ebab22539)
2025-11-01 13:05:24.996 Created new session for client 125806780476544. Session ID: f53f2f21-7a65-4eb2-8f28-f54ebab22539
2025-11-01 13:05:24.997 Runtime state: RuntimeState.ONE_OR_MORE_SESSIONS_CONNECTED -> RuntimeState.ONE_OR_MORE_SESSIONS_CONNECTED
2025-11-01 13:05:25.423 AppSession initialized (id=2a6028af-f134-499a-bad3-49669a4d566a)
2025-11-01 13:05:25.423 Created new session for client 125806780478848. Session ID: 2a6028af-f134-499a-bad3-49669a4d566a
2025-11-01 13:05:25.423 Runtime state: RuntimeState.ONE_OR_MORE_SESSIONS_CONNECTED -> RuntimeState.ONE_OR_MORE_SESSIONS_CONNECTED
2025-11-01 13:05:26.232 AppSession initialized (id=f88c498c-6248-44cf-8047-b6dd3fd0c948)
2025-11-01 13:05:26.232 Created new session for client 125806780481152. Session ID: f88c498c-6248-44cf-8047-b6dd3fd0c948
2025-11-01 13:05:26.232 Runtime state: RuntimeState.ONE_OR_MORE_SESSIONS_CONNECTED -> RuntimeState.ONE_OR_MORE_SESSIONS_CONNECTED
2025-11-01 13:05:35.954 AppSession initialized (id=733c753d-7e8f-4dee-9eae-d9cabaf3f589)
2025-11-01 13:05:35.955 Created new session for client 125806781972144. Session ID: 733c753d-7e8f-4dee-9eae-d9cabaf3f589
2025-11-01 13:05:35.955 Runtime state: RuntimeState.ONE_OR_MORE_SESSIONS_CONNECTED -> RuntimeState.ONE_OR_MORE_SESSIONS_CONNECTED
2025-11-01 13:05:35.957 Received the following back message:
rerun_script {
  widget_states {
  }
  context_info {
    timezone: "Asia/Bangkok"
    timezone_offset: -420
    locale: "en-US"
    url: "http://localhost:8502/"
    is_embedded: false
    color_scheme: "light"
  }
}

2025-11-01 13:05:35.958 Beginning script thread
2025-11-01 13:05:35.958 Running script RerunData(widget_states=, context_info=timezone: "Asia/Bangkok"
timezone_offset: -420
locale: "en-US"
url: "http://localhost:8502/"
is_embedded: false
color_scheme: "light"
)
2025-11-01 13:05:35.958 Disconnecting files for session with ID 733c753d-7e8f-4dee-9eae-d9cabaf3f589
2025-11-01 13:05:35.958 Sessions still active: dict_keys([])
2025-11-01 13:05:35.958 Files: 0; Sessions with files: 0
2025-11-01 13:05:37.017 Removing orphaned files...
  Stopping...
2025-11-01 13:08:42.526 Runtime stopping...
2025-11-01 13:08:42.527 Runtime state: RuntimeState.ONE_OR_MORE_SESSIONS_CONNECTED -> RuntimeState.STOPPING
2025-11-01 13:08:42.527 Shutting down (id=7bf0d628-1a1c-44c3-ab97-ed630f304f50)
2025-11-01 13:08:42.527 Disconnecting files for session with ID 7bf0d628-1a1c-44c3-ab97-ed630f304f50
2025-11-01 13:08:42.527 Sessions still active: dict_keys([])
2025-11-01 13:08:42.528 Files: 0; Sessions with files: 0
2025-11-01 13:08:42.528 Removing orphaned files...
2025-11-01 13:08:42.528 Shutting down (id=71be1557-6078-499b-bad3-ef6eb13e7bae)
2025-11-01 13:08:42.528 Disconnecting files for session with ID 71be1557-6078-499b-bad3-ef6eb13e7bae
2025-11-01 13:08:42.528 Sessions still active: dict_keys([])
2025-11-01 13:08:42.528 Files: 0; Sessions with files: 0
2025-11-01 13:08:42.528 Removing orphaned files...
2025-11-01 13:08:42.528 Shutting down (id=cb944f68-3f8c-45df-9331-1c6d6dbf7ba6)
2025-11-01 13:08:42.528 Disconnecting files for session with ID cb944f68-3f8c-45df-9331-1c6d6dbf7ba6
2025-11-01 13:08:42.528 Sessions still active: dict_keys([])
2025-11-01 13:08:42.528 Files: 0; Sessions with files: 0
2025-11-01 13:08:42.528 Removing orphaned files...
2025-11-01 13:08:42.528 Shutting down (id=ce4a1c3e-c42f-49f4-b950-192e41c94c23)
2025-11-01 13:08:42.528 Disconnecting files for session with ID ce4a1c3e-c42f-49f4-b950-192e41c94c23
2025-11-01 13:08:42.528 Sessions still active: dict_keys([])
2025-11-01 13:08:42.528 Files: 0; Sessions with files: 0
2025-11-01 13:08:42.528 Removing orphaned files...
2025-11-01 13:08:42.528 Shutting down (id=2ea84881-90f4-47d3-a72f-0ce9b8fe44d1)
2025-11-01 13:08:42.528 Disconnecting files for session with ID 2ea84881-90f4-47d3-a72f-0ce9b8fe44d1
2025-11-01 13:08:42.528 Sessions still active: dict_keys([])
2025-11-01 13:08:42.528 Files: 0; Sessions with files: 0
2025-11-01 13:08:42.528 Removing orphaned files...
2025-11-01 13:08:42.528 Shutting down (id=e809a629-c965-4ac1-b268-4ee54c5ae67c)
2025-11-01 13:08:42.528 Disconnecting files for session with ID e809a629-c965-4ac1-b268-4ee54c5ae67c
2025-11-01 13:08:42.528 Sessions still active: dict_keys([])
2025-11-01 13:08:42.528 Files: 0; Sessions with files: 0
2025-11-01 13:08:42.528 Removing orphaned files...
2025-11-01 13:08:42.528 Shutting down (id=e4af0916-bd28-4429-9ed9-3ef726be0f13)
2025-11-01 13:08:42.528 Disconnecting files for session with ID e4af0916-bd28-4429-9ed9-3ef726be0f13
2025-11-01 13:08:42.528 Sessions still active: dict_keys([])
2025-11-01 13:08:42.529 Files: 0; Sessions with files: 0
2025-11-01 13:08:42.529 Removing orphaned files...
2025-11-01 13:08:42.529 Shutting down (id=e64c6591-aa58-4129-92ef-2de221ad4669)
2025-11-01 13:08:42.529 Disconnecting files for session with ID e64c6591-aa58-4129-92ef-2de221ad4669
2025-11-01 13:08:42.529 Sessions still active: dict_keys([])
2025-11-01 13:08:42.529 Files: 0; Sessions with files: 0
2025-11-01 13:08:42.529 Removing orphaned files...
2025-11-01 13:08:42.529 Shutting down (id=ce2b1839-54db-49cd-9bce-964a9509efdc)
2025-11-01 13:08:42.529 Disconnecting files for session with ID ce2b1839-54db-49cd-9bce-964a9509efdc
2025-11-01 13:08:42.529 Sessions still active: dict_keys([])
2025-11-01 13:08:42.529 Files: 0; Sessions with files: 0
2025-11-01 13:08:42.529 Removing orphaned files...
2025-11-01 13:08:42.529 Shutting down (id=5c1955da-572a-4448-ba9a-ea1709f273bf)
2025-11-01 13:08:42.529 Disconnecting files for session with ID 5c1955da-572a-4448-ba9a-ea1709f273bf
2025-11-01 13:08:42.529 Sessions still active: dict_keys([])
2025-11-01 13:08:42.529 Files: 0; Sessions with files: 0
2025-11-01 13:08:42.529 Removing orphaned files...
2025-11-01 13:08:42.529 Shutting down (id=63016284-33d9-4d4b-a797-d3ebadaaa5bd)
2025-11-01 13:08:42.529 Disconnecting files for session with ID 63016284-33d9-4d4b-a797-d3ebadaaa5bd
2025-11-01 13:08:42.529 Sessions still active: dict_keys([])
2025-11-01 13:08:42.529 Files: 0; Sessions with files: 0
2025-11-01 13:08:42.529 Removing orphaned files...
2025-11-01 13:08:42.529 Shutting down (id=00ff7c0c-af2d-4158-99ef-ae0007b56262)
2025-11-01 13:08:42.529 Disconnecting files for session with ID 00ff7c0c-af2d-4158-99ef-ae0007b56262
2025-11-01 13:08:42.529 Sessions still active: dict_keys([])
2025-11-01 13:08:42.529 Files: 0; Sessions with files: 0
2025-11-01 13:08:42.529 Removing orphaned files...
2025-11-01 13:08:42.529 Shutting down (id=59c4db2b-d9d0-443b-944b-22e65769f285)
2025-11-01 13:08:42.529 Disconnecting files for session with ID 59c4db2b-d9d0-443b-944b-22e65769f285
2025-11-01 13:08:42.529 Sessions still active: dict_keys([])
2025-11-01 13:08:42.529 Files: 0; Sessions with files: 0
2025-11-01 13:08:42.529 Removing orphaned files...
2025-11-01 13:08:42.529 Shutting down (id=bbca61f7-c585-4d9e-9e11-017e045fe136)
2025-11-01 13:08:42.529 Disconnecting files for session with ID bbca61f7-c585-4d9e-9e11-017e045fe136
2025-11-01 13:08:42.529 Sessions still active: dict_keys([])
2025-11-01 13:08:42.529 Files: 0; Sessions with files: 0
2025-11-01 13:08:42.529 Removing orphaned files...
2025-11-01 13:08:42.529 Shutting down (id=f53f2f21-7a65-4eb2-8f28-f54ebab22539)
2025-11-01 13:08:42.529 Disconnecting files for session with ID f53f2f21-7a65-4eb2-8f28-f54ebab22539
2025-11-01 13:08:42.529 Sessions still active: dict_keys([])
2025-11-01 13:08:42.529 Files: 0; Sessions with files: 0
2025-11-01 13:08:42.529 Removing orphaned files...
2025-11-01 13:08:42.529 Shutting down (id=2a6028af-f134-499a-bad3-49669a4d566a)
2025-11-01 13:08:42.530 Disconnecting files for session with ID 2a6028af-f134-499a-bad3-49669a4d566a
2025-11-01 13:08:42.530 Sessions still active: dict_keys([])
2025-11-01 13:08:42.530 Files: 0; Sessions with files: 0
2025-11-01 13:08:42.530 Removing orphaned files...
2025-11-01 13:08:42.530 Shutting down (id=f88c498c-6248-44cf-8047-b6dd3fd0c948)
2025-11-01 13:08:42.530 Disconnecting files for session with ID f88c498c-6248-44cf-8047-b6dd3fd0c948
2025-11-01 13:08:42.530 Sessions still active: dict_keys([])
2025-11-01 13:08:42.530 Files: 0; Sessions with files: 0
2025-11-01 13:08:42.530 Removing orphaned files...
2025-11-01 13:08:42.530 Shutting down (id=733c753d-7e8f-4dee-9eae-d9cabaf3f589)
2025-11-01 13:08:42.530 Disconnecting files for session with ID 733c753d-7e8f-4dee-9eae-d9cabaf3f589
2025-11-01 13:08:42.530 Sessions still active: dict_keys([])
2025-11-01 13:08:42.530 Files: 0; Sessions with files: 0
2025-11-01 13:08:42.530 Removing orphaned files...
2025-11-01 13:08:42.530 Runtime state: RuntimeState.STOPPING -> RuntimeState.STOPPED
