2025-11-01 13:22:46.922 Starting new event loop for server
2025-11-01 13:22:46.922 Starting server...
2025-11-01 13:22:46.923 Serving static content from /home/dzoan/credit-appraisal-agent-poc/.venv/lib/python3.10/site-packages/streamlit/static
2025-11-01 13:22:46.928 Server started on port 8502
2025-11-01 13:22:46.929 Runtime state: RuntimeState.INITIAL -> RuntimeState.NO_SESSIONS_CONNECTED

  You can now view your Streamlit app in your browser.

  URL: http://0.0.0.0:8502

2025-11-01 13:22:46.930 Setting up signal handler
2025-11-01 13:22:47.782 AppSession initialized (id=1cc2c14d-f3ad-4b78-86d1-ff554782984c)
2025-11-01 13:22:47.782 Created new session for client 129769192447984. Session ID: 1cc2c14d-f3ad-4b78-86d1-ff554782984c
2025-11-01 13:22:47.782 Runtime state: RuntimeState.NO_SESSIONS_CONNECTED -> RuntimeState.ONE_OR_MORE_SESSIONS_CONNECTED
2025-11-01 13:22:47.798 AppSession initialized (id=f4322821-870d-47b6-aeca-d3662d73e83b)
2025-11-01 13:22:47.798 Created new session for client 129769192450432. Session ID: f4322821-870d-47b6-aeca-d3662d73e83b
2025-11-01 13:22:47.798 Runtime state: RuntimeState.ONE_OR_MORE_SESSIONS_CONNECTED -> RuntimeState.ONE_OR_MORE_SESSIONS_CONNECTED
2025-11-01 13:22:47.815 AppSession initialized (id=3e8da5f2-b169-4274-86ba-6b7bf79f372a)
2025-11-01 13:22:47.815 Created new session for client 129769192452736. Session ID: 3e8da5f2-b169-4274-86ba-6b7bf79f372a
2025-11-01 13:22:47.815 Runtime state: RuntimeState.ONE_OR_MORE_SESSIONS_CONNECTED -> RuntimeState.ONE_OR_MORE_SESSIONS_CONNECTED
2025-11-01 13:22:47.831 AppSession initialized (id=630c9731-bf54-4886-8e81-00fe1018bcd1)
2025-11-01 13:22:47.831 Created new session for client 129769192455040. Session ID: 630c9731-bf54-4886-8e81-00fe1018bcd1
2025-11-01 13:22:47.831 Runtime state: RuntimeState.ONE_OR_MORE_SESSIONS_CONNECTED -> RuntimeState.ONE_OR_MORE_SESSIONS_CONNECTED
2025-11-01 13:22:47.851 AppSession initialized (id=0d841ce8-aea9-411b-bad1-1fb4b6fb30c3)
2025-11-01 13:22:47.851 Created new session for client 129769192916160. Session ID: 0d841ce8-aea9-411b-bad1-1fb4b6fb30c3
2025-11-01 13:22:47.851 Runtime state: RuntimeState.ONE_OR_MORE_SESSIONS_CONNECTED -> RuntimeState.ONE_OR_MORE_SESSIONS_CONNECTED
2025-11-01 13:22:47.868 AppSession initialized (id=2755c7ad-a563-418b-8d0c-581b57231c67)
2025-11-01 13:22:47.868 Created new session for client 129769192918464. Session ID: 2755c7ad-a563-418b-8d0c-581b57231c67
2025-11-01 13:22:47.868 Runtime state: RuntimeState.ONE_OR_MORE_SESSIONS_CONNECTED -> RuntimeState.ONE_OR_MORE_SESSIONS_CONNECTED
2025-11-01 13:22:47.884 AppSession initialized (id=a224527b-c305-4518-aae4-999ed7c20b66)
2025-11-01 13:22:47.884 Created new session for client 129769192920768. Session ID: a224527b-c305-4518-aae4-999ed7c20b66
2025-11-01 13:22:47.885 Runtime state: RuntimeState.ONE_OR_MORE_SESSIONS_CONNECTED -> RuntimeState.ONE_OR_MORE_SESSIONS_CONNECTED
  Stopping...
2025-11-01 13:22:58.087 Runtime stopping...
2025-11-01 13:22:58.087 Runtime state: RuntimeState.ONE_OR_MORE_SESSIONS_CONNECTED -> RuntimeState.STOPPING
2025-11-01 13:22:58.087 Shutting down (id=1cc2c14d-f3ad-4b78-86d1-ff554782984c)
2025-11-01 13:22:58.087 Disconnecting files for session with ID 1cc2c14d-f3ad-4b78-86d1-ff554782984c
2025-11-01 13:22:58.088 Sessions still active: dict_keys([])
2025-11-01 13:22:58.088 Files: 0; Sessions with files: 0
2025-11-01 13:22:58.088 Removing orphaned files...
2025-11-01 13:22:58.088 Shutting down (id=f4322821-870d-47b6-aeca-d3662d73e83b)
2025-11-01 13:22:58.088 Disconnecting files for session with ID f4322821-870d-47b6-aeca-d3662d73e83b
2025-11-01 13:22:58.088 Sessions still active: dict_keys([])
2025-11-01 13:22:58.088 Files: 0; Sessions with files: 0
2025-11-01 13:22:58.088 Removing orphaned files...
2025-11-01 13:22:58.088 Shutting down (id=3e8da5f2-b169-4274-86ba-6b7bf79f372a)
2025-11-01 13:22:58.088 Disconnecting files for session with ID 3e8da5f2-b169-4274-86ba-6b7bf79f372a
2025-11-01 13:22:58.088 Sessions still active: dict_keys([])
2025-11-01 13:22:58.088 Files: 0; Sessions with files: 0
2025-11-01 13:22:58.088 Removing orphaned files...
2025-11-01 13:22:58.088 Shutting down (id=630c9731-bf54-4886-8e81-00fe1018bcd1)
2025-11-01 13:22:58.088 Disconnecting files for session with ID 630c9731-bf54-4886-8e81-00fe1018bcd1
2025-11-01 13:22:58.088 Sessions still active: dict_keys([])
2025-11-01 13:22:58.088 Files: 0; Sessions with files: 0
2025-11-01 13:22:58.088 Removing orphaned files...
2025-11-01 13:22:58.088 Shutting down (id=0d841ce8-aea9-411b-bad1-1fb4b6fb30c3)
2025-11-01 13:22:58.088 Disconnecting files for session with ID 0d841ce8-aea9-411b-bad1-1fb4b6fb30c3
2025-11-01 13:22:58.088 Sessions still active: dict_keys([])
2025-11-01 13:22:58.088 Files: 0; Sessions with files: 0
2025-11-01 13:22:58.088 Removing orphaned files...
2025-11-01 13:22:58.088 Shutting down (id=2755c7ad-a563-418b-8d0c-581b57231c67)
2025-11-01 13:22:58.088 Disconnecting files for session with ID 2755c7ad-a563-418b-8d0c-581b57231c67
2025-11-01 13:22:58.088 Sessions still active: dict_keys([])
2025-11-01 13:22:58.088 Files: 0; Sessions with files: 0
2025-11-01 13:22:58.088 Removing orphaned files...
2025-11-01 13:22:58.088 Shutting down (id=a224527b-c305-4518-aae4-999ed7c20b66)
2025-11-01 13:22:58.088 Disconnecting files for session with ID a224527b-c305-4518-aae4-999ed7c20b66
2025-11-01 13:22:58.088 Sessions still active: dict_keys([])
2025-11-01 13:22:58.088 Files: 0; Sessions with files: 0
2025-11-01 13:22:58.088 Removing orphaned files...
2025-11-01 13:22:58.088 Runtime state: RuntimeState.STOPPING -> RuntimeState.STOPPED
