
  You can now view your Streamlit app in your browser.

  URL: http://0.0.0.0:8502

2025-11-01 12:46:14 DEBUG [urllib3.connectionpool] Starting new HTTP connection (1): localhost:8090
2025-11-01 12:46:14 DEBUG [urllib3.connectionpool] http://localhost:8090 "GET /v1/training/production_meta HTTP/1.1" 200 246
2025-11-01 12:46:14 DEBUG [urllib3.connectionpool] Starting new HTTP connection (1): localhost:8090
2025-11-01 12:46:14 DEBUG [urllib3.connectionpool] http://localhost:8090 "GET /v1/training/production_meta HTTP/1.1" 200 246
2025-11-01 12:46:15.662 Please replace `use_container_width` with `width`.

`use_container_width` will be removed after 2025-12-31.

For `use_container_width=True`, use `width='stretch'`. For `use_container_width=False`, use `width='content'`.
2025-11-01 12:46:15 DEBUG [urllib3.connectionpool] Starting new HTTP connection (1): localhost:8090
2025-11-01 12:46:15 DEBUG [urllib3.connectionpool] http://localhost:8090 "GET /v1/training/production_meta HTTP/1.1" 200 246
2025-11-01 12:46:15 DEBUG [urllib3.connectionpool] Starting new HTTP connection (1): localhost:8090
2025-11-01 12:46:15 DEBUG [urllib3.connectionpool] http://localhost:8090 "GET /v1/training/production_meta HTTP/1.1" 200 246
2025-11-01 12:46:17 DEBUG [urllib3.connectionpool] Starting new HTTP connection (1): localhost:8090
2025-11-01 12:46:17 DEBUG [urllib3.connectionpool] http://localhost:8090 "GET /v1/training/production_meta HTTP/1.1" 200 246
2025-11-01 12:46:17 DEBUG [urllib3.connectionpool] Starting new HTTP connection (1): localhost:8090
2025-11-01 12:46:17 DEBUG [urllib3.connectionpool] http://localhost:8090 "GET /v1/training/production_meta HTTP/1.1" 200 246
2025-11-01 12:46:24 DEBUG [urllib3.connectionpool] Starting new HTTP connection (1): localhost:8090
2025-11-01 12:46:24 DEBUG [urllib3.connectionpool] http://localhost:8090 "GET /v1/training/production_meta HTTP/1.1" 200 246
2025-11-01 12:46:24 DEBUG [urllib3.connectionpool] Starting new HTTP connection (1): localhost:8090
2025-11-01 12:46:24 DEBUG [urllib3.connectionpool] http://localhost:8090 "POST /v1/agents/credit_appraisal/run HTTP/1.1" 500 21
2025-11-01 12:46:30 DEBUG [urllib3.connectionpool] Starting new HTTP connection (1): localhost:8090
2025-11-01 12:46:30 DEBUG [urllib3.connectionpool] http://localhost:8090 "GET /v1/training/production_meta HTTP/1.1" 200 246
2025-11-01 12:46:30 DEBUG [urllib3.connectionpool] Starting new HTTP connection (1): localhost:8090
2025-11-01 12:46:31 DEBUG [urllib3.connectionpool] http://localhost:8090 "POST /v1/agents/credit_appraisal/run HTTP/1.1" 500 21
  Stopping...
