2025-11-01 09:58:02.334 Starting new event loop for server
2025-11-01 09:58:02.335 Starting server...
2025-11-01 09:58:02.335 Serving static content from /home/dzoan/credit-appraisal-agent-poc/.venv/lib/python3.10/site-packages/streamlit/static
2025-11-01 09:58:02.342 Server started on port 8502
2025-11-01 09:58:02.343 Runtime state: RuntimeState.INITIAL -> RuntimeState.NO_SESSIONS_CONNECTED

  You can now view your Streamlit app in your browser.

  URL: http://0.0.0.0:8502

2025-11-01 09:58:02.344 Setting up signal handler
2025-11-01 09:58:03.186 AppSession initialized (id=a8f27f51-e2c6-4f26-8277-5bcfd55fdd60)
2025-11-01 09:58:03.186 Created new session for client 127074176970144. Session ID: a8f27f51-e2c6-4f26-8277-5bcfd55fdd60
2025-11-01 09:58:03.186 Runtime state: RuntimeState.NO_SESSIONS_CONNECTED -> RuntimeState.ONE_OR_MORE_SESSIONS_CONNECTED
2025-11-01 09:58:03.202 AppSession initialized (id=3f55b48f-4fb5-454a-8589-707297c5355b)
2025-11-01 09:58:03.202 Created new session for client 127074176972544. Session ID: 3f55b48f-4fb5-454a-8589-707297c5355b
2025-11-01 09:58:03.202 Runtime state: RuntimeState.ONE_OR_MORE_SESSIONS_CONNECTED -> RuntimeState.ONE_OR_MORE_SESSIONS_CONNECTED
2025-11-01 09:58:05.233 AppSession initialized (id=7f00d29c-bf64-488f-8db4-e22d347b96b5)
2025-11-01 09:58:05.233 Created new session for client 127074175355248. Session ID: 7f00d29c-bf64-488f-8db4-e22d347b96b5
2025-11-01 09:58:05.233 Runtime state: RuntimeState.ONE_OR_MORE_SESSIONS_CONNECTED -> RuntimeState.ONE_OR_MORE_SESSIONS_CONNECTED
2025-11-01 09:58:07.227 AppSession initialized (id=c39a1524-7478-4bd3-b07d-4f9a3bf0b60a)
2025-11-01 09:58:07.227 Created new session for client 127074175356736. Session ID: c39a1524-7478-4bd3-b07d-4f9a3bf0b60a
2025-11-01 09:58:07.227 Runtime state: RuntimeState.ONE_OR_MORE_SESSIONS_CONNECTED -> RuntimeState.ONE_OR_MORE_SESSIONS_CONNECTED
2025-11-01 09:58:08.292 AppSession initialized (id=4611a2c3-ee61-43a9-a450-c215bc6b7ffc)
2025-11-01 09:58:08.292 Created new session for client 127074176971824. Session ID: 4611a2c3-ee61-43a9-a450-c215bc6b7ffc
2025-11-01 09:58:08.292 Runtime state: RuntimeState.ONE_OR_MORE_SESSIONS_CONNECTED -> RuntimeState.ONE_OR_MORE_SESSIONS_CONNECTED
2025-11-01 09:58:08.294 Received the following back message:
rerun_script {
  widget_states {
  }
  context_info {
    timezone: "Asia/Bangkok"
    timezone_offset: -420
    locale: "en-US"
    url: "http://localhost:8502/"
    is_embedded: false
    color_scheme: "light"
  }
}

2025-11-01 09:58:08.295 Beginning script thread
2025-11-01 09:58:08.295 Running script RerunData(widget_states=, context_info=timezone: "Asia/Bangkok"
timezone_offset: -420
locale: "en-US"
url: "http://localhost:8502/"
is_embedded: false
color_scheme: "light"
)
2025-11-01 09:58:08.295 Disconnecting files for session with ID 4611a2c3-ee61-43a9-a450-c215bc6b7ffc
2025-11-01 09:58:08.295 Sessions still active: dict_keys([])
2025-11-01 09:58:08.295 Files: 0; Sessions with files: 0
2025-11-01 09:58:09.349 Uncaught app execution
Traceback (most recent call last):
  File "/home/dzoan/credit-appraisal-agent-poc/.venv/lib/python3.10/site-packages/streamlit/runtime/scriptrunner/exec_code.py", line 128, in exec_func_with_error_handling
    result = func()
  File "/home/dzoan/credit-appraisal-agent-poc/.venv/lib/python3.10/site-packages/streamlit/runtime/scriptrunner/script_runner.py", line 667, in code_to_exec
    _mpa_v1(self._main_script_path)
  File "/home/dzoan/credit-appraisal-agent-poc/.venv/lib/python3.10/site-packages/streamlit/runtime/scriptrunner/script_runner.py", line 165, in _mpa_v1
    page.run()
  File "/home/dzoan/credit-appraisal-agent-poc/.venv/lib/python3.10/site-packages/streamlit/navigation/page.py", line 300, in run
    exec(code, module.__dict__)  # noqa: S102
  File "/home/dzoan/credit-appraisal-agent-poc/services/ui/app.py", line 147, in <module>
    st.session_state.user_info["timestamp"] = datetime.datetime.utcnow().isoformat()
AttributeError: type object 'datetime.datetime' has no attribute 'datetime'
2025-11-01 09:58:09.351 Removing orphaned files...
  Stopping...
2025-11-01 09:59:12.970 Runtime stopping...
2025-11-01 09:59:12.970 Runtime state: RuntimeState.ONE_OR_MORE_SESSIONS_CONNECTED -> RuntimeState.STOPPING
2025-11-01 09:59:12.971 Shutting down (id=3f55b48f-4fb5-454a-8589-707297c5355b)
2025-11-01 09:59:12.971 Disconnecting files for session with ID 3f55b48f-4fb5-454a-8589-707297c5355b
2025-11-01 09:59:12.971 Sessions still active: dict_keys([])
2025-11-01 09:59:12.971 Files: 0; Sessions with files: 0
2025-11-01 09:59:12.971 Removing orphaned files...
2025-11-01 09:59:12.971 Shutting down (id=7f00d29c-bf64-488f-8db4-e22d347b96b5)
2025-11-01 09:59:12.971 Disconnecting files for session with ID 7f00d29c-bf64-488f-8db4-e22d347b96b5
2025-11-01 09:59:12.971 Sessions still active: dict_keys([])
2025-11-01 09:59:12.971 Files: 0; Sessions with files: 0
2025-11-01 09:59:12.971 Removing orphaned files...
2025-11-01 09:59:12.971 Shutting down (id=c39a1524-7478-4bd3-b07d-4f9a3bf0b60a)
2025-11-01 09:59:12.971 Disconnecting files for session with ID c39a1524-7478-4bd3-b07d-4f9a3bf0b60a
2025-11-01 09:59:12.971 Sessions still active: dict_keys([])
2025-11-01 09:59:12.971 Files: 0; Sessions with files: 0
2025-11-01 09:59:12.971 Removing orphaned files...
2025-11-01 09:59:12.971 Shutting down (id=4611a2c3-ee61-43a9-a450-c215bc6b7ffc)
2025-11-01 09:59:12.971 Disconnecting files for session with ID 4611a2c3-ee61-43a9-a450-c215bc6b7ffc
2025-11-01 09:59:12.971 Sessions still active: dict_keys([])
2025-11-01 09:59:12.971 Files: 0; Sessions with files: 0
2025-11-01 09:59:12.971 Removing orphaned files...
2025-11-01 09:59:12.971 Shutting down (id=a8f27f51-e2c6-4f26-8277-5bcfd55fdd60)
2025-11-01 09:59:12.971 Disconnecting files for session with ID a8f27f51-e2c6-4f26-8277-5bcfd55fdd60
2025-11-01 09:59:12.971 Sessions still active: dict_keys([])
2025-11-01 09:59:12.971 Files: 0; Sessions with files: 0
2025-11-01 09:59:12.971 Removing orphaned files...
2025-11-01 09:59:12.971 Runtime state: RuntimeState.STOPPING -> RuntimeState.STOPPED
