
  You can now view your Streamlit app in your browser.

  URL: http://0.0.0.0:8502

2025-11-01 12:30:19 DEBUG [urllib3.connectionpool] Starting new HTTP connection (1): localhost:8090
2025-11-01 12:30:19 DEBUG [urllib3.connectionpool] http://localhost:8090 "GET /v1/training/production_meta HTTP/1.1" 200 246
2025-11-01 12:30:19 DEBUG [urllib3.connectionpool] Starting new HTTP connection (1): localhost:8090
2025-11-01 12:30:19 DEBUG [urllib3.connectionpool] http://localhost:8090 "GET /v1/training/production_meta HTTP/1.1" 200 246
2025-11-01 12:30:21.568 Please replace `use_container_width` with `width`.

`use_container_width` will be removed after 2025-12-31.

For `use_container_width=True`, use `width='stretch'`. For `use_container_width=False`, use `width='content'`.
2025-11-01 12:30:21 DEBUG [urllib3.connectionpool] Starting new HTTP connection (1): localhost:8090
2025-11-01 12:30:21 DEBUG [urllib3.connectionpool] http://localhost:8090 "GET /v1/training/production_meta HTTP/1.1" 200 246
2025-11-01 12:30:21 DEBUG [urllib3.connectionpool] Starting new HTTP connection (1): localhost:8090
2025-11-01 12:30:21 DEBUG [urllib3.connectionpool] http://localhost:8090 "GET /v1/training/production_meta HTTP/1.1" 200 246
2025-11-01 12:30:23 DEBUG [urllib3.connectionpool] Starting new HTTP connection (1): localhost:8090
2025-11-01 12:30:23 DEBUG [urllib3.connectionpool] http://localhost:8090 "GET /v1/training/production_meta HTTP/1.1" 200 246
2025-11-01 12:30:23 DEBUG [urllib3.connectionpool] Starting new HTTP connection (1): localhost:8090
2025-11-01 12:30:23 DEBUG [urllib3.connectionpool] http://localhost:8090 "GET /v1/training/production_meta HTTP/1.1" 200 246
2025-11-01 12:30:30 DEBUG [urllib3.connectionpool] Starting new HTTP connection (1): localhost:8090
2025-11-01 12:30:30 DEBUG [urllib3.connectionpool] http://localhost:8090 "GET /v1/training/production_meta HTTP/1.1" 200 246
2025-11-01 12:30:30 DEBUG [urllib3.connectionpool] Starting new HTTP connection (1): localhost:8090
2025-11-01 12:30:30 DEBUG [urllib3.connectionpool] http://localhost:8090 "POST /v1/agents/credit_appraisal/run HTTP/1.1" 500 21
