2025-11-01 12:24:12.099 Starting new event loop for server
2025-11-01 12:24:12.099 Starting server...
2025-11-01 12:24:12.100 Serving static content from /home/dzoan/credit-appraisal-agent-poc/.venv/lib/python3.10/site-packages/streamlit/static
2025-11-01 12:24:12.107 Server started on port 8502
2025-11-01 12:24:12.108 Runtime state: RuntimeState.INITIAL -> RuntimeState.NO_SESSIONS_CONNECTED

  You can now view your Streamlit app in your browser.

  URL: http://0.0.0.0:8502

2025-11-01 12:24:12.109 Setting up signal handler
2025-11-01 12:24:13.452 AppSession initialized (id=1830e250-2717-4c86-a75f-8a5600a4f67c)
2025-11-01 12:24:13.452 Created new session for client 137655730970656. Session ID: 1830e250-2717-4c86-a75f-8a5600a4f67c
2025-11-01 12:24:13.452 Runtime state: RuntimeState.NO_SESSIONS_CONNECTED -> RuntimeState.ONE_OR_MORE_SESSIONS_CONNECTED
2025-11-01 12:24:13.471 AppSession initialized (id=1d745c86-a04a-482d-9114-c5f199841fe3)
2025-11-01 12:24:13.471 Created new session for client 137655730973056. Session ID: 1d745c86-a04a-482d-9114-c5f199841fe3
2025-11-01 12:24:13.471 Runtime state: RuntimeState.ONE_OR_MORE_SESSIONS_CONNECTED -> RuntimeState.ONE_OR_MORE_SESSIONS_CONNECTED
2025-11-01 12:24:13.489 AppSession initialized (id=80c692f6-9d37-470d-9ebe-ae9a93bdaadd)
2025-11-01 12:24:13.489 Created new session for client 137655730975360. Session ID: 80c692f6-9d37-470d-9ebe-ae9a93bdaadd
2025-11-01 12:24:13.489 Runtime state: RuntimeState.ONE_OR_MORE_SESSIONS_CONNECTED -> RuntimeState.ONE_OR_MORE_SESSIONS_CONNECTED
2025-11-01 12:24:13.518 AppSession initialized (id=49737c40-0762-44c4-91e1-c54a603facc2)
2025-11-01 12:24:13.518 Created new session for client 137655730977664. Session ID: 49737c40-0762-44c4-91e1-c54a603facc2
2025-11-01 12:24:13.518 Runtime state: RuntimeState.ONE_OR_MORE_SESSIONS_CONNECTED -> RuntimeState.ONE_OR_MORE_SESSIONS_CONNECTED
2025-11-01 12:24:13.537 AppSession initialized (id=ac5da038-a33e-4967-9f2c-38f5c4f62e35)
2025-11-01 12:24:13.537 Created new session for client 137655729341632. Session ID: ac5da038-a33e-4967-9f2c-38f5c4f62e35
2025-11-01 12:24:13.537 Runtime state: RuntimeState.ONE_OR_MORE_SESSIONS_CONNECTED -> RuntimeState.ONE_OR_MORE_SESSIONS_CONNECTED
2025-11-01 12:24:13.560 AppSession initialized (id=5e013fcc-138f-4b5a-aa8d-27a4e06c5b85)
2025-11-01 12:24:13.560 Created new session for client 137655729343936. Session ID: 5e013fcc-138f-4b5a-aa8d-27a4e06c5b85
2025-11-01 12:24:13.561 Runtime state: RuntimeState.ONE_OR_MORE_SESSIONS_CONNECTED -> RuntimeState.ONE_OR_MORE_SESSIONS_CONNECTED
2025-11-01 12:24:13.584 AppSession initialized (id=2c47b329-369d-4fe1-a469-a7af628716ba)
2025-11-01 12:24:13.584 Created new session for client 137655729346240. Session ID: 2c47b329-369d-4fe1-a469-a7af628716ba
2025-11-01 12:24:13.584 Runtime state: RuntimeState.ONE_OR_MORE_SESSIONS_CONNECTED -> RuntimeState.ONE_OR_MORE_SESSIONS_CONNECTED
2025-11-01 12:24:13.609 AppSession initialized (id=786f3f60-b7e0-483d-84ff-0d9fa6c2bad8)
2025-11-01 12:24:13.609 Created new session for client 137655729348544. Session ID: 786f3f60-b7e0-483d-84ff-0d9fa6c2bad8
2025-11-01 12:24:13.609 Runtime state: RuntimeState.ONE_OR_MORE_SESSIONS_CONNECTED -> RuntimeState.ONE_OR_MORE_SESSIONS_CONNECTED
2025-11-01 12:24:13.627 AppSession initialized (id=ed7059ac-f12b-428f-a479-5e1db911e927)
2025-11-01 12:24:13.627 Created new session for client 137655729350848. Session ID: ed7059ac-f12b-428f-a479-5e1db911e927
2025-11-01 12:24:13.627 Runtime state: RuntimeState.ONE_OR_MORE_SESSIONS_CONNECTED -> RuntimeState.ONE_OR_MORE_SESSIONS_CONNECTED
2025-11-01 12:24:13.658 AppSession initialized (id=dbad7639-19ca-41f6-9a5c-5272f3a38370)
2025-11-01 12:24:13.658 Created new session for client 137655729353152. Session ID: dbad7639-19ca-41f6-9a5c-5272f3a38370
2025-11-01 12:24:13.659 Runtime state: RuntimeState.ONE_OR_MORE_SESSIONS_CONNECTED -> RuntimeState.ONE_OR_MORE_SESSIONS_CONNECTED
2025-11-01 12:24:16.479 AppSession initialized (id=753bc685-e3a0-4632-8fd5-7affc8930b51)
2025-11-01 12:24:16.479 Created new session for client 137655730969984. Session ID: 753bc685-e3a0-4632-8fd5-7affc8930b51
2025-11-01 12:24:16.479 Runtime state: RuntimeState.ONE_OR_MORE_SESSIONS_CONNECTED -> RuntimeState.ONE_OR_MORE_SESSIONS_CONNECTED
2025-11-01 12:24:16.482 Received the following back message:
rerun_script {
  widget_states {
  }
  context_info {
    timezone: "Asia/Bangkok"
    timezone_offset: -420
    locale: "en-US"
    url: "http://localhost:8502/"
    is_embedded: false
    color_scheme: "light"
  }
}

2025-11-01 12:24:16.483 Beginning script thread
2025-11-01 12:24:16.483 Running script RerunData(widget_states=, context_info=timezone: "Asia/Bangkok"
timezone_offset: -420
locale: "en-US"
url: "http://localhost:8502/"
is_embedded: false
color_scheme: "light"
)
2025-11-01 12:24:16.483 Disconnecting files for session with ID 753bc685-e3a0-4632-8fd5-7affc8930b51
2025-11-01 12:24:16.484 Sessions still active: dict_keys([])
2025-11-01 12:24:16.484 Files: 0; Sessions with files: 0
2025-11-01 12:24:17.441 Removing orphaned files...
2025-11-01 12:24:30.196 AppSession initialized (id=6d0d4578-cb90-4cea-b937-739bce083918)
2025-11-01 12:24:30.196 Created new session for client 137654990530608. Session ID: 6d0d4578-cb90-4cea-b937-739bce083918
2025-11-01 12:24:30.196 Runtime state: RuntimeState.ONE_OR_MORE_SESSIONS_CONNECTED -> RuntimeState.ONE_OR_MORE_SESSIONS_CONNECTED
2025-11-01 12:24:30.197 Received the following back message:
rerun_script {
  widget_states {
  }
  context_info {
    timezone: "Asia/Bangkok"
    timezone_offset: -420
    locale: "en-US"
    url: "http://localhost:8502/"
    is_embedded: false
    color_scheme: "light"
  }
}

2025-11-01 12:24:30.198 Beginning script thread
2025-11-01 12:24:30.198 Running script RerunData(widget_states=, context_info=timezone: "Asia/Bangkok"
timezone_offset: -420
locale: "en-US"
url: "http://localhost:8502/"
is_embedded: false
color_scheme: "light"
)
2025-11-01 12:24:30.199 Disconnecting files for session with ID 6d0d4578-cb90-4cea-b937-739bce083918
2025-11-01 12:24:30.199 Sessions still active: dict_keys([])
2025-11-01 12:24:30.199 Files: 0; Sessions with files: 0
2025-11-01 12:24:30.402 Removing orphaned files...
  Stopping...
2025-11-01 12:25:46.638 Runtime stopping...
2025-11-01 12:25:46.638 Runtime state: RuntimeState.ONE_OR_MORE_SESSIONS_CONNECTED -> RuntimeState.STOPPING
2025-11-01 12:25:46.638 Shutting down (id=1d745c86-a04a-482d-9114-c5f199841fe3)
2025-11-01 12:25:46.638 Disconnecting files for session with ID 1d745c86-a04a-482d-9114-c5f199841fe3
2025-11-01 12:25:46.638 Sessions still active: dict_keys([])
2025-11-01 12:25:46.638 Files: 0; Sessions with files: 0
2025-11-01 12:25:46.638 Removing orphaned files...
2025-11-01 12:25:46.639 Shutting down (id=80c692f6-9d37-470d-9ebe-ae9a93bdaadd)
2025-11-01 12:25:46.639 Disconnecting files for session with ID 80c692f6-9d37-470d-9ebe-ae9a93bdaadd
2025-11-01 12:25:46.639 Sessions still active: dict_keys([])
2025-11-01 12:25:46.639 Files: 0; Sessions with files: 0
2025-11-01 12:25:46.639 Removing orphaned files...
2025-11-01 12:25:46.639 Shutting down (id=49737c40-0762-44c4-91e1-c54a603facc2)
2025-11-01 12:25:46.639 Disconnecting files for session with ID 49737c40-0762-44c4-91e1-c54a603facc2
2025-11-01 12:25:46.639 Sessions still active: dict_keys([])
2025-11-01 12:25:46.639 Files: 0; Sessions with files: 0
2025-11-01 12:25:46.639 Removing orphaned files...
2025-11-01 12:25:46.639 Shutting down (id=ac5da038-a33e-4967-9f2c-38f5c4f62e35)
2025-11-01 12:25:46.639 Disconnecting files for session with ID ac5da038-a33e-4967-9f2c-38f5c4f62e35
2025-11-01 12:25:46.639 Sessions still active: dict_keys([])
2025-11-01 12:25:46.639 Files: 0; Sessions with files: 0
2025-11-01 12:25:46.639 Removing orphaned files...
2025-11-01 12:25:46.639 Shutting down (id=5e013fcc-138f-4b5a-aa8d-27a4e06c5b85)
2025-11-01 12:25:46.639 Disconnecting files for session with ID 5e013fcc-138f-4b5a-aa8d-27a4e06c5b85
2025-11-01 12:25:46.639 Sessions still active: dict_keys([])
2025-11-01 12:25:46.639 Files: 0; Sessions with files: 0
2025-11-01 12:25:46.639 Removing orphaned files...
2025-11-01 12:25:46.639 Shutting down (id=2c47b329-369d-4fe1-a469-a7af628716ba)
2025-11-01 12:25:46.639 Disconnecting files for session with ID 2c47b329-369d-4fe1-a469-a7af628716ba
2025-11-01 12:25:46.639 Sessions still active: dict_keys([])
2025-11-01 12:25:46.639 Files: 0; Sessions with files: 0
2025-11-01 12:25:46.639 Removing orphaned files...
2025-11-01 12:25:46.639 Shutting down (id=786f3f60-b7e0-483d-84ff-0d9fa6c2bad8)
2025-11-01 12:25:46.639 Disconnecting files for session with ID 786f3f60-b7e0-483d-84ff-0d9fa6c2bad8
2025-11-01 12:25:46.639 Sessions still active: dict_keys([])
2025-11-01 12:25:46.639 Files: 0; Sessions with files: 0
2025-11-01 12:25:46.639 Removing orphaned files...
2025-11-01 12:25:46.639 Shutting down (id=ed7059ac-f12b-428f-a479-5e1db911e927)
2025-11-01 12:25:46.639 Disconnecting files for session with ID ed7059ac-f12b-428f-a479-5e1db911e927
2025-11-01 12:25:46.639 Sessions still active: dict_keys([])
2025-11-01 12:25:46.639 Files: 0; Sessions with files: 0
2025-11-01 12:25:46.639 Removing orphaned files...
2025-11-01 12:25:46.639 Shutting down (id=dbad7639-19ca-41f6-9a5c-5272f3a38370)
2025-11-01 12:25:46.639 Disconnecting files for session with ID dbad7639-19ca-41f6-9a5c-5272f3a38370
2025-11-01 12:25:46.639 Sessions still active: dict_keys([])
2025-11-01 12:25:46.639 Files: 0; Sessions with files: 0
2025-11-01 12:25:46.639 Removing orphaned files...
2025-11-01 12:25:46.639 Shutting down (id=6d0d4578-cb90-4cea-b937-739bce083918)
2025-11-01 12:25:46.639 Disconnecting files for session with ID 6d0d4578-cb90-4cea-b937-739bce083918
2025-11-01 12:25:46.639 Sessions still active: dict_keys([])
2025-11-01 12:25:46.639 Files: 0; Sessions with files: 0
2025-11-01 12:25:46.640 Removing orphaned files...
2025-11-01 12:25:46.640 Shutting down (id=1830e250-2717-4c86-a75f-8a5600a4f67c)
2025-11-01 12:25:46.640 Disconnecting files for session with ID 1830e250-2717-4c86-a75f-8a5600a4f67c
2025-11-01 12:25:46.640 Sessions still active: dict_keys([])
2025-11-01 12:25:46.640 Files: 0; Sessions with files: 0
2025-11-01 12:25:46.640 Removing orphaned files...
2025-11-01 12:25:46.640 Shutting down (id=753bc685-e3a0-4632-8fd5-7affc8930b51)
2025-11-01 12:25:46.640 Disconnecting files for session with ID 753bc685-e3a0-4632-8fd5-7affc8930b51
2025-11-01 12:25:46.640 Sessions still active: dict_keys([])
2025-11-01 12:25:46.640 Files: 0; Sessions with files: 0
2025-11-01 12:25:46.640 Removing orphaned files...
2025-11-01 12:25:46.640 Runtime state: RuntimeState.STOPPING -> RuntimeState.STOPPED
