
  You can now view your Streamlit app in your browser.

  URL: http://0.0.0.0:8502

2025-10-26 12:07:23.703 Uncaught app execution
Traceback (most recent call last):
  File "/home/dzoan/credit-appraisal-agent-poc/.venv/lib/python3.10/site-packages/streamlit/runtime/scriptrunner/exec_code.py", line 128, in exec_func_with_error_handling
    result = func()
  File "/home/dzoan/credit-appraisal-agent-poc/.venv/lib/python3.10/site-packages/streamlit/runtime/scriptrunner/script_runner.py", line 669, in code_to_exec
    exec(code, module.__dict__)  # noqa: S102
  File "/home/dzoan/credit-appraisal-agent-poc/services/ui/app.py", line 825, in <module>
    raw_df = append_user_info(generate_raw_synthetic(rows, non_bank_ratio))
  File "/home/dzoan/credit-appraisal-agent-poc/services/ui/app.py", line 334, in append_user_info
    out["session_flagged"] = meta["flagged"]
KeyError: 'flagged'
2025-10-26 12:07:30.359 Uncaught app execution
Traceback (most recent call last):
  File "/home/dzoan/credit-appraisal-agent-poc/.venv/lib/python3.10/site-packages/streamlit/runtime/scriptrunner/exec_code.py", line 128, in exec_func_with_error_handling
    result = func()
  File "/home/dzoan/credit-appraisal-agent-poc/.venv/lib/python3.10/site-packages/streamlit/runtime/scriptrunner/script_runner.py", line 669, in code_to_exec
    exec(code, module.__dict__)  # noqa: S102
  File "/home/dzoan/credit-appraisal-agent-poc/services/ui/app.py", line 825, in <module>
    raw_df = append_user_info(generate_raw_synthetic(rows, non_bank_ratio))
  File "/home/dzoan/credit-appraisal-agent-poc/services/ui/app.py", line 334, in append_user_info
    out["session_flagged"] = meta["flagged"]
KeyError: 'flagged'
  Stopping...
