2025-11-01 12:50:24.050 Starting new event loop for server
2025-11-01 12:50:24.051 Starting server...
2025-11-01 12:50:24.051 Serving static content from /home/dzoan/credit-appraisal-agent-poc/.venv/lib/python3.10/site-packages/streamlit/static
2025-11-01 12:50:24.057 Server started on port 8502
2025-11-01 12:50:24.057 Runtime state: RuntimeState.INITIAL -> RuntimeState.NO_SESSIONS_CONNECTED

  You can now view your Streamlit app in your browser.

  URL: http://0.0.0.0:8502

2025-11-01 12:50:24.058 Setting up signal handler
2025-11-01 12:50:24.789 AppSession initialized (id=c7224d0e-f16d-4ed4-b2ea-d8ef758c5e16)
2025-11-01 12:50:24.789 Created new session for client 126595252741232. Session ID: c7224d0e-f16d-4ed4-b2ea-d8ef758c5e16
2025-11-01 12:50:24.789 Runtime state: RuntimeState.NO_SESSIONS_CONNECTED -> RuntimeState.ONE_OR_MORE_SESSIONS_CONNECTED
2025-11-01 12:50:24.819 AppSession initialized (id=c88df5bc-7f36-4be5-8d25-c91ec57ea681)
2025-11-01 12:50:24.820 Created new session for client 126595252743680. Session ID: c88df5bc-7f36-4be5-8d25-c91ec57ea681
2025-11-01 12:50:24.820 Runtime state: RuntimeState.ONE_OR_MORE_SESSIONS_CONNECTED -> RuntimeState.ONE_OR_MORE_SESSIONS_CONNECTED
2025-11-01 12:50:24.848 AppSession initialized (id=1ef2cff0-71cc-4dc1-8fab-0ec38f9fd00e)
2025-11-01 12:50:24.848 Created new session for client 126595252745984. Session ID: 1ef2cff0-71cc-4dc1-8fab-0ec38f9fd00e
2025-11-01 12:50:24.848 Runtime state: RuntimeState.ONE_OR_MORE_SESSIONS_CONNECTED -> RuntimeState.ONE_OR_MORE_SESSIONS_CONNECTED
2025-11-01 12:50:24.864 AppSession initialized (id=4b370513-2f14-427b-9640-3c646ca36b65)
2025-11-01 12:50:24.864 Created new session for client 126595251109952. Session ID: 4b370513-2f14-427b-9640-3c646ca36b65
2025-11-01 12:50:24.864 Runtime state: RuntimeState.ONE_OR_MORE_SESSIONS_CONNECTED -> RuntimeState.ONE_OR_MORE_SESSIONS_CONNECTED
2025-11-01 12:50:24.881 AppSession initialized (id=63a32d62-efc3-4e5e-9e52-cb04a213daee)
2025-11-01 12:50:24.881 Created new session for client 126595251112256. Session ID: 63a32d62-efc3-4e5e-9e52-cb04a213daee
2025-11-01 12:50:24.881 Runtime state: RuntimeState.ONE_OR_MORE_SESSIONS_CONNECTED -> RuntimeState.ONE_OR_MORE_SESSIONS_CONNECTED
2025-11-01 12:50:24.906 AppSession initialized (id=73055c33-de97-441d-810e-da531abc8480)
2025-11-01 12:50:24.907 Created new session for client 126595251114560. Session ID: 73055c33-de97-441d-810e-da531abc8480
2025-11-01 12:50:24.907 Runtime state: RuntimeState.ONE_OR_MORE_SESSIONS_CONNECTED -> RuntimeState.ONE_OR_MORE_SESSIONS_CONNECTED
2025-11-01 12:50:24.938 AppSession initialized (id=748103fd-9211-42aa-9318-18a7f0bccfc2)
2025-11-01 12:50:24.938 Created new session for client 126595251116912. Session ID: 748103fd-9211-42aa-9318-18a7f0bccfc2
2025-11-01 12:50:24.938 Runtime state: RuntimeState.ONE_OR_MORE_SESSIONS_CONNECTED -> RuntimeState.ONE_OR_MORE_SESSIONS_CONNECTED
2025-11-01 12:50:24.955 AppSession initialized (id=f1c0f065-a94d-43df-8a7f-169b3b905807)
2025-11-01 12:50:24.955 Created new session for client 126595251119168. Session ID: f1c0f065-a94d-43df-8a7f-169b3b905807
2025-11-01 12:50:24.955 Runtime state: RuntimeState.ONE_OR_MORE_SESSIONS_CONNECTED -> RuntimeState.ONE_OR_MORE_SESSIONS_CONNECTED
2025-11-01 12:50:24.971 AppSession initialized (id=03df3ad8-fa0b-488b-9415-e82517150d1f)
2025-11-01 12:50:24.972 Created new session for client 126595251121472. Session ID: 03df3ad8-fa0b-488b-9415-e82517150d1f
2025-11-01 12:50:24.972 Runtime state: RuntimeState.ONE_OR_MORE_SESSIONS_CONNECTED -> RuntimeState.ONE_OR_MORE_SESSIONS_CONNECTED
2025-11-01 12:50:24.989 AppSession initialized (id=25caabf2-5e3a-41da-b48e-ab160aa1f755)
2025-11-01 12:50:24.989 Created new session for client 126595251123776. Session ID: 25caabf2-5e3a-41da-b48e-ab160aa1f755
2025-11-01 12:50:24.989 Runtime state: RuntimeState.ONE_OR_MORE_SESSIONS_CONNECTED -> RuntimeState.ONE_OR_MORE_SESSIONS_CONNECTED
2025-11-01 12:50:25.021 AppSession initialized (id=71267496-1e86-41c7-a1bd-ce66f72e470c)
2025-11-01 12:50:25.021 Created new session for client 126595251126080. Session ID: 71267496-1e86-41c7-a1bd-ce66f72e470c
2025-11-01 12:50:25.021 Runtime state: RuntimeState.ONE_OR_MORE_SESSIONS_CONNECTED -> RuntimeState.ONE_OR_MORE_SESSIONS_CONNECTED
2025-11-01 12:50:25.039 AppSession initialized (id=f60c451f-40d4-4d6f-8903-060aa6be4f9d)
2025-11-01 12:50:25.039 Created new session for client 126595251275904. Session ID: f60c451f-40d4-4d6f-8903-060aa6be4f9d
2025-11-01 12:50:25.039 Runtime state: RuntimeState.ONE_OR_MORE_SESSIONS_CONNECTED -> RuntimeState.ONE_OR_MORE_SESSIONS_CONNECTED
2025-11-01 12:50:25.268 AppSession initialized (id=6f2e755f-5f17-4343-8370-b0d4992ad097)
2025-11-01 12:50:25.269 Created new session for client 126595251278208. Session ID: 6f2e755f-5f17-4343-8370-b0d4992ad097
2025-11-01 12:50:25.269 Runtime state: RuntimeState.ONE_OR_MORE_SESSIONS_CONNECTED -> RuntimeState.ONE_OR_MORE_SESSIONS_CONNECTED
2025-11-01 12:50:26.249 AppSession initialized (id=bf288d48-9f8c-4bc9-b876-16f880b0fa48)
2025-11-01 12:50:26.250 Created new session for client 126595251280512. Session ID: bf288d48-9f8c-4bc9-b876-16f880b0fa48
2025-11-01 12:50:26.250 Runtime state: RuntimeState.ONE_OR_MORE_SESSIONS_CONNECTED -> RuntimeState.ONE_OR_MORE_SESSIONS_CONNECTED
2025-11-01 12:50:33.007 AppSession initialized (id=cb2139cc-c79c-4525-a856-018a81b006d5)
2025-11-01 12:50:33.008 Created new session for client 126595252741040. Session ID: cb2139cc-c79c-4525-a856-018a81b006d5
2025-11-01 12:50:33.008 Runtime state: RuntimeState.ONE_OR_MORE_SESSIONS_CONNECTED -> RuntimeState.ONE_OR_MORE_SESSIONS_CONNECTED
2025-11-01 12:50:33.010 Received the following back message:
rerun_script {
  widget_states {
  }
  context_info {
    timezone: "Asia/Bangkok"
    timezone_offset: -420
    locale: "en-US"
    url: "http://localhost:8502/"
    is_embedded: false
    color_scheme: "light"
  }
}

2025-11-01 12:50:33.011 Beginning script thread
2025-11-01 12:50:33.012 Running script RerunData(widget_states=, context_info=timezone: "Asia/Bangkok"
timezone_offset: -420
locale: "en-US"
url: "http://localhost:8502/"
is_embedded: false
color_scheme: "light"
)
2025-11-01 12:50:33.012 Disconnecting files for session with ID cb2139cc-c79c-4525-a856-018a81b006d5
2025-11-01 12:50:33.012 Sessions still active: dict_keys([])
2025-11-01 12:50:33.012 Files: 0; Sessions with files: 0
2025-11-01 12:50:33.948 Removing orphaned files...
  Stopping...
2025-11-01 12:50:46.925 Runtime stopping...
2025-11-01 12:50:46.925 Runtime state: RuntimeState.ONE_OR_MORE_SESSIONS_CONNECTED -> RuntimeState.STOPPING
2025-11-01 12:50:46.925 Shutting down (id=c88df5bc-7f36-4be5-8d25-c91ec57ea681)
2025-11-01 12:50:46.925 Disconnecting files for session with ID c88df5bc-7f36-4be5-8d25-c91ec57ea681
2025-11-01 12:50:46.925 Sessions still active: dict_keys([])
2025-11-01 12:50:46.925 Files: 0; Sessions with files: 0
2025-11-01 12:50:46.925 Removing orphaned files...
2025-11-01 12:50:46.926 Shutting down (id=1ef2cff0-71cc-4dc1-8fab-0ec38f9fd00e)
2025-11-01 12:50:46.926 Disconnecting files for session with ID 1ef2cff0-71cc-4dc1-8fab-0ec38f9fd00e
2025-11-01 12:50:46.926 Sessions still active: dict_keys([])
2025-11-01 12:50:46.926 Files: 0; Sessions with files: 0
2025-11-01 12:50:46.926 Removing orphaned files...
2025-11-01 12:50:46.926 Shutting down (id=4b370513-2f14-427b-9640-3c646ca36b65)
2025-11-01 12:50:46.926 Disconnecting files for session with ID 4b370513-2f14-427b-9640-3c646ca36b65
2025-11-01 12:50:46.926 Sessions still active: dict_keys([])
2025-11-01 12:50:46.926 Files: 0; Sessions with files: 0
2025-11-01 12:50:46.926 Removing orphaned files...
2025-11-01 12:50:46.926 Shutting down (id=63a32d62-efc3-4e5e-9e52-cb04a213daee)
2025-11-01 12:50:46.926 Disconnecting files for session with ID 63a32d62-efc3-4e5e-9e52-cb04a213daee
2025-11-01 12:50:46.926 Sessions still active: dict_keys([])
2025-11-01 12:50:46.926 Files: 0; Sessions with files: 0
2025-11-01 12:50:46.926 Removing orphaned files...
2025-11-01 12:50:46.926 Shutting down (id=73055c33-de97-441d-810e-da531abc8480)
2025-11-01 12:50:46.926 Disconnecting files for session with ID 73055c33-de97-441d-810e-da531abc8480
2025-11-01 12:50:46.926 Sessions still active: dict_keys([])
2025-11-01 12:50:46.926 Files: 0; Sessions with files: 0
2025-11-01 12:50:46.926 Removing orphaned files...
2025-11-01 12:50:46.926 Shutting down (id=748103fd-9211-42aa-9318-18a7f0bccfc2)
2025-11-01 12:50:46.926 Disconnecting files for session with ID 748103fd-9211-42aa-9318-18a7f0bccfc2
2025-11-01 12:50:46.926 Sessions still active: dict_keys([])
2025-11-01 12:50:46.926 Files: 0; Sessions with files: 0
2025-11-01 12:50:46.926 Removing orphaned files...
2025-11-01 12:50:46.926 Shutting down (id=f1c0f065-a94d-43df-8a7f-169b3b905807)
2025-11-01 12:50:46.926 Disconnecting files for session with ID f1c0f065-a94d-43df-8a7f-169b3b905807
2025-11-01 12:50:46.926 Sessions still active: dict_keys([])
2025-11-01 12:50:46.926 Files: 0; Sessions with files: 0
2025-11-01 12:50:46.926 Removing orphaned files...
2025-11-01 12:50:46.926 Shutting down (id=03df3ad8-fa0b-488b-9415-e82517150d1f)
2025-11-01 12:50:46.926 Disconnecting files for session with ID 03df3ad8-fa0b-488b-9415-e82517150d1f
2025-11-01 12:50:46.926 Sessions still active: dict_keys([])
2025-11-01 12:50:46.926 Files: 0; Sessions with files: 0
2025-11-01 12:50:46.926 Removing orphaned files...
2025-11-01 12:50:46.926 Shutting down (id=25caabf2-5e3a-41da-b48e-ab160aa1f755)
2025-11-01 12:50:46.926 Disconnecting files for session with ID 25caabf2-5e3a-41da-b48e-ab160aa1f755
2025-11-01 12:50:46.926 Sessions still active: dict_keys([])
2025-11-01 12:50:46.926 Files: 0; Sessions with files: 0
2025-11-01 12:50:46.926 Removing orphaned files...
2025-11-01 12:50:46.926 Shutting down (id=71267496-1e86-41c7-a1bd-ce66f72e470c)
2025-11-01 12:50:46.926 Disconnecting files for session with ID 71267496-1e86-41c7-a1bd-ce66f72e470c
2025-11-01 12:50:46.926 Sessions still active: dict_keys([])
2025-11-01 12:50:46.926 Files: 0; Sessions with files: 0
2025-11-01 12:50:46.926 Removing orphaned files...
2025-11-01 12:50:46.926 Shutting down (id=f60c451f-40d4-4d6f-8903-060aa6be4f9d)
2025-11-01 12:50:46.926 Disconnecting files for session with ID f60c451f-40d4-4d6f-8903-060aa6be4f9d
2025-11-01 12:50:46.926 Sessions still active: dict_keys([])
2025-11-01 12:50:46.926 Files: 0; Sessions with files: 0
2025-11-01 12:50:46.926 Removing orphaned files...
2025-11-01 12:50:46.926 Shutting down (id=6f2e755f-5f17-4343-8370-b0d4992ad097)
2025-11-01 12:50:46.926 Disconnecting files for session with ID 6f2e755f-5f17-4343-8370-b0d4992ad097
2025-11-01 12:50:46.926 Sessions still active: dict_keys([])
2025-11-01 12:50:46.926 Files: 0; Sessions with files: 0
2025-11-01 12:50:46.926 Removing orphaned files...
2025-11-01 12:50:46.927 Shutting down (id=bf288d48-9f8c-4bc9-b876-16f880b0fa48)
2025-11-01 12:50:46.927 Disconnecting files for session with ID bf288d48-9f8c-4bc9-b876-16f880b0fa48
2025-11-01 12:50:46.927 Sessions still active: dict_keys([])
2025-11-01 12:50:46.927 Files: 0; Sessions with files: 0
2025-11-01 12:50:46.927 Removing orphaned files...
2025-11-01 12:50:46.927 Shutting down (id=cb2139cc-c79c-4525-a856-018a81b006d5)
2025-11-01 12:50:46.927 Disconnecting files for session with ID cb2139cc-c79c-4525-a856-018a81b006d5
2025-11-01 12:50:46.927 Sessions still active: dict_keys([])
2025-11-01 12:50:46.927 Files: 0; Sessions with files: 0
2025-11-01 12:50:46.927 Removing orphaned files...
2025-11-01 12:50:46.927 Shutting down (id=c7224d0e-f16d-4ed4-b2ea-d8ef758c5e16)
2025-11-01 12:50:46.927 Disconnecting files for session with ID c7224d0e-f16d-4ed4-b2ea-d8ef758c5e16
2025-11-01 12:50:46.927 Sessions still active: dict_keys([])
2025-11-01 12:50:46.927 Files: 0; Sessions with files: 0
2025-11-01 12:50:46.927 Removing orphaned files...
2025-11-01 12:50:46.927 Runtime state: RuntimeState.STOPPING -> RuntimeState.STOPPED
