2025-11-01 16:28:29.087 Starting new event loop for server
2025-11-01 16:28:29.087 Starting server...
2025-11-01 16:28:29.088 Serving static content from /home/dzoan/credit-appraisal-agent-poc/.venv/lib/python3.10/site-packages/streamlit/static
2025-11-01 16:28:29.095 Server started on port 8502
2025-11-01 16:28:29.096 Runtime state: RuntimeState.INITIAL -> RuntimeState.NO_SESSIONS_CONNECTED

  You can now view your Streamlit app in your browser.

  URL: http://0.0.0.0:8502

2025-11-01 16:28:29.097 Setting up signal handler
2025-11-01 16:28:30.207 AppSession initialized (id=fd09908d-d007-465f-b88a-be5f15acf3bd)
2025-11-01 16:28:30.211 Created new session for client 126396224365728. Session ID: fd09908d-d007-465f-b88a-be5f15acf3bd
2025-11-01 16:28:30.211 Runtime state: RuntimeState.NO_SESSIONS_CONNECTED -> RuntimeState.ONE_OR_MORE_SESSIONS_CONNECTED
2025-11-01 16:28:30.225 AppSession initialized (id=f5def93a-76cf-4d7f-8bb6-f754ca317399)
2025-11-01 16:28:30.228 Created new session for client 126396224368128. Session ID: f5def93a-76cf-4d7f-8bb6-f754ca317399
2025-11-01 16:28:30.229 Runtime state: RuntimeState.ONE_OR_MORE_SESSIONS_CONNECTED -> RuntimeState.ONE_OR_MORE_SESSIONS_CONNECTED
2025-11-01 16:28:30.254 AppSession initialized (id=a5a5740b-a9eb-4c2e-96a7-673c70e13fdd)
2025-11-01 16:28:30.254 Created new session for client 126396224370432. Session ID: a5a5740b-a9eb-4c2e-96a7-673c70e13fdd
2025-11-01 16:28:30.254 Runtime state: RuntimeState.ONE_OR_MORE_SESSIONS_CONNECTED -> RuntimeState.ONE_OR_MORE_SESSIONS_CONNECTED
2025-11-01 16:28:30.277 AppSession initialized (id=dc3dad9a-1c65-42aa-935e-00bf59775c4c)
2025-11-01 16:28:30.278 Created new session for client 126396224815168. Session ID: dc3dad9a-1c65-42aa-935e-00bf59775c4c
2025-11-01 16:28:30.278 Runtime state: RuntimeState.ONE_OR_MORE_SESSIONS_CONNECTED -> RuntimeState.ONE_OR_MORE_SESSIONS_CONNECTED
2025-11-01 16:28:30.293 AppSession initialized (id=2b7ed821-2527-456b-8b8a-93d4b1689266)
2025-11-01 16:28:30.293 Created new session for client 126396224817472. Session ID: 2b7ed821-2527-456b-8b8a-93d4b1689266
2025-11-01 16:28:30.293 Runtime state: RuntimeState.ONE_OR_MORE_SESSIONS_CONNECTED -> RuntimeState.ONE_OR_MORE_SESSIONS_CONNECTED
2025-11-01 16:28:30.311 AppSession initialized (id=de5203fd-a9b6-4dd9-9c65-74a237452f82)
2025-11-01 16:28:30.311 Created new session for client 126396224820832. Session ID: de5203fd-a9b6-4dd9-9c65-74a237452f82
2025-11-01 16:28:30.311 Runtime state: RuntimeState.ONE_OR_MORE_SESSIONS_CONNECTED -> RuntimeState.ONE_OR_MORE_SESSIONS_CONNECTED
2025-11-01 16:28:30.342 AppSession initialized (id=34a9d2b3-65c0-4cc1-a9d9-ba5604edf51e)
2025-11-01 16:28:30.342 Created new session for client 126396224823232. Session ID: 34a9d2b3-65c0-4cc1-a9d9-ba5604edf51e
2025-11-01 16:28:30.342 Runtime state: RuntimeState.ONE_OR_MORE_SESSIONS_CONNECTED -> RuntimeState.ONE_OR_MORE_SESSIONS_CONNECTED
2025-11-01 16:28:30.359 AppSession initialized (id=51708dc2-d86e-4a09-989b-f5e2d0ecc6c4)
2025-11-01 16:28:30.359 Created new session for client 126396224825536. Session ID: 51708dc2-d86e-4a09-989b-f5e2d0ecc6c4
2025-11-01 16:28:30.359 Runtime state: RuntimeState.ONE_OR_MORE_SESSIONS_CONNECTED -> RuntimeState.ONE_OR_MORE_SESSIONS_CONNECTED
2025-11-01 16:28:30.376 AppSession initialized (id=9f96d0be-2db7-4664-9d2f-4e66f36d7ded)
2025-11-01 16:28:30.376 Created new session for client 126396224828944. Session ID: 9f96d0be-2db7-4664-9d2f-4e66f36d7ded
2025-11-01 16:28:30.376 Runtime state: RuntimeState.ONE_OR_MORE_SESSIONS_CONNECTED -> RuntimeState.ONE_OR_MORE_SESSIONS_CONNECTED
2025-11-01 16:28:30.392 AppSession initialized (id=0fb1ea24-d260-4829-8f92-6646f0027c7d)
2025-11-01 16:28:30.392 Created new session for client 126396224831296. Session ID: 0fb1ea24-d260-4829-8f92-6646f0027c7d
2025-11-01 16:28:30.392 Runtime state: RuntimeState.ONE_OR_MORE_SESSIONS_CONNECTED -> RuntimeState.ONE_OR_MORE_SESSIONS_CONNECTED
2025-11-01 16:28:30.409 AppSession initialized (id=acde04c5-860e-4499-a226-61f4ab80263e)
2025-11-01 16:28:30.409 Created new session for client 126396224948352. Session ID: acde04c5-860e-4499-a226-61f4ab80263e
2025-11-01 16:28:30.409 Runtime state: RuntimeState.ONE_OR_MORE_SESSIONS_CONNECTED -> RuntimeState.ONE_OR_MORE_SESSIONS_CONNECTED
2025-11-01 16:28:30.426 AppSession initialized (id=b6f27c3e-4abc-4344-8fef-40f77bfc8ce1)
2025-11-01 16:28:30.426 Created new session for client 126396224950656. Session ID: b6f27c3e-4abc-4344-8fef-40f77bfc8ce1
2025-11-01 16:28:30.426 Runtime state: RuntimeState.ONE_OR_MORE_SESSIONS_CONNECTED -> RuntimeState.ONE_OR_MORE_SESSIONS_CONNECTED
2025-11-01 16:28:30.458 AppSession initialized (id=459098bf-abb4-47de-841f-769615aff129)
2025-11-01 16:28:30.458 Created new session for client 126396224952960. Session ID: 459098bf-abb4-47de-841f-769615aff129
2025-11-01 16:28:30.458 Runtime state: RuntimeState.ONE_OR_MORE_SESSIONS_CONNECTED -> RuntimeState.ONE_OR_MORE_SESSIONS_CONNECTED
2025-11-01 16:28:32.385 AppSession initialized (id=0a19dea4-2177-44bc-984d-5e3987e74a80)
2025-11-01 16:28:32.385 Created new session for client 126396224955264. Session ID: 0a19dea4-2177-44bc-984d-5e3987e74a80
2025-11-01 16:28:32.385 Runtime state: RuntimeState.ONE_OR_MORE_SESSIONS_CONNECTED -> RuntimeState.ONE_OR_MORE_SESSIONS_CONNECTED
2025-11-01 16:28:32.400 AppSession initialized (id=f260cf20-9d5e-489e-a836-68e75aef3ed8)
2025-11-01 16:28:32.400 Created new session for client 126396224957568. Session ID: f260cf20-9d5e-489e-a836-68e75aef3ed8
2025-11-01 16:28:32.401 Runtime state: RuntimeState.ONE_OR_MORE_SESSIONS_CONNECTED -> RuntimeState.ONE_OR_MORE_SESSIONS_CONNECTED
2025-11-01 16:28:32.416 AppSession initialized (id=42351a03-eee3-4f71-b7db-c9d31622bf40)
2025-11-01 16:28:32.416 Created new session for client 126396224959872. Session ID: 42351a03-eee3-4f71-b7db-c9d31622bf40
2025-11-01 16:28:32.416 Runtime state: RuntimeState.ONE_OR_MORE_SESSIONS_CONNECTED -> RuntimeState.ONE_OR_MORE_SESSIONS_CONNECTED
2025-11-01 16:28:42.612 AppSession initialized (id=01c0f577-6d80-4103-8880-e7b7c3980e0f)
2025-11-01 16:28:42.612 Created new session for client 126396224962224. Session ID: 01c0f577-6d80-4103-8880-e7b7c3980e0f
2025-11-01 16:28:42.612 Runtime state: RuntimeState.ONE_OR_MORE_SESSIONS_CONNECTED -> RuntimeState.ONE_OR_MORE_SESSIONS_CONNECTED
2025-11-01 16:28:42.623 Received the following back message:
rerun_script {
  query_string: "agent=asset&stage=asset_agent"
  widget_states {
  }
  context_info {
    timezone: "Asia/Bangkok"
    timezone_offset: -420
    locale: "en-US"
    url: "http://localhost:8502/"
    is_embedded: false
    color_scheme: "light"
  }
}

2025-11-01 16:28:42.623 Beginning script thread
2025-11-01 16:28:42.623 Running script RerunData(query_string='agent=asset&stage=asset_agent', widget_states=, context_info=timezone: "Asia/Bangkok"
timezone_offset: -420
locale: "en-US"
url: "http://localhost:8502/"
is_embedded: false
color_scheme: "light"
)
2025-11-01 16:28:42.624 Disconnecting files for session with ID 01c0f577-6d80-4103-8880-e7b7c3980e0f
2025-11-01 16:28:42.624 Sessions still active: dict_keys([])
2025-11-01 16:28:42.624 Files: 0; Sessions with files: 0
2025-11-01 16:28:43.302 Removing orphaned files...
2025-11-01 16:28:43.351 Running script RerunData(page_script_hash='d2a57dc1d883fd21fb9951699df71cc7', context_info=timezone: "Asia/Bangkok"
timezone_offset: -420
locale: "en-US"
url: "http://localhost:8502/"
is_embedded: false
color_scheme: "light"
)
2025-11-01 16:28:43.352 Disconnecting files for session with ID 01c0f577-6d80-4103-8880-e7b7c3980e0f
2025-11-01 16:28:43.352 Sessions still active: dict_keys([])
2025-11-01 16:28:43.352 Files: 0; Sessions with files: 0
2025-11-01 16:28:43.517 Removing orphaned files...
2025-11-01 16:28:43.575 Running script RerunData(page_script_hash='b72db28f188acedfd30ff7d8fe0a9099', context_info=timezone: "Asia/Bangkok"
timezone_offset: -420
locale: "en-US"
url: "http://localhost:8502/"
is_embedded: false
color_scheme: "light"
)
2025-11-01 16:28:43.576 Disconnecting files for session with ID 01c0f577-6d80-4103-8880-e7b7c3980e0f
2025-11-01 16:28:43.576 Sessions still active: dict_keys([])
2025-11-01 16:28:43.576 Files: 0; Sessions with files: 0
2025-11-01 16:28:43.583 Uncaught app execution
Traceback (most recent call last):
  File "/home/dzoan/credit-appraisal-agent-poc/.venv/lib/python3.10/site-packages/streamlit/runtime/scriptrunner/exec_code.py", line 128, in exec_func_with_error_handling
    result = func()
  File "/home/dzoan/credit-appraisal-agent-poc/.venv/lib/python3.10/site-packages/streamlit/runtime/scriptrunner/script_runner.py", line 667, in code_to_exec
    _mpa_v1(self._main_script_path)
  File "/home/dzoan/credit-appraisal-agent-poc/.venv/lib/python3.10/site-packages/streamlit/runtime/scriptrunner/script_runner.py", line 165, in _mpa_v1
    page.run()
  File "/home/dzoan/credit-appraisal-agent-poc/.venv/lib/python3.10/site-packages/streamlit/navigation/page.py", line 296, in run
    code = ctx.pages_manager.get_page_script_byte_code(str(self._page))
  File "/home/dzoan/credit-appraisal-agent-poc/.venv/lib/python3.10/site-packages/streamlit/runtime/pages_manager.py", line 160, in get_page_script_byte_code
    return self._script_cache.get_bytecode(script_path)
  File "/home/dzoan/credit-appraisal-agent-poc/.venv/lib/python3.10/site-packages/streamlit/runtime/scriptrunner/script_cache.py", line 72, in get_bytecode
    filebody = magic.add_magic(filebody, script_path)
  File "/home/dzoan/credit-appraisal-agent-poc/.venv/lib/python3.10/site-packages/streamlit/runtime/scriptrunner/magic.py", line 45, in add_magic
    tree = ast.parse(code, script_path, "exec")
  File "/usr/lib/python3.10/ast.py", line 50, in parse
    return compile(source, filename, mode, flags,
  File "/home/dzoan/credit-appraisal-agent-poc/services/ui/pages/asset_appraisal.py", line 1
    zoan@AAD-PW0C4YQD:~/credit-appraisal-agent-poc$ cat services/ui/pages/asset_appraisal.py
                     ^
SyntaxError: invalid syntax
2025-11-01 16:28:43.598 Removing orphaned files...
  Stopping...
2025-11-01 16:28:53.525 Runtime stopping...
2025-11-01 16:28:53.525 Runtime state: RuntimeState.ONE_OR_MORE_SESSIONS_CONNECTED -> RuntimeState.STOPPING
2025-11-01 16:28:53.526 Shutting down (id=fd09908d-d007-465f-b88a-be5f15acf3bd)
2025-11-01 16:28:53.526 Disconnecting files for session with ID fd09908d-d007-465f-b88a-be5f15acf3bd
2025-11-01 16:28:53.526 Sessions still active: dict_keys([])
2025-11-01 16:28:53.526 Files: 0; Sessions with files: 0
2025-11-01 16:28:53.526 Removing orphaned files...
2025-11-01 16:28:53.526 Shutting down (id=f5def93a-76cf-4d7f-8bb6-f754ca317399)
2025-11-01 16:28:53.526 Disconnecting files for session with ID f5def93a-76cf-4d7f-8bb6-f754ca317399
2025-11-01 16:28:53.526 Sessions still active: dict_keys([])
2025-11-01 16:28:53.526 Files: 0; Sessions with files: 0
2025-11-01 16:28:53.526 Removing orphaned files...
2025-11-01 16:28:53.526 Shutting down (id=a5a5740b-a9eb-4c2e-96a7-673c70e13fdd)
2025-11-01 16:28:53.526 Disconnecting files for session with ID a5a5740b-a9eb-4c2e-96a7-673c70e13fdd
2025-11-01 16:28:53.526 Sessions still active: dict_keys([])
2025-11-01 16:28:53.526 Files: 0; Sessions with files: 0
2025-11-01 16:28:53.526 Removing orphaned files...
2025-11-01 16:28:53.526 Shutting down (id=dc3dad9a-1c65-42aa-935e-00bf59775c4c)
2025-11-01 16:28:53.526 Disconnecting files for session with ID dc3dad9a-1c65-42aa-935e-00bf59775c4c
2025-11-01 16:28:53.526 Sessions still active: dict_keys([])
2025-11-01 16:28:53.526 Files: 0; Sessions with files: 0
2025-11-01 16:28:53.526 Removing orphaned files...
2025-11-01 16:28:53.526 Shutting down (id=2b7ed821-2527-456b-8b8a-93d4b1689266)
2025-11-01 16:28:53.526 Disconnecting files for session with ID 2b7ed821-2527-456b-8b8a-93d4b1689266
2025-11-01 16:28:53.526 Sessions still active: dict_keys([])
2025-11-01 16:28:53.526 Files: 0; Sessions with files: 0
2025-11-01 16:28:53.526 Removing orphaned files...
2025-11-01 16:28:53.527 Shutting down (id=de5203fd-a9b6-4dd9-9c65-74a237452f82)
2025-11-01 16:28:53.527 Disconnecting files for session with ID de5203fd-a9b6-4dd9-9c65-74a237452f82
2025-11-01 16:28:53.527 Sessions still active: dict_keys([])
2025-11-01 16:28:53.527 Files: 0; Sessions with files: 0
2025-11-01 16:28:53.527 Removing orphaned files...
2025-11-01 16:28:53.527 Shutting down (id=34a9d2b3-65c0-4cc1-a9d9-ba5604edf51e)
2025-11-01 16:28:53.527 Disconnecting files for session with ID 34a9d2b3-65c0-4cc1-a9d9-ba5604edf51e
2025-11-01 16:28:53.527 Sessions still active: dict_keys([])
2025-11-01 16:28:53.527 Files: 0; Sessions with files: 0
2025-11-01 16:28:53.527 Removing orphaned files...
2025-11-01 16:28:53.527 Shutting down (id=51708dc2-d86e-4a09-989b-f5e2d0ecc6c4)
2025-11-01 16:28:53.527 Disconnecting files for session with ID 51708dc2-d86e-4a09-989b-f5e2d0ecc6c4
2025-11-01 16:28:53.527 Sessions still active: dict_keys([])
2025-11-01 16:28:53.527 Files: 0; Sessions with files: 0
2025-11-01 16:28:53.527 Removing orphaned files...
2025-11-01 16:28:53.527 Shutting down (id=9f96d0be-2db7-4664-9d2f-4e66f36d7ded)
2025-11-01 16:28:53.527 Disconnecting files for session with ID 9f96d0be-2db7-4664-9d2f-4e66f36d7ded
2025-11-01 16:28:53.527 Sessions still active: dict_keys([])
2025-11-01 16:28:53.527 Files: 0; Sessions with files: 0
2025-11-01 16:28:53.527 Removing orphaned files...
2025-11-01 16:28:53.527 Shutting down (id=0fb1ea24-d260-4829-8f92-6646f0027c7d)
2025-11-01 16:28:53.527 Disconnecting files for session with ID 0fb1ea24-d260-4829-8f92-6646f0027c7d
2025-11-01 16:28:53.527 Sessions still active: dict_keys([])
2025-11-01 16:28:53.527 Files: 0; Sessions with files: 0
2025-11-01 16:28:53.527 Removing orphaned files...
2025-11-01 16:28:53.527 Shutting down (id=acde04c5-860e-4499-a226-61f4ab80263e)
2025-11-01 16:28:53.527 Disconnecting files for session with ID acde04c5-860e-4499-a226-61f4ab80263e
2025-11-01 16:28:53.527 Sessions still active: dict_keys([])
2025-11-01 16:28:53.527 Files: 0; Sessions with files: 0
2025-11-01 16:28:53.527 Removing orphaned files...
2025-11-01 16:28:53.527 Shutting down (id=b6f27c3e-4abc-4344-8fef-40f77bfc8ce1)
2025-11-01 16:28:53.527 Disconnecting files for session with ID b6f27c3e-4abc-4344-8fef-40f77bfc8ce1
2025-11-01 16:28:53.527 Sessions still active: dict_keys([])
2025-11-01 16:28:53.527 Files: 0; Sessions with files: 0
2025-11-01 16:28:53.528 Removing orphaned files...
2025-11-01 16:28:53.528 Shutting down (id=459098bf-abb4-47de-841f-769615aff129)
2025-11-01 16:28:53.528 Disconnecting files for session with ID 459098bf-abb4-47de-841f-769615aff129
2025-11-01 16:28:53.528 Sessions still active: dict_keys([])
2025-11-01 16:28:53.528 Files: 0; Sessions with files: 0
2025-11-01 16:28:53.528 Removing orphaned files...
2025-11-01 16:28:53.528 Shutting down (id=0a19dea4-2177-44bc-984d-5e3987e74a80)
2025-11-01 16:28:53.528 Disconnecting files for session with ID 0a19dea4-2177-44bc-984d-5e3987e74a80
2025-11-01 16:28:53.528 Sessions still active: dict_keys([])
2025-11-01 16:28:53.528 Files: 0; Sessions with files: 0
2025-11-01 16:28:53.528 Removing orphaned files...
2025-11-01 16:28:53.528 Shutting down (id=f260cf20-9d5e-489e-a836-68e75aef3ed8)
2025-11-01 16:28:53.528 Disconnecting files for session with ID f260cf20-9d5e-489e-a836-68e75aef3ed8
2025-11-01 16:28:53.528 Sessions still active: dict_keys([])
2025-11-01 16:28:53.528 Files: 0; Sessions with files: 0
2025-11-01 16:28:53.528 Removing orphaned files...
2025-11-01 16:28:53.528 Shutting down (id=42351a03-eee3-4f71-b7db-c9d31622bf40)
2025-11-01 16:28:53.528 Disconnecting files for session with ID 42351a03-eee3-4f71-b7db-c9d31622bf40
2025-11-01 16:28:53.528 Sessions still active: dict_keys([])
2025-11-01 16:28:53.528 Files: 0; Sessions with files: 0
2025-11-01 16:28:53.528 Removing orphaned files...
2025-11-01 16:28:53.528 Shutting down (id=01c0f577-6d80-4103-8880-e7b7c3980e0f)
2025-11-01 16:28:53.528 Disconnecting files for session with ID 01c0f577-6d80-4103-8880-e7b7c3980e0f
2025-11-01 16:28:53.528 Sessions still active: dict_keys([])
2025-11-01 16:28:53.528 Files: 0; Sessions with files: 0
2025-11-01 16:28:53.528 Removing orphaned files...
2025-11-01 16:28:53.528 Runtime state: RuntimeState.STOPPING -> RuntimeState.STOPPED
