2025-11-01 15:02:06.881 Starting new event loop for server
2025-11-01 15:02:06.881 Starting server...
2025-11-01 15:02:06.882 Serving static content from /home/dzoan/credit-appraisal-agent-poc/.venv/lib/python3.10/site-packages/streamlit/static
2025-11-01 15:02:06.886 Server started on port 8502
2025-11-01 15:02:06.887 Runtime state: RuntimeState.INITIAL -> RuntimeState.NO_SESSIONS_CONNECTED

  You can now view your Streamlit app in your browser.

  URL: http://0.0.0.0:8502

2025-11-01 15:02:06.888 Setting up signal handler
2025-11-01 15:02:07.744 AppSession initialized (id=bd15f971-86dd-4769-8be8-f79948612d0c)
2025-11-01 15:02:07.744 Created new session for client 134598565211504. Session ID: bd15f971-86dd-4769-8be8-f79948612d0c
2025-11-01 15:02:07.745 Runtime state: RuntimeState.NO_SESSIONS_CONNECTED -> RuntimeState.ONE_OR_MORE_SESSIONS_CONNECTED
2025-11-01 15:02:07.773 AppSession initialized (id=93afa956-1ee0-4487-96a3-8ae6283595a7)
2025-11-01 15:02:07.773 Created new session for client 134598565213952. Session ID: 93afa956-1ee0-4487-96a3-8ae6283595a7
2025-11-01 15:02:07.773 Runtime state: RuntimeState.ONE_OR_MORE_SESSIONS_CONNECTED -> RuntimeState.ONE_OR_MORE_SESSIONS_CONNECTED
2025-11-01 15:02:07.792 AppSession initialized (id=d7179b32-53b4-4bde-9424-a80691afe598)
2025-11-01 15:02:07.792 Created new session for client 134598565215920. Session ID: d7179b32-53b4-4bde-9424-a80691afe598
2025-11-01 15:02:07.792 Runtime state: RuntimeState.ONE_OR_MORE_SESSIONS_CONNECTED -> RuntimeState.ONE_OR_MORE_SESSIONS_CONNECTED
2025-11-01 15:02:07.817 AppSession initialized (id=68f94fdd-6e79-406e-a2f4-1198da193995)
2025-11-01 15:02:07.817 Created new session for client 134598565660992. Session ID: 68f94fdd-6e79-406e-a2f4-1198da193995
2025-11-01 15:02:07.817 Runtime state: RuntimeState.ONE_OR_MORE_SESSIONS_CONNECTED -> RuntimeState.ONE_OR_MORE_SESSIONS_CONNECTED
2025-11-01 15:02:07.831 AppSession initialized (id=0e31ae9f-1f5a-49ca-9bc1-6e37f195af83)
2025-11-01 15:02:07.832 Created new session for client 134598565663296. Session ID: 0e31ae9f-1f5a-49ca-9bc1-6e37f195af83
2025-11-01 15:02:07.832 Runtime state: RuntimeState.ONE_OR_MORE_SESSIONS_CONNECTED -> RuntimeState.ONE_OR_MORE_SESSIONS_CONNECTED
2025-11-01 15:02:07.847 AppSession initialized (id=0a1beb19-83fc-4591-9f9e-d5afc0bbf343)
2025-11-01 15:02:07.848 Created new session for client 134598565665552. Session ID: 0a1beb19-83fc-4591-9f9e-d5afc0bbf343
2025-11-01 15:02:07.848 Runtime state: RuntimeState.ONE_OR_MORE_SESSIONS_CONNECTED -> RuntimeState.ONE_OR_MORE_SESSIONS_CONNECTED
2025-11-01 15:02:07.866 AppSession initialized (id=30a09e2f-5f7a-489a-a66b-92e022ed2e48)
2025-11-01 15:02:07.866 Created new session for client 134598565667856. Session ID: 30a09e2f-5f7a-489a-a66b-92e022ed2e48
2025-11-01 15:02:07.866 Runtime state: RuntimeState.ONE_OR_MORE_SESSIONS_CONNECTED -> RuntimeState.ONE_OR_MORE_SESSIONS_CONNECTED
2025-11-01 15:02:07.890 AppSession initialized (id=a96c9909-d667-4a0d-9e3a-82ad199f09c5)
2025-11-01 15:02:07.890 Created new session for client 134598565670208. Session ID: a96c9909-d667-4a0d-9e3a-82ad199f09c5
2025-11-01 15:02:07.890 Runtime state: RuntimeState.ONE_OR_MORE_SESSIONS_CONNECTED -> RuntimeState.ONE_OR_MORE_SESSIONS_CONNECTED
2025-11-01 15:02:07.905 AppSession initialized (id=39617a54-278a-4073-87a4-2975017e8acd)
2025-11-01 15:02:07.905 Created new session for client 134598565672512. Session ID: 39617a54-278a-4073-87a4-2975017e8acd
2025-11-01 15:02:07.905 Runtime state: RuntimeState.ONE_OR_MORE_SESSIONS_CONNECTED -> RuntimeState.ONE_OR_MORE_SESSIONS_CONNECTED
2025-11-01 15:02:07.929 AppSession initialized (id=1414128c-39ec-42ea-a0eb-40ecc63393c9)
2025-11-01 15:02:07.930 Created new session for client 134598565674816. Session ID: 1414128c-39ec-42ea-a0eb-40ecc63393c9
2025-11-01 15:02:07.930 Runtime state: RuntimeState.ONE_OR_MORE_SESSIONS_CONNECTED -> RuntimeState.ONE_OR_MORE_SESSIONS_CONNECTED
2025-11-01 15:02:07.958 AppSession initialized (id=6cf3eec7-2505-43f7-9df6-fe7eb47d8d54)
2025-11-01 15:02:07.959 Created new session for client 134598565824640. Session ID: 6cf3eec7-2505-43f7-9df6-fe7eb47d8d54
2025-11-01 15:02:07.959 Runtime state: RuntimeState.ONE_OR_MORE_SESSIONS_CONNECTED -> RuntimeState.ONE_OR_MORE_SESSIONS_CONNECTED
2025-11-01 15:02:07.976 AppSession initialized (id=674abca4-26d9-4de2-be33-c346ea3db222)
2025-11-01 15:02:07.976 Created new session for client 134598565826944. Session ID: 674abca4-26d9-4de2-be33-c346ea3db222
2025-11-01 15:02:07.977 Runtime state: RuntimeState.ONE_OR_MORE_SESSIONS_CONNECTED -> RuntimeState.ONE_OR_MORE_SESSIONS_CONNECTED
2025-11-01 15:02:08.004 AppSession initialized (id=9e20db2a-7841-439a-97be-ec663a06bf88)
2025-11-01 15:02:08.005 Created new session for client 134598565829248. Session ID: 9e20db2a-7841-439a-97be-ec663a06bf88
2025-11-01 15:02:08.005 Runtime state: RuntimeState.ONE_OR_MORE_SESSIONS_CONNECTED -> RuntimeState.ONE_OR_MORE_SESSIONS_CONNECTED
2025-11-01 15:02:08.033 AppSession initialized (id=56ea10c2-16bd-4f97-9351-01afb4440e39)
2025-11-01 15:02:08.033 Created new session for client 134598565831552. Session ID: 56ea10c2-16bd-4f97-9351-01afb4440e39
2025-11-01 15:02:08.033 Runtime state: RuntimeState.ONE_OR_MORE_SESSIONS_CONNECTED -> RuntimeState.ONE_OR_MORE_SESSIONS_CONNECTED
2025-11-01 15:02:08.070 AppSession initialized (id=cf2fb41d-94d7-4a78-b284-af684daba20e)
2025-11-01 15:02:08.071 Created new session for client 134598565833856. Session ID: cf2fb41d-94d7-4a78-b284-af684daba20e
2025-11-01 15:02:08.071 Runtime state: RuntimeState.ONE_OR_MORE_SESSIONS_CONNECTED -> RuntimeState.ONE_OR_MORE_SESSIONS_CONNECTED
2025-11-01 15:02:08.089 AppSession initialized (id=47ea79bb-1b00-4bc0-bb41-c02c230eda0f)
2025-11-01 15:02:08.089 Created new session for client 134598565836160. Session ID: 47ea79bb-1b00-4bc0-bb41-c02c230eda0f
2025-11-01 15:02:08.090 Runtime state: RuntimeState.ONE_OR_MORE_SESSIONS_CONNECTED -> RuntimeState.ONE_OR_MORE_SESSIONS_CONNECTED
2025-11-01 15:02:08.129 AppSession initialized (id=61ea6f24-eb34-4f98-8372-1e6d6005ac1d)
2025-11-01 15:02:08.130 Created new session for client 134598565838464. Session ID: 61ea6f24-eb34-4f98-8372-1e6d6005ac1d
2025-11-01 15:02:08.130 Runtime state: RuntimeState.ONE_OR_MORE_SESSIONS_CONNECTED -> RuntimeState.ONE_OR_MORE_SESSIONS_CONNECTED
2025-11-01 15:02:09.102 AppSession initialized (id=18c51875-b4ab-4c36-8aca-a1ea770a5252)
2025-11-01 15:02:09.102 Created new session for client 134598563907520. Session ID: 18c51875-b4ab-4c36-8aca-a1ea770a5252
2025-11-01 15:02:09.102 Runtime state: RuntimeState.ONE_OR_MORE_SESSIONS_CONNECTED -> RuntimeState.ONE_OR_MORE_SESSIONS_CONNECTED
2025-11-01 15:02:09.132 AppSession initialized (id=6a3e2c03-d542-4388-b752-474f15b4f51a)
2025-11-01 15:02:09.132 Created new session for client 134598563909776. Session ID: 6a3e2c03-d542-4388-b752-474f15b4f51a
2025-11-01 15:02:09.132 Runtime state: RuntimeState.ONE_OR_MORE_SESSIONS_CONNECTED -> RuntimeState.ONE_OR_MORE_SESSIONS_CONNECTED
