2025-11-01 10:08:37.776 Starting new event loop for server
2025-11-01 10:08:37.777 Starting server...
2025-11-01 10:08:37.777 Serving static content from /home/dzoan/credit-appraisal-agent-poc/.venv/lib/python3.10/site-packages/streamlit/static
2025-11-01 10:08:37.791 Server started on port 8502
2025-11-01 10:08:37.792 Runtime state: RuntimeState.INITIAL -> RuntimeState.NO_SESSIONS_CONNECTED

  You can now view your Streamlit app in your browser.

  URL: http://0.0.0.0:8502

2025-11-01 10:08:37.795 Setting up signal handler
2025-11-01 10:08:38.930 AppSession initialized (id=32e4a50c-5fb6-4a27-866e-2bd0c8cc2eb2)
2025-11-01 10:08:38.931 Created new session for client 125618309966112. Session ID: 32e4a50c-5fb6-4a27-866e-2bd0c8cc2eb2
2025-11-01 10:08:38.931 Runtime state: RuntimeState.NO_SESSIONS_CONNECTED -> RuntimeState.ONE_OR_MORE_SESSIONS_CONNECTED
2025-11-01 10:08:38.964 AppSession initialized (id=1e8736b5-e169-48f7-9620-4311d739068a)
2025-11-01 10:08:38.964 Created new session for client 125618309969616. Session ID: 1e8736b5-e169-48f7-9620-4311d739068a
2025-11-01 10:08:38.964 Runtime state: RuntimeState.ONE_OR_MORE_SESSIONS_CONNECTED -> RuntimeState.ONE_OR_MORE_SESSIONS_CONNECTED
2025-11-01 10:08:38.981 AppSession initialized (id=f179ba1e-feb5-421e-b63e-35f2440e6a72)
2025-11-01 10:08:38.981 Created new session for client 125618308284480. Session ID: f179ba1e-feb5-421e-b63e-35f2440e6a72
2025-11-01 10:08:38.981 Runtime state: RuntimeState.ONE_OR_MORE_SESSIONS_CONNECTED -> RuntimeState.ONE_OR_MORE_SESSIONS_CONNECTED
2025-11-01 10:08:38.998 AppSession initialized (id=aa3feeda-15c3-4ec8-b2b9-7cdbc629ed22)
2025-11-01 10:08:38.998 Created new session for client 125618308286784. Session ID: aa3feeda-15c3-4ec8-b2b9-7cdbc629ed22
2025-11-01 10:08:38.998 Runtime state: RuntimeState.ONE_OR_MORE_SESSIONS_CONNECTED -> RuntimeState.ONE_OR_MORE_SESSIONS_CONNECTED
2025-11-01 10:08:39.235 AppSession initialized (id=99c306c1-ef1f-41c1-aa89-ad4bee13c1d9)
2025-11-01 10:08:39.235 Created new session for client 125618308289088. Session ID: 99c306c1-ef1f-41c1-aa89-ad4bee13c1d9
2025-11-01 10:08:39.235 Runtime state: RuntimeState.ONE_OR_MORE_SESSIONS_CONNECTED -> RuntimeState.ONE_OR_MORE_SESSIONS_CONNECTED
2025-11-01 10:08:41.143 AppSession initialized (id=973b23c4-6d89-487c-84f0-154901bc9ea0)
2025-11-01 10:08:41.143 Created new session for client 125618308290816. Session ID: 973b23c4-6d89-487c-84f0-154901bc9ea0
2025-11-01 10:08:41.143 Runtime state: RuntimeState.ONE_OR_MORE_SESSIONS_CONNECTED -> RuntimeState.ONE_OR_MORE_SESSIONS_CONNECTED
2025-11-01 10:08:41.145 Received the following back message:
rerun_script {
  widget_states {
  }
  context_info {
    timezone: "Asia/Bangkok"
    timezone_offset: -420
    locale: "en-US"
    url: "http://localhost:8502/"
    is_embedded: false
    color_scheme: "light"
  }
}

2025-11-01 10:08:41.145 Beginning script thread
2025-11-01 10:08:41.145 Running script RerunData(widget_states=, context_info=timezone: "Asia/Bangkok"
timezone_offset: -420
locale: "en-US"
url: "http://localhost:8502/"
is_embedded: false
color_scheme: "light"
)
2025-11-01 10:08:41.145 Disconnecting files for session with ID 973b23c4-6d89-487c-84f0-154901bc9ea0
2025-11-01 10:08:41.146 Sessions still active: dict_keys([])
2025-11-01 10:08:41.146 Files: 0; Sessions with files: 0
2025-11-01 10:08:41.156 Script compilation error
Traceback (most recent call last):
  File "/home/dzoan/credit-appraisal-agent-poc/.venv/lib/python3.10/site-packages/streamlit/runtime/scriptrunner/script_runner.py", line 571, in _run_script
    code = self._script_cache.get_bytecode(script_path)
  File "/home/dzoan/credit-appraisal-agent-poc/.venv/lib/python3.10/site-packages/streamlit/runtime/scriptrunner/script_cache.py", line 72, in get_bytecode
    filebody = magic.add_magic(filebody, script_path)
  File "/home/dzoan/credit-appraisal-agent-poc/.venv/lib/python3.10/site-packages/streamlit/runtime/scriptrunner/magic.py", line 45, in add_magic
    tree = ast.parse(code, script_path, "exec")
  File "/usr/lib/python3.10/ast.py", line 50, in parse
    return compile(source, filename, mode, flags,
  File "/home/dzoan/credit-appraisal-agent-poc/services/ui/app.py", line 1522
    		created = datetime.fromtimestamp(ctime, tz=timezone.utc).strftime("%b %d, %Y %H:%M")
    ^
TabError: inconsistent use of tabs and spaces in indentation
2025-11-01 10:08:41.160 Thread 'MainThread': missing ScriptRunContext! This warning can be ignored when running in bare mode.
2025-11-01 10:08:43.231 AppSession initialized (id=53273002-ea2f-481c-8940-00df7c66383e)
2025-11-01 10:08:43.231 Created new session for client 125618308645504. Session ID: 53273002-ea2f-481c-8940-00df7c66383e
2025-11-01 10:08:43.231 Runtime state: RuntimeState.ONE_OR_MORE_SESSIONS_CONNECTED -> RuntimeState.ONE_OR_MORE_SESSIONS_CONNECTED
2025-11-01 10:08:43.773 AppSession initialized (id=a2d5d925-4bbf-4dd8-92ca-154da07c55ed)
2025-11-01 10:08:43.773 Created new session for client 125618308648432. Session ID: a2d5d925-4bbf-4dd8-92ca-154da07c55ed
2025-11-01 10:08:43.773 Runtime state: RuntimeState.ONE_OR_MORE_SESSIONS_CONNECTED -> RuntimeState.ONE_OR_MORE_SESSIONS_CONNECTED
2025-11-01 10:08:43.774 Received the following back message:
rerun_script {
  widget_states {
  }
  context_info {
    timezone: "Asia/Bangkok"
    timezone_offset: -420
    locale: "en-US"
    url: "http://localhost:8502/"
    is_embedded: false
    color_scheme: "light"
  }
}

2025-11-01 10:08:43.775 Beginning script thread
2025-11-01 10:08:43.775 Running script RerunData(widget_states=, context_info=timezone: "Asia/Bangkok"
timezone_offset: -420
locale: "en-US"
url: "http://localhost:8502/"
is_embedded: false
color_scheme: "light"
)
2025-11-01 10:08:43.775 Disconnecting files for session with ID a2d5d925-4bbf-4dd8-92ca-154da07c55ed
2025-11-01 10:08:43.775 Sessions still active: dict_keys([])
2025-11-01 10:08:43.775 Files: 0; Sessions with files: 0
2025-11-01 10:08:43.782 Script compilation error
Traceback (most recent call last):
  File "/home/dzoan/credit-appraisal-agent-poc/.venv/lib/python3.10/site-packages/streamlit/runtime/scriptrunner/script_runner.py", line 571, in _run_script
    code = self._script_cache.get_bytecode(script_path)
  File "/home/dzoan/credit-appraisal-agent-poc/.venv/lib/python3.10/site-packages/streamlit/runtime/scriptrunner/script_cache.py", line 72, in get_bytecode
    filebody = magic.add_magic(filebody, script_path)
  File "/home/dzoan/credit-appraisal-agent-poc/.venv/lib/python3.10/site-packages/streamlit/runtime/scriptrunner/magic.py", line 45, in add_magic
    tree = ast.parse(code, script_path, "exec")
  File "/usr/lib/python3.10/ast.py", line 50, in parse
    return compile(source, filename, mode, flags,
  File "/home/dzoan/credit-appraisal-agent-poc/services/ui/app.py", line 1522
    		created = datetime.fromtimestamp(ctime, tz=timezone.utc).strftime("%b %d, %Y %H:%M")
    ^
TabError: inconsistent use of tabs and spaces in indentation
2025-11-01 10:08:43.783 Thread 'MainThread': missing ScriptRunContext! This warning can be ignored when running in bare mode.
  Stopping...
2025-11-01 10:09:04.825 Runtime stopping...
2025-11-01 10:09:04.825 Runtime state: RuntimeState.ONE_OR_MORE_SESSIONS_CONNECTED -> RuntimeState.STOPPING
2025-11-01 10:09:04.825 Shutting down (id=1e8736b5-e169-48f7-9620-4311d739068a)
2025-11-01 10:09:04.825 Disconnecting files for session with ID 1e8736b5-e169-48f7-9620-4311d739068a
2025-11-01 10:09:04.825 Sessions still active: dict_keys([])
2025-11-01 10:09:04.825 Files: 0; Sessions with files: 0
2025-11-01 10:09:04.825 Removing orphaned files...
2025-11-01 10:09:04.825 Shutting down (id=f179ba1e-feb5-421e-b63e-35f2440e6a72)
2025-11-01 10:09:04.825 Disconnecting files for session with ID f179ba1e-feb5-421e-b63e-35f2440e6a72
2025-11-01 10:09:04.825 Sessions still active: dict_keys([])
2025-11-01 10:09:04.825 Files: 0; Sessions with files: 0
2025-11-01 10:09:04.825 Removing orphaned files...
2025-11-01 10:09:04.825 Shutting down (id=aa3feeda-15c3-4ec8-b2b9-7cdbc629ed22)
2025-11-01 10:09:04.825 Disconnecting files for session with ID aa3feeda-15c3-4ec8-b2b9-7cdbc629ed22
2025-11-01 10:09:04.825 Sessions still active: dict_keys([])
2025-11-01 10:09:04.825 Files: 0; Sessions with files: 0
2025-11-01 10:09:04.825 Removing orphaned files...
2025-11-01 10:09:04.825 Shutting down (id=99c306c1-ef1f-41c1-aa89-ad4bee13c1d9)
2025-11-01 10:09:04.825 Disconnecting files for session with ID 99c306c1-ef1f-41c1-aa89-ad4bee13c1d9
2025-11-01 10:09:04.825 Sessions still active: dict_keys([])
2025-11-01 10:09:04.825 Files: 0; Sessions with files: 0
2025-11-01 10:09:04.825 Removing orphaned files...
2025-11-01 10:09:04.825 Shutting down (id=53273002-ea2f-481c-8940-00df7c66383e)
2025-11-01 10:09:04.825 Disconnecting files for session with ID 53273002-ea2f-481c-8940-00df7c66383e
2025-11-01 10:09:04.825 Sessions still active: dict_keys([])
2025-11-01 10:09:04.826 Files: 0; Sessions with files: 0
2025-11-01 10:09:04.826 Removing orphaned files...
2025-11-01 10:09:04.826 Shutting down (id=a2d5d925-4bbf-4dd8-92ca-154da07c55ed)
2025-11-01 10:09:04.826 Disconnecting files for session with ID a2d5d925-4bbf-4dd8-92ca-154da07c55ed
2025-11-01 10:09:04.826 Sessions still active: dict_keys([])
2025-11-01 10:09:04.826 Files: 0; Sessions with files: 0
2025-11-01 10:09:04.826 Removing orphaned files...
2025-11-01 10:09:04.826 Shutting down (id=32e4a50c-5fb6-4a27-866e-2bd0c8cc2eb2)
2025-11-01 10:09:04.826 Disconnecting files for session with ID 32e4a50c-5fb6-4a27-866e-2bd0c8cc2eb2
2025-11-01 10:09:04.826 Sessions still active: dict_keys([])
2025-11-01 10:09:04.826 Files: 0; Sessions with files: 0
2025-11-01 10:09:04.826 Removing orphaned files...
2025-11-01 10:09:04.826 Shutting down (id=973b23c4-6d89-487c-84f0-154901bc9ea0)
2025-11-01 10:09:04.826 Disconnecting files for session with ID 973b23c4-6d89-487c-84f0-154901bc9ea0
2025-11-01 10:09:04.826 Sessions still active: dict_keys([])
2025-11-01 10:09:04.826 Files: 0; Sessions with files: 0
2025-11-01 10:09:04.826 Removing orphaned files...
2025-11-01 10:09:04.826 Runtime state: RuntimeState.STOPPING -> RuntimeState.STOPPED
