
  You can now view your Streamlit app in your browser.

  URL: http://0.0.0.0:8502

2025-11-01 11:54:51 DEBUG [urllib3.connectionpool] Starting new HTTP connection (1): localhost:8090
2025-11-01 11:54:51 DEBUG [urllib3.connectionpool] http://localhost:8090 "GET /v1/training/production_meta HTTP/1.1" 200 246
2025-11-01 11:54:51 DEBUG [urllib3.connectionpool] Starting new HTTP connection (1): localhost:8090
2025-11-01 11:54:51 DEBUG [urllib3.connectionpool] http://localhost:8090 "GET /v1/training/production_meta HTTP/1.1" 200 246
2025-11-01 11:54:53.396 Please replace `use_container_width` with `width`.

`use_container_width` will be removed after 2025-12-31.

For `use_container_width=True`, use `width='stretch'`. For `use_container_width=False`, use `width='content'`.
2025-11-01 11:54:53 DEBUG [urllib3.connectionpool] Starting new HTTP connection (1): localhost:8090
2025-11-01 11:54:53 DEBUG [urllib3.connectionpool] http://localhost:8090 "GET /v1/training/production_meta HTTP/1.1" 200 246
2025-11-01 11:54:53 DEBUG [urllib3.connectionpool] Starting new HTTP connection (1): localhost:8090
2025-11-01 11:54:53 DEBUG [urllib3.connectionpool] http://localhost:8090 "GET /v1/training/production_meta HTTP/1.1" 200 246
2025-11-01 11:54:55 DEBUG [urllib3.connectionpool] Starting new HTTP connection (1): localhost:8090
2025-11-01 11:54:55 DEBUG [urllib3.connectionpool] http://localhost:8090 "GET /v1/training/production_meta HTTP/1.1" 200 246
2025-11-01 11:54:55 DEBUG [urllib3.connectionpool] Starting new HTTP connection (1): localhost:8090
2025-11-01 11:54:55 DEBUG [urllib3.connectionpool] http://localhost:8090 "GET /v1/training/production_meta HTTP/1.1" 200 246
2025-11-01 11:55:02 DEBUG [urllib3.connectionpool] Starting new HTTP connection (1): localhost:8090
2025-11-01 11:55:02 DEBUG [urllib3.connectionpool] http://localhost:8090 "GET /v1/training/production_meta HTTP/1.1" 200 246
2025-11-01 11:55:02 DEBUG [urllib3.connectionpool] Starting new HTTP connection (1): localhost:8090
2025-11-01 11:55:02 DEBUG [urllib3.connectionpool] http://localhost:8090 "GET /v1/training/production_meta HTTP/1.1" 200 246
2025-11-01 11:55:04 DEBUG [urllib3.connectionpool] Starting new HTTP connection (1): localhost:8090
2025-11-01 11:55:04 DEBUG [urllib3.connectionpool] http://localhost:8090 "GET /v1/training/production_meta HTTP/1.1" 200 246
2025-11-01 11:55:04 DEBUG [urllib3.connectionpool] Starting new HTTP connection (1): localhost:8090
2025-11-01 11:55:04 DEBUG [urllib3.connectionpool] http://localhost:8090 "POST /v1/agents/credit_appraisal/run HTTP/1.1" 200 143918
2025-11-01 11:55:04 DEBUG [urllib3.connectionpool] Starting new HTTP connection (1): localhost:8090
2025-11-01 11:55:04 DEBUG [urllib3.connectionpool] http://localhost:8090 "GET /v1/runs/credit_appraisal_20251101T045504Z_f95bb929/report?format=csv HTTP/1.1" 200 None
2025-11-01 11:55:04.547 Please replace `use_container_width` with `width`.

`use_container_width` will be removed after 2025-12-31.

For `use_container_width=True`, use `width='stretch'`. For `use_container_width=False`, use `width='content'`.
2025-11-01 11:55:04.862 Please replace `use_container_width` with `width`.

`use_container_width` will be removed after 2025-12-31.

For `use_container_width=True`, use `width='stretch'`. For `use_container_width=False`, use `width='content'`.
2025-11-01 11:55:04.903 Please replace `use_container_width` with `width`.

`use_container_width` will be removed after 2025-12-31.

For `use_container_width=True`, use `width='stretch'`. For `use_container_width=False`, use `width='content'`.
2025-11-01 11:55:05.254 Please replace `use_container_width` with `width`.

`use_container_width` will be removed after 2025-12-31.

For `use_container_width=True`, use `width='stretch'`. For `use_container_width=False`, use `width='content'`.
2025-11-01 11:55:05.257 Please replace `use_container_width` with `width`.

`use_container_width` will be removed after 2025-12-31.

For `use_container_width=True`, use `width='stretch'`. For `use_container_width=False`, use `width='content'`.
2025-11-01 11:55:05.277 Please replace `use_container_width` with `width`.

`use_container_width` will be removed after 2025-12-31.

For `use_container_width=True`, use `width='stretch'`. For `use_container_width=False`, use `width='content'`.
2025-11-01 11:55:05 DEBUG [urllib3.connectionpool] Starting new HTTP connection (1): localhost:8090
2025-11-01 11:55:05 DEBUG [urllib3.connectionpool] http://localhost:8090 "GET /v1/training/production_meta HTTP/1.1" 200 246
2025-11-01 11:55:32.921 Please replace `use_container_width` with `width`.

`use_container_width` will be removed after 2025-12-31.

For `use_container_width=True`, use `width='stretch'`. For `use_container_width=False`, use `width='content'`.
2025-11-01 11:55:32 DEBUG [urllib3.connectionpool] Starting new HTTP connection (1): localhost:8090
2025-11-01 11:55:32 DEBUG [urllib3.connectionpool] http://localhost:8090 "GET /v1/training/production_meta HTTP/1.1" 200 246
2025-11-01 11:55:32.953 Please replace `use_container_width` with `width`.

`use_container_width` will be removed after 2025-12-31.

For `use_container_width=True`, use `width='stretch'`. For `use_container_width=False`, use `width='content'`.
2025-11-01 11:55:32 DEBUG [urllib3.connectionpool] Starting new HTTP connection (1): localhost:8090
2025-11-01 11:55:32 DEBUG [urllib3.connectionpool] http://localhost:8090 "GET /v1/training/production_meta HTTP/1.1" 200 246
2025-11-01 11:55:34 DEBUG [urllib3.connectionpool] Starting new HTTP connection (1): localhost:8090
2025-11-01 11:55:34 DEBUG [urllib3.connectionpool] http://localhost:8090 "GET /v1/training/production_meta HTTP/1.1" 200 246
2025-11-01 11:55:34.953 Please replace `use_container_width` with `width`.

`use_container_width` will be removed after 2025-12-31.

For `use_container_width=True`, use `width='stretch'`. For `use_container_width=False`, use `width='content'`.
2025-11-01 11:55:34 DEBUG [urllib3.connectionpool] Starting new HTTP connection (1): localhost:8090
2025-11-01 11:55:34 DEBUG [urllib3.connectionpool] http://localhost:8090 "GET /v1/training/production_meta HTTP/1.1" 200 246
2025-11-01 11:55:40.138 Please replace `use_container_width` with `width`.

`use_container_width` will be removed after 2025-12-31.

For `use_container_width=True`, use `width='stretch'`. For `use_container_width=False`, use `width='content'`.
2025-11-01 11:55:40 DEBUG [urllib3.connectionpool] Starting new HTTP connection (1): localhost:8090
2025-11-01 11:55:40 DEBUG [urllib3.connectionpool] http://localhost:8090 "GET /v1/training/production_meta HTTP/1.1" 200 246
2025-11-01 11:55:40.221 Please replace `use_container_width` with `width`.

`use_container_width` will be removed after 2025-12-31.

For `use_container_width=True`, use `width='stretch'`. For `use_container_width=False`, use `width='content'`.
2025-11-01 11:55:40 DEBUG [urllib3.connectionpool] Starting new HTTP connection (1): localhost:8090
2025-11-01 11:55:40 DEBUG [urllib3.connectionpool] http://localhost:8090 "GET /v1/training/production_meta HTTP/1.1" 200 246
2025-11-01 11:55:43 DEBUG [urllib3.connectionpool] Starting new HTTP connection (1): localhost:8090
2025-11-01 11:55:43 DEBUG [urllib3.connectionpool] http://localhost:8090 "GET /v1/training/production_meta HTTP/1.1" 200 246
2025-11-01 11:55:43.407 Please replace `use_container_width` with `width`.

`use_container_width` will be removed after 2025-12-31.

For `use_container_width=True`, use `width='stretch'`. For `use_container_width=False`, use `width='content'`.
2025-11-01 11:55:43 DEBUG [urllib3.connectionpool] Starting new HTTP connection (1): localhost:8090
2025-11-01 11:55:43 DEBUG [urllib3.connectionpool] http://localhost:8090 "GET /v1/training/production_meta HTTP/1.1" 200 246
2025-11-01 11:55:54.384 Please replace `use_container_width` with `width`.

`use_container_width` will be removed after 2025-12-31.

For `use_container_width=True`, use `width='stretch'`. For `use_container_width=False`, use `width='content'`.
2025-11-01 11:55:54.406 Please replace `use_container_width` with `width`.

`use_container_width` will be removed after 2025-12-31.

For `use_container_width=True`, use `width='stretch'`. For `use_container_width=False`, use `width='content'`.
2025-11-01 11:55:54 DEBUG [urllib3.connectionpool] Starting new HTTP connection (1): localhost:8090
2025-11-01 11:55:54 DEBUG [urllib3.connectionpool] http://localhost:8090 "GET /v1/training/production_meta HTTP/1.1" 200 246
2025-11-01 11:55:54.472 Please replace `use_container_width` with `width`.

`use_container_width` will be removed after 2025-12-31.

For `use_container_width=True`, use `width='stretch'`. For `use_container_width=False`, use `width='content'`.
2025-11-01 11:55:54 DEBUG [urllib3.connectionpool] Starting new HTTP connection (1): localhost:8090
2025-11-01 11:55:54 DEBUG [urllib3.connectionpool] http://localhost:8090 "GET /v1/training/production_meta HTTP/1.1" 200 246
2025-11-01 11:55:57.585 Please replace `use_container_width` with `width`.

`use_container_width` will be removed after 2025-12-31.

For `use_container_width=True`, use `width='stretch'`. For `use_container_width=False`, use `width='content'`.
2025-11-01 11:55:57.632 Please replace `use_container_width` with `width`.

`use_container_width` will be removed after 2025-12-31.

For `use_container_width=True`, use `width='stretch'`. For `use_container_width=False`, use `width='content'`.
2025-11-01 11:55:57 DEBUG [urllib3.connectionpool] Starting new HTTP connection (1): localhost:8090
2025-11-01 11:55:57 DEBUG [urllib3.connectionpool] http://localhost:8090 "GET /v1/training/production_meta HTTP/1.1" 200 246
2025-11-01 11:55:57.738 Please replace `use_container_width` with `width`.

`use_container_width` will be removed after 2025-12-31.

For `use_container_width=True`, use `width='stretch'`. For `use_container_width=False`, use `width='content'`.
2025-11-01 11:55:57 DEBUG [urllib3.connectionpool] Starting new HTTP connection (1): localhost:8090
2025-11-01 11:55:57 DEBUG [urllib3.connectionpool] http://localhost:8090 "GET /v1/training/production_meta HTTP/1.1" 200 246
2025-11-01 11:56:07.010 Please replace `use_container_width` with `width`.

`use_container_width` will be removed after 2025-12-31.

For `use_container_width=True`, use `width='stretch'`. For `use_container_width=False`, use `width='content'`.
2025-11-01 11:56:07.032 Please replace `use_container_width` with `width`.

`use_container_width` will be removed after 2025-12-31.

For `use_container_width=True`, use `width='stretch'`. For `use_container_width=False`, use `width='content'`.
2025-11-01 11:56:07 DEBUG [urllib3.connectionpool] Starting new HTTP connection (1): localhost:8090
2025-11-01 11:56:07 DEBUG [urllib3.connectionpool] http://localhost:8090 "GET /v1/training/production_meta HTTP/1.1" 200 246
2025-11-01 11:56:07 DEBUG [urllib3.connectionpool] Starting new HTTP connection (1): localhost:8090
2025-11-01 11:56:07 DEBUG [urllib3.connectionpool] http://localhost:8090 "POST /v1/agents/credit_appraisal/run HTTP/1.1" 200 143918
2025-11-01 11:56:07 DEBUG [urllib3.connectionpool] Starting new HTTP connection (1): localhost:8090
2025-11-01 11:56:07 DEBUG [urllib3.connectionpool] http://localhost:8090 "GET /v1/runs/credit_appraisal_20251101T045607Z_c685bcde/report?format=csv HTTP/1.1" 200 None
2025-11-01 11:56:07.266 Please replace `use_container_width` with `width`.

`use_container_width` will be removed after 2025-12-31.

For `use_container_width=True`, use `width='stretch'`. For `use_container_width=False`, use `width='content'`.
2025-11-01 11:56:07.425 Please replace `use_container_width` with `width`.

`use_container_width` will be removed after 2025-12-31.

For `use_container_width=True`, use `width='stretch'`. For `use_container_width=False`, use `width='content'`.
2025-11-01 11:56:07.451 Please replace `use_container_width` with `width`.

`use_container_width` will be removed after 2025-12-31.

For `use_container_width=True`, use `width='stretch'`. For `use_container_width=False`, use `width='content'`.
2025-11-01 11:56:07.726 Please replace `use_container_width` with `width`.

`use_container_width` will be removed after 2025-12-31.

For `use_container_width=True`, use `width='stretch'`. For `use_container_width=False`, use `width='content'`.
2025-11-01 11:56:07.732 Please replace `use_container_width` with `width`.

`use_container_width` will be removed after 2025-12-31.

For `use_container_width=True`, use `width='stretch'`. For `use_container_width=False`, use `width='content'`.
2025-11-01 11:56:07.755 Please replace `use_container_width` with `width`.

`use_container_width` will be removed after 2025-12-31.

For `use_container_width=True`, use `width='stretch'`. For `use_container_width=False`, use `width='content'`.
2025-11-01 11:56:07 DEBUG [urllib3.connectionpool] Starting new HTTP connection (1): localhost:8090
2025-11-01 11:56:07 DEBUG [urllib3.connectionpool] http://localhost:8090 "GET /v1/training/production_meta HTTP/1.1" 200 246
  Stopping...
