2025-11-01 16:34:56.362 Starting new event loop for server
2025-11-01 16:34:56.363 Starting server...
2025-11-01 16:34:56.363 Serving static content from /home/dzoan/credit-appraisal-agent-poc/.venv/lib/python3.10/site-packages/streamlit/static
2025-11-01 16:34:56.367 Server started on port 8502
2025-11-01 16:34:56.368 Runtime state: RuntimeState.INITIAL -> RuntimeState.NO_SESSIONS_CONNECTED

  You can now view your Streamlit app in your browser.

  URL: http://0.0.0.0:8502

2025-11-01 16:34:56.368 Setting up signal handler
2025-11-01 16:34:57.040 AppSession initialized (id=e3f1781c-ef99-4917-9823-23afdd700ad7)
2025-11-01 16:34:57.040 Created new session for client 124924752947488. Session ID: e3f1781c-ef99-4917-9823-23afdd700ad7
2025-11-01 16:34:57.040 Runtime state: RuntimeState.NO_SESSIONS_CONNECTED -> RuntimeState.ONE_OR_MORE_SESSIONS_CONNECTED
2025-11-01 16:34:57.063 AppSession initialized (id=814a8313-269a-4f43-b985-b6087ad3e24e)
2025-11-01 16:34:57.063 Created new session for client 124924752949888. Session ID: 814a8313-269a-4f43-b985-b6087ad3e24e
2025-11-01 16:34:57.063 Runtime state: RuntimeState.ONE_OR_MORE_SESSIONS_CONNECTED -> RuntimeState.ONE_OR_MORE_SESSIONS_CONNECTED
2025-11-01 16:34:57.094 AppSession initialized (id=a5666f12-a9fd-458b-883a-ca33199bd1ff)
2025-11-01 16:34:57.094 Created new session for client 124924752952192. Session ID: a5666f12-a9fd-458b-883a-ca33199bd1ff
2025-11-01 16:34:57.094 Runtime state: RuntimeState.ONE_OR_MORE_SESSIONS_CONNECTED -> RuntimeState.ONE_OR_MORE_SESSIONS_CONNECTED
2025-11-01 16:34:57.132 AppSession initialized (id=77723a5c-edb5-487c-8f1d-f849ef1f7f2a)
2025-11-01 16:34:57.132 Created new session for client 124924751332544. Session ID: 77723a5c-edb5-487c-8f1d-f849ef1f7f2a
2025-11-01 16:34:57.132 Runtime state: RuntimeState.ONE_OR_MORE_SESSIONS_CONNECTED -> RuntimeState.ONE_OR_MORE_SESSIONS_CONNECTED
2025-11-01 16:34:57.157 AppSession initialized (id=6fd88a10-0505-4815-ad55-295d974f173f)
2025-11-01 16:34:57.157 Created new session for client 124924751334848. Session ID: 6fd88a10-0505-4815-ad55-295d974f173f
2025-11-01 16:34:57.157 Runtime state: RuntimeState.ONE_OR_MORE_SESSIONS_CONNECTED -> RuntimeState.ONE_OR_MORE_SESSIONS_CONNECTED
2025-11-01 16:34:57.174 AppSession initialized (id=015bf87e-312c-4eb6-868c-c3fc5221926a)
2025-11-01 16:34:57.174 Created new session for client 124924751337152. Session ID: 015bf87e-312c-4eb6-868c-c3fc5221926a
2025-11-01 16:34:57.174 Runtime state: RuntimeState.ONE_OR_MORE_SESSIONS_CONNECTED -> RuntimeState.ONE_OR_MORE_SESSIONS_CONNECTED
2025-11-01 16:34:57.204 AppSession initialized (id=15d9a82e-46bb-4e0e-8397-2755fe752181)
2025-11-01 16:34:57.204 Created new session for client 124924751339456. Session ID: 15d9a82e-46bb-4e0e-8397-2755fe752181
2025-11-01 16:34:57.204 Runtime state: RuntimeState.ONE_OR_MORE_SESSIONS_CONNECTED -> RuntimeState.ONE_OR_MORE_SESSIONS_CONNECTED
2025-11-01 16:34:57.222 AppSession initialized (id=bb8cb945-d08c-49a1-bc4c-67b7f32a9816)
2025-11-01 16:34:57.222 Created new session for client 124924751341760. Session ID: bb8cb945-d08c-49a1-bc4c-67b7f32a9816
2025-11-01 16:34:57.222 Runtime state: RuntimeState.ONE_OR_MORE_SESSIONS_CONNECTED -> RuntimeState.ONE_OR_MORE_SESSIONS_CONNECTED
2025-11-01 16:34:57.252 AppSession initialized (id=5610b0b3-41e7-4288-92a1-9a26a4a1fc9c)
2025-11-01 16:34:57.252 Created new session for client 124924751344064. Session ID: 5610b0b3-41e7-4288-92a1-9a26a4a1fc9c
2025-11-01 16:34:57.252 Runtime state: RuntimeState.ONE_OR_MORE_SESSIONS_CONNECTED -> RuntimeState.ONE_OR_MORE_SESSIONS_CONNECTED
2025-11-01 16:34:57.271 AppSession initialized (id=67b4ea2e-fd73-491e-9291-be89babf1d82)
2025-11-01 16:34:57.271 Created new session for client 124924751346368. Session ID: 67b4ea2e-fd73-491e-9291-be89babf1d82
2025-11-01 16:34:57.271 Runtime state: RuntimeState.ONE_OR_MORE_SESSIONS_CONNECTED -> RuntimeState.ONE_OR_MORE_SESSIONS_CONNECTED
2025-11-01 16:34:57.295 AppSession initialized (id=348cb66b-3dfd-416d-9938-e2b3e40297ca)
2025-11-01 16:34:57.295 Created new session for client 124924751496192. Session ID: 348cb66b-3dfd-416d-9938-e2b3e40297ca
2025-11-01 16:34:57.296 Runtime state: RuntimeState.ONE_OR_MORE_SESSIONS_CONNECTED -> RuntimeState.ONE_OR_MORE_SESSIONS_CONNECTED
2025-11-01 16:34:57.322 AppSession initialized (id=8ad1c314-6615-4b15-9933-67e8a142506b)
2025-11-01 16:34:57.322 Created new session for client 124924751498496. Session ID: 8ad1c314-6615-4b15-9933-67e8a142506b
2025-11-01 16:34:57.322 Runtime state: RuntimeState.ONE_OR_MORE_SESSIONS_CONNECTED -> RuntimeState.ONE_OR_MORE_SESSIONS_CONNECTED
2025-11-01 16:34:57.342 AppSession initialized (id=079cfb9a-5451-4546-927a-4a9d05fe1ef9)
2025-11-01 16:34:57.342 Created new session for client 124924751500800. Session ID: 079cfb9a-5451-4546-927a-4a9d05fe1ef9
2025-11-01 16:34:57.342 Runtime state: RuntimeState.ONE_OR_MORE_SESSIONS_CONNECTED -> RuntimeState.ONE_OR_MORE_SESSIONS_CONNECTED
2025-11-01 16:34:57.361 AppSession initialized (id=e54669eb-f241-4a79-b756-13b3afae5516)
2025-11-01 16:34:57.361 Created new session for client 124924751503104. Session ID: e54669eb-f241-4a79-b756-13b3afae5516
2025-11-01 16:34:57.361 Runtime state: RuntimeState.ONE_OR_MORE_SESSIONS_CONNECTED -> RuntimeState.ONE_OR_MORE_SESSIONS_CONNECTED
2025-11-01 16:34:57.391 AppSession initialized (id=5ed7b823-3852-4b79-b536-551c3bff8bba)
2025-11-01 16:34:57.392 Created new session for client 124924751505408. Session ID: 5ed7b823-3852-4b79-b536-551c3bff8bba
2025-11-01 16:34:57.392 Runtime state: RuntimeState.ONE_OR_MORE_SESSIONS_CONNECTED -> RuntimeState.ONE_OR_MORE_SESSIONS_CONNECTED
2025-11-01 16:34:57.418 AppSession initialized (id=304cfae9-6412-4e0c-b893-cc0f530ac139)
2025-11-01 16:34:57.419 Created new session for client 124924751507712. Session ID: 304cfae9-6412-4e0c-b893-cc0f530ac139
2025-11-01 16:34:57.419 Runtime state: RuntimeState.ONE_OR_MORE_SESSIONS_CONNECTED -> RuntimeState.ONE_OR_MORE_SESSIONS_CONNECTED
2025-11-01 16:34:57.442 AppSession initialized (id=30240ec1-4a72-4899-a0e7-6bd257975bb0)
2025-11-01 16:34:57.443 Created new session for client 124924751510016. Session ID: 30240ec1-4a72-4899-a0e7-6bd257975bb0
2025-11-01 16:34:57.443 Runtime state: RuntimeState.ONE_OR_MORE_SESSIONS_CONNECTED -> RuntimeState.ONE_OR_MORE_SESSIONS_CONNECTED
2025-11-01 16:34:57.469 AppSession initialized (id=d3ef46dd-afea-4eb1-9cde-e397f2998323)
2025-11-01 16:34:57.470 Created new session for client 124924751627072. Session ID: d3ef46dd-afea-4eb1-9cde-e397f2998323
2025-11-01 16:34:57.470 Runtime state: RuntimeState.ONE_OR_MORE_SESSIONS_CONNECTED -> RuntimeState.ONE_OR_MORE_SESSIONS_CONNECTED
2025-11-01 16:34:59.624 Received the following back message:
rerun_script {
  widget_states {
    widgets {
      id: "$$ID-7e24f1ea7748b816f945be419050d8a6-btn_home_agents"
      trigger_value: true
    }
  }
  page_script_hash: "d2a57dc1d883fd21fb9951699df71cc7"
  cached_message_hashes: "27d2e897be5ce95d9e50eced825033d7"
  context_info {
    timezone: "Asia/Bangkok"
    timezone_offset: -420
    locale: "en-US"
    url: "http://localhost:8502/"
    is_embedded: false
    color_scheme: "light"
  }
}

2025-11-01 16:34:59.625 Beginning script thread
2025-11-01 16:34:59.625 Running script RerunData(widget_states=widgets {
  id: "$$ID-7e24f1ea7748b816f945be419050d8a6-btn_home_agents"
  trigger_value: true
}
, page_script_hash='d2a57dc1d883fd21fb9951699df71cc7', cached_message_hashes={'27d2e897be5ce95d9e50eced825033d7'}, context_info=timezone: "Asia/Bangkok"
timezone_offset: -420
locale: "en-US"
url: "http://localhost:8502/"
is_embedded: false
color_scheme: "light"
)
2025-11-01 16:34:59.626 Disconnecting files for session with ID 67b4ea2e-fd73-491e-9291-be89babf1d82
2025-11-01 16:34:59.626 Sessions still active: dict_keys([])
2025-11-01 16:34:59.626 Files: 0; Sessions with files: 0
2025-11-01 16:35:00.298 Sending cached message ref (hash=27d2e897be5ce95d9e50eced825033d7)
2025-11-01 16:35:00.366 Removing orphaned files...
2025-11-01 16:35:02.493 Received the following back message:
rerun_script {
  widget_states {
    widgets {
      id: "$$ID-ddc0270cbc3cd2468b6293e097bf75f7-upload_logo_hidden"
      file_uploader_state_value {
      }
    }
    widgets {
      id: "$$ID-163960d6a02d16629fcb6a17e7682c68-btn_start_build_now"
      trigger_value: true
    }
  }
  page_script_hash: "d2a57dc1d883fd21fb9951699df71cc7"
  cached_message_hashes: "27d2e897be5ce95d9e50eced825033d7"
  context_info {
    timezone: "Asia/Bangkok"
    timezone_offset: -420
    locale: "en-US"
    url: "http://localhost:8502/"
    is_embedded: false
    color_scheme: "light"
  }
}

2025-11-01 16:35:02.493 Beginning script thread
2025-11-01 16:35:02.494 Running script RerunData(widget_states=widgets {
  id: "$$ID-ddc0270cbc3cd2468b6293e097bf75f7-upload_logo_hidden"
  file_uploader_state_value {
  }
}
widgets {
  id: "$$ID-163960d6a02d16629fcb6a17e7682c68-btn_start_build_now"
  trigger_value: true
}
, page_script_hash='d2a57dc1d883fd21fb9951699df71cc7', cached_message_hashes={'27d2e897be5ce95d9e50eced825033d7'}, context_info=timezone: "Asia/Bangkok"
timezone_offset: -420
locale: "en-US"
url: "http://localhost:8502/"
is_embedded: false
color_scheme: "light"
)
2025-11-01 16:35:02.494 Disconnecting files for session with ID 67b4ea2e-fd73-491e-9291-be89babf1d82
2025-11-01 16:35:02.494 Sessions still active: dict_keys([])
2025-11-01 16:35:02.494 Files: 0; Sessions with files: 0
2025-11-01 16:35:02.571 Sending cached message ref (hash=27d2e897be5ce95d9e50eced825033d7)
2025-11-01 16:35:02.576 Removing orphaned files...
2025-11-01 16:35:02.637 Running script RerunData(page_script_hash='d2a57dc1d883fd21fb9951699df71cc7', cached_message_hashes={'27d2e897be5ce95d9e50eced825033d7'}, context_info=timezone: "Asia/Bangkok"
timezone_offset: -420
locale: "en-US"
url: "http://localhost:8502/"
is_embedded: false
color_scheme: "light"
)
2025-11-01 16:35:02.637 Disconnecting files for session with ID 67b4ea2e-fd73-491e-9291-be89babf1d82
2025-11-01 16:35:02.638 Sessions still active: dict_keys([])
2025-11-01 16:35:02.638 Files: 0; Sessions with files: 0
2025-11-01 16:35:02.653 Removing orphaned files...
2025-11-01 16:35:08.745 AppSession initialized (id=811be51a-1001-4f04-8086-f71cd9503895)
2025-11-01 16:35:08.746 Created new session for client 124923943712656. Session ID: 811be51a-1001-4f04-8086-f71cd9503895
2025-11-01 16:35:08.746 Runtime state: RuntimeState.ONE_OR_MORE_SESSIONS_CONNECTED -> RuntimeState.ONE_OR_MORE_SESSIONS_CONNECTED
2025-11-01 16:35:08.758 Received the following back message:
rerun_script {
  query_string: "agent=asset&stage=asset_agent"
  widget_states {
  }
  context_info {
    timezone: "Asia/Bangkok"
    timezone_offset: -420
    locale: "en-US"
    url: "http://localhost:8502/"
    is_embedded: false
    color_scheme: "light"
  }
}

2025-11-01 16:35:08.758 Beginning script thread
2025-11-01 16:35:08.758 Running script RerunData(query_string='agent=asset&stage=asset_agent', widget_states=, context_info=timezone: "Asia/Bangkok"
timezone_offset: -420
locale: "en-US"
url: "http://localhost:8502/"
is_embedded: false
color_scheme: "light"
)
2025-11-01 16:35:08.759 Disconnecting files for session with ID 811be51a-1001-4f04-8086-f71cd9503895
2025-11-01 16:35:08.759 Sessions still active: dict_keys([])
2025-11-01 16:35:08.759 Files: 0; Sessions with files: 0
2025-11-01 16:35:08.763 Removing orphaned files...
2025-11-01 16:35:08.817 Running script RerunData(page_script_hash='d2a57dc1d883fd21fb9951699df71cc7', context_info=timezone: "Asia/Bangkok"
timezone_offset: -420
locale: "en-US"
url: "http://localhost:8502/"
is_embedded: false
color_scheme: "light"
)
2025-11-01 16:35:08.817 Disconnecting files for session with ID 811be51a-1001-4f04-8086-f71cd9503895
2025-11-01 16:35:08.817 Sessions still active: dict_keys([])
2025-11-01 16:35:08.818 Files: 0; Sessions with files: 0
2025-11-01 16:35:08.953 Removing orphaned files...
2025-11-01 16:35:09.014 Running script RerunData(page_script_hash='b72db28f188acedfd30ff7d8fe0a9099', context_info=timezone: "Asia/Bangkok"
timezone_offset: -420
locale: "en-US"
url: "http://localhost:8502/"
is_embedded: false
color_scheme: "light"
)
2025-11-01 16:35:09.015 Disconnecting files for session with ID 811be51a-1001-4f04-8086-f71cd9503895
2025-11-01 16:35:09.015 Sessions still active: dict_keys([])
2025-11-01 16:35:09.015 Files: 0; Sessions with files: 0
2025-11-01 16:35:09.021 Uncaught app execution
Traceback (most recent call last):
  File "/home/dzoan/credit-appraisal-agent-poc/.venv/lib/python3.10/site-packages/streamlit/runtime/scriptrunner/exec_code.py", line 128, in exec_func_with_error_handling
    result = func()
  File "/home/dzoan/credit-appraisal-agent-poc/.venv/lib/python3.10/site-packages/streamlit/runtime/scriptrunner/script_runner.py", line 667, in code_to_exec
    _mpa_v1(self._main_script_path)
  File "/home/dzoan/credit-appraisal-agent-poc/.venv/lib/python3.10/site-packages/streamlit/runtime/scriptrunner/script_runner.py", line 165, in _mpa_v1
    page.run()
  File "/home/dzoan/credit-appraisal-agent-poc/.venv/lib/python3.10/site-packages/streamlit/navigation/page.py", line 296, in run
    code = ctx.pages_manager.get_page_script_byte_code(str(self._page))
  File "/home/dzoan/credit-appraisal-agent-poc/.venv/lib/python3.10/site-packages/streamlit/runtime/pages_manager.py", line 160, in get_page_script_byte_code
    return self._script_cache.get_bytecode(script_path)
  File "/home/dzoan/credit-appraisal-agent-poc/.venv/lib/python3.10/site-packages/streamlit/runtime/scriptrunner/script_cache.py", line 72, in get_bytecode
    filebody = magic.add_magic(filebody, script_path)
  File "/home/dzoan/credit-appraisal-agent-poc/.venv/lib/python3.10/site-packages/streamlit/runtime/scriptrunner/magic.py", line 45, in add_magic
    tree = ast.parse(code, script_path, "exec")
  File "/usr/lib/python3.10/ast.py", line 50, in parse
    return compile(source, filename, mode, flags,
  File "/home/dzoan/credit-appraisal-agent-poc/services/ui/pages/asset_appraisal.py", line 1
    zoan@AAD-PW0C4YQD:~/credit-appraisal-agent-poc$ cat services/ui/pages/asset_appraisal.py
                     ^
SyntaxError: invalid syntax
2025-11-01 16:35:09.030 Removing orphaned files...
  Stopping...
2025-11-01 16:36:02.061 Runtime stopping...
2025-11-01 16:36:02.061 Runtime state: RuntimeState.ONE_OR_MORE_SESSIONS_CONNECTED -> RuntimeState.STOPPING
2025-11-01 16:36:02.061 Shutting down (id=e3f1781c-ef99-4917-9823-23afdd700ad7)
2025-11-01 16:36:02.062 Disconnecting files for session with ID e3f1781c-ef99-4917-9823-23afdd700ad7
2025-11-01 16:36:02.062 Sessions still active: dict_keys([])
2025-11-01 16:36:02.062 Files: 0; Sessions with files: 0
2025-11-01 16:36:02.062 Removing orphaned files...
2025-11-01 16:36:02.062 Shutting down (id=814a8313-269a-4f43-b985-b6087ad3e24e)
2025-11-01 16:36:02.062 Disconnecting files for session with ID 814a8313-269a-4f43-b985-b6087ad3e24e
2025-11-01 16:36:02.062 Sessions still active: dict_keys([])
2025-11-01 16:36:02.062 Files: 0; Sessions with files: 0
2025-11-01 16:36:02.062 Removing orphaned files...
2025-11-01 16:36:02.062 Shutting down (id=a5666f12-a9fd-458b-883a-ca33199bd1ff)
2025-11-01 16:36:02.062 Disconnecting files for session with ID a5666f12-a9fd-458b-883a-ca33199bd1ff
2025-11-01 16:36:02.062 Sessions still active: dict_keys([])
2025-11-01 16:36:02.062 Files: 0; Sessions with files: 0
2025-11-01 16:36:02.062 Removing orphaned files...
2025-11-01 16:36:02.062 Shutting down (id=77723a5c-edb5-487c-8f1d-f849ef1f7f2a)
2025-11-01 16:36:02.062 Disconnecting files for session with ID 77723a5c-edb5-487c-8f1d-f849ef1f7f2a
2025-11-01 16:36:02.062 Sessions still active: dict_keys([])
2025-11-01 16:36:02.062 Files: 0; Sessions with files: 0
2025-11-01 16:36:02.062 Removing orphaned files...
2025-11-01 16:36:02.063 Shutting down (id=6fd88a10-0505-4815-ad55-295d974f173f)
2025-11-01 16:36:02.063 Disconnecting files for session with ID 6fd88a10-0505-4815-ad55-295d974f173f
2025-11-01 16:36:02.063 Sessions still active: dict_keys([])
2025-11-01 16:36:02.063 Files: 0; Sessions with files: 0
2025-11-01 16:36:02.063 Removing orphaned files...
2025-11-01 16:36:02.063 Shutting down (id=015bf87e-312c-4eb6-868c-c3fc5221926a)
2025-11-01 16:36:02.063 Disconnecting files for session with ID 015bf87e-312c-4eb6-868c-c3fc5221926a
2025-11-01 16:36:02.063 Sessions still active: dict_keys([])
2025-11-01 16:36:02.063 Files: 0; Sessions with files: 0
2025-11-01 16:36:02.063 Removing orphaned files...
2025-11-01 16:36:02.063 Shutting down (id=15d9a82e-46bb-4e0e-8397-2755fe752181)
2025-11-01 16:36:02.063 Disconnecting files for session with ID 15d9a82e-46bb-4e0e-8397-2755fe752181
2025-11-01 16:36:02.063 Sessions still active: dict_keys([])
2025-11-01 16:36:02.063 Files: 0; Sessions with files: 0
2025-11-01 16:36:02.063 Removing orphaned files...
2025-11-01 16:36:02.063 Shutting down (id=bb8cb945-d08c-49a1-bc4c-67b7f32a9816)
2025-11-01 16:36:02.063 Disconnecting files for session with ID bb8cb945-d08c-49a1-bc4c-67b7f32a9816
2025-11-01 16:36:02.063 Sessions still active: dict_keys([])
2025-11-01 16:36:02.063 Files: 0; Sessions with files: 0
2025-11-01 16:36:02.063 Removing orphaned files...
2025-11-01 16:36:02.063 Shutting down (id=5610b0b3-41e7-4288-92a1-9a26a4a1fc9c)
2025-11-01 16:36:02.063 Disconnecting files for session with ID 5610b0b3-41e7-4288-92a1-9a26a4a1fc9c
2025-11-01 16:36:02.063 Sessions still active: dict_keys([])
2025-11-01 16:36:02.064 Files: 0; Sessions with files: 0
2025-11-01 16:36:02.064 Removing orphaned files...
2025-11-01 16:36:02.064 Shutting down (id=67b4ea2e-fd73-491e-9291-be89babf1d82)
2025-11-01 16:36:02.064 Disconnecting files for session with ID 67b4ea2e-fd73-491e-9291-be89babf1d82
2025-11-01 16:36:02.064 Sessions still active: dict_keys([])
2025-11-01 16:36:02.064 Files: 0; Sessions with files: 0
2025-11-01 16:36:02.064 Removing orphaned files...
2025-11-01 16:36:02.064 Shutting down (id=348cb66b-3dfd-416d-9938-e2b3e40297ca)
2025-11-01 16:36:02.064 Disconnecting files for session with ID 348cb66b-3dfd-416d-9938-e2b3e40297ca
2025-11-01 16:36:02.064 Sessions still active: dict_keys([])
2025-11-01 16:36:02.064 Files: 0; Sessions with files: 0
2025-11-01 16:36:02.064 Removing orphaned files...
2025-11-01 16:36:02.064 Shutting down (id=8ad1c314-6615-4b15-9933-67e8a142506b)
2025-11-01 16:36:02.064 Disconnecting files for session with ID 8ad1c314-6615-4b15-9933-67e8a142506b
2025-11-01 16:36:02.064 Sessions still active: dict_keys([])
2025-11-01 16:36:02.064 Files: 0; Sessions with files: 0
2025-11-01 16:36:02.064 Removing orphaned files...
2025-11-01 16:36:02.064 Shutting down (id=079cfb9a-5451-4546-927a-4a9d05fe1ef9)
2025-11-01 16:36:02.064 Disconnecting files for session with ID 079cfb9a-5451-4546-927a-4a9d05fe1ef9
2025-11-01 16:36:02.064 Sessions still active: dict_keys([])
2025-11-01 16:36:02.064 Files: 0; Sessions with files: 0
2025-11-01 16:36:02.064 Removing orphaned files...
2025-11-01 16:36:02.064 Shutting down (id=e54669eb-f241-4a79-b756-13b3afae5516)
2025-11-01 16:36:02.064 Disconnecting files for session with ID e54669eb-f241-4a79-b756-13b3afae5516
2025-11-01 16:36:02.065 Sessions still active: dict_keys([])
2025-11-01 16:36:02.065 Files: 0; Sessions with files: 0
2025-11-01 16:36:02.065 Removing orphaned files...
2025-11-01 16:36:02.065 Shutting down (id=5ed7b823-3852-4b79-b536-551c3bff8bba)
2025-11-01 16:36:02.065 Disconnecting files for session with ID 5ed7b823-3852-4b79-b536-551c3bff8bba
2025-11-01 16:36:02.065 Sessions still active: dict_keys([])
2025-11-01 16:36:02.065 Files: 0; Sessions with files: 0
2025-11-01 16:36:02.065 Removing orphaned files...
2025-11-01 16:36:02.065 Shutting down (id=304cfae9-6412-4e0c-b893-cc0f530ac139)
2025-11-01 16:36:02.065 Disconnecting files for session with ID 304cfae9-6412-4e0c-b893-cc0f530ac139
2025-11-01 16:36:02.065 Sessions still active: dict_keys([])
2025-11-01 16:36:02.065 Files: 0; Sessions with files: 0
2025-11-01 16:36:02.065 Removing orphaned files...
2025-11-01 16:36:02.065 Shutting down (id=30240ec1-4a72-4899-a0e7-6bd257975bb0)
2025-11-01 16:36:02.065 Disconnecting files for session with ID 30240ec1-4a72-4899-a0e7-6bd257975bb0
2025-11-01 16:36:02.065 Sessions still active: dict_keys([])
2025-11-01 16:36:02.065 Files: 0; Sessions with files: 0
2025-11-01 16:36:02.065 Removing orphaned files...
2025-11-01 16:36:02.065 Shutting down (id=d3ef46dd-afea-4eb1-9cde-e397f2998323)
2025-11-01 16:36:02.065 Disconnecting files for session with ID d3ef46dd-afea-4eb1-9cde-e397f2998323
2025-11-01 16:36:02.065 Sessions still active: dict_keys([])
2025-11-01 16:36:02.065 Files: 0; Sessions with files: 0
2025-11-01 16:36:02.065 Removing orphaned files...
2025-11-01 16:36:02.065 Shutting down (id=811be51a-1001-4f04-8086-f71cd9503895)
2025-11-01 16:36:02.065 Disconnecting files for session with ID 811be51a-1001-4f04-8086-f71cd9503895
2025-11-01 16:36:02.066 Sessions still active: dict_keys([])
2025-11-01 16:36:02.066 Files: 0; Sessions with files: 0
2025-11-01 16:36:02.066 Removing orphaned files...
2025-11-01 16:36:02.066 Runtime state: RuntimeState.STOPPING -> RuntimeState.STOPPED
