2025-11-01 13:02:54.403 Starting new event loop for server
2025-11-01 13:02:54.403 Starting server...
2025-11-01 13:02:54.404 Serving static content from /home/dzoan/credit-appraisal-agent-poc/.venv/lib/python3.10/site-packages/streamlit/static
2025-11-01 13:02:54.409 Server started on port 8502
2025-11-01 13:02:54.409 Runtime state: RuntimeState.INITIAL -> RuntimeState.NO_SESSIONS_CONNECTED

  You can now view your Streamlit app in your browser.

  URL: http://0.0.0.0:8502

2025-11-01 13:02:54.410 Setting up signal handler
2025-11-01 13:02:55.166 AppSession initialized (id=3f21b55a-ab08-4e93-9ab0-1404be61cf2f)
2025-11-01 13:02:55.166 Created new session for client 128259713019296. Session ID: 3f21b55a-ab08-4e93-9ab0-1404be61cf2f
2025-11-01 13:02:55.166 Runtime state: RuntimeState.NO_SESSIONS_CONNECTED -> RuntimeState.ONE_OR_MORE_SESSIONS_CONNECTED
2025-11-01 13:02:55.196 AppSession initialized (id=bb933949-c726-4e3a-aa1a-002dce08723c)
2025-11-01 13:02:55.197 Created new session for client 128259713021696. Session ID: bb933949-c726-4e3a-aa1a-002dce08723c
2025-11-01 13:02:55.197 Runtime state: RuntimeState.ONE_OR_MORE_SESSIONS_CONNECTED -> RuntimeState.ONE_OR_MORE_SESSIONS_CONNECTED
2025-11-01 13:02:55.215 AppSession initialized (id=e0aaddc4-0ad2-41ce-96fe-bfb37adfd811)
2025-11-01 13:02:55.215 Created new session for client 128259711369280. Session ID: e0aaddc4-0ad2-41ce-96fe-bfb37adfd811
2025-11-01 13:02:55.216 Runtime state: RuntimeState.ONE_OR_MORE_SESSIONS_CONNECTED -> RuntimeState.ONE_OR_MORE_SESSIONS_CONNECTED
2025-11-01 13:02:55.233 AppSession initialized (id=679f5b3e-1d11-493a-97d4-d6d01570c0e7)
2025-11-01 13:02:55.233 Created new session for client 128259711371584. Session ID: 679f5b3e-1d11-493a-97d4-d6d01570c0e7
2025-11-01 13:02:55.233 Runtime state: RuntimeState.ONE_OR_MORE_SESSIONS_CONNECTED -> RuntimeState.ONE_OR_MORE_SESSIONS_CONNECTED
2025-11-01 13:02:55.265 AppSession initialized (id=a6c36da8-7cdb-405f-84db-3d92de504f78)
2025-11-01 13:02:55.265 Created new session for client 128259711373888. Session ID: a6c36da8-7cdb-405f-84db-3d92de504f78
2025-11-01 13:02:55.265 Runtime state: RuntimeState.ONE_OR_MORE_SESSIONS_CONNECTED -> RuntimeState.ONE_OR_MORE_SESSIONS_CONNECTED
2025-11-01 13:02:55.296 AppSession initialized (id=6fe288de-d24a-4c2c-a829-3dfdff68906e)
2025-11-01 13:02:55.297 Created new session for client 128259711376192. Session ID: 6fe288de-d24a-4c2c-a829-3dfdff68906e
2025-11-01 13:02:55.297 Runtime state: RuntimeState.ONE_OR_MORE_SESSIONS_CONNECTED -> RuntimeState.ONE_OR_MORE_SESSIONS_CONNECTED
2025-11-01 13:02:55.316 AppSession initialized (id=cd15617d-98f2-4f05-95d2-6987e2b88f60)
2025-11-01 13:02:55.316 Created new session for client 128259711378496. Session ID: cd15617d-98f2-4f05-95d2-6987e2b88f60
2025-11-01 13:02:55.316 Runtime state: RuntimeState.ONE_OR_MORE_SESSIONS_CONNECTED -> RuntimeState.ONE_OR_MORE_SESSIONS_CONNECTED
2025-11-01 13:02:55.334 AppSession initialized (id=d8573b95-fcca-4d51-bed4-447e3af86993)
2025-11-01 13:02:55.334 Created new session for client 128259711380800. Session ID: d8573b95-fcca-4d51-bed4-447e3af86993
2025-11-01 13:02:55.334 Runtime state: RuntimeState.ONE_OR_MORE_SESSIONS_CONNECTED -> RuntimeState.ONE_OR_MORE_SESSIONS_CONNECTED
2025-11-01 13:02:55.352 AppSession initialized (id=00fea741-5f3f-4529-a22c-5bcd0733b66c)
2025-11-01 13:02:55.352 Created new session for client 128259711383104. Session ID: 00fea741-5f3f-4529-a22c-5bcd0733b66c
2025-11-01 13:02:55.352 Runtime state: RuntimeState.ONE_OR_MORE_SESSIONS_CONNECTED -> RuntimeState.ONE_OR_MORE_SESSIONS_CONNECTED
2025-11-01 13:02:55.370 AppSession initialized (id=5679f4f9-bacf-4c2e-8871-1634d292d90d)
2025-11-01 13:02:55.371 Created new session for client 128259711385408. Session ID: 5679f4f9-bacf-4c2e-8871-1634d292d90d
2025-11-01 13:02:55.371 Runtime state: RuntimeState.ONE_OR_MORE_SESSIONS_CONNECTED -> RuntimeState.ONE_OR_MORE_SESSIONS_CONNECTED
2025-11-01 13:02:55.409 AppSession initialized (id=9138542e-0aed-4532-b83d-8889fdf457e5)
2025-11-01 13:02:55.409 Created new session for client 128259711518848. Session ID: 9138542e-0aed-4532-b83d-8889fdf457e5
2025-11-01 13:02:55.409 Runtime state: RuntimeState.ONE_OR_MORE_SESSIONS_CONNECTED -> RuntimeState.ONE_OR_MORE_SESSIONS_CONNECTED
2025-11-01 13:02:55.433 AppSession initialized (id=e1b0dad0-2f5d-464a-9492-f97cc48af86b)
2025-11-01 13:02:55.433 Created new session for client 128259711521152. Session ID: e1b0dad0-2f5d-464a-9492-f97cc48af86b
2025-11-01 13:02:55.433 Runtime state: RuntimeState.ONE_OR_MORE_SESSIONS_CONNECTED -> RuntimeState.ONE_OR_MORE_SESSIONS_CONNECTED
2025-11-01 13:02:55.457 AppSession initialized (id=759ff837-0479-459c-9d9f-da051f4f2f84)
2025-11-01 13:02:55.457 Created new session for client 128259711523456. Session ID: 759ff837-0479-459c-9d9f-da051f4f2f84
2025-11-01 13:02:55.458 Runtime state: RuntimeState.ONE_OR_MORE_SESSIONS_CONNECTED -> RuntimeState.ONE_OR_MORE_SESSIONS_CONNECTED
2025-11-01 13:02:55.486 AppSession initialized (id=a0bdea2a-7cab-4096-aa5a-a739d539e506)
2025-11-01 13:02:55.486 Created new session for client 128259711525760. Session ID: a0bdea2a-7cab-4096-aa5a-a739d539e506
2025-11-01 13:02:55.486 Runtime state: RuntimeState.ONE_OR_MORE_SESSIONS_CONNECTED -> RuntimeState.ONE_OR_MORE_SESSIONS_CONNECTED
2025-11-01 13:02:55.516 AppSession initialized (id=1d81cc4c-985f-4b5c-9074-2d2c31f15f69)
2025-11-01 13:02:55.517 Created new session for client 128259711528064. Session ID: 1d81cc4c-985f-4b5c-9074-2d2c31f15f69
2025-11-01 13:02:55.517 Runtime state: RuntimeState.ONE_OR_MORE_SESSIONS_CONNECTED -> RuntimeState.ONE_OR_MORE_SESSIONS_CONNECTED
2025-11-01 13:02:55.536 AppSession initialized (id=c17713eb-d92c-46da-b9fd-f1855cb24233)
2025-11-01 13:02:55.536 Created new session for client 128259711530368. Session ID: c17713eb-d92c-46da-b9fd-f1855cb24233
2025-11-01 13:02:55.536 Runtime state: RuntimeState.ONE_OR_MORE_SESSIONS_CONNECTED -> RuntimeState.ONE_OR_MORE_SESSIONS_CONNECTED
2025-11-01 13:02:56.245 AppSession initialized (id=9fb54bd2-6e46-4fb8-8972-48c0712f8cc3)
2025-11-01 13:02:56.245 Created new session for client 128259711532672. Session ID: 9fb54bd2-6e46-4fb8-8972-48c0712f8cc3
2025-11-01 13:02:56.245 Runtime state: RuntimeState.ONE_OR_MORE_SESSIONS_CONNECTED -> RuntimeState.ONE_OR_MORE_SESSIONS_CONNECTED
  Stopping...
2025-11-01 13:03:45.651 Runtime stopping...
2025-11-01 13:03:45.652 Runtime state: RuntimeState.ONE_OR_MORE_SESSIONS_CONNECTED -> RuntimeState.STOPPING
2025-11-01 13:03:45.652 Shutting down (id=3f21b55a-ab08-4e93-9ab0-1404be61cf2f)
2025-11-01 13:03:45.652 Disconnecting files for session with ID 3f21b55a-ab08-4e93-9ab0-1404be61cf2f
2025-11-01 13:03:45.652 Sessions still active: dict_keys([])
2025-11-01 13:03:45.652 Files: 0; Sessions with files: 0
2025-11-01 13:03:45.652 Removing orphaned files...
2025-11-01 13:03:45.652 Shutting down (id=bb933949-c726-4e3a-aa1a-002dce08723c)
2025-11-01 13:03:45.652 Disconnecting files for session with ID bb933949-c726-4e3a-aa1a-002dce08723c
2025-11-01 13:03:45.653 Sessions still active: dict_keys([])
2025-11-01 13:03:45.653 Files: 0; Sessions with files: 0
2025-11-01 13:03:45.653 Removing orphaned files...
2025-11-01 13:03:45.653 Shutting down (id=e0aaddc4-0ad2-41ce-96fe-bfb37adfd811)
2025-11-01 13:03:45.653 Disconnecting files for session with ID e0aaddc4-0ad2-41ce-96fe-bfb37adfd811
2025-11-01 13:03:45.653 Sessions still active: dict_keys([])
2025-11-01 13:03:45.653 Files: 0; Sessions with files: 0
2025-11-01 13:03:45.653 Removing orphaned files...
2025-11-01 13:03:45.653 Shutting down (id=679f5b3e-1d11-493a-97d4-d6d01570c0e7)
2025-11-01 13:03:45.653 Disconnecting files for session with ID 679f5b3e-1d11-493a-97d4-d6d01570c0e7
2025-11-01 13:03:45.653 Sessions still active: dict_keys([])
2025-11-01 13:03:45.653 Files: 0; Sessions with files: 0
2025-11-01 13:03:45.653 Removing orphaned files...
2025-11-01 13:03:45.653 Shutting down (id=a6c36da8-7cdb-405f-84db-3d92de504f78)
2025-11-01 13:03:45.653 Disconnecting files for session with ID a6c36da8-7cdb-405f-84db-3d92de504f78
2025-11-01 13:03:45.653 Sessions still active: dict_keys([])
2025-11-01 13:03:45.653 Files: 0; Sessions with files: 0
2025-11-01 13:03:45.653 Removing orphaned files...
2025-11-01 13:03:45.653 Shutting down (id=6fe288de-d24a-4c2c-a829-3dfdff68906e)
2025-11-01 13:03:45.653 Disconnecting files for session with ID 6fe288de-d24a-4c2c-a829-3dfdff68906e
2025-11-01 13:03:45.653 Sessions still active: dict_keys([])
2025-11-01 13:03:45.654 Files: 0; Sessions with files: 0
2025-11-01 13:03:45.654 Removing orphaned files...
2025-11-01 13:03:45.654 Shutting down (id=cd15617d-98f2-4f05-95d2-6987e2b88f60)
2025-11-01 13:03:45.654 Disconnecting files for session with ID cd15617d-98f2-4f05-95d2-6987e2b88f60
2025-11-01 13:03:45.654 Sessions still active: dict_keys([])
2025-11-01 13:03:45.654 Files: 0; Sessions with files: 0
2025-11-01 13:03:45.654 Removing orphaned files...
2025-11-01 13:03:45.654 Shutting down (id=d8573b95-fcca-4d51-bed4-447e3af86993)
2025-11-01 13:03:45.654 Disconnecting files for session with ID d8573b95-fcca-4d51-bed4-447e3af86993
2025-11-01 13:03:45.654 Sessions still active: dict_keys([])
2025-11-01 13:03:45.654 Files: 0; Sessions with files: 0
2025-11-01 13:03:45.654 Removing orphaned files...
2025-11-01 13:03:45.654 Shutting down (id=00fea741-5f3f-4529-a22c-5bcd0733b66c)
2025-11-01 13:03:45.654 Disconnecting files for session with ID 00fea741-5f3f-4529-a22c-5bcd0733b66c
2025-11-01 13:03:45.654 Sessions still active: dict_keys([])
2025-11-01 13:03:45.654 Files: 0; Sessions with files: 0
2025-11-01 13:03:45.654 Removing orphaned files...
2025-11-01 13:03:45.654 Shutting down (id=5679f4f9-bacf-4c2e-8871-1634d292d90d)
2025-11-01 13:03:45.654 Disconnecting files for session with ID 5679f4f9-bacf-4c2e-8871-1634d292d90d
2025-11-01 13:03:45.654 Sessions still active: dict_keys([])
2025-11-01 13:03:45.654 Files: 0; Sessions with files: 0
2025-11-01 13:03:45.654 Removing orphaned files...
2025-11-01 13:03:45.654 Shutting down (id=9138542e-0aed-4532-b83d-8889fdf457e5)
2025-11-01 13:03:45.654 Disconnecting files for session with ID 9138542e-0aed-4532-b83d-8889fdf457e5
2025-11-01 13:03:45.655 Sessions still active: dict_keys([])
2025-11-01 13:03:45.655 Files: 0; Sessions with files: 0
2025-11-01 13:03:45.655 Removing orphaned files...
2025-11-01 13:03:45.655 Shutting down (id=e1b0dad0-2f5d-464a-9492-f97cc48af86b)
2025-11-01 13:03:45.655 Disconnecting files for session with ID e1b0dad0-2f5d-464a-9492-f97cc48af86b
2025-11-01 13:03:45.655 Sessions still active: dict_keys([])
2025-11-01 13:03:45.655 Files: 0; Sessions with files: 0
2025-11-01 13:03:45.655 Removing orphaned files...
2025-11-01 13:03:45.655 Shutting down (id=759ff837-0479-459c-9d9f-da051f4f2f84)
2025-11-01 13:03:45.655 Disconnecting files for session with ID 759ff837-0479-459c-9d9f-da051f4f2f84
2025-11-01 13:03:45.655 Sessions still active: dict_keys([])
2025-11-01 13:03:45.655 Files: 0; Sessions with files: 0
2025-11-01 13:03:45.655 Removing orphaned files...
2025-11-01 13:03:45.655 Shutting down (id=a0bdea2a-7cab-4096-aa5a-a739d539e506)
2025-11-01 13:03:45.655 Disconnecting files for session with ID a0bdea2a-7cab-4096-aa5a-a739d539e506
2025-11-01 13:03:45.655 Sessions still active: dict_keys([])
2025-11-01 13:03:45.655 Files: 0; Sessions with files: 0
2025-11-01 13:03:45.655 Removing orphaned files...
2025-11-01 13:03:45.655 Shutting down (id=1d81cc4c-985f-4b5c-9074-2d2c31f15f69)
2025-11-01 13:03:45.655 Disconnecting files for session with ID 1d81cc4c-985f-4b5c-9074-2d2c31f15f69
2025-11-01 13:03:45.655 Sessions still active: dict_keys([])
2025-11-01 13:03:45.655 Files: 0; Sessions with files: 0
2025-11-01 13:03:45.655 Removing orphaned files...
2025-11-01 13:03:45.656 Shutting down (id=c17713eb-d92c-46da-b9fd-f1855cb24233)
2025-11-01 13:03:45.656 Disconnecting files for session with ID c17713eb-d92c-46da-b9fd-f1855cb24233
2025-11-01 13:03:45.656 Sessions still active: dict_keys([])
2025-11-01 13:03:45.656 Files: 0; Sessions with files: 0
2025-11-01 13:03:45.656 Removing orphaned files...
2025-11-01 13:03:45.656 Shutting down (id=9fb54bd2-6e46-4fb8-8972-48c0712f8cc3)
2025-11-01 13:03:45.656 Disconnecting files for session with ID 9fb54bd2-6e46-4fb8-8972-48c0712f8cc3
2025-11-01 13:03:45.656 Sessions still active: dict_keys([])
2025-11-01 13:03:45.656 Files: 0; Sessions with files: 0
2025-11-01 13:03:45.656 Removing orphaned files...
2025-11-01 13:03:45.656 Runtime state: RuntimeState.STOPPING -> RuntimeState.STOPPED
